[INFO] PDC_SERVER[10]: Environment variable HG_TRANSPORT was NOT set
[INFO] PDC_SERVER[10]: Environment variable HG_HOST was NOT set
[INFO] PDC_SERVER[8]: Environment variable HG_TRANSPORT was NOT set
[INFO] PDC_SERVER[8]: Environment variable HG_HOST was NOT set
[INFO] PDC_SERVER[5]: Environment variable HG_TRANSPORT was NOT set
[INFO] PDC_SERVER[5]: Environment variable HG_HOST was NOT set
[INFO] PDC_SERVER[12]: Environment variable HG_TRANSPORT was NOT set
[INFO] PDC_SERVER[12]: Environment variable HG_HOST was NOT set
[INFO] PDC_SERVER[4]: Environment variable HG_TRANSPORT was NOT set
[INFO] PDC_SERVER[4]: Environment variable HG_HOST was NOT set
[INFO] PDC_SERVER[6]: Environment variable HG_TRANSPORT was NOT set
[INFO] PDC_SERVER[6]: Environment variable HG_HOST was NOT set
[INFO] PDC_SERVER[1]: Environment variable HG_TRANSPORT was NOT set
[INFO] PDC_SERVER[1]: Environment variable HG_HOST was NOT set
[INFO] PDC_SERVER[11]: Environment variable HG_TRANSPORT was NOT set
[INFO] PDC_SERVER[11]: Environment variable HG_HOST was NOT set
[INFO] PDC_SERVER[2]: Environment variable HG_TRANSPORT was NOT set
[INFO] PDC_SERVER[2]: Environment variable HG_HOST was NOT set
[INFO] PDC_SERVER[17]: Environment variable HG_TRANSPORT was NOT set
[INFO] PDC_SERVER[17]: Environment variable HG_HOST was NOT set
[INFO] PDC_SERVER[16]: Environment variable HG_TRANSPORT was NOT set
[INFO] PDC_SERVER[16]: Environment variable HG_HOST was NOT set
[INFO] PDC_SERVER[18]: Environment variable HG_TRANSPORT was NOT set
[INFO] PDC_SERVER[18]: Environment variable HG_HOST was NOT set
[INFO] PDC_SERVER[14]: Environment variable HG_TRANSPORT was NOT set
[INFO] PDC_SERVER[14]: Environment variable HG_HOST was NOT set
[INFO] PDC_SERVER[30]: Environment variable HG_TRANSPORT was NOT set
[INFO] PDC_SERVER[30]: Environment variable HG_HOST was NOT set
[INFO] PDC_SERVER[24]: Environment variable HG_TRANSPORT was NOT set
[INFO] PDC_SERVER[24]: Environment variable HG_HOST was NOT set
[INFO] PDC_SERVER[13]: Environment variable HG_TRANSPORT was NOT set
[INFO] PDC_SERVER[13]: Environment variable HG_HOST was NOT set
[INFO] PDC_SERVER[15]: Environment variable HG_TRANSPORT was NOT set
[INFO] PDC_SERVER[15]: Environment variable HG_HOST was NOT set
[INFO] PDC_SERVER[7]: Environment variable HG_TRANSPORT was NOT set
[INFO] PDC_SERVER[7]: Environment variable HG_HOST was NOT set
[INFO] PDC_SERVER[9]: Environment variable HG_TRANSPORT was NOT set
[INFO] PDC_SERVER[9]: Environment variable HG_HOST was NOT set
[INFO] PDC_SERVER[28]: Environment variable HG_TRANSPORT was NOT set
[INFO] PDC_SERVER[28]: Environment variable HG_HOST was NOT set
[INFO] PDC_SERVER[3]: Environment variable HG_TRANSPORT was NOT set
[INFO] PDC_SERVER[3]: Environment variable HG_HOST was NOT set
[INFO] PDC_SERVER[21]: Environment variable HG_TRANSPORT was NOT set
[INFO] PDC_SERVER[21]: Environment variable HG_HOST was NOT set
[INFO] PDC_SERVER[25]: Environment variable HG_TRANSPORT was NOT set
[INFO] PDC_SERVER[25]: Environment variable HG_HOST was NOT set
[INFO] PDC_SERVER[29]: Environment variable HG_TRANSPORT was NOT set
[INFO] PDC_SERVER[29]: Environment variable HG_HOST was NOT set
[INFO] PDC_SERVER[20]: Environment variable HG_TRANSPORT was NOT set
[INFO] PDC_SERVER[20]: Environment variable HG_HOST was NOT set
[INFO] PDC_SERVER[26]: Environment variable HG_TRANSPORT was NOT set
[INFO] PDC_SERVER[26]: Environment variable HG_HOST was NOT set
[INFO] PDC_SERVER[22]: Environment variable HG_TRANSPORT was NOT set
[INFO] PDC_SERVER[22]: Environment variable HG_HOST was NOT set
[INFO] PDC_SERVER[23]: Environment variable HG_TRANSPORT was NOT set
[INFO] PDC_SERVER[23]: Environment variable HG_HOST was NOT set
[INFO] PDC_SERVER[19]: Environment variable HG_TRANSPORT was NOT set
[INFO] PDC_SERVER[19]: Environment variable HG_HOST was NOT set
[INFO] PDC_SERVER[27]: Environment variable HG_TRANSPORT was NOT set
[INFO] PDC_SERVER[27]: Environment variable HG_HOST was NOT set
[INFO] PDC_SERVER[31]: Environment variable HG_TRANSPORT was NOT set
[INFO] PDC_SERVER[31]: Environment variable HG_HOST was NOT set
[INFO] PDC_SERVER[0]: Using [./pdc_tmp/] as tmp dir, 1 OSTs, 1 OSTs per data file, 0% to BB
[INFO] PDC_SERVER[0]: Environment variable HG_TRANSPORT was NOT set
[INFO] PDC_SERVER[0]: Environment variable HG_HOST was NOT set
[INFO] PDC_SERVER[0]: Connection string: ofi+tcp://nid004350:7000
[INFO] PDC_SERVER[0]: Without multi-thread
[INFO] PDC_SERVER[0]: Read cache enabled
[INFO] PDC_SERVER[0]: Max cache size: 34359738368
[INFO] PDC_SERVER[0]: Successfully established connection to 31 other PDC servers
[INFO] PDC_SERVER[0]: Server ready!


[INFO] PDC_CLIENT[31]: [IDIOMS_Index_Dump_31] Timer to dump index = 11.0000 microseconds
[INFO] PDC_CLIENT[19]: [IDIOMS_Index_Dump_19] Timer to dump index = 10.0000 microseconds
[INFO] PDC_CLIENT[25]: [IDIOMS_Index_Dump_25] Timer to dump index = 11.0000 microseconds
[INFO] PDC_CLIENT[15]: [IDIOMS_Index_Dump_15] Timer to dump index = 8.0000 microseconds
[INFO] PDC_CLIENT[21]: [IDIOMS_Index_Dump_21] Timer to dump index = 11.0000 microseconds
[INFO] PDC_CLIENT[23]: [IDIOMS_Index_Dump_23] Timer to dump index = 11.0000 microseconds
[INFO] PDC_CLIENT[17]: [IDIOMS_Index_Dump_17] Timer to dump index = 11.0000 microseconds
[INFO] PDC_CLIENT[14]: [IDIOMS_Index_Dump_14] Timer to dump index = 11.0000 microseconds
[INFO] PDC_CLIENT[9]: [IDIOMS_Index_Dump_9] Timer to dump index = 11.0000 microseconds
[INFO] PDC_CLIENT[30]: [IDIOMS_Index_Dump_30] Timer to dump index = 11.0000 microseconds
[INFO] PDC_CLIENT[28]: [IDIOMS_Index_Dump_28] Timer to dump index = 11.0000 microseconds
[INFO] PDC_CLIENT[29]: [IDIOMS_Index_Dump_29] Timer to dump index = 10.0000 microseconds
[INFO] PDC_CLIENT[11]: [IDIOMS_Index_Dump_11] Timer to dump index = 11.0000 microseconds
[INFO] PDC_CLIENT[10]: [IDIOMS_Index_Dump_10] Timer to dump index = 11.0000 microseconds
[INFO] PDC_CLIENT[12]: [IDIOMS_Index_Dump_12] Timer to dump index = 11.0000 microseconds
[INFO] PDC_CLIENT[13]: [IDIOMS_Index_Dump_13] Timer to dump index = 11.0000 microseconds
[INFO] PDC_CLIENT[27]: [IDIOMS_Index_Dump_27] Timer to dump index = 11.0000 microseconds
[INFO] PDC_CLIENT[22]: [IDIOMS_Index_Dump_22] Timer to dump index = 11.0000 microseconds
[INFO] PDC_CLIENT[20]: [IDIOMS_Index_Dump_20] Timer to dump index = 11.0000 microseconds
[INFO] PDC_CLIENT[26]: [IDIOMS_Index_Dump_26] Timer to dump index = 12.0000 microseconds
[INFO] PDC_CLIENT[18]: [IDIOMS_Index_Dump_18] Timer to dump index = 11.0000 microseconds
[INFO] PDC_CLIENT[8]: [IDIOMS_Index_Dump_8] Timer to dump index = 10.0000 microseconds
[INFO] PDC_CLIENT[24]: [IDIOMS_Index_Dump_24] Timer to dump index = 10.0000 microseconds
[INFO] PDC_CLIENT[16]: [IDIOMS_Index_Dump_16] Timer to dump index = 11.0000 microseconds
[INFO] PDC_SERVER[0]: Executing graph with json filepath /pscratch/sd/n/nlewi26/src/hdf5-zfp-baseline/tf_graphs/compression.json
[INFO] PDC_SERVER[0]: ZFP compression succeeded, compressed size bytes: 5384 bytes
[INFO] PDC_SERVER[0]: [TIMER] zfp_compress time_elapsed: 0.000315 s
[INFO] PDC_SERVER[0]: [TIMER] PDCtf_exec_graph time_elapsed: 0.000341 s
[INFO] PDC_SERVER[0]: [TIMER] open time_elapsed: 0.001019 s
[INFO] PDC_SERVER[0]: [TIMER] write time_elapsed: 0.000048 s
[INFO] PDC_SERVER[0]: [TIMER] close time_elapsed: 0.000181 s
[INFO] PDC_SERVER[0]: Ran write storage strategy STORE_FLATTENED_REGION_PER_FILE_TRANSFORMATION
[INFO] PDC_SERVER[0]: Server flushed 0.1 / 0.5 MB to storage
[INFO] PDC_SERVER[0]: Executing graph with json filepath /pscratch/sd/n/nlewi26/src/hdf5-zfp-baseline/tf_graphs/compression.json
[INFO] PDC_SERVER[0]: ZFP compression succeeded, compressed size bytes: 5384 bytes
[INFO] PDC_SERVER[0]: [TIMER] zfp_compress time_elapsed: 0.000312 s
[INFO] PDC_SERVER[0]: [TIMER] PDCtf_exec_graph time_elapsed: 0.000317 s
[INFO] PDC_SERVER[0]: [TIMER] open time_elapsed: 0.000579 s
[INFO] PDC_SERVER[0]: [TIMER] write time_elapsed: 0.000031 s
[INFO] PDC_SERVER[0]: [TIMER] close time_elapsed: 0.000094 s
[INFO] PDC_SERVER[0]: Ran write storage strategy STORE_FLATTENED_REGION_PER_FILE_TRANSFORMATION
[INFO] PDC_SERVER[0]: Server flushed 0.1 / 0.4 MB to storage
[INFO] PDC_SERVER[0]: Executing graph with json filepath /pscratch/sd/n/nlewi26/src/hdf5-zfp-baseline/tf_graphs/compression.json
[INFO] PDC_SERVER[0]: ZFP compression succeeded, compressed size bytes: 5384 bytes
[INFO] PDC_SERVER[0]: [TIMER] zfp_compress time_elapsed: 0.000219 s
[INFO] PDC_SERVER[0]: [TIMER] PDCtf_exec_graph time_elapsed: 0.000223 s
[INFO] PDC_SERVER[0]: [TIMER] open time_elapsed: 0.000419 s
[INFO] PDC_SERVER[0]: [TIMER] write time_elapsed: 0.000030 s
[INFO] PDC_SERVER[0]: [TIMER] close time_elapsed: 0.000093 s
[INFO] PDC_SERVER[0]: Ran write storage strategy STORE_FLATTENED_REGION_PER_FILE_TRANSFORMATION
[INFO] PDC_SERVER[0]: Server flushed 0.1 / 0.2 MB to storage
[INFO] PDC_SERVER[0]: Executing graph with json filepath /pscratch/sd/n/nlewi26/src/hdf5-zfp-baseline/tf_graphs/compression.json
[INFO] PDC_SERVER[0]: ZFP compression succeeded, compressed size bytes: 5384 bytes
[INFO] PDC_SERVER[0]: [TIMER] zfp_compress time_elapsed: 0.000219 s
[INFO] PDC_SERVER[0]: [TIMER] PDCtf_exec_graph time_elapsed: 0.000223 s
[INFO] PDC_SERVER[0]: [TIMER] open time_elapsed: 0.000398 s
[INFO] PDC_SERVER[0]: [TIMER] write time_elapsed: 0.000030 s
[INFO] PDC_SERVER[0]: [TIMER] close time_elapsed: 0.000086 s
[INFO] PDC_SERVER[0]: Ran write storage strategy STORE_FLATTENED_REGION_PER_FILE_TRANSFORMATION
[INFO] PDC_SERVER[0]: Server flushed 0.1 / 0.1 MB to storage
[INFO] PDC_SERVER[2]: ZFP compression succeeded, compressed size bytes: 5400 bytes
[INFO] PDC_SERVER[2]: [TIMER] zfp_compress time_elapsed: 0.000335 s
[INFO] PDC_SERVER[2]: [TIMER] PDCtf_exec_graph time_elapsed: 0.000364 s
[INFO] PDC_SERVER[1]: ZFP compression succeeded, compressed size bytes: 5392 bytes
[INFO] PDC_SERVER[3]: ZFP compression succeeded, compressed size bytes: 5032 bytes
[INFO] PDC_SERVER[3]: [TIMER] zfp_compress time_elapsed: 0.000338 s
[INFO] PDC_SERVER[3]: [TIMER] PDCtf_exec_graph time_elapsed: 0.000369 s
[INFO] PDC_SERVER[1]: [TIMER] zfp_compress time_elapsed: 0.000332 s
[INFO] PDC_SERVER[1]: [TIMER] PDCtf_exec_graph time_elapsed: 0.000373 s
[INFO] PDC_SERVER[4]: ZFP compression succeeded, compressed size bytes: 5384 bytes
[INFO] PDC_SERVER[4]: [TIMER] zfp_compress time_elapsed: 0.001678 s
[INFO] PDC_SERVER[4]: [TIMER] PDCtf_exec_graph time_elapsed: 0.001707 s
[INFO] PDC_SERVER[1]: [TIMER] open time_elapsed: 0.000978 s
[INFO] PDC_SERVER[6]: ZFP compression succeeded, compressed size bytes: 5400 bytes
[INFO] PDC_SERVER[6]: [TIMER] zfp_compress time_elapsed: 0.001679 s
[INFO] PDC_SERVER[6]: [TIMER] PDCtf_exec_graph time_elapsed: 0.001711 s
[INFO] PDC_SERVER[1]: [TIMER] write time_elapsed: 0.000056 s
[INFO] PDC_SERVER[1]: [TIMER] close time_elapsed: 0.000122 s
[INFO] PDC_SERVER[1]: Server flushed 0.1 / 0.5 MB to storage
[INFO] PDC_SERVER[2]: [TIMER] open time_elapsed: 0.001509 s
[INFO] PDC_SERVER[7]: ZFP compression succeeded, compressed size bytes: 5032 bytes
[INFO] PDC_SERVER[7]: [TIMER] zfp_compress time_elapsed: 0.001820 s
[INFO] PDC_SERVER[7]: [TIMER] PDCtf_exec_graph time_elapsed: 0.001852 s
[INFO] PDC_SERVER[2]: [TIMER] write time_elapsed: 0.000045 s
[INFO] PDC_SERVER[5]: ZFP compression succeeded, compressed size bytes: 5392 bytes
[INFO] PDC_SERVER[5]: [TIMER] zfp_compress time_elapsed: 0.001755 s
[INFO] PDC_SERVER[5]: [TIMER] PDCtf_exec_graph time_elapsed: 0.001785 s
[INFO] PDC_SERVER[3]: [TIMER] open time_elapsed: 0.001425 s
[INFO] PDC_SERVER[1]: ZFP compression succeeded, compressed size bytes: 5392 bytes
[INFO] PDC_SERVER[1]: [TIMER] zfp_compress time_elapsed: 0.000233 s
[INFO] PDC_SERVER[1]: [TIMER] PDCtf_exec_graph time_elapsed: 0.000239 s
[INFO] PDC_SERVER[2]: [TIMER] close time_elapsed: 0.000166 s
[INFO] PDC_SERVER[3]: [TIMER] write time_elapsed: 0.000052 s
[INFO] PDC_SERVER[2]: Server flushed 0.1 / 0.5 MB to storage
[INFO] PDC_SERVER[3]: [TIMER] close time_elapsed: 0.000185 s
[INFO] PDC_SERVER[3]: Server flushed 0.1 / 0.5 MB to storage
[INFO] PDC_SERVER[2]: ZFP compression succeeded, compressed size bytes: 5400 bytes
[INFO] PDC_SERVER[2]: [TIMER] zfp_compress time_elapsed: 0.000227 s
[INFO] PDC_SERVER[2]: [TIMER] PDCtf_exec_graph time_elapsed: 0.000233 s
[INFO] PDC_SERVER[3]: ZFP compression succeeded, compressed size bytes: 5032 bytes
[INFO] PDC_SERVER[3]: [TIMER] zfp_compress time_elapsed: 0.000227 s
[INFO] PDC_SERVER[3]: [TIMER] PDCtf_exec_graph time_elapsed: 0.000232 s
[INFO] PDC_SERVER[1]: [TIMER] open time_elapsed: 0.000610 s
[INFO] PDC_SERVER[4]: [TIMER] open time_elapsed: 0.000464 s
[INFO] PDC_SERVER[1]: [TIMER] write time_elapsed: 0.000030 s
[INFO] PDC_SERVER[6]: [TIMER] open time_elapsed: 0.000484 s
[INFO] PDC_SERVER[1]: [TIMER] close time_elapsed: 0.000132 s
[INFO] PDC_SERVER[4]: [TIMER] write time_elapsed: 0.000195 s
[INFO] PDC_SERVER[1]: Server flushed 0.1 / 0.4 MB to storage
[INFO] PDC_SERVER[7]: [TIMER] open time_elapsed: 0.000440 s
[INFO] PDC_SERVER[4]: [TIMER] close time_elapsed: 0.000146 s
[INFO] PDC_SERVER[6]: [TIMER] write time_elapsed: 0.000229 s
[INFO] PDC_SERVER[4]: Server flushed 0.1 / 0.5 MB to storage
[INFO] PDC_SERVER[2]: [TIMER] open time_elapsed: 0.000740 s
[INFO] PDC_SERVER[1]: ZFP compression succeeded, compressed size bytes: 5392 bytes
[INFO] PDC_SERVER[1]: [TIMER] zfp_compress time_elapsed: 0.000223 s
[INFO] PDC_SERVER[2]: [TIMER] write time_elapsed: 0.000033 s
[INFO] PDC_SERVER[1]: [TIMER] PDCtf_exec_graph time_elapsed: 0.000228 s
[INFO] PDC_SERVER[7]: [TIMER] write time_elapsed: 0.000254 s
[INFO] PDC_SERVER[6]: [TIMER] close time_elapsed: 0.000135 s
[INFO] PDC_SERVER[5]: [TIMER] open time_elapsed: 0.000492 s
[INFO] PDC_SERVER[6]: Server flushed 0.1 / 0.5 MB to storage
[INFO] PDC_SERVER[2]: [TIMER] close time_elapsed: 0.000110 s
[INFO] PDC_SERVER[2]: Server flushed 0.1 / 0.4 MB to storage
[INFO] PDC_SERVER[4]: ZFP compression succeeded, compressed size bytes: 5384 bytes
[INFO] PDC_SERVER[4]: [TIMER] zfp_compress time_elapsed: 0.000231 s
[INFO] PDC_SERVER[3]: [TIMER] open time_elapsed: 0.000756 s
[INFO] PDC_SERVER[4]: [TIMER] PDCtf_exec_graph time_elapsed: 0.000237 s
[INFO] PDC_SERVER[3]: [TIMER] write time_elapsed: 0.000033 s
[INFO] PDC_SERVER[7]: [TIMER] close time_elapsed: 0.000158 s
[INFO] PDC_SERVER[7]: Server flushed 0.1 / 0.5 MB to storage
[INFO] PDC_SERVER[5]: [TIMER] write time_elapsed: 0.000210 s
[INFO] PDC_SERVER[3]: [TIMER] close time_elapsed: 0.000102 s
[INFO] PDC_SERVER[6]: ZFP compression succeeded, compressed size bytes: 5400 bytes
[INFO] PDC_SERVER[6]: [TIMER] zfp_compress time_elapsed: 0.000233 s
[INFO] PDC_SERVER[3]: Server flushed 0.1 / 0.4 MB to storage
[INFO] PDC_SERVER[2]: ZFP compression succeeded, compressed size bytes: 5400 bytes
[INFO] PDC_SERVER[2]: [TIMER] zfp_compress time_elapsed: 0.000228 s
[INFO] PDC_SERVER[6]: [TIMER] PDCtf_exec_graph time_elapsed: 0.000238 s
[INFO] PDC_SERVER[2]: [TIMER] PDCtf_exec_graph time_elapsed: 0.000233 s
[INFO] PDC_SERVER[4]: [TIMER] open time_elapsed: 0.000216 s
[INFO] PDC_SERVER[5]: [TIMER] close time_elapsed: 0.000169 s
[INFO] PDC_SERVER[7]: ZFP compression succeeded, compressed size bytes: 5032 bytes
[INFO] PDC_SERVER[7]: [TIMER] zfp_compress time_elapsed: 0.000229 s
[INFO] PDC_SERVER[5]: Server flushed 0.1 / 0.5 MB to storage
[INFO] PDC_SERVER[7]: [TIMER] PDCtf_exec_graph time_elapsed: 0.000235 s
[INFO] PDC_SERVER[4]: [TIMER] write time_elapsed: 0.000152 s
[INFO] PDC_SERVER[6]: [TIMER] open time_elapsed: 0.000228 s
[INFO] PDC_SERVER[3]: ZFP compression succeeded, compressed size bytes: 5032 bytes
[INFO] PDC_SERVER[3]: [TIMER] zfp_compress time_elapsed: 0.000227 s
[INFO] PDC_SERVER[1]: [TIMER] open time_elapsed: 0.000548 s
[INFO] PDC_SERVER[3]: [TIMER] PDCtf_exec_graph time_elapsed: 0.000233 s
[INFO] PDC_SERVER[1]: [TIMER] write time_elapsed: 0.000031 s
[INFO] PDC_SERVER[5]: ZFP compression succeeded, compressed size bytes: 5392 bytes
[INFO] PDC_SERVER[5]: [TIMER] zfp_compress time_elapsed: 0.000230 s
[INFO] PDC_SERVER[7]: [TIMER] open time_elapsed: 0.000222 s
[INFO] PDC_SERVER[4]: [TIMER] close time_elapsed: 0.000111 s
[INFO] PDC_SERVER[1]: [TIMER] close time_elapsed: 0.000095 s
[INFO] PDC_SERVER[1]: Server flushed 0.1 / 0.2 MB to storage
[INFO] PDC_SERVER[5]: [TIMER] PDCtf_exec_graph time_elapsed: 0.000236 s
[INFO] PDC_SERVER[4]: Server flushed 0.1 / 0.4 MB to storage
[INFO] PDC_SERVER[6]: [TIMER] write time_elapsed: 0.000218 s
[INFO] PDC_SERVER[7]: [TIMER] write time_elapsed: 0.000172 s
[INFO] PDC_SERVER[4]: ZFP compression succeeded, compressed size bytes: 5384 bytes
[INFO] PDC_SERVER[4]: [TIMER] zfp_compress time_elapsed: 0.000229 s
[INFO] PDC_SERVER[6]: [TIMER] close time_elapsed: 0.000114 s
[INFO] PDC_SERVER[1]: ZFP compression succeeded, compressed size bytes: 5392 bytes
[INFO] PDC_SERVER[1]: [TIMER] zfp_compress time_elapsed: 0.000221 s
[INFO] PDC_SERVER[2]: [TIMER] open time_elapsed: 0.000579 s
[INFO] PDC_SERVER[5]: [TIMER] open time_elapsed: 0.000225 s
[INFO] PDC_SERVER[4]: [TIMER] PDCtf_exec_graph time_elapsed: 0.000234 s
[INFO] PDC_SERVER[6]: Server flushed 0.1 / 0.4 MB to storage
[INFO] PDC_SERVER[1]: [TIMER] PDCtf_exec_graph time_elapsed: 0.000226 s
[INFO] PDC_SERVER[2]: [TIMER] write time_elapsed: 0.000031 s
[INFO] PDC_SERVER[7]: [TIMER] close time_elapsed: 0.000126 s
[INFO] PDC_SERVER[7]: Server flushed 0.1 / 0.4 MB to storage
[INFO] PDC_SERVER[2]: [TIMER] close time_elapsed: 0.000086 s
[INFO] PDC_SERVER[2]: Server flushed 0.1 / 0.2 MB to storage
[INFO] PDC_SERVER[5]: [TIMER] write time_elapsed: 0.000178 s
[INFO] PDC_SERVER[6]: ZFP compression succeeded, compressed size bytes: 5400 bytes
[INFO] PDC_SERVER[6]: [TIMER] zfp_compress time_elapsed: 0.000230 s
[INFO] PDC_SERVER[4]: [TIMER] open time_elapsed: 0.000205 s
[INFO] PDC_SERVER[6]: [TIMER] PDCtf_exec_graph time_elapsed: 0.000235 s
[INFO] PDC_SERVER[5]: [TIMER] close time_elapsed: 0.000125 s
[INFO] PDC_SERVER[7]: ZFP compression succeeded, compressed size bytes: 5032 bytes
[INFO] PDC_SERVER[7]: [TIMER] zfp_compress time_elapsed: 0.000228 s
[INFO] PDC_SERVER[3]: [TIMER] open time_elapsed: 0.000676 s
[INFO] PDC_SERVER[5]: Server flushed 0.1 / 0.4 MB to storage
[INFO] PDC_SERVER[7]: [TIMER] PDCtf_exec_graph time_elapsed: 0.000233 s
[INFO] PDC_SERVER[3]: [TIMER] write time_elapsed: 0.000031 s
[INFO] PDC_SERVER[2]: ZFP compression succeeded, compressed size bytes: 5400 bytes
[INFO] PDC_SERVER[2]: [TIMER] zfp_compress time_elapsed: 0.000226 s
[INFO] PDC_SERVER[2]: [TIMER] PDCtf_exec_graph time_elapsed: 0.000231 s
[INFO] PDC_SERVER[4]: [TIMER] write time_elapsed: 0.000208 s
[INFO] PDC_SERVER[3]: [TIMER] close time_elapsed: 0.000097 s
[INFO] PDC_SERVER[6]: [TIMER] open time_elapsed: 0.000205 s
[INFO] PDC_SERVER[3]: Server flushed 0.1 / 0.2 MB to storage
[INFO] PDC_SERVER[5]: ZFP compression succeeded, compressed size bytes: 5392 bytes
[INFO] PDC_SERVER[5]: [TIMER] zfp_compress time_elapsed: 0.000227 s
[INFO] PDC_SERVER[7]: [TIMER] open time_elapsed: 0.000217 s
[INFO] PDC_SERVER[4]: [TIMER] close time_elapsed: 0.000105 s
[INFO] PDC_SERVER[1]: [TIMER] open time_elapsed: 0.000521 s
[INFO] PDC_SERVER[5]: [TIMER] PDCtf_exec_graph time_elapsed: 0.000232 s
[INFO] PDC_SERVER[4]: Server flushed 0.1 / 0.2 MB to storage
[INFO] PDC_SERVER[1]: [TIMER] write time_elapsed: 0.000031 s
[INFO] PDC_SERVER[6]: [TIMER] write time_elapsed: 0.000181 s
[INFO] PDC_SERVER[1]: [TIMER] close time_elapsed: 0.000107 s
[INFO] PDC_SERVER[1]: Server flushed 0.1 / 0.1 MB to storage
[INFO] PDC_SERVER[3]: ZFP compression succeeded, compressed size bytes: 5032 bytes
[INFO] PDC_SERVER[3]: [TIMER] zfp_compress time_elapsed: 0.000224 s
[INFO] PDC_SERVER[3]: [TIMER] PDCtf_exec_graph time_elapsed: 0.000229 s
[INFO] PDC_SERVER[7]: [TIMER] write time_elapsed: 0.000161 s
[INFO] PDC_SERVER[6]: [TIMER] close time_elapsed: 0.000121 s
[INFO] PDC_SERVER[4]: ZFP compression succeeded, compressed size bytes: 5384 bytes
[INFO] PDC_SERVER[4]: [TIMER] zfp_compress time_elapsed: 0.000225 s
[INFO] PDC_SERVER[6]: Server flushed 0.1 / 0.2 MB to storage
[INFO] PDC_SERVER[5]: [TIMER] open time_elapsed: 0.000211 s
[INFO] PDC_SERVER[4]: [TIMER] PDCtf_exec_graph time_elapsed: 0.000230 s
[INFO] PDC_SERVER[7]: [TIMER] close time_elapsed: 0.000114 s
[INFO] PDC_SERVER[7]: Server flushed 0.1 / 0.2 MB to storage
[INFO] PDC_SERVER[5]: [TIMER] write time_elapsed: 0.000207 s
[INFO] PDC_SERVER[4]: [TIMER] open time_elapsed: 0.000204 s
[INFO] PDC_SERVER[7]: ZFP compression succeeded, compressed size bytes: 5032 bytes
[INFO] PDC_SERVER[7]: [TIMER] zfp_compress time_elapsed: 0.000222 s
[INFO] PDC_SERVER[6]: ZFP compression succeeded, compressed size bytes: 5400 bytes
[INFO] PDC_SERVER[2]: [TIMER] open time_elapsed: 0.000655 s
[INFO] PDC_SERVER[7]: [TIMER] PDCtf_exec_graph time_elapsed: 0.000226 s
[INFO] PDC_SERVER[6]: [TIMER] zfp_compress time_elapsed: 0.000296 s
[INFO] PDC_SERVER[6]: [TIMER] PDCtf_exec_graph time_elapsed: 0.000303 s
[INFO] PDC_SERVER[2]: [TIMER] write time_elapsed: 0.000034 s
[INFO] PDC_SERVER[5]: [TIMER] close time_elapsed: 0.000130 s
[INFO] PDC_SERVER[5]: Server flushed 0.1 / 0.2 MB to storage
[INFO] PDC_SERVER[2]: [TIMER] close time_elapsed: 0.000095 s
[INFO] PDC_SERVER[4]: [TIMER] write time_elapsed: 0.000185 s
[INFO] PDC_SERVER[2]: Server flushed 0.1 / 0.1 MB to storage
[INFO] PDC_SERVER[3]: [TIMER] open time_elapsed: 0.000601 s
[INFO] PDC_SERVER[4]: [TIMER] close time_elapsed: 0.000105 s
[INFO] PDC_SERVER[7]: [TIMER] open time_elapsed: 0.000215 s
[INFO] PDC_SERVER[4]: Server flushed 0.1 / 0.1 MB to storage
[INFO] PDC_SERVER[6]: [TIMER] open time_elapsed: 0.000223 s
[INFO] PDC_SERVER[3]: [TIMER] write time_elapsed: 0.000031 s
[INFO] PDC_SERVER[5]: ZFP compression succeeded, compressed size bytes: 5392 bytes
[INFO] PDC_SERVER[5]: [TIMER] zfp_compress time_elapsed: 0.000277 s
[INFO] PDC_SERVER[3]: [TIMER] close time_elapsed: 0.000092 s
[INFO] PDC_SERVER[5]: [TIMER] PDCtf_exec_graph time_elapsed: 0.000284 s
[INFO] PDC_SERVER[7]: [TIMER] write time_elapsed: 0.000131 s
[INFO] PDC_SERVER[6]: [TIMER] write time_elapsed: 0.000160 s
[INFO] PDC_SERVER[3]: Server flushed 0.1 / 0.1 MB to storage
[INFO] PDC_SERVER[7]: [TIMER] close time_elapsed: 0.000102 s
[INFO] PDC_SERVER[7]: Server flushed 0.1 / 0.1 MB to storage
[INFO] PDC_SERVER[6]: [TIMER] close time_elapsed: 0.000105 s
[INFO] PDC_SERVER[6]: Server flushed 0.1 / 0.1 MB to storage
[INFO] PDC_SERVER[5]: [TIMER] open time_elapsed: 0.000231 s
[INFO] PDC_SERVER[5]: [TIMER] write time_elapsed: 0.000158 s
[INFO] PDC_SERVER[5]: [TIMER] close time_elapsed: 0.000097 s
[INFO] PDC_SERVER[5]: Server flushed 0.1 / 0.1 MB to storage
[INFO] PDC_SERVER[0]: Checkpoint file [./pdc_tmp//0/metadata_checkpoint.0]
[INFO] PDC_CLIENT[7]: [IDIOMS_Index_Dump_7] Timer to dump index = 8.0000 microseconds
[INFO] PDC_CLIENT[5]: [IDIOMS_Index_Dump_5] Timer to dump index = 6.0000 microseconds
[INFO] PDC_CLIENT[1]: [IDIOMS_Index_Dump_1] Timer to dump index = 8.0000 microseconds
[INFO] PDC_CLIENT[3]: [IDIOMS_Index_Dump_3] Timer to dump index = 6.0000 microseconds
[INFO] PDC_CLIENT[6]: [IDIOMS_Index_Dump_6] Timer to dump index = 8.0000 microseconds
[INFO] PDC_CLIENT[4]: [IDIOMS_Index_Dump_4] Timer to dump index = 7.0000 microseconds
[INFO] PDC_SERVER[0]: Checkpointed          1 objects, with          0 regions 
[INFO] PDC_CLIENT[0]: Writing DART info to file_name: ./pdc_tmp//dart_info.bin
[INFO] PDC_CLIENT[2]: [IDIOMS_Index_Dump_2] Timer to dump index = 7.0000 microseconds
[INFO] PDC_CLIENT[0]: [IDIOMS_Index_Dump_0] Timer to dump index = 1426.0000 microseconds
