[INFO] PDC_SERVER[5]: Environment variable HG_TRANSPORT was NOT set
[INFO] PDC_SERVER[5]: Environment variable HG_HOST was NOT set
[INFO] PDC_SERVER[14]: Environment variable HG_TRANSPORT was NOT set
[INFO] PDC_SERVER[14]: Environment variable HG_HOST was NOT set
[INFO] PDC_SERVER[20]: Environment variable HG_TRANSPORT was NOT set
[INFO] PDC_SERVER[20]: Environment variable HG_HOST was NOT set
[INFO] PDC_SERVER[8]: Environment variable HG_TRANSPORT was NOT set
[INFO] PDC_SERVER[8]: Environment variable HG_HOST was NOT set
[INFO] PDC_SERVER[21]: Environment variable HG_TRANSPORT was NOT set
[INFO] PDC_SERVER[21]: Environment variable HG_HOST was NOT set
[INFO] PDC_SERVER[26]: Environment variable HG_TRANSPORT was NOT set
[INFO] PDC_SERVER[26]: Environment variable HG_HOST was NOT set
[INFO] PDC_SERVER[30]: Environment variable HG_TRANSPORT was NOT set
[INFO] PDC_SERVER[30]: Environment variable HG_HOST was NOT set
[INFO] PDC_SERVER[12]: Environment variable HG_TRANSPORT was NOT set
[INFO] PDC_SERVER[12]: Environment variable HG_HOST was NOT set
[INFO] PDC_SERVER[9]: Environment variable HG_TRANSPORT was NOT set
[INFO] PDC_SERVER[9]: Environment variable HG_HOST was NOT set
[INFO] PDC_SERVER[3]: Environment variable HG_TRANSPORT was NOT set
[INFO] PDC_SERVER[3]: Environment variable HG_HOST was NOT set
[INFO] PDC_SERVER[10]: Environment variable HG_TRANSPORT was NOT set
[INFO] PDC_SERVER[10]: Environment variable HG_HOST was NOT set
[INFO] PDC_SERVER[28]: Environment variable HG_TRANSPORT was NOT set
[INFO] PDC_SERVER[28]: Environment variable HG_HOST was NOT set
[INFO] PDC_SERVER[4]: Environment variable HG_TRANSPORT was NOT set
[INFO] PDC_SERVER[4]: Environment variable HG_HOST was NOT set
[INFO] PDC_SERVER[2]: Environment variable HG_TRANSPORT was NOT set
[INFO] PDC_SERVER[2]: Environment variable HG_HOST was NOT set
[INFO] PDC_SERVER[11]: Environment variable HG_TRANSPORT was NOT set
[INFO] PDC_SERVER[11]: Environment variable HG_HOST was NOT set
[INFO] PDC_SERVER[18]: Environment variable HG_TRANSPORT was NOT set
[INFO] PDC_SERVER[18]: Environment variable HG_HOST was NOT set
[INFO] PDC_SERVER[17]: Environment variable HG_TRANSPORT was NOT set
[INFO] PDC_SERVER[17]: Environment variable HG_HOST was NOT set
[INFO] PDC_SERVER[16]: Environment variable HG_TRANSPORT was NOT set
[INFO] PDC_SERVER[16]: Environment variable HG_HOST was NOT set
[INFO] PDC_SERVER[7]: Environment variable HG_TRANSPORT was NOT set
[INFO] PDC_SERVER[7]: Environment variable HG_HOST was NOT set
[INFO] PDC_SERVER[25]: Environment variable HG_TRANSPORT was NOT set
[INFO] PDC_SERVER[25]: Environment variable HG_HOST was NOT set
[INFO] PDC_SERVER[19]: Environment variable HG_TRANSPORT was NOT set
[INFO] PDC_SERVER[19]: Environment variable HG_HOST was NOT set
[INFO] PDC_SERVER[22]: Environment variable HG_TRANSPORT was NOT set
[INFO] PDC_SERVER[22]: Environment variable HG_HOST was NOT set
[INFO] PDC_SERVER[13]: Environment variable HG_TRANSPORT was NOT set
[INFO] PDC_SERVER[13]: Environment variable HG_HOST was NOT set
[INFO] PDC_SERVER[6]: Environment variable HG_TRANSPORT was NOT set
[INFO] PDC_SERVER[6]: Environment variable HG_HOST was NOT set
[INFO] PDC_SERVER[24]: Environment variable HG_TRANSPORT was NOT set
[INFO] PDC_SERVER[24]: Environment variable HG_HOST was NOT set
[INFO] PDC_SERVER[27]: Environment variable HG_TRANSPORT was NOT set
[INFO] PDC_SERVER[27]: Environment variable HG_HOST was NOT set
[INFO] PDC_SERVER[15]: Environment variable HG_TRANSPORT was NOT set
[INFO] PDC_SERVER[15]: Environment variable HG_HOST was NOT set
[INFO] PDC_SERVER[1]: Environment variable HG_TRANSPORT was NOT set
[INFO] PDC_SERVER[1]: Environment variable HG_HOST was NOT set
[INFO] PDC_SERVER[23]: Environment variable HG_TRANSPORT was NOT set
[INFO] PDC_SERVER[23]: Environment variable HG_HOST was NOT set
[INFO] PDC_SERVER[31]: Environment variable HG_TRANSPORT was NOT set
[INFO] PDC_SERVER[31]: Environment variable HG_HOST was NOT set
[INFO] PDC_SERVER[0]: Using [./pdc_tmp/] as tmp dir, 1 OSTs, 1 OSTs per data file, 0% to BB
[INFO] PDC_SERVER[0]: Environment variable HG_TRANSPORT was NOT set
[INFO] PDC_SERVER[0]: Environment variable HG_HOST was NOT set
[INFO] PDC_SERVER[0]: Connection string: ofi+tcp://nid004350:7000
[INFO] PDC_SERVER[29]: Environment variable HG_TRANSPORT was NOT set
[INFO] PDC_SERVER[29]: Environment variable HG_HOST was NOT set
[INFO] PDC_SERVER[0]: Without multi-thread
[INFO] PDC_SERVER[0]: Read cache enabled
[INFO] PDC_SERVER[0]: Max cache size: 34359738368
[INFO] PDC_SERVER[0]: Successfully established connection to 31 other PDC servers
[INFO] PDC_SERVER[0]: Server ready!


[INFO] PDC_SERVER[0]: Executing graph with json filepath /pscratch/sd/n/nlewi26/src/hdf5-zfp-baseline/tf_graphs/compression.json
[INFO] PDC_SERVER[0]: ZFP compression succeeded, compressed size bytes: 5384 bytes
[INFO] PDC_SERVER[0]: [TIMER] zfp_compress time_elapsed: 0.000312 s
[INFO] PDC_SERVER[0]: [TIMER] PDCtf_exec_graph time_elapsed: 0.000338 s
[INFO] PDC_SERVER[15]: ZFP compression succeeded, compressed size bytes: 5032 bytes
[INFO] PDC_SERVER[15]: [TIMER] zfp_compress time_elapsed: 0.000332 s
[INFO] PDC_SERVER[15]: [TIMER] PDCtf_exec_graph time_elapsed: 0.000359 s
[INFO] PDC_SERVER[0]: [TIMER] open time_elapsed: 0.001141 s
[INFO] PDC_SERVER[0]: [TIMER] write time_elapsed: 0.000044 s
[INFO] PDC_SERVER[0]: [TIMER] close time_elapsed: 0.000183 s
[INFO] PDC_SERVER[0]: Ran write storage strategy STORE_FLATTENED_REGION_PER_FILE_TRANSFORMATION
[INFO] PDC_SERVER[0]: Server flushed 0.1 / 0.5 MB to storage
[INFO] PDC_SERVER[0]: Executing graph with json filepath /pscratch/sd/n/nlewi26/src/hdf5-zfp-baseline/tf_graphs/compression.json
[INFO] PDC_SERVER[15]: [TIMER] open time_elapsed: 0.001398 s
[INFO] PDC_SERVER[15]: [TIMER] write time_elapsed: 0.000051 s
[INFO] PDC_SERVER[0]: ZFP compression succeeded, compressed size bytes: 5384 bytes
[INFO] PDC_SERVER[0]: [TIMER] zfp_compress time_elapsed: 0.000226 s
[INFO] PDC_SERVER[0]: [TIMER] PDCtf_exec_graph time_elapsed: 0.000230 s
[INFO] PDC_SERVER[15]: [TIMER] close time_elapsed: 0.000309 s
[INFO] PDC_SERVER[15]: Server flushed 0.1 / 0.5 MB to storage
[INFO] PDC_SERVER[15]: ZFP compression succeeded, compressed size bytes: 5032 bytes
[INFO] PDC_SERVER[15]: [TIMER] zfp_compress time_elapsed: 0.000222 s
[INFO] PDC_SERVER[15]: [TIMER] PDCtf_exec_graph time_elapsed: 0.000228 s
[INFO] PDC_SERVER[0]: [TIMER] open time_elapsed: 0.000586 s
[INFO] PDC_SERVER[0]: [TIMER] write time_elapsed: 0.000031 s
[INFO] PDC_SERVER[0]: [TIMER] close time_elapsed: 0.000094 s
[INFO] PDC_SERVER[0]: Ran write storage strategy STORE_FLATTENED_REGION_PER_FILE_TRANSFORMATION
[INFO] PDC_SERVER[0]: Server flushed 0.1 / 0.4 MB to storage
[INFO] PDC_SERVER[0]: Executing graph with json filepath /pscratch/sd/n/nlewi26/src/hdf5-zfp-baseline/tf_graphs/compression.json
[INFO] PDC_SERVER[0]: ZFP compression succeeded, compressed size bytes: 5384 bytes
[INFO] PDC_SERVER[0]: [TIMER] zfp_compress time_elapsed: 0.000225 s
[INFO] PDC_SERVER[0]: [TIMER] PDCtf_exec_graph time_elapsed: 0.000229 s
[INFO] PDC_SERVER[15]: [TIMER] open time_elapsed: 0.000688 s
[INFO] PDC_SERVER[15]: [TIMER] write time_elapsed: 0.000031 s
[INFO] PDC_SERVER[15]: [TIMER] close time_elapsed: 0.000090 s
[INFO] PDC_SERVER[15]: Server flushed 0.1 / 0.4 MB to storage
[INFO] PDC_SERVER[0]: [TIMER] open time_elapsed: 0.000467 s
[INFO] PDC_SERVER[0]: [TIMER] write time_elapsed: 0.000030 s
[INFO] PDC_SERVER[15]: ZFP compression succeeded, compressed size bytes: 5032 bytes
[INFO] PDC_SERVER[15]: [TIMER] zfp_compress time_elapsed: 0.000225 s
[INFO] PDC_SERVER[15]: [TIMER] PDCtf_exec_graph time_elapsed: 0.000230 s
[INFO] PDC_SERVER[0]: [TIMER] close time_elapsed: 0.000095 s
[INFO] PDC_SERVER[0]: Ran write storage strategy STORE_FLATTENED_REGION_PER_FILE_TRANSFORMATION
[INFO] PDC_SERVER[0]: Server flushed 0.1 / 0.2 MB to storage
[INFO] PDC_SERVER[0]: Executing graph with json filepath /pscratch/sd/n/nlewi26/src/hdf5-zfp-baseline/tf_graphs/compression.json
[INFO] PDC_SERVER[0]: ZFP compression succeeded, compressed size bytes: 5384 bytes
[INFO] PDC_SERVER[0]: [TIMER] zfp_compress time_elapsed: 0.000225 s
[INFO] PDC_SERVER[0]: [TIMER] PDCtf_exec_graph time_elapsed: 0.000229 s
[INFO] PDC_SERVER[15]: [TIMER] open time_elapsed: 0.000650 s
[INFO] PDC_SERVER[15]: [TIMER] write time_elapsed: 0.000031 s
[INFO] PDC_SERVER[0]: [TIMER] open time_elapsed: 0.000409 s
[INFO] PDC_SERVER[0]: [TIMER] write time_elapsed: 0.000030 s
[INFO] PDC_SERVER[15]: [TIMER] close time_elapsed: 0.000089 s
[INFO] PDC_SERVER[15]: Server flushed 0.1 / 0.2 MB to storage
[INFO] PDC_SERVER[0]: [TIMER] close time_elapsed: 0.000084 s
[INFO] PDC_SERVER[0]: Ran write storage strategy STORE_FLATTENED_REGION_PER_FILE_TRANSFORMATION
[INFO] PDC_SERVER[0]: Server flushed 0.1 / 0.1 MB to storage
[INFO] PDC_SERVER[15]: ZFP compression succeeded, compressed size bytes: 5032 bytes
[INFO] PDC_SERVER[15]: [TIMER] zfp_compress time_elapsed: 0.000223 s
[INFO] PDC_SERVER[15]: [TIMER] PDCtf_exec_graph time_elapsed: 0.000228 s
[INFO] PDC_SERVER[15]: [TIMER] open time_elapsed: 0.000524 s
[INFO] PDC_SERVER[15]: [TIMER] write time_elapsed: 0.000030 s
[INFO] PDC_SERVER[15]: [TIMER] close time_elapsed: 0.000085 s
[INFO] PDC_SERVER[15]: Server flushed 0.1 / 0.1 MB to storage
[INFO] PDC_SERVER[19]: ZFP compression succeeded, compressed size bytes: 5336 bytes
[INFO] PDC_SERVER[19]: [TIMER] zfp_compress time_elapsed: 0.001681 s
[INFO] PDC_SERVER[19]: [TIMER] PDCtf_exec_graph time_elapsed: 0.001710 s
[INFO] PDC_SERVER[19]: [TIMER] open time_elapsed: 0.000411 s
[INFO] PDC_SERVER[19]: [TIMER] write time_elapsed: 0.000226 s
[INFO] PDC_SERVER[19]: [TIMER] close time_elapsed: 0.000135 s
[INFO] PDC_SERVER[19]: Server flushed 0.1 / 0.5 MB to storage
[INFO] PDC_SERVER[19]: ZFP compression succeeded, compressed size bytes: 5336 bytes
[INFO] PDC_SERVER[19]: [TIMER] zfp_compress time_elapsed: 0.000230 s
[INFO] PDC_SERVER[19]: [TIMER] PDCtf_exec_graph time_elapsed: 0.000236 s
[INFO] PDC_SERVER[19]: [TIMER] open time_elapsed: 0.000192 s
[INFO] PDC_SERVER[19]: [TIMER] write time_elapsed: 0.000206 s
[INFO] PDC_SERVER[19]: [TIMER] close time_elapsed: 0.000102 s
[INFO] PDC_SERVER[19]: Server flushed 0.1 / 0.4 MB to storage
[INFO] PDC_SERVER[19]: ZFP compression succeeded, compressed size bytes: 5336 bytes
[INFO] PDC_SERVER[19]: [TIMER] zfp_compress time_elapsed: 0.000242 s
[INFO] PDC_SERVER[19]: [TIMER] PDCtf_exec_graph time_elapsed: 0.000258 s
[INFO] PDC_SERVER[19]: [TIMER] open time_elapsed: 0.000199 s
[INFO] PDC_SERVER[19]: [TIMER] write time_elapsed: 0.000178 s
[INFO] PDC_SERVER[19]: [TIMER] close time_elapsed: 0.000107 s
[INFO] PDC_SERVER[19]: Server flushed 0.1 / 0.2 MB to storage
[INFO] PDC_SERVER[19]: ZFP compression succeeded, compressed size bytes: 5336 bytes
[INFO] PDC_SERVER[19]: [TIMER] zfp_compress time_elapsed: 0.000229 s
[INFO] PDC_SERVER[19]: [TIMER] PDCtf_exec_graph time_elapsed: 0.000234 s
[INFO] PDC_SERVER[19]: [TIMER] open time_elapsed: 0.000194 s
[INFO] PDC_SERVER[19]: [TIMER] write time_elapsed: 0.000156 s
[INFO] PDC_SERVER[19]: [TIMER] close time_elapsed: 0.000109 s
[INFO] PDC_SERVER[19]: Server flushed 0.1 / 0.1 MB to storage
[INFO] PDC_SERVER[0]: Checkpoint file [./pdc_tmp//0/metadata_checkpoint.0]
[INFO] PDC_CLIENT[15]: [IDIOMS_Index_Dump_15] Timer to dump index = 8.0000 microseconds
[INFO] PDC_SERVER[6]: ZFP compression succeeded, compressed size bytes: 5400 bytes
[INFO] PDC_SERVER[6]: [TIMER] zfp_compress time_elapsed: 0.000337 s
[INFO] PDC_SERVER[6]: [TIMER] PDCtf_exec_graph time_elapsed: 0.000368 s
[INFO] PDC_SERVER[8]: ZFP compression succeeded, compressed size bytes: 5384 bytes
[INFO] PDC_SERVER[8]: [TIMER] zfp_compress time_elapsed: 0.000283 s
[INFO] PDC_SERVER[8]: [TIMER] PDCtf_exec_graph time_elapsed: 0.000307 s
[INFO] PDC_SERVER[9]: ZFP compression succeeded, compressed size bytes: 5392 bytes
[INFO] PDC_SERVER[9]: [TIMER] zfp_compress time_elapsed: 0.000333 s
[INFO] PDC_SERVER[9]: [TIMER] PDCtf_exec_graph time_elapsed: 0.000361 s
[INFO] PDC_SERVER[12]: ZFP compression succeeded, compressed size bytes: 5384 bytes
[INFO] PDC_SERVER[12]: [TIMER] zfp_compress time_elapsed: 0.000334 s
[INFO] PDC_SERVER[12]: [TIMER] PDCtf_exec_graph time_elapsed: 0.000361 s
[INFO] PDC_SERVER[2]: ZFP compression succeeded, compressed size bytes: 5400 bytes
[INFO] PDC_SERVER[2]: [TIMER] zfp_compress time_elapsed: 0.000466 s
[INFO] PDC_SERVER[2]: [TIMER] PDCtf_exec_graph time_elapsed: 0.000499 s
[INFO] PDC_SERVER[13]: ZFP compression succeeded, compressed size bytes: 5392 bytes
[INFO] PDC_SERVER[13]: [TIMER] zfp_compress time_elapsed: 0.000342 s
[INFO] PDC_SERVER[13]: [TIMER] PDCtf_exec_graph time_elapsed: 0.000374 s
[INFO] PDC_SERVER[1]: ZFP compression succeeded, compressed size bytes: 5392 bytes
[INFO] PDC_SERVER[1]: [TIMER] zfp_compress time_elapsed: 0.000280 s
[INFO] PDC_SERVER[1]: [TIMER] PDCtf_exec_graph time_elapsed: 0.000307 s
[INFO] PDC_SERVER[3]: ZFP compression succeeded, compressed size bytes: 5032 bytes
[INFO] PDC_SERVER[3]: [TIMER] zfp_compress time_elapsed: 0.000337 s
[INFO] PDC_SERVER[3]: [TIMER] PDCtf_exec_graph time_elapsed: 0.000369 s
[INFO] PDC_SERVER[10]: ZFP compression succeeded, compressed size bytes: 5400 bytes
[INFO] PDC_SERVER[10]: [TIMER] zfp_compress time_elapsed: 0.000341 s
[INFO] PDC_SERVER[10]: [TIMER] PDCtf_exec_graph time_elapsed: 0.000371 s
[INFO] PDC_SERVER[4]: ZFP compression succeeded, compressed size bytes: 5384 bytes
[INFO] PDC_SERVER[4]: [TIMER] zfp_compress time_elapsed: 0.000335 s
[INFO] PDC_SERVER[4]: [TIMER] PDCtf_exec_graph time_elapsed: 0.000365 s
[INFO] PDC_SERVER[7]: ZFP compression succeeded, compressed size bytes: 5032 bytes
[INFO] PDC_SERVER[7]: [TIMER] zfp_compress time_elapsed: 0.000344 s
[INFO] PDC_SERVER[7]: [TIMER] PDCtf_exec_graph time_elapsed: 0.000374 s
[INFO] PDC_SERVER[11]: ZFP compression succeeded, compressed size bytes: 5032 bytes
[INFO] PDC_SERVER[11]: [TIMER] zfp_compress time_elapsed: 0.000337 s
[INFO] PDC_SERVER[11]: [TIMER] PDCtf_exec_graph time_elapsed: 0.000367 s
[INFO] PDC_SERVER[5]: ZFP compression succeeded, compressed size bytes: 5392 bytes
[INFO] PDC_SERVER[5]: [TIMER] zfp_compress time_elapsed: 0.000469 s
[INFO] PDC_SERVER[5]: [TIMER] PDCtf_exec_graph time_elapsed: 0.000505 s
[INFO] PDC_SERVER[14]: ZFP compression succeeded, compressed size bytes: 5400 bytes
[INFO] PDC_SERVER[14]: [TIMER] zfp_compress time_elapsed: 0.000339 s
[INFO] PDC_SERVER[14]: [TIMER] PDCtf_exec_graph time_elapsed: 0.000370 s
[INFO] PDC_SERVER[6]: [TIMER] open time_elapsed: 0.000937 s
[INFO] PDC_SERVER[6]: [TIMER] write time_elapsed: 0.000054 s
[INFO] PDC_SERVER[6]: [TIMER] close time_elapsed: 0.000148 s
[INFO] PDC_SERVER[7]: [TIMER] open time_elapsed: 0.000930 s
[INFO] PDC_SERVER[3]: [TIMER] open time_elapsed: 0.000973 s
[INFO] PDC_SERVER[7]: [TIMER] write time_elapsed: 0.000059 s
[INFO] PDC_SERVER[6]: Server flushed 0.1 / 0.5 MB to storage
[INFO] PDC_SERVER[1]: [TIMER] open time_elapsed: 0.001000 s
[INFO] PDC_SERVER[3]: [TIMER] write time_elapsed: 0.000055 s
[INFO] PDC_SERVER[13]: [TIMER] open time_elapsed: 0.001062 s
[INFO] PDC_SERVER[1]: [TIMER] write time_elapsed: 0.000054 s
[INFO] PDC_SERVER[4]: [TIMER] open time_elapsed: 0.001064 s
[INFO] PDC_SERVER[13]: [TIMER] write time_elapsed: 0.000046 s
[INFO] PDC_SERVER[8]: [TIMER] open time_elapsed: 0.001231 s
[INFO] PDC_SERVER[26]: ZFP compression succeeded, compressed size bytes: 5000 bytes
[INFO] PDC_SERVER[26]: [TIMER] zfp_compress time_elapsed: 0.001675 s
[INFO] PDC_SERVER[26]: [TIMER] PDCtf_exec_graph time_elapsed: 0.001703 s
[INFO] PDC_SERVER[3]: [TIMER] close time_elapsed: 0.000134 s
[INFO] PDC_SERVER[4]: [TIMER] write time_elapsed: 0.000056 s
[INFO] PDC_SERVER[2]: [TIMER] open time_elapsed: 0.001171 s
[INFO] PDC_SERVER[1]: [TIMER] close time_elapsed: 0.000123 s
[INFO] PDC_SERVER[5]: [TIMER] open time_elapsed: 0.000989 s
[INFO] PDC_SERVER[8]: [TIMER] write time_elapsed: 0.000054 s
[INFO] PDC_SERVER[3]: Server flushed 0.1 / 0.5 MB to storage
[INFO] PDC_SERVER[2]: [TIMER] write time_elapsed: 0.000046 s
[INFO] PDC_SERVER[7]: [TIMER] close time_elapsed: 0.000146 s
[INFO] PDC_SERVER[6]: ZFP compression succeeded, compressed size bytes: 5400 bytes
[INFO] PDC_SERVER[6]: [TIMER] zfp_compress time_elapsed: 0.000228 s
[INFO] PDC_SERVER[6]: [TIMER] PDCtf_exec_graph time_elapsed: 0.000233 s
[INFO] PDC_SERVER[1]: Server flushed 0.1 / 0.5 MB to storage
[INFO] PDC_SERVER[5]: [TIMER] write time_elapsed: 0.000046 s
[INFO] PDC_SERVER[30]: ZFP compression succeeded, compressed size bytes: 5000 bytes
[INFO] PDC_SERVER[30]: [TIMER] zfp_compress time_elapsed: 0.001668 s
[INFO] PDC_SERVER[30]: [TIMER] PDCtf_exec_graph time_elapsed: 0.001696 s
[INFO] PDC_SERVER[12]: [TIMER] open time_elapsed: 0.001337 s
[INFO] PDC_SERVER[4]: [TIMER] close time_elapsed: 0.000122 s
[INFO] PDC_SERVER[7]: Server flushed 0.1 / 0.5 MB to storage
[INFO] PDC_SERVER[25]: ZFP compression succeeded, compressed size bytes: 5360 bytes
[INFO] PDC_SERVER[25]: [TIMER] zfp_compress time_elapsed: 0.001688 s
[INFO] PDC_SERVER[25]: [TIMER] PDCtf_exec_graph time_elapsed: 0.001718 s
[INFO] PDC_SERVER[13]: [TIMER] close time_elapsed: 0.000178 s
[INFO] PDC_SERVER[12]: [TIMER] write time_elapsed: 0.000049 s
[INFO] PDC_SERVER[4]: Server flushed 0.1 / 0.5 MB to storage
[INFO] PDC_SERVER[2]: [TIMER] close time_elapsed: 0.000155 s
[INFO] PDC_SERVER[17]: ZFP compression succeeded, compressed size bytes: 5392 bytes
[INFO] PDC_SERVER[17]: [TIMER] zfp_compress time_elapsed: 0.001784 s
[INFO] PDC_SERVER[17]: [TIMER] PDCtf_exec_graph time_elapsed: 0.001815 s
[INFO] PDC_SERVER[13]: Server flushed 0.1 / 0.5 MB to storage
[INFO] PDC_SERVER[5]: [TIMER] close time_elapsed: 0.000127 s
[INFO] PDC_SERVER[20]: ZFP compression succeeded, compressed size bytes: 5696 bytes
[INFO] PDC_SERVER[20]: [TIMER] zfp_compress time_elapsed: 0.001867 s
[INFO] PDC_SERVER[20]: [TIMER] PDCtf_exec_graph time_elapsed: 0.001897 s
[INFO] PDC_SERVER[8]: [TIMER] close time_elapsed: 0.000185 s
[INFO] PDC_SERVER[3]: ZFP compression succeeded, compressed size bytes: 5032 bytes
[INFO] PDC_SERVER[3]: [TIMER] zfp_compress time_elapsed: 0.000226 s
[INFO] PDC_SERVER[3]: [TIMER] PDCtf_exec_graph time_elapsed: 0.000231 s
[INFO] PDC_SERVER[2]: Server flushed 0.1 / 0.5 MB to storage
[INFO] PDC_SERVER[1]: ZFP compression succeeded, compressed size bytes: 5392 bytes
[INFO] PDC_SERVER[1]: [TIMER] zfp_compress time_elapsed: 0.000226 s
[INFO] PDC_SERVER[1]: [TIMER] PDCtf_exec_graph time_elapsed: 0.000232 s
[INFO] PDC_SERVER[5]: Server flushed 0.1 / 0.5 MB to storage
[INFO] PDC_SERVER[8]: Server flushed 0.1 / 0.5 MB to storage
[INFO] PDC_SERVER[18]: ZFP compression succeeded, compressed size bytes: 5400 bytes
[INFO] PDC_SERVER[18]: [TIMER] zfp_compress time_elapsed: 0.001818 s
[INFO] PDC_SERVER[18]: [TIMER] PDCtf_exec_graph time_elapsed: 0.001847 s
[INFO] PDC_SERVER[7]: ZFP compression succeeded, compressed size bytes: 5032 bytes
[INFO] PDC_SERVER[7]: [TIMER] zfp_compress time_elapsed: 0.000227 s
[INFO] PDC_SERVER[7]: [TIMER] PDCtf_exec_graph time_elapsed: 0.000232 s
[INFO] PDC_SERVER[27]: ZFP compression succeeded, compressed size bytes: 5320 bytes
[INFO] PDC_SERVER[27]: [TIMER] zfp_compress time_elapsed: 0.001837 s
[INFO] PDC_SERVER[27]: [TIMER] PDCtf_exec_graph time_elapsed: 0.001865 s
[INFO] PDC_SERVER[14]: [TIMER] open time_elapsed: 0.001347 s
[INFO] PDC_SERVER[12]: [TIMER] close time_elapsed: 0.000205 s
[INFO] PDC_SERVER[9]: [TIMER] open time_elapsed: 0.001661 s
[INFO] PDC_SERVER[10]: [TIMER] open time_elapsed: 0.001614 s
[INFO] PDC_SERVER[28]: ZFP compression succeeded, compressed size bytes: 5352 bytes
[INFO] PDC_SERVER[28]: [TIMER] zfp_compress time_elapsed: 0.001950 s
[INFO] PDC_SERVER[28]: [TIMER] PDCtf_exec_graph time_elapsed: 0.001978 s
[INFO] PDC_SERVER[4]: ZFP compression succeeded, compressed size bytes: 5384 bytes
[INFO] PDC_SERVER[4]: [TIMER] zfp_compress time_elapsed: 0.000228 s
[INFO] PDC_SERVER[11]: [TIMER] open time_elapsed: 0.001417 s
[INFO] PDC_SERVER[31]: ZFP compression succeeded, compressed size bytes: 5320 bytes
[INFO] PDC_SERVER[31]: [TIMER] zfp_compress time_elapsed: 0.002042 s
[INFO] PDC_SERVER[31]: [TIMER] PDCtf_exec_graph time_elapsed: 0.002072 s
[INFO] PDC_SERVER[5]: ZFP compression succeeded, compressed size bytes: 5392 bytes
[INFO] PDC_SERVER[5]: [TIMER] zfp_compress time_elapsed: 0.000232 s
[INFO] PDC_SERVER[14]: [TIMER] write time_elapsed: 0.000046 s
[INFO] PDC_SERVER[8]: ZFP compression succeeded, compressed size bytes: 5384 bytes
[INFO] PDC_SERVER[8]: [TIMER] zfp_compress time_elapsed: 0.000224 s
[INFO] PDC_SERVER[8]: [TIMER] PDCtf_exec_graph time_elapsed: 0.000230 s
[INFO] PDC_SERVER[12]: Server flushed 0.1 / 0.5 MB to storage
[INFO] PDC_SERVER[9]: [TIMER] write time_elapsed: 0.000052 s
[INFO] PDC_SERVER[10]: [TIMER] write time_elapsed: 0.000055 s
[INFO] PDC_SERVER[4]: [TIMER] PDCtf_exec_graph time_elapsed: 0.000233 s
[INFO] PDC_SERVER[2]: ZFP compression succeeded, compressed size bytes: 5400 bytes
[INFO] PDC_SERVER[2]: [TIMER] zfp_compress time_elapsed: 0.000228 s
[INFO] PDC_SERVER[11]: [TIMER] write time_elapsed: 0.000050 s
[INFO] PDC_SERVER[13]: ZFP compression succeeded, compressed size bytes: 5392 bytes
[INFO] PDC_SERVER[13]: [TIMER] zfp_compress time_elapsed: 0.000309 s
[INFO] PDC_SERVER[29]: ZFP compression succeeded, compressed size bytes: 5368 bytes
[INFO] PDC_SERVER[29]: [TIMER] zfp_compress time_elapsed: 0.001959 s
[INFO] PDC_SERVER[29]: [TIMER] PDCtf_exec_graph time_elapsed: 0.001985 s
[INFO] PDC_SERVER[5]: [TIMER] PDCtf_exec_graph time_elapsed: 0.000238 s
[INFO] PDC_SERVER[2]: [TIMER] PDCtf_exec_graph time_elapsed: 0.000233 s
[INFO] PDC_SERVER[13]: [TIMER] PDCtf_exec_graph time_elapsed: 0.000316 s
[INFO] PDC_SERVER[14]: [TIMER] close time_elapsed: 0.000161 s
[INFO] PDC_SERVER[14]: Server flushed 0.1 / 0.5 MB to storage
[INFO] PDC_SERVER[23]: ZFP compression succeeded, compressed size bytes: 5296 bytes
[INFO] PDC_SERVER[23]: [TIMER] zfp_compress time_elapsed: 0.002148 s
[INFO] PDC_SERVER[23]: [TIMER] PDCtf_exec_graph time_elapsed: 0.002178 s
[INFO] PDC_SERVER[12]: ZFP compression succeeded, compressed size bytes: 5384 bytes
[INFO] PDC_SERVER[12]: [TIMER] zfp_compress time_elapsed: 0.000230 s
[INFO] PDC_SERVER[9]: [TIMER] close time_elapsed: 0.000192 s
[INFO] PDC_SERVER[11]: [TIMER] close time_elapsed: 0.000229 s
[INFO] PDC_SERVER[22]: ZFP compression succeeded, compressed size bytes: 5344 bytes
[INFO] PDC_SERVER[22]: [TIMER] zfp_compress time_elapsed: 0.002012 s
[INFO] PDC_SERVER[21]: ZFP compression succeeded, compressed size bytes: 5704 bytes
[INFO] PDC_SERVER[21]: [TIMER] zfp_compress time_elapsed: 0.002243 s
[INFO] PDC_SERVER[21]: [TIMER] PDCtf_exec_graph time_elapsed: 0.002274 s
[INFO] PDC_SERVER[12]: [TIMER] PDCtf_exec_graph time_elapsed: 0.000235 s
[INFO] PDC_SERVER[9]: Server flushed 0.1 / 0.5 MB to storage
[INFO] PDC_SERVER[10]: [TIMER] close time_elapsed: 0.000214 s
[INFO] PDC_SERVER[11]: Server flushed 0.1 / 0.5 MB to storage
[INFO] PDC_SERVER[16]: ZFP compression succeeded, compressed size bytes: 5384 bytes
[INFO] PDC_SERVER[16]: [TIMER] zfp_compress time_elapsed: 0.002219 s
[INFO] PDC_SERVER[16]: [TIMER] PDCtf_exec_graph time_elapsed: 0.002247 s
[INFO] PDC_SERVER[22]: [TIMER] PDCtf_exec_graph time_elapsed: 0.002045 s
[INFO] PDC_SERVER[6]: [TIMER] open time_elapsed: 0.000621 s
[INFO] PDC_SERVER[10]: Server flushed 0.1 / 0.5 MB to storage
[INFO] PDC_SERVER[6]: [TIMER] write time_elapsed: 0.000033 s
[INFO] PDC_SERVER[24]: ZFP compression succeeded, compressed size bytes: 5344 bytes
[INFO] PDC_SERVER[24]: [TIMER] zfp_compress time_elapsed: 0.002212 s
[INFO] PDC_SERVER[24]: [TIMER] PDCtf_exec_graph time_elapsed: 0.002246 s
[INFO] PDC_SERVER[14]: ZFP compression succeeded, compressed size bytes: 5400 bytes
[INFO] PDC_SERVER[14]: [TIMER] zfp_compress time_elapsed: 0.000232 s
[INFO] PDC_SERVER[11]: ZFP compression succeeded, compressed size bytes: 5032 bytes
[INFO] PDC_SERVER[11]: [TIMER] zfp_compress time_elapsed: 0.000226 s
[INFO] PDC_SERVER[11]: [TIMER] PDCtf_exec_graph time_elapsed: 0.000232 s
[INFO] PDC_SERVER[7]: [TIMER] open time_elapsed: 0.000550 s
[INFO] PDC_SERVER[6]: [TIMER] close time_elapsed: 0.000121 s
[INFO] PDC_SERVER[1]: [TIMER] open time_elapsed: 0.000598 s
[INFO] PDC_SERVER[14]: [TIMER] PDCtf_exec_graph time_elapsed: 0.000237 s
[INFO] PDC_SERVER[9]: ZFP compression succeeded, compressed size bytes: 5392 bytes
[INFO] PDC_SERVER[9]: [TIMER] zfp_compress time_elapsed: 0.000226 s
[INFO] PDC_SERVER[10]: ZFP compression succeeded, compressed size bytes: 5400 bytes
[INFO] PDC_SERVER[10]: [TIMER] zfp_compress time_elapsed: 0.000229 s
[INFO] PDC_SERVER[7]: [TIMER] write time_elapsed: 0.000031 s
[INFO] PDC_SERVER[6]: Server flushed 0.1 / 0.4 MB to storage
[INFO] PDC_SERVER[1]: [TIMER] write time_elapsed: 0.000030 s
[INFO] PDC_SERVER[9]: [TIMER] PDCtf_exec_graph time_elapsed: 0.000231 s
[INFO] PDC_SERVER[3]: [TIMER] open time_elapsed: 0.000670 s
[INFO] PDC_SERVER[10]: [TIMER] PDCtf_exec_graph time_elapsed: 0.000234 s
[INFO] PDC_SERVER[3]: [TIMER] write time_elapsed: 0.000032 s
[INFO] PDC_SERVER[2]: [TIMER] open time_elapsed: 0.000554 s
[INFO] PDC_SERVER[7]: [TIMER] close time_elapsed: 0.000133 s
[INFO] PDC_SERVER[1]: [TIMER] close time_elapsed: 0.000130 s
[INFO] PDC_SERVER[4]: [TIMER] open time_elapsed: 0.000679 s
[INFO] PDC_SERVER[2]: [TIMER] write time_elapsed: 0.000031 s
[INFO] PDC_SERVER[7]: Server flushed 0.1 / 0.4 MB to storage
[INFO] PDC_SERVER[1]: Server flushed 0.1 / 0.4 MB to storage
[INFO] PDC_SERVER[3]: [TIMER] close time_elapsed: 0.000136 s
[INFO] PDC_SERVER[4]: [TIMER] write time_elapsed: 0.000031 s
[INFO] PDC_SERVER[6]: ZFP compression succeeded, compressed size bytes: 5400 bytes
[INFO] PDC_SERVER[6]: [TIMER] zfp_compress time_elapsed: 0.000231 s
[INFO] PDC_SERVER[5]: [TIMER] open time_elapsed: 0.000617 s
[INFO] PDC_SERVER[3]: Server flushed 0.1 / 0.4 MB to storage
[INFO] PDC_SERVER[6]: [TIMER] PDCtf_exec_graph time_elapsed: 0.000236 s
[INFO] PDC_SERVER[5]: [TIMER] write time_elapsed: 0.000032 s
[INFO] PDC_SERVER[2]: [TIMER] close time_elapsed: 0.000145 s
[INFO] PDC_SERVER[13]: [TIMER] open time_elapsed: 0.000695 s
[INFO] PDC_SERVER[8]: [TIMER] open time_elapsed: 0.000760 s
[INFO] PDC_SERVER[4]: [TIMER] close time_elapsed: 0.000133 s
[INFO] PDC_SERVER[2]: Server flushed 0.1 / 0.4 MB to storage
[INFO] PDC_SERVER[13]: [TIMER] write time_elapsed: 0.000033 s
[INFO] PDC_SERVER[1]: ZFP compression succeeded, compressed size bytes: 5392 bytes
[INFO] PDC_SERVER[1]: [TIMER] zfp_compress time_elapsed: 0.000225 s
[INFO] PDC_SERVER[5]: [TIMER] close time_elapsed: 0.000141 s
[INFO] PDC_SERVER[8]: [TIMER] write time_elapsed: 0.000033 s
[INFO] PDC_SERVER[4]: Server flushed 0.1 / 0.4 MB to storage
[INFO] PDC_SERVER[7]: ZFP compression succeeded, compressed size bytes: 5032 bytes
[INFO] PDC_SERVER[7]: [TIMER] zfp_compress time_elapsed: 0.000229 s
[INFO] PDC_SERVER[1]: [TIMER] PDCtf_exec_graph time_elapsed: 0.000230 s
[INFO] PDC_SERVER[5]: Server flushed 0.1 / 0.4 MB to storage
[INFO] PDC_SERVER[3]: ZFP compression succeeded, compressed size bytes: 5032 bytes
[INFO] PDC_SERVER[3]: [TIMER] zfp_compress time_elapsed: 0.000226 s
[INFO] PDC_SERVER[7]: [TIMER] PDCtf_exec_graph time_elapsed: 0.000234 s
[INFO] PDC_SERVER[13]: [TIMER] close time_elapsed: 0.000100 s
[INFO] PDC_SERVER[3]: [TIMER] PDCtf_exec_graph time_elapsed: 0.000231 s
[INFO] PDC_SERVER[13]: Server flushed 0.1 / 0.4 MB to storage
[INFO] PDC_SERVER[8]: [TIMER] close time_elapsed: 0.000118 s
[INFO] PDC_SERVER[8]: Server flushed 0.1 / 0.4 MB to storage
[INFO] PDC_SERVER[12]: [TIMER] open time_elapsed: 0.000777 s
[INFO] PDC_SERVER[12]: [TIMER] write time_elapsed: 0.000034 s
[INFO] PDC_SERVER[4]: ZFP compression succeeded, compressed size bytes: 5384 bytes
[INFO] PDC_SERVER[4]: [TIMER] zfp_compress time_elapsed: 0.000225 s
[INFO] PDC_SERVER[2]: ZFP compression succeeded, compressed size bytes: 5400 bytes
[INFO] PDC_SERVER[2]: [TIMER] zfp_compress time_elapsed: 0.000225 s
[INFO] PDC_SERVER[4]: [TIMER] PDCtf_exec_graph time_elapsed: 0.000230 s
[INFO] PDC_SERVER[2]: [TIMER] PDCtf_exec_graph time_elapsed: 0.000230 s
[INFO] PDC_SERVER[5]: ZFP compression succeeded, compressed size bytes: 5392 bytes
[INFO] PDC_SERVER[5]: [TIMER] zfp_compress time_elapsed: 0.000235 s
[INFO] PDC_SERVER[12]: [TIMER] close time_elapsed: 0.000107 s
[INFO] PDC_SERVER[12]: Server flushed 0.1 / 0.4 MB to storage
[INFO] PDC_SERVER[13]: ZFP compression succeeded, compressed size bytes: 5392 bytes
[INFO] PDC_SERVER[13]: [TIMER] zfp_compress time_elapsed: 0.000228 s
[INFO] PDC_SERVER[5]: [TIMER] PDCtf_exec_graph time_elapsed: 0.000240 s
[INFO] PDC_SERVER[9]: [TIMER] open time_elapsed: 0.000690 s
[INFO] PDC_SERVER[13]: [TIMER] PDCtf_exec_graph time_elapsed: 0.000233 s
[INFO] PDC_SERVER[14]: [TIMER] open time_elapsed: 0.000820 s
[INFO] PDC_SERVER[8]: ZFP compression succeeded, compressed size bytes: 5384 bytes
[INFO] PDC_SERVER[8]: [TIMER] zfp_compress time_elapsed: 0.000231 s
[INFO] PDC_SERVER[9]: [TIMER] write time_elapsed: 0.000032 s
[INFO] PDC_SERVER[11]: [TIMER] open time_elapsed: 0.000750 s
[INFO] PDC_SERVER[6]: [TIMER] open time_elapsed: 0.000508 s
[INFO] PDC_SERVER[14]: [TIMER] write time_elapsed: 0.000031 s
[INFO] PDC_SERVER[8]: [TIMER] PDCtf_exec_graph time_elapsed: 0.000236 s
[INFO] PDC_SERVER[11]: [TIMER] write time_elapsed: 0.000032 s
[INFO] PDC_SERVER[6]: [TIMER] write time_elapsed: 0.000031 s
[INFO] PDC_SERVER[9]: [TIMER] close time_elapsed: 0.000099 s
[INFO] PDC_SERVER[12]: ZFP compression succeeded, compressed size bytes: 5384 bytes
[INFO] PDC_SERVER[12]: [TIMER] zfp_compress time_elapsed: 0.000227 s
[INFO] PDC_SERVER[9]: Server flushed 0.1 / 0.4 MB to storage
[INFO] PDC_SERVER[10]: [TIMER] open time_elapsed: 0.000834 s
[INFO] PDC_SERVER[25]: [TIMER] open time_elapsed: 0.000488 s
[INFO] PDC_SERVER[6]: [TIMER] close time_elapsed: 0.000129 s
[INFO] PDC_SERVER[14]: [TIMER] close time_elapsed: 0.000110 s
[INFO] PDC_SERVER[26]: [TIMER] open time_elapsed: 0.000467 s
[INFO] PDC_SERVER[12]: [TIMER] PDCtf_exec_graph time_elapsed: 0.000232 s
[INFO] PDC_SERVER[10]: [TIMER] write time_elapsed: 0.000032 s
[INFO] PDC_SERVER[11]: [TIMER] close time_elapsed: 0.000147 s
[INFO] PDC_SERVER[7]: [TIMER] open time_elapsed: 0.000525 s
[INFO] PDC_SERVER[6]: Server flushed 0.1 / 0.2 MB to storage
[INFO] PDC_SERVER[1]: [TIMER] open time_elapsed: 0.000575 s
[INFO] PDC_SERVER[14]: Server flushed 0.1 / 0.4 MB to storage
[INFO] PDC_SERVER[30]: [TIMER] open time_elapsed: 0.000509 s
[INFO] PDC_SERVER[3]: [TIMER] open time_elapsed: 0.000536 s
[INFO] PDC_SERVER[10]: [TIMER] close time_elapsed: 0.000108 s
[INFO] PDC_SERVER[2]: [TIMER] open time_elapsed: 0.000468 s
[INFO] PDC_SERVER[11]: Server flushed 0.1 / 0.4 MB to storage
[INFO] PDC_SERVER[18]: [TIMER] open time_elapsed: 0.000468 s
[INFO] PDC_SERVER[7]: [TIMER] write time_elapsed: 0.000031 s
[INFO] PDC_SERVER[25]: [TIMER] write time_elapsed: 0.000156 s
[INFO] PDC_SERVER[1]: [TIMER] write time_elapsed: 0.000031 s
[INFO] PDC_SERVER[26]: [TIMER] write time_elapsed: 0.000151 s
[INFO] PDC_SERVER[9]: ZFP compression succeeded, compressed size bytes: 5392 bytes
[INFO] PDC_SERVER[9]: [TIMER] zfp_compress time_elapsed: 0.000227 s
[INFO] PDC_SERVER[3]: [TIMER] write time_elapsed: 0.000032 s
[INFO] PDC_SERVER[10]: Server flushed 0.1 / 0.4 MB to storage
[INFO] PDC_SERVER[4]: [TIMER] open time_elapsed: 0.000531 s
[INFO] PDC_SERVER[2]: [TIMER] write time_elapsed: 0.000030 s
[INFO] PDC_SERVER[7]: [TIMER] close time_elapsed: 0.000104 s
[INFO] PDC_SERVER[1]: [TIMER] close time_elapsed: 0.000087 s
[INFO] PDC_SERVER[5]: [TIMER] open time_elapsed: 0.000532 s
[INFO] PDC_SERVER[14]: ZFP compression succeeded, compressed size bytes: 5400 bytes
[INFO] PDC_SERVER[14]: [TIMER] zfp_compress time_elapsed: 0.000229 s
[INFO] PDC_SERVER[20]: [TIMER] open time_elapsed: 0.000457 s
[INFO] PDC_SERVER[26]: [TIMER] close time_elapsed: 0.000148 s
[INFO] PDC_SERVER[30]: [TIMER] write time_elapsed: 0.000230 s
[INFO] PDC_SERVER[9]: [TIMER] PDCtf_exec_graph time_elapsed: 0.000232 s
[INFO] PDC_SERVER[3]: [TIMER] close time_elapsed: 0.000101 s
[INFO] PDC_SERVER[10]: ZFP compression succeeded, compressed size bytes: 5400 bytes
[INFO] PDC_SERVER[10]: [TIMER] zfp_compress time_elapsed: 0.000229 s
[INFO] PDC_SERVER[10]: [TIMER] PDCtf_exec_graph time_elapsed: 0.000234 s
[INFO] PDC_SERVER[28]: [TIMER] open time_elapsed: 0.000431 s
[INFO] PDC_SERVER[4]: [TIMER] write time_elapsed: 0.000030 s
[INFO] PDC_SERVER[2]: [TIMER] close time_elapsed: 0.000098 s
[INFO] PDC_SERVER[11]: ZFP compression succeeded, compressed size bytes: 5032 bytes
[INFO] PDC_SERVER[11]: [TIMER] zfp_compress time_elapsed: 0.000228 s
[INFO] PDC_SERVER[18]: [TIMER] write time_elapsed: 0.000211 s
[INFO] PDC_SERVER[17]: [TIMER] open time_elapsed: 0.000488 s
[INFO] PDC_SERVER[7]: Server flushed 0.1 / 0.2 MB to storage
[INFO] PDC_SERVER[25]: [TIMER] close time_elapsed: 0.000153 s
[INFO] PDC_SERVER[6]: ZFP compression succeeded, compressed size bytes: 5400 bytes
[INFO] PDC_SERVER[6]: [TIMER] zfp_compress time_elapsed: 0.000296 s
[INFO] PDC_SERVER[27]: [TIMER] open time_elapsed: 0.000445 s
[INFO] PDC_SERVER[1]: Server flushed 0.1 / 0.2 MB to storage
[INFO] PDC_SERVER[31]: [TIMER] open time_elapsed: 0.000464 s
[INFO] PDC_SERVER[5]: [TIMER] write time_elapsed: 0.000031 s
[INFO] PDC_SERVER[14]: [TIMER] PDCtf_exec_graph time_elapsed: 0.000234 s
[INFO] PDC_SERVER[26]: Server flushed 0.1 / 0.5 MB to storage
[INFO] PDC_SERVER[30]: [TIMER] close time_elapsed: 0.000150 s
[INFO] PDC_SERVER[23]: [TIMER] open time_elapsed: 0.000411 s
[INFO] PDC_SERVER[3]: Server flushed 0.1 / 0.2 MB to storage
[INFO] PDC_SERVER[28]: [TIMER] write time_elapsed: 0.000214 s
[INFO] PDC_SERVER[4]: [TIMER] close time_elapsed: 0.000104 s
[INFO] PDC_SERVER[2]: Server flushed 0.1 / 0.2 MB to storage
[INFO] PDC_SERVER[11]: [TIMER] PDCtf_exec_graph time_elapsed: 0.000233 s
[INFO] PDC_SERVER[18]: [TIMER] close time_elapsed: 0.000140 s
[INFO] PDC_SERVER[7]: ZFP compression succeeded, compressed size bytes: 5032 bytes
[INFO] PDC_SERVER[7]: [TIMER] zfp_compress time_elapsed: 0.000227 s
[INFO] PDC_SERVER[7]: [TIMER] PDCtf_exec_graph time_elapsed: 0.000232 s
[INFO] PDC_SERVER[25]: Server flushed 0.1 / 0.5 MB to storage
[INFO] PDC_SERVER[13]: [TIMER] open time_elapsed: 0.000703 s
[INFO] PDC_SERVER[6]: [TIMER] PDCtf_exec_graph time_elapsed: 0.000303 s
[INFO] PDC_SERVER[27]: [TIMER] write time_elapsed: 0.000150 s
[INFO] PDC_SERVER[1]: ZFP compression succeeded, compressed size bytes: 5392 bytes
[INFO] PDC_SERVER[1]: [TIMER] zfp_compress time_elapsed: 0.000227 s
[INFO] PDC_SERVER[29]: [TIMER] open time_elapsed: 0.000433 s
[INFO] PDC_SERVER[5]: [TIMER] close time_elapsed: 0.000097 s
[INFO] PDC_SERVER[20]: [TIMER] write time_elapsed: 0.000201 s
[INFO] PDC_SERVER[8]: [TIMER] open time_elapsed: 0.000685 s
[INFO] PDC_SERVER[26]: ZFP compression succeeded, compressed size bytes: 5000 bytes
[INFO] PDC_SERVER[26]: [TIMER] zfp_compress time_elapsed: 0.000226 s
[INFO] PDC_SERVER[30]: Server flushed 0.1 / 0.5 MB to storage
[INFO] PDC_SERVER[3]: ZFP compression succeeded, compressed size bytes: 5032 bytes
[INFO] PDC_SERVER[3]: [TIMER] zfp_compress time_elapsed: 0.000223 s
[INFO] PDC_SERVER[4]: Server flushed 0.1 / 0.2 MB to storage
[INFO] PDC_SERVER[2]: ZFP compression succeeded, compressed size bytes: 5400 bytes
[INFO] PDC_SERVER[2]: [TIMER] zfp_compress time_elapsed: 0.000300 s
[INFO] PDC_SERVER[2]: [TIMER] PDCtf_exec_graph time_elapsed: 0.000307 s
[INFO] PDC_SERVER[18]: Server flushed 0.1 / 0.5 MB to storage
[INFO] PDC_SERVER[17]: [TIMER] write time_elapsed: 0.000225 s
[INFO] PDC_SERVER[13]: [TIMER] write time_elapsed: 0.000032 s
[INFO] PDC_SERVER[27]: [TIMER] close time_elapsed: 0.000135 s
[INFO] PDC_SERVER[1]: [TIMER] PDCtf_exec_graph time_elapsed: 0.000232 s
[INFO] PDC_SERVER[31]: [TIMER] write time_elapsed: 0.000210 s
[INFO] PDC_SERVER[5]: Server flushed 0.1 / 0.2 MB to storage
[INFO] PDC_SERVER[20]: [TIMER] close time_elapsed: 0.000146 s
[INFO] PDC_SERVER[8]: [TIMER] write time_elapsed: 0.000033 s
[INFO] PDC_SERVER[26]: [TIMER] PDCtf_exec_graph time_elapsed: 0.000231 s
[INFO] PDC_SERVER[30]: ZFP compression succeeded, compressed size bytes: 5000 bytes
[INFO] PDC_SERVER[30]: [TIMER] zfp_compress time_elapsed: 0.000225 s
[INFO] PDC_SERVER[23]: [TIMER] write time_elapsed: 0.000176 s
[INFO] PDC_SERVER[12]: [TIMER] open time_elapsed: 0.000702 s
[INFO] PDC_SERVER[3]: [TIMER] PDCtf_exec_graph time_elapsed: 0.000228 s
[INFO] PDC_SERVER[28]: [TIMER] close time_elapsed: 0.000146 s
[INFO] PDC_SERVER[4]: ZFP compression succeeded, compressed size bytes: 5384 bytes
[INFO] PDC_SERVER[4]: [TIMER] zfp_compress time_elapsed: 0.000224 s
[INFO] PDC_SERVER[18]: ZFP compression succeeded, compressed size bytes: 5400 bytes
[INFO] PDC_SERVER[18]: [TIMER] zfp_compress time_elapsed: 0.000230 s
[INFO] PDC_SERVER[17]: [TIMER] close time_elapsed: 0.000128 s
[INFO] PDC_SERVER[25]: ZFP compression succeeded, compressed size bytes: 5360 bytes
[INFO] PDC_SERVER[22]: [TIMER] open time_elapsed: 0.000439 s
[INFO] PDC_SERVER[13]: [TIMER] close time_elapsed: 0.000138 s
[INFO] PDC_SERVER[13]: Server flushed 0.1 / 0.2 MB to storage
[INFO] PDC_SERVER[24]: [TIMER] open time_elapsed: 0.000432 s
[INFO] PDC_SERVER[27]: Server flushed 0.1 / 0.5 MB to storage
[INFO] PDC_SERVER[31]: [TIMER] close time_elapsed: 0.000145 s
[INFO] PDC_SERVER[29]: [TIMER] write time_elapsed: 0.000147 s
[INFO] PDC_SERVER[5]: ZFP compression succeeded, compressed size bytes: 5392 bytes
[INFO] PDC_SERVER[20]: Server flushed 0.1 / 0.5 MB to storage
[INFO] PDC_SERVER[8]: [TIMER] close time_elapsed: 0.000099 s
[INFO] PDC_SERVER[21]: [TIMER] open time_elapsed: 0.000561 s
[INFO] PDC_SERVER[26]: [TIMER] open time_elapsed: 0.000229 s
[INFO] PDC_SERVER[30]: [TIMER] PDCtf_exec_graph time_elapsed: 0.000230 s
[INFO] PDC_SERVER[23]: [TIMER] close time_elapsed: 0.000120 s
[INFO] PDC_SERVER[12]: [TIMER] write time_elapsed: 0.000033 s
[INFO] PDC_SERVER[9]: [TIMER] open time_elapsed: 0.000635 s
[INFO] PDC_SERVER[28]: Server flushed 0.1 / 0.5 MB to storage
[INFO] PDC_SERVER[4]: [TIMER] PDCtf_exec_graph time_elapsed: 0.000229 s
[INFO] PDC_SERVER[18]: [TIMER] PDCtf_exec_graph time_elapsed: 0.000235 s
[INFO] PDC_SERVER[17]: Server flushed 0.1 / 0.5 MB to storage
[INFO] PDC_SERVER[7]: [TIMER] open time_elapsed: 0.000403 s
[INFO] PDC_SERVER[25]: [TIMER] zfp_compress time_elapsed: 0.000308 s
[INFO] PDC_SERVER[22]: [TIMER] write time_elapsed: 0.000187 s
[INFO] PDC_SERVER[6]: [TIMER] open time_elapsed: 0.000426 s
[INFO] PDC_SERVER[27]: ZFP compression succeeded, compressed size bytes: 5320 bytes
[INFO] PDC_SERVER[27]: [TIMER] zfp_compress time_elapsed: 0.000226 s
[INFO] PDC_SERVER[31]: Server flushed 0.1 / 0.5 MB to storage
[INFO] PDC_SERVER[29]: [TIMER] close time_elapsed: 0.000141 s
[INFO] PDC_SERVER[5]: [TIMER] zfp_compress time_elapsed: 0.000286 s
[INFO] PDC_SERVER[5]: [TIMER] PDCtf_exec_graph time_elapsed: 0.000293 s
[INFO] PDC_SERVER[14]: [TIMER] open time_elapsed: 0.000665 s
[INFO] PDC_SERVER[20]: ZFP compression succeeded, compressed size bytes: 5696 bytes
[INFO] PDC_SERVER[20]: [TIMER] zfp_compress time_elapsed: 0.000227 s
[INFO] PDC_SERVER[8]: Server flushed 0.1 / 0.2 MB to storage
[INFO] PDC_SERVER[21]: [TIMER] write time_elapsed: 0.000207 s
[INFO] PDC_SERVER[26]: [TIMER] write time_elapsed: 0.000192 s
[INFO] PDC_SERVER[30]: [TIMER] open time_elapsed: 0.000249 s
[INFO] PDC_SERVER[23]: Server flushed 0.1 / 0.5 MB to storage
[INFO] PDC_SERVER[12]: [TIMER] close time_elapsed: 0.000102 s
[INFO] PDC_SERVER[12]: Server flushed 0.1 / 0.2 MB to storage
[INFO] PDC_SERVER[9]: [TIMER] write time_elapsed: 0.000031 s
[INFO] PDC_SERVER[3]: [TIMER] open time_elapsed: 0.000516 s
[INFO] PDC_SERVER[28]: ZFP compression succeeded, compressed size bytes: 5352 bytes
[INFO] PDC_SERVER[28]: [TIMER] zfp_compress time_elapsed: 0.000227 s
[INFO] PDC_SERVER[11]: [TIMER] open time_elapsed: 0.000752 s
[INFO] PDC_SERVER[18]: [TIMER] open time_elapsed: 0.000230 s
[INFO] PDC_SERVER[17]: ZFP compression succeeded, compressed size bytes: 5392 bytes
[INFO] PDC_SERVER[17]: [TIMER] zfp_compress time_elapsed: 0.000235 s
[INFO] PDC_SERVER[16]: [TIMER] open time_elapsed: 0.000396 s
[INFO] PDC_SERVER[7]: [TIMER] write time_elapsed: 0.000030 s
[INFO] PDC_SERVER[25]: [TIMER] PDCtf_exec_graph time_elapsed: 0.000315 s
[INFO] PDC_SERVER[22]: [TIMER] close time_elapsed: 0.000118 s
[INFO] PDC_SERVER[13]: ZFP compression succeeded, compressed size bytes: 5392 bytes
[INFO] PDC_SERVER[13]: [TIMER] zfp_compress time_elapsed: 0.000228 s
[INFO] PDC_SERVER[13]: [TIMER] PDCtf_exec_graph time_elapsed: 0.000233 s
[INFO] PDC_SERVER[6]: [TIMER] write time_elapsed: 0.000031 s
[INFO] PDC_SERVER[24]: [TIMER] write time_elapsed: 0.000231 s
[INFO] PDC_SERVER[27]: [TIMER] PDCtf_exec_graph time_elapsed: 0.000231 s
[INFO] PDC_SERVER[1]: [TIMER] open time_elapsed: 0.000495 s
[INFO] PDC_SERVER[31]: ZFP compression succeeded, compressed size bytes: 5320 bytes
[INFO] PDC_SERVER[31]: [TIMER] zfp_compress time_elapsed: 0.000274 s
[INFO] PDC_SERVER[29]: Server flushed 0.1 / 0.5 MB to storage
[INFO] PDC_SERVER[14]: [TIMER] write time_elapsed: 0.000032 s
[INFO] PDC_SERVER[20]: [TIMER] PDCtf_exec_graph time_elapsed: 0.000232 s
[INFO] PDC_SERVER[8]: ZFP compression succeeded, compressed size bytes: 5384 bytes
[INFO] PDC_SERVER[8]: [TIMER] zfp_compress time_elapsed: 0.000229 s
[INFO] PDC_SERVER[21]: [TIMER] close time_elapsed: 0.000137 s
[INFO] PDC_SERVER[26]: [TIMER] close time_elapsed: 0.000137 s
[INFO] PDC_SERVER[30]: [TIMER] write time_elapsed: 0.000187 s
[INFO] PDC_SERVER[23]: ZFP compression succeeded, compressed size bytes: 5296 bytes
[INFO] PDC_SERVER[23]: [TIMER] zfp_compress time_elapsed: 0.000227 s
[INFO] PDC_SERVER[12]: ZFP compression succeeded, compressed size bytes: 5384 bytes
[INFO] PDC_SERVER[12]: [TIMER] zfp_compress time_elapsed: 0.000227 s
[INFO] PDC_SERVER[9]: [TIMER] close time_elapsed: 0.000094 s
[INFO] PDC_SERVER[3]: [TIMER] write time_elapsed: 0.000031 s
[INFO] PDC_SERVER[10]: [TIMER] open time_elapsed: 0.000740 s
[INFO] PDC_SERVER[28]: [TIMER] PDCtf_exec_graph time_elapsed: 0.000232 s
[INFO] PDC_SERVER[4]: [TIMER] open time_elapsed: 0.000500 s
[INFO] PDC_SERVER[2]: [TIMER] open time_elapsed: 0.000525 s
[INFO] PDC_SERVER[11]: [TIMER] write time_elapsed: 0.000030 s
[INFO] PDC_SERVER[18]: [TIMER] write time_elapsed: 0.000232 s
[INFO] PDC_SERVER[17]: [TIMER] PDCtf_exec_graph time_elapsed: 0.000240 s
[INFO] PDC_SERVER[16]: [TIMER] write time_elapsed: 0.000176 s
[INFO] PDC_SERVER[7]: [TIMER] close time_elapsed: 0.000097 s
[INFO] PDC_SERVER[7]: Server flushed 0.1 / 0.1 MB to storage
[INFO] PDC_SERVER[25]: [TIMER] open time_elapsed: 0.000254 s
[INFO] PDC_SERVER[22]: Server flushed 0.1 / 0.5 MB to storage
[INFO] PDC_SERVER[6]: [TIMER] close time_elapsed: 0.000095 s
[INFO] PDC_SERVER[24]: [TIMER] close time_elapsed: 0.000138 s
[INFO] PDC_SERVER[27]: [TIMER] open time_elapsed: 0.000228 s
[INFO] PDC_SERVER[1]: [TIMER] write time_elapsed: 0.000031 s
[INFO] PDC_SERVER[31]: [TIMER] PDCtf_exec_graph time_elapsed: 0.000282 s
[INFO] PDC_SERVER[29]: ZFP compression succeeded, compressed size bytes: 5368 bytes
[INFO] PDC_SERVER[29]: [TIMER] zfp_compress time_elapsed: 0.000227 s
[INFO] PDC_SERVER[5]: [TIMER] open time_elapsed: 0.000491 s
[INFO] PDC_SERVER[14]: [TIMER] close time_elapsed: 0.000097 s
[INFO] PDC_SERVER[20]: [TIMER] open time_elapsed: 0.000242 s
[INFO] PDC_SERVER[8]: [TIMER] PDCtf_exec_graph time_elapsed: 0.000234 s
[INFO] PDC_SERVER[21]: Server flushed 0.1 / 0.5 MB to storage
[INFO] PDC_SERVER[26]: Server flushed 0.1 / 0.4 MB to storage
[INFO] PDC_SERVER[30]: [TIMER] close time_elapsed: 0.000117 s
[INFO] PDC_SERVER[30]: Server flushed 0.1 / 0.4 MB to storage
[INFO] PDC_SERVER[23]: [TIMER] PDCtf_exec_graph time_elapsed: 0.000233 s
[INFO] PDC_SERVER[12]: [TIMER] PDCtf_exec_graph time_elapsed: 0.000232 s
[INFO] PDC_SERVER[9]: Server flushed 0.1 / 0.2 MB to storage
[INFO] PDC_SERVER[3]: [TIMER] close time_elapsed: 0.000111 s
[INFO] PDC_SERVER[10]: [TIMER] write time_elapsed: 0.000031 s
[INFO] PDC_SERVER[28]: [TIMER] open time_elapsed: 0.000232 s
[INFO] PDC_SERVER[4]: [TIMER] write time_elapsed: 0.000030 s
[INFO] PDC_SERVER[2]: [TIMER] write time_elapsed: 0.000033 s
[INFO] PDC_SERVER[11]: [TIMER] close time_elapsed: 0.000101 s
[INFO] PDC_SERVER[18]: [TIMER] close time_elapsed: 0.000119 s
[INFO] PDC_SERVER[17]: [TIMER] open time_elapsed: 0.000270 s
[INFO] PDC_SERVER[16]: [TIMER] close time_elapsed: 0.000119 s
[INFO] PDC_SERVER[25]: [TIMER] write time_elapsed: 0.000126 s
[INFO] PDC_SERVER[22]: ZFP compression succeeded, compressed size bytes: 5344 bytes
[INFO] PDC_SERVER[22]: [TIMER] zfp_compress time_elapsed: 0.000228 s
[INFO] PDC_SERVER[6]: Server flushed 0.1 / 0.1 MB to storage
[INFO] PDC_SERVER[24]: Server flushed 0.1 / 0.5 MB to storage
[INFO] PDC_SERVER[27]: [TIMER] write time_elapsed: 0.000166 s
[INFO] PDC_SERVER[1]: [TIMER] close time_elapsed: 0.000110 s
[INFO] PDC_SERVER[31]: [TIMER] open time_elapsed: 0.000248 s
[INFO] PDC_SERVER[29]: [TIMER] PDCtf_exec_graph time_elapsed: 0.000233 s
[INFO] PDC_SERVER[5]: [TIMER] write time_elapsed: 0.000031 s
[INFO] PDC_SERVER[14]: Server flushed 0.1 / 0.2 MB to storage
[INFO] PDC_SERVER[20]: [TIMER] write time_elapsed: 0.000183 s
[INFO] PDC_SERVER[21]: ZFP compression succeeded, compressed size bytes: 5704 bytes
[INFO] PDC_SERVER[21]: [TIMER] zfp_compress time_elapsed: 0.000232 s
[INFO] PDC_SERVER[26]: ZFP compression succeeded, compressed size bytes: 5000 bytes
[INFO] PDC_SERVER[26]: [TIMER] zfp_compress time_elapsed: 0.000229 s
[INFO] PDC_SERVER[23]: [TIMER] open time_elapsed: 0.000251 s
[INFO] PDC_SERVER[9]: ZFP compression succeeded, compressed size bytes: 5392 bytes
[INFO] PDC_SERVER[9]: [TIMER] zfp_compress time_elapsed: 0.000226 s
[INFO] PDC_SERVER[3]: Server flushed 0.1 / 0.1 MB to storage
[INFO] PDC_SERVER[10]: [TIMER] close time_elapsed: 0.000094 s
[INFO] PDC_SERVER[28]: [TIMER] write time_elapsed: 0.000197 s
[INFO] PDC_SERVER[4]: [TIMER] close time_elapsed: 0.000095 s
[INFO] PDC_SERVER[2]: [TIMER] close time_elapsed: 0.000097 s
[INFO] PDC_SERVER[11]: Server flushed 0.1 / 0.2 MB to storage
[INFO] PDC_SERVER[18]: Server flushed 0.1 / 0.4 MB to storage
[INFO] PDC_SERVER[17]: [TIMER] write time_elapsed: 0.000187 s
[INFO] PDC_SERVER[16]: Server flushed 0.1 / 0.5 MB to storage
[INFO] PDC_SERVER[25]: [TIMER] close time_elapsed: 0.000141 s
[INFO] PDC_SERVER[22]: [TIMER] PDCtf_exec_graph time_elapsed: 0.000233 s
[INFO] PDC_SERVER[24]: ZFP compression succeeded, compressed size bytes: 5344 bytes
[INFO] PDC_SERVER[27]: [TIMER] close time_elapsed: 0.000110 s
[INFO] PDC_SERVER[1]: Server flushed 0.1 / 0.1 MB to storage
[INFO] PDC_SERVER[31]: [TIMER] write time_elapsed: 0.000123 s
[INFO] PDC_SERVER[29]: [TIMER] open time_elapsed: 0.000278 s
[INFO] PDC_SERVER[5]: [TIMER] close time_elapsed: 0.000097 s
[INFO] PDC_SERVER[14]: ZFP compression succeeded, compressed size bytes: 5400 bytes
[INFO] PDC_SERVER[14]: [TIMER] zfp_compress time_elapsed: 0.000230 s
[INFO] PDC_SERVER[20]: [TIMER] close time_elapsed: 0.000110 s
[INFO] PDC_SERVER[8]: [TIMER] open time_elapsed: 0.000587 s
[INFO] PDC_SERVER[21]: [TIMER] PDCtf_exec_graph time_elapsed: 0.000238 s
[INFO] PDC_SERVER[26]: [TIMER] PDCtf_exec_graph time_elapsed: 0.000235 s
[INFO] PDC_SERVER[30]: ZFP compression succeeded, compressed size bytes: 5000 bytes
[INFO] PDC_SERVER[30]: [TIMER] zfp_compress time_elapsed: 0.000224 s
[INFO] PDC_SERVER[30]: [TIMER] PDCtf_exec_graph time_elapsed: 0.000229 s
[INFO] PDC_SERVER[23]: [TIMER] write time_elapsed: 0.000192 s
[INFO] PDC_SERVER[9]: [TIMER] PDCtf_exec_graph time_elapsed: 0.000231 s
[INFO] PDC_SERVER[10]: Server flushed 0.1 / 0.2 MB to storage
[INFO] PDC_SERVER[28]: [TIMER] close time_elapsed: 0.000121 s
[INFO] PDC_SERVER[4]: Server flushed 0.1 / 0.1 MB to storage
[INFO] PDC_SERVER[2]: Server flushed 0.1 / 0.1 MB to storage
[INFO] PDC_SERVER[11]: ZFP compression succeeded, compressed size bytes: 5032 bytes
[INFO] PDC_SERVER[11]: [TIMER] zfp_compress time_elapsed: 0.000224 s
[INFO] PDC_SERVER[18]: ZFP compression succeeded, compressed size bytes: 5400 bytes
[INFO] PDC_SERVER[18]: [TIMER] zfp_compress time_elapsed: 0.000226 s
[INFO] PDC_SERVER[17]: [TIMER] close time_elapsed: 0.000111 s
[INFO] PDC_SERVER[16]: ZFP compression succeeded, compressed size bytes: 5384 bytes
[INFO] PDC_SERVER[16]: [TIMER] zfp_compress time_elapsed: 0.000228 s
[INFO] PDC_SERVER[25]: Server flushed 0.1 / 0.4 MB to storage
[INFO] PDC_SERVER[22]: [TIMER] open time_elapsed: 0.000220 s
[INFO] PDC_SERVER[13]: [TIMER] open time_elapsed: 0.000661 s
[INFO] PDC_SERVER[24]: [TIMER] zfp_compress time_elapsed: 0.000271 s
[INFO] PDC_SERVER[24]: [TIMER] PDCtf_exec_graph time_elapsed: 0.000279 s
[INFO] PDC_SERVER[27]: Server flushed 0.1 / 0.4 MB to storage
[INFO] PDC_SERVER[31]: [TIMER] close time_elapsed: 0.000142 s
[INFO] PDC_SERVER[29]: [TIMER] write time_elapsed: 0.000165 s
[INFO] PDC_SERVER[5]: Server flushed 0.1 / 0.1 MB to storage
[INFO] PDC_SERVER[14]: [TIMER] PDCtf_exec_graph time_elapsed: 0.000235 s
[INFO] PDC_SERVER[20]: Server flushed 0.1 / 0.4 MB to storage
[INFO] PDC_SERVER[8]: [TIMER] write time_elapsed: 0.000032 s
[INFO] PDC_SERVER[21]: [TIMER] open time_elapsed: 0.000290 s
[INFO] PDC_SERVER[26]: [TIMER] open time_elapsed: 0.000227 s
[INFO] PDC_SERVER[23]: [TIMER] close time_elapsed: 0.000111 s
[INFO] PDC_SERVER[12]: [TIMER] open time_elapsed: 0.000621 s
[INFO] PDC_SERVER[10]: ZFP compression succeeded, compressed size bytes: 5400 bytes
[INFO] PDC_SERVER[10]: [TIMER] zfp_compress time_elapsed: 0.000226 s
[INFO] PDC_SERVER[28]: Server flushed 0.1 / 0.4 MB to storage
[INFO] PDC_SERVER[11]: [TIMER] PDCtf_exec_graph time_elapsed: 0.000229 s
[INFO] PDC_SERVER[18]: [TIMER] PDCtf_exec_graph time_elapsed: 0.000231 s
[INFO] PDC_SERVER[17]: Server flushed 0.1 / 0.4 MB to storage
[INFO] PDC_SERVER[16]: [TIMER] PDCtf_exec_graph time_elapsed: 0.000233 s
[INFO] PDC_SERVER[25]: ZFP compression succeeded, compressed size bytes: 5360 bytes
[INFO] PDC_SERVER[25]: [TIMER] zfp_compress time_elapsed: 0.000228 s
[INFO] PDC_SERVER[22]: [TIMER] write time_elapsed: 0.000227 s
[INFO] PDC_SERVER[13]: [TIMER] write time_elapsed: 0.000031 s
[INFO] PDC_SERVER[24]: [TIMER] open time_elapsed: 0.000252 s
[INFO] PDC_SERVER[27]: ZFP compression succeeded, compressed size bytes: 5320 bytes
[INFO] PDC_SERVER[27]: [TIMER] zfp_compress time_elapsed: 0.000226 s
[INFO] PDC_SERVER[27]: [TIMER] PDCtf_exec_graph time_elapsed: 0.000230 s
[INFO] PDC_SERVER[31]: Server flushed 0.1 / 0.4 MB to storage
[INFO] PDC_SERVER[29]: [TIMER] close time_elapsed: 0.000129 s
[INFO] PDC_SERVER[20]: ZFP compression succeeded, compressed size bytes: 5696 bytes
[INFO] PDC_SERVER[20]: [TIMER] zfp_compress time_elapsed: 0.000228 s
[INFO] PDC_SERVER[20]: [TIMER] PDCtf_exec_graph time_elapsed: 0.000233 s
[INFO] PDC_SERVER[8]: [TIMER] close time_elapsed: 0.000090 s
[INFO] PDC_SERVER[21]: [TIMER] write time_elapsed: 0.000147 s
[INFO] PDC_SERVER[26]: [TIMER] write time_elapsed: 0.000123 s
[INFO] PDC_SERVER[30]: [TIMER] open time_elapsed: 0.000225 s
[INFO] PDC_SERVER[23]: Server flushed 0.1 / 0.4 MB to storage
[INFO] PDC_SERVER[12]: [TIMER] write time_elapsed: 0.000032 s
[INFO] PDC_SERVER[9]: [TIMER] open time_elapsed: 0.000634 s
[INFO] PDC_SERVER[10]: [TIMER] PDCtf_exec_graph time_elapsed: 0.000231 s
[INFO] PDC_SERVER[28]: ZFP compression succeeded, compressed size bytes: 5352 bytes
[INFO] PDC_SERVER[28]: [TIMER] zfp_compress time_elapsed: 0.000240 s
[INFO] PDC_SERVER[18]: [TIMER] open time_elapsed: 0.000220 s
[INFO] PDC_SERVER[17]: ZFP compression succeeded, compressed size bytes: 5392 bytes
[INFO] PDC_SERVER[17]: [TIMER] zfp_compress time_elapsed: 0.000227 s
[INFO] PDC_SERVER[16]: [TIMER] open time_elapsed: 0.000230 s
[INFO] PDC_SERVER[25]: [TIMER] PDCtf_exec_graph time_elapsed: 0.000233 s
[INFO] PDC_SERVER[22]: [TIMER] close time_elapsed: 0.000109 s
[INFO] PDC_SERVER[22]: Server flushed 0.1 / 0.4 MB to storage
[INFO] PDC_SERVER[13]: [TIMER] close time_elapsed: 0.000098 s
[INFO] PDC_SERVER[13]: Server flushed 0.1 / 0.1 MB to storage
[INFO] PDC_SERVER[24]: [TIMER] write time_elapsed: 0.000190 s
[INFO] PDC_SERVER[27]: [TIMER] open time_elapsed: 0.000219 s
[INFO] PDC_SERVER[31]: ZFP compression succeeded, compressed size bytes: 5320 bytes
[INFO] PDC_SERVER[31]: [TIMER] zfp_compress time_elapsed: 0.000226 s
[INFO] PDC_SERVER[29]: Server flushed 0.1 / 0.4 MB to storage
[INFO] PDC_SERVER[14]: [TIMER] open time_elapsed: 0.000667 s
[INFO] PDC_SERVER[8]: Server flushed 0.1 / 0.1 MB to storage
[INFO] PDC_SERVER[26]: [TIMER] close time_elapsed: 0.000119 s
[INFO] PDC_SERVER[23]: ZFP compression succeeded, compressed size bytes: 5296 bytes
[INFO] PDC_SERVER[23]: [TIMER] zfp_compress time_elapsed: 0.000224 s
[INFO] PDC_SERVER[12]: [TIMER] close time_elapsed: 0.000090 s
[INFO] PDC_SERVER[9]: [TIMER] write time_elapsed: 0.000032 s
[INFO] PDC_SERVER[28]: [TIMER] PDCtf_exec_graph time_elapsed: 0.000246 s
[INFO] PDC_SERVER[18]: [TIMER] write time_elapsed: 0.000174 s
[INFO] PDC_SERVER[17]: [TIMER] PDCtf_exec_graph time_elapsed: 0.000232 s
[INFO] PDC_SERVER[16]: [TIMER] write time_elapsed: 0.000155 s
[INFO] PDC_SERVER[25]: [TIMER] open time_elapsed: 0.000223 s
[INFO] PDC_SERVER[24]: [TIMER] close time_elapsed: 0.000117 s
[INFO] PDC_SERVER[27]: [TIMER] write time_elapsed: 0.000182 s
[INFO] PDC_SERVER[31]: [TIMER] PDCtf_exec_graph time_elapsed: 0.000231 s
[INFO] PDC_SERVER[29]: ZFP compression succeeded, compressed size bytes: 5368 bytes
[INFO] PDC_SERVER[29]: [TIMER] zfp_compress time_elapsed: 0.000227 s
[INFO] PDC_SERVER[14]: [TIMER] write time_elapsed: 0.000032 s
[INFO] PDC_SERVER[20]: [TIMER] open time_elapsed: 0.000233 s
[INFO] PDC_SERVER[21]: [TIMER] close time_elapsed: 0.000155 s
[INFO] PDC_SERVER[26]: Server flushed 0.1 / 0.2 MB to storage
[INFO] PDC_SERVER[30]: [TIMER] write time_elapsed: 0.000201 s
[INFO] PDC_SERVER[23]: [TIMER] PDCtf_exec_graph time_elapsed: 0.000229 s
[INFO] PDC_SERVER[12]: Server flushed 0.1 / 0.1 MB to storage
[INFO] PDC_SERVER[9]: [TIMER] close time_elapsed: 0.000106 s
[INFO] PDC_SERVER[28]: [TIMER] open time_elapsed: 0.000220 s
[INFO] PDC_SERVER[11]: [TIMER] open time_elapsed: 0.000664 s
[INFO] PDC_SERVER[18]: [TIMER] close time_elapsed: 0.000112 s
[INFO] PDC_SERVER[17]: [TIMER] open time_elapsed: 0.000239 s
[INFO] PDC_SERVER[16]: [TIMER] close time_elapsed: 0.000114 s
[INFO] PDC_SERVER[25]: [TIMER] write time_elapsed: 0.000137 s
[INFO] PDC_SERVER[22]: ZFP compression succeeded, compressed size bytes: 5344 bytes
[INFO] PDC_SERVER[22]: [TIMER] zfp_compress time_elapsed: 0.000230 s
[INFO] PDC_SERVER[24]: Server flushed 0.1 / 0.4 MB to storage
[INFO] PDC_SERVER[31]: [TIMER] open time_elapsed: 0.000224 s
[INFO] PDC_SERVER[29]: [TIMER] PDCtf_exec_graph time_elapsed: 0.000232 s
[INFO] PDC_SERVER[14]: [TIMER] close time_elapsed: 0.000104 s
[INFO] PDC_SERVER[20]: [TIMER] write time_elapsed: 0.000156 s
[INFO] PDC_SERVER[21]: Server flushed 0.1 / 0.4 MB to storage
[INFO] PDC_SERVER[26]: ZFP compression succeeded, compressed size bytes: 5000 bytes
[INFO] PDC_SERVER[26]: [TIMER] zfp_compress time_elapsed: 0.000223 s
[INFO] PDC_SERVER[30]: [TIMER] close time_elapsed: 0.000114 s
[INFO] PDC_SERVER[23]: [TIMER] open time_elapsed: 0.000228 s
[INFO] PDC_SERVER[9]: Server flushed 0.1 / 0.1 MB to storage
[INFO] PDC_SERVER[10]: [TIMER] open time_elapsed: 0.000650 s
[INFO] PDC_SERVER[28]: [TIMER] write time_elapsed: 0.000204 s
[INFO] PDC_SERVER[11]: [TIMER] write time_elapsed: 0.000031 s
[INFO] PDC_SERVER[18]: Server flushed 0.1 / 0.2 MB to storage
[INFO] PDC_SERVER[17]: [TIMER] write time_elapsed: 0.000131 s
[INFO] PDC_SERVER[16]: Server flushed 0.1 / 0.4 MB to storage
[INFO] PDC_SERVER[25]: [TIMER] close time_elapsed: 0.000106 s
[INFO] PDC_SERVER[22]: [TIMER] PDCtf_exec_graph time_elapsed: 0.000235 s
[INFO] PDC_SERVER[24]: ZFP compression succeeded, compressed size bytes: 5344 bytes
[INFO] PDC_SERVER[24]: [TIMER] zfp_compress time_elapsed: 0.000223 s
[INFO] PDC_SERVER[27]: [TIMER] close time_elapsed: 0.000112 s
[INFO] PDC_SERVER[29]: [TIMER] open time_elapsed: 0.000232 s
[INFO] PDC_SERVER[14]: Server flushed 0.1 / 0.1 MB to storage
[INFO] PDC_SERVER[20]: [TIMER] close time_elapsed: 0.000113 s
[INFO] PDC_SERVER[21]: ZFP compression succeeded, compressed size bytes: 5704 bytes
[INFO] PDC_SERVER[21]: [TIMER] zfp_compress time_elapsed: 0.000231 s
[INFO] PDC_SERVER[26]: [TIMER] PDCtf_exec_graph time_elapsed: 0.000227 s
[INFO] PDC_SERVER[30]: Server flushed 0.1 / 0.2 MB to storage
[INFO] PDC_SERVER[23]: [TIMER] write time_elapsed: 0.000149 s
[INFO] PDC_SERVER[10]: [TIMER] write time_elapsed: 0.000032 s
[INFO] PDC_SERVER[28]: [TIMER] close time_elapsed: 0.000115 s
[INFO] PDC_SERVER[28]: Server flushed 0.1 / 0.2 MB to storage
[INFO] PDC_SERVER[11]: [TIMER] close time_elapsed: 0.000089 s
[INFO] PDC_SERVER[17]: [TIMER] close time_elapsed: 0.000103 s
[INFO] PDC_SERVER[16]: ZFP compression succeeded, compressed size bytes: 5384 bytes
[INFO] PDC_SERVER[16]: [TIMER] zfp_compress time_elapsed: 0.000226 s
[INFO] PDC_SERVER[25]: Server flushed 0.1 / 0.2 MB to storage
[INFO] PDC_SERVER[22]: [TIMER] open time_elapsed: 0.000208 s
[INFO] PDC_SERVER[24]: [TIMER] PDCtf_exec_graph time_elapsed: 0.000229 s
[INFO] PDC_SERVER[27]: Server flushed 0.1 / 0.2 MB to storage
[INFO] PDC_SERVER[20]: Server flushed 0.1 / 0.2 MB to storage
[INFO] PDC_SERVER[21]: [TIMER] PDCtf_exec_graph time_elapsed: 0.000236 s
[INFO] PDC_SERVER[30]: ZFP compression succeeded, compressed size bytes: 5000 bytes
[INFO] PDC_SERVER[30]: [TIMER] zfp_compress time_elapsed: 0.000222 s
[INFO] PDC_SERVER[23]: [TIMER] close time_elapsed: 0.000104 s
[INFO] PDC_SERVER[10]: [TIMER] close time_elapsed: 0.000097 s
[INFO] PDC_SERVER[11]: Server flushed 0.1 / 0.1 MB to storage
[INFO] PDC_SERVER[18]: ZFP compression succeeded, compressed size bytes: 5400 bytes
[INFO] PDC_SERVER[18]: [TIMER] zfp_compress time_elapsed: 0.000225 s
[INFO] PDC_SERVER[16]: [TIMER] PDCtf_exec_graph time_elapsed: 0.000231 s
[INFO] PDC_SERVER[25]: ZFP compression succeeded, compressed size bytes: 5360 bytes
[INFO] PDC_SERVER[25]: [TIMER] zfp_compress time_elapsed: 0.000226 s
[INFO] PDC_SERVER[27]: ZFP compression succeeded, compressed size bytes: 5320 bytes
[INFO] PDC_SERVER[27]: [TIMER] zfp_compress time_elapsed: 0.000225 s
[INFO] PDC_SERVER[31]: [TIMER] write time_elapsed: 0.000286 s
[INFO] PDC_SERVER[29]: [TIMER] write time_elapsed: 0.000206 s
[INFO] PDC_SERVER[26]: [TIMER] open time_elapsed: 0.000244 s
[INFO] PDC_SERVER[30]: [TIMER] PDCtf_exec_graph time_elapsed: 0.000227 s
[INFO] PDC_SERVER[23]: Server flushed 0.1 / 0.2 MB to storage
[INFO] PDC_SERVER[10]: Server flushed 0.1 / 0.1 MB to storage
[INFO] PDC_SERVER[18]: [TIMER] PDCtf_exec_graph time_elapsed: 0.000230 s
[INFO] PDC_SERVER[17]: Server flushed 0.1 / 0.2 MB to storage
[INFO] PDC_SERVER[25]: [TIMER] PDCtf_exec_graph time_elapsed: 0.000231 s
[INFO] PDC_SERVER[22]: [TIMER] write time_elapsed: 0.000161 s
[INFO] PDC_SERVER[24]: [TIMER] open time_elapsed: 0.000232 s
[INFO] PDC_SERVER[27]: [TIMER] PDCtf_exec_graph time_elapsed: 0.000230 s
[INFO] PDC_SERVER[31]: [TIMER] close time_elapsed: 0.000112 s
[INFO] PDC_SERVER[29]: [TIMER] close time_elapsed: 0.000116 s
[INFO] PDC_SERVER[20]: ZFP compression succeeded, compressed size bytes: 5696 bytes
[INFO] PDC_SERVER[20]: [TIMER] zfp_compress time_elapsed: 0.000228 s
[INFO] PDC_SERVER[21]: [TIMER] open time_elapsed: 0.000220 s
[INFO] PDC_SERVER[23]: ZFP compression succeeded, compressed size bytes: 5296 bytes
[INFO] PDC_SERVER[23]: [TIMER] zfp_compress time_elapsed: 0.000223 s
[INFO] PDC_SERVER[28]: ZFP compression succeeded, compressed size bytes: 5352 bytes
[INFO] PDC_SERVER[28]: [TIMER] zfp_compress time_elapsed: 0.000222 s
[INFO] PDC_SERVER[28]: [TIMER] PDCtf_exec_graph time_elapsed: 0.000227 s
[INFO] PDC_SERVER[17]: ZFP compression succeeded, compressed size bytes: 5392 bytes
[INFO] PDC_SERVER[17]: [TIMER] zfp_compress time_elapsed: 0.000227 s
[INFO] PDC_SERVER[16]: [TIMER] open time_elapsed: 0.000205 s
[INFO] PDC_SERVER[25]: [TIMER] open time_elapsed: 0.000225 s
[INFO] PDC_SERVER[22]: [TIMER] close time_elapsed: 0.000104 s
[INFO] PDC_SERVER[31]: Server flushed 0.1 / 0.2 MB to storage
[INFO] PDC_SERVER[29]: Server flushed 0.1 / 0.2 MB to storage
[INFO] PDC_SERVER[20]: [TIMER] PDCtf_exec_graph time_elapsed: 0.000233 s
[INFO] PDC_SERVER[26]: [TIMER] write time_elapsed: 0.000159 s
[INFO] PDC_SERVER[30]: [TIMER] open time_elapsed: 0.000220 s
[INFO] PDC_SERVER[23]: [TIMER] PDCtf_exec_graph time_elapsed: 0.000228 s
[INFO] PDC_SERVER[18]: [TIMER] open time_elapsed: 0.000229 s
[INFO] PDC_SERVER[17]: [TIMER] PDCtf_exec_graph time_elapsed: 0.000232 s
[INFO] PDC_SERVER[16]: [TIMER] write time_elapsed: 0.000124 s
[INFO] PDC_SERVER[25]: [TIMER] write time_elapsed: 0.000186 s
[INFO] PDC_SERVER[22]: Server flushed 0.1 / 0.2 MB to storage
[INFO] PDC_SERVER[24]: [TIMER] write time_elapsed: 0.000144 s
[INFO] PDC_SERVER[27]: [TIMER] open time_elapsed: 0.000216 s
[INFO] PDC_SERVER[31]: ZFP compression succeeded, compressed size bytes: 5320 bytes
[INFO] PDC_SERVER[31]: [TIMER] zfp_compress time_elapsed: 0.000226 s
[INFO] PDC_SERVER[29]: ZFP compression succeeded, compressed size bytes: 5368 bytes
[INFO] PDC_SERVER[29]: [TIMER] zfp_compress time_elapsed: 0.000224 s
[INFO] PDC_SERVER[20]: [TIMER] open time_elapsed: 0.000222 s
[INFO] PDC_SERVER[21]: [TIMER] write time_elapsed: 0.000212 s
[INFO] PDC_SERVER[26]: [TIMER] close time_elapsed: 0.000116 s
[INFO] PDC_SERVER[28]: [TIMER] open time_elapsed: 0.000215 s
[INFO] PDC_SERVER[18]: [TIMER] write time_elapsed: 0.000160 s
[INFO] PDC_SERVER[17]: [TIMER] open time_elapsed: 0.000218 s
[INFO] PDC_SERVER[16]: [TIMER] close time_elapsed: 0.000101 s
[INFO] PDC_SERVER[25]: [TIMER] close time_elapsed: 0.000116 s
[INFO] PDC_SERVER[24]: [TIMER] close time_elapsed: 0.000122 s
[INFO] PDC_SERVER[31]: [TIMER] PDCtf_exec_graph time_elapsed: 0.000231 s
[INFO] PDC_SERVER[29]: [TIMER] PDCtf_exec_graph time_elapsed: 0.000229 s
[INFO] PDC_SERVER[26]: Server flushed 0.1 / 0.1 MB to storage
[INFO] PDC_SERVER[30]: [TIMER] write time_elapsed: 0.000173 s
[INFO] PDC_SERVER[23]: [TIMER] open time_elapsed: 0.000218 s
[INFO] PDC_SERVER[16]: Server flushed 0.1 / 0.2 MB to storage
[INFO] PDC_SERVER[25]: Server flushed 0.1 / 0.1 MB to storage
[INFO] PDC_SERVER[22]: ZFP compression succeeded, compressed size bytes: 5344 bytes
[INFO] PDC_SERVER[22]: [TIMER] zfp_compress time_elapsed: 0.000241 s
[INFO] PDC_SERVER[22]: [TIMER] PDCtf_exec_graph time_elapsed: 0.000246 s
[INFO] PDC_SERVER[24]: Server flushed 0.1 / 0.2 MB to storage
[INFO] PDC_SERVER[27]: [TIMER] write time_elapsed: 0.000211 s
[INFO] PDC_SERVER[21]: [TIMER] close time_elapsed: 0.000115 s
[INFO] PDC_SERVER[18]: [TIMER] close time_elapsed: 0.000113 s
[INFO] PDC_SERVER[18]: Server flushed 0.1 / 0.1 MB to storage
[INFO] PDC_SERVER[20]: [TIMER] write time_elapsed: 0.000152 s
[INFO] PDC_SERVER[21]: Server flushed 0.1 / 0.2 MB to storage
[INFO] PDC_SERVER[30]: [TIMER] close time_elapsed: 0.000116 s
[INFO] PDC_SERVER[17]: [TIMER] write time_elapsed: 0.000171 s
[INFO] PDC_SERVER[27]: [TIMER] close time_elapsed: 0.000115 s
[INFO] PDC_SERVER[29]: [TIMER] open time_elapsed: 0.000215 s
[INFO] PDC_SERVER[30]: Server flushed 0.1 / 0.1 MB to storage
[INFO] PDC_SERVER[23]: [TIMER] write time_elapsed: 0.000133 s
[INFO] PDC_SERVER[28]: [TIMER] write time_elapsed: 0.000198 s
[INFO] PDC_SERVER[16]: ZFP compression succeeded, compressed size bytes: 5384 bytes
[INFO] PDC_SERVER[16]: [TIMER] zfp_compress time_elapsed: 0.000230 s
[INFO] PDC_SERVER[24]: ZFP compression succeeded, compressed size bytes: 5344 bytes
[INFO] PDC_SERVER[24]: [TIMER] zfp_compress time_elapsed: 0.000230 s
[INFO] PDC_SERVER[27]: Server flushed 0.1 / 0.1 MB to storage
[INFO] PDC_SERVER[31]: [TIMER] open time_elapsed: 0.000251 s
[INFO] PDC_SERVER[20]: [TIMER] close time_elapsed: 0.000104 s
[INFO] PDC_SERVER[20]: Server flushed 0.1 / 0.1 MB to storage
[INFO] PDC_SERVER[23]: [TIMER] close time_elapsed: 0.000107 s
[INFO] PDC_SERVER[17]: [TIMER] close time_elapsed: 0.000103 s
[INFO] PDC_SERVER[17]: Server flushed 0.1 / 0.1 MB to storage
[INFO] PDC_SERVER[16]: [TIMER] PDCtf_exec_graph time_elapsed: 0.000235 s
[INFO] PDC_SERVER[22]: [TIMER] open time_elapsed: 0.000211 s
[INFO] PDC_SERVER[24]: [TIMER] PDCtf_exec_graph time_elapsed: 0.000235 s
[INFO] PDC_SERVER[21]: ZFP compression succeeded, compressed size bytes: 5704 bytes
[INFO] PDC_SERVER[21]: [TIMER] zfp_compress time_elapsed: 0.000230 s
[INFO] PDC_SERVER[23]: Server flushed 0.1 / 0.1 MB to storage
[INFO] PDC_SERVER[28]: [TIMER] close time_elapsed: 0.000109 s
[INFO] PDC_SERVER[29]: [TIMER] write time_elapsed: 0.000200 s
[INFO] PDC_SERVER[21]: [TIMER] PDCtf_exec_graph time_elapsed: 0.000235 s
[INFO] PDC_SERVER[28]: Server flushed 0.1 / 0.1 MB to storage
[INFO] PDC_SERVER[22]: [TIMER] write time_elapsed: 0.000121 s
[INFO] PDC_SERVER[31]: [TIMER] write time_elapsed: 0.000200 s
[INFO] PDC_SERVER[16]: [TIMER] open time_elapsed: 0.000209 s
[INFO] PDC_SERVER[24]: [TIMER] open time_elapsed: 0.000211 s
[INFO] PDC_SERVER[29]: [TIMER] close time_elapsed: 0.000109 s
[INFO] PDC_SERVER[22]: [TIMER] close time_elapsed: 0.000112 s
[INFO] PDC_SERVER[31]: [TIMER] close time_elapsed: 0.000115 s
[INFO] PDC_SERVER[29]: Server flushed 0.1 / 0.1 MB to storage
[INFO] PDC_SERVER[22]: Server flushed 0.1 / 0.1 MB to storage
[INFO] PDC_SERVER[31]: Server flushed 0.1 / 0.1 MB to storage
[INFO] PDC_SERVER[21]: [TIMER] open time_elapsed: 0.000209 s
[INFO] PDC_SERVER[24]: [TIMER] write time_elapsed: 0.000152 s
[INFO] PDC_SERVER[16]: [TIMER] write time_elapsed: 0.000198 s
[INFO] PDC_SERVER[21]: [TIMER] write time_elapsed: 0.000126 s
[INFO] PDC_SERVER[24]: [TIMER] close time_elapsed: 0.000114 s
[INFO] PDC_SERVER[16]: [TIMER] close time_elapsed: 0.000096 s
[INFO] PDC_SERVER[24]: Server flushed 0.1 / 0.1 MB to storage
[INFO] PDC_SERVER[16]: Server flushed 0.1 / 0.1 MB to storage
[INFO] PDC_SERVER[21]: [TIMER] close time_elapsed: 0.000102 s
[INFO] PDC_SERVER[21]: Server flushed 0.1 / 0.1 MB to storage
[INFO] PDC_CLIENT[19]: [IDIOMS_Index_Dump_19] Timer to dump index = 8.0000 microseconds
[INFO] PDC_CLIENT[3]: [IDIOMS_Index_Dump_3] Timer to dump index = 8.0000 microseconds
[INFO] PDC_CLIENT[7]: [IDIOMS_Index_Dump_7] Timer to dump index = 6.0000 microseconds
[INFO] PDC_CLIENT[9]: [IDIOMS_Index_Dump_9] Timer to dump index = 8.0000 microseconds
[INFO] PDC_CLIENT[5]: [IDIOMS_Index_Dump_5] Timer to dump index = 9.0000 microseconds
[INFO] PDC_CLIENT[14]: [IDIOMS_Index_Dump_14] Timer to dump index = 9.0000 microseconds
[INFO] PDC_CLIENT[17]: [IDIOMS_Index_Dump_17] Timer to dump index = 9.0000 microseconds
[INFO] PDC_CLIENT[29]: [IDIOMS_Index_Dump_29] Timer to dump index = 9.0000 microseconds
[INFO] PDC_CLIENT[6]: [IDIOMS_Index_Dump_6] Timer to dump index = 9.0000 microseconds
[INFO] PDC_CLIENT[4]: [IDIOMS_Index_Dump_4] Timer to dump index = 9.0000 microseconds
[INFO] PDC_CLIENT[13]: [IDIOMS_Index_Dump_13] Timer to dump index = 8.0000 microseconds
[INFO] PDC_CLIENT[12]: [IDIOMS_Index_Dump_12] Timer to dump index = 9.0000 microseconds
[INFO] PDC_CLIENT[11]: [IDIOMS_Index_Dump_11] Timer to dump index = 8.0000 microseconds
[INFO] PDC_CLIENT[1]: [IDIOMS_Index_Dump_1] Timer to dump index = 7.0000 microseconds
[INFO] PDC_CLIENT[21]: [IDIOMS_Index_Dump_21] Timer to dump index = 9.0000 microseconds
[INFO] PDC_CLIENT[31]: [IDIOMS_Index_Dump_31] Timer to dump index = 8.0000 microseconds
[INFO] PDC_CLIENT[25]: [IDIOMS_Index_Dump_25] Timer to dump index = 9.0000 microseconds
[INFO] PDC_CLIENT[27]: [IDIOMS_Index_Dump_27] Timer to dump index = 9.0000 microseconds
[INFO] PDC_CLIENT[26]: [IDIOMS_Index_Dump_26] Timer to dump index = 8.0000 microseconds
[INFO] PDC_CLIENT[23]: [IDIOMS_Index_Dump_23] Timer to dump index = 8.0000 microseconds
[INFO] PDC_CLIENT[22]: [IDIOMS_Index_Dump_22] Timer to dump index = 9.0000 microseconds
[INFO] PDC_CLIENT[20]: [IDIOMS_Index_Dump_20] Timer to dump index = 9.0000 microseconds
[INFO] PDC_CLIENT[10]: [IDIOMS_Index_Dump_10] Timer to dump index = 9.0000 microseconds
[INFO] PDC_CLIENT[8]: [IDIOMS_Index_Dump_8] Timer to dump index = 7.0000 microseconds
[INFO] PDC_CLIENT[18]: [IDIOMS_Index_Dump_18] Timer to dump index = 9.0000 microseconds
[INFO] PDC_CLIENT[2]: [IDIOMS_Index_Dump_2] Timer to dump index = 9.0000 microseconds
[INFO] PDC_CLIENT[30]: [IDIOMS_Index_Dump_30] Timer to dump index = 9.0000 microseconds
[INFO] PDC_SERVER[0]: Checkpointed          1 objects, with          0 regions 
[INFO] PDC_CLIENT[0]: Writing DART info to file_name: ./pdc_tmp//dart_info.bin
[INFO] PDC_CLIENT[16]: [IDIOMS_Index_Dump_16] Timer to dump index = 9.0000 microseconds
[INFO] PDC_CLIENT[28]: [IDIOMS_Index_Dump_28] Timer to dump index = 10.0000 microseconds
[INFO] PDC_CLIENT[24]: [IDIOMS_Index_Dump_24] Timer to dump index = 10.0000 microseconds
[INFO] PDC_CLIENT[0]: [IDIOMS_Index_Dump_0] Timer to dump index = 1812.0000 microseconds
