[INFO] PDC_CLIENT[1]: PDCtf_init called
[INFO] PDC_CLIENT[121]: PDCtf_init called
[INFO] PDC_CLIENT[109]: PDCtf_init called
[INFO] PDC_CLIENT[64]: PDCtf_init called
[INFO] PDC_CLIENT[34]: PDCtf_init called
[INFO] PDC_CLIENT[91]: PDCtf_init called
[INFO] PDC_CLIENT[115]: PDCtf_init called
[INFO] PDC_CLIENT[82]: PDCtf_init called
[INFO] PDC_CLIENT[85]: PDCtf_init called
[INFO] PDC_CLIENT[97]: PDCtf_init called
[INFO] PDC_CLIENT[67]: PDCtf_init called
[INFO] PDC_CLIENT[49]: PDCtf_init called
[INFO] PDC_CLIENT[10]: PDCtf_init called
[INFO] PDC_CLIENT[106]: PDCtf_init called
[INFO] PDC_CLIENT[43]: PDCtf_init called
[INFO] PDC_CLIENT[42]: PDCtf_init called
[INFO] PDC_CLIENT[108]: PDCtf_init called
[INFO] PDC_CLIENT[24]: PDCtf_init called
[INFO] PDC_CLIENT[72]: PDCtf_init called
[INFO] PDC_CLIENT[102]: PDCtf_init called
[INFO] PDC_CLIENT[99]: PDCtf_init called
[INFO] PDC_CLIENT[114]: PDCtf_init called
[INFO] PDC_CLIENT[63]: PDCtf_init called
[INFO] PDC_CLIENT[123]: PDCtf_init called
[INFO] PDC_CLIENT[18]: PDCtf_init called
[INFO] PDC_CLIENT[96]: PDCtf_init called
[INFO] PDC_CLIENT[111]: PDCtf_init called
[INFO] PDC_CLIENT[87]: PDCtf_init called
[INFO] PDC_CLIENT[105]: PDCtf_init called
[INFO] PDC_CLIENT[54]: PDCtf_init called
[INFO] PDC_CLIENT[70]: PDCtf_init called
[INFO] PDC_CLIENT[100]: PDCtf_init called
[INFO] PDC_CLIENT[124]: PDCtf_init called
[INFO] PDC_CLIENT[58]: PDCtf_init called
[INFO] PDC_CLIENT[79]: PDCtf_init called
[INFO] PDC_CLIENT[103]: PDCtf_init called
[INFO] PDC_CLIENT[7]: PDCtf_init called
[INFO] PDC_CLIENT[37]: PDCtf_init called
[INFO] PDC_CLIENT[76]: PDCtf_init called
[INFO] PDC_CLIENT[88]: PDCtf_init called
[INFO] PDC_CLIENT[22]: PDCtf_init called
[INFO] PDC_CLIENT[46]: PDCtf_init called
[INFO] PDC_CLIENT[55]: PDCtf_init called
[INFO] PDC_CLIENT[4]: PDCtf_init called
[INFO] PDC_CLIENT[61]: PDCtf_init called
[INFO] PDC_CLIENT[83]: PDCtf_init called
[INFO] PDC_CLIENT[98]: PDCtf_init called
[INFO] PDC_CLIENT[113]: PDCtf_init called
[INFO] PDC_CLIENT[92]: PDCtf_init called
[INFO] PDC_CLIENT[68]: PDCtf_init called
[INFO] PDC_CLIENT[62]: PDCtf_init called
[INFO] PDC_CLIENT[74]: PDCtf_init called
[INFO] PDC_CLIENT[89]: PDCtf_init called
[INFO] PDC_CLIENT[104]: PDCtf_init called
[INFO] PDC_CLIENT[116]: PDCtf_init called
[INFO] PDC_CLIENT[38]: PDCtf_init called
[INFO] PDC_CLIENT[56]: PDCtf_init called
[INFO] PDC_CLIENT[47]: PDCtf_init called
[INFO] PDC_CLIENT[71]: PDCtf_init called
[INFO] PDC_CLIENT[101]: PDCtf_init called
[INFO] PDC_CLIENT[75]: PDCtf_init called
[INFO] PDC_CLIENT[27]: PDCtf_init called
[INFO] PDC_CLIENT[69]: PDCtf_init called
[INFO] PDC_CLIENT[48]: PDCtf_init called
[INFO] PDC_CLIENT[12]: PDCtf_init called
[INFO] PDC_CLIENT[6]: PDCtf_init called
[INFO] PDC_CLIENT[57]: PDCtf_init called
[INFO] PDC_CLIENT[117]: PDCtf_init called
[INFO] PDC_CLIENT[51]: PDCtf_init called
[INFO] PDC_CLIENT[21]: PDCtf_init called
[INFO] PDC_CLIENT[120]: PDCtf_init called
[INFO] PDC_CLIENT[39]: PDCtf_init called
[INFO] PDC_CLIENT[126]: PDCtf_init called
[INFO] PDC_CLIENT[30]: PDCtf_init called
[INFO] PDC_CLIENT[9]: PDCtf_init called
[INFO] PDC_CLIENT[14]: PDCtf_init called
[INFO] PDC_CLIENT[95]: PDCtf_init called
[INFO] PDC_CLIENT[80]: PDCtf_init called
[INFO] PDC_CLIENT[59]: PDCtf_init called
[INFO] PDC_CLIENT[11]: PDCtf_init called
[INFO] PDC_CLIENT[86]: PDCtf_init called
[INFO] PDC_CLIENT[2]: PDCtf_init called
[INFO] PDC_CLIENT[110]: PDCtf_init called
[INFO] PDC_CLIENT[23]: PDCtf_init called
[INFO] PDC_CLIENT[53]: PDCtf_init called
[INFO] PDC_CLIENT[107]: PDCtf_init called
[INFO] PDC_CLIENT[44]: PDCtf_init called
[INFO] PDC_CLIENT[65]: PDCtf_init called
[INFO] PDC_CLIENT[41]: PDCtf_init called
[INFO] PDC_CLIENT[119]: PDCtf_init called
[INFO] PDC_CLIENT[81]: PDCtf_init called
[INFO] PDC_CLIENT[15]: PDCtf_init called
[INFO] PDC_CLIENT[60]: PDCtf_init called
[INFO] PDC_CLIENT[33]: PDCtf_init called
[INFO] PDC_CLIENT[36]: PDCtf_init called
[INFO] PDC_CLIENT[45]: PDCtf_init called
[INFO] PDC_CLIENT[66]: PDCtf_init called
[INFO] PDC_CLIENT[93]: PDCtf_init called
[INFO] PDC_CLIENT[78]: PDCtf_init called
[INFO] PDC_CLIENT[84]: PDCtf_init called
[INFO] PDC_CLIENT[90]: PDCtf_init called
[INFO] PDC_CLIENT[3]: PDCtf_init called
[INFO] PDC_CLIENT[112]: PDCtf_init called
[INFO] PDC_CLIENT[73]: PDCtf_init called
[INFO] PDC_CLIENT[16]: PDCtf_init called
[INFO] PDC_CLIENT[19]: PDCtf_init called
[INFO] PDC_CLIENT[127]: PDCtf_init called
[INFO] PDC_CLIENT[13]: PDCtf_init called
[INFO] PDC_CLIENT[52]: PDCtf_init called
[INFO] PDC_CLIENT[25]: PDCtf_init called
[INFO] PDC_CLIENT[118]: PDCtf_init called
[INFO] PDC_CLIENT[40]: PDCtf_init called
[INFO] PDC_CLIENT[31]: PDCtf_init called
[INFO] PDC_CLIENT[94]: PDCtf_init called
[INFO] PDC_CLIENT[26]: PDCtf_init called
[INFO] PDC_CLIENT[125]: PDCtf_init called
[INFO] PDC_CLIENT[5]: PDCtf_init called
[INFO] PDC_CLIENT[17]: PDCtf_init called
[INFO] PDC_CLIENT[50]: PDCtf_init called
[INFO] PDC_CLIENT[20]: PDCtf_init called
[INFO] PDC_CLIENT[35]: PDCtf_init called
[INFO] PDC_CLIENT[32]: PDCtf_init called
[INFO] PDC_CLIENT[29]: PDCtf_init called
[INFO] PDC_CLIENT[77]: PDCtf_init called
[INFO] PDC_CLIENT[122]: PDCtf_init called
[INFO] PDC_CLIENT[0]: PDCtf_init called
[INFO] PDC_CLIENT[28]: PDCtf_init called
[INFO] PDC_CLIENT[8]: PDCtf_init called
[INFO] PDC_CLIENT[0]: PDC_DEBUG set to 0
[INFO] PDC_CLIENT[0]: Found 128 PDC Metadata servers, running with 128 PDC clients
[INFO] PDC_CLIENT[0]: Environment variable HG_TRANSPORT was NOT set
[INFO] PDC_CLIENT[0]: Environment variable HG_HOST was NOT set
[INFO] PDC_CLIENT[0]: Connection string: ofi+tcp://nid004329:8000
[INFO] PDC_CLIENT[0]: Using [./pdc_tmp] as tmp dir, 1 clients per server
[INFO] PDC_CLIENT[0]: total close time = 0.081510
