Entered main
Rank[0] {
  "workloads":[
    {
      "name":"HDF5-ZFP",
      "implementation":"hdf5",
      "io_participations":[
        "collective"
      ],
      "filter":"zfp_compress",
      "params":"none"
    }
  ],
  "chunk_size_bytes":4194304,
  "chunks_per_rank":4,
  "validate_read":false
}
Rank[0] ==============================================
Rank[0] Starting workload HDF5-ZFP
Rank[0] Running with 64 rank(s)
Rank[0] Chunks per rank 4
Rank[0] Params noneRank[0] Using collective I/O
Rank[0] Requested chunk size 4194304 bytes
Rank[0] Rounded chunk size 524288 bytes
Rank[0] Total data to be written: 0 GB (134217728) bytes
Rank[0] ==============================================
Rank[0] ZFP filter available? YES
Rank[0] Calling init_dataset on impl
Rank[0] ZFP Compression filter enabled
Rank[0] Calling enable_compression_on_dataset on impl
Rank[0] Calling create_dataset on impl
Entered main
Rank[55] Starting write
Entered main
Rank[1] Starting write
Entered main
Rank[32] Starting write
Entered main
Rank[38] Starting write
Entered main
Rank[56] Starting write
Entered main
Rank[45] Starting write
Entered main
Rank[33] Starting write
Entered main
Rank[8] Starting write
Entered main
Rank[18] Starting write
Entered main
Rank[35] Starting write
Entered main
Rank[4] Starting write
Entered main
Rank[23] Starting write
Entered main
Rank[7] Starting write
Entered main
Rank[5] Starting write
Entered main
Rank[11] Starting write
Entered main
Rank[3] Starting write
Entered main
Rank[46] Starting write
Entered main
Rank[28] Starting write
Entered main
Rank[63] Starting write
Entered main
Rank[22] Starting write
Entered main
Rank[19] Starting write
Entered main
Rank[61] Starting write
Entered main
Rank[51] Starting write
Entered main
Rank[58] Starting write
Entered main
Rank[57] Starting write
Entered main
Rank[31] Starting write
Entered main
Rank[39] Starting write
Entered main
Rank[16] Starting write
Entered main
Rank[42] Starting write
Entered main
Rank[14] Starting write
Entered main
Rank[50] Starting write
Entered main
Rank[17] Starting write
Entered main
Rank[20] Starting write
Entered main
Rank[30] Starting write
Entered main
Rank[48] Starting write
Entered main
Rank[62] Starting write
Entered main
Rank[13] Starting write
Entered main
Rank[24] Starting write
Entered main
Rank[27] Starting write
Entered main
Rank[15] Starting write
Entered main
Rank[25] Starting write
Entered main
Rank[26] Starting write
Entered main
Rank[40] Starting write
Entered main
Rank[44] Starting write
Entered main
Rank[21] Starting write
Entered main
Rank[54] Starting write
Entered main
Rank[2] Starting write
Entered main
Rank[36] Starting write
Entered main
Rank[47] Starting write
Entered main
Rank[52] Starting write
Entered main
Rank[10] Starting write
Entered main
Rank[9] Starting write
Entered main
Rank[41] Starting write
Entered main
Rank[53] Starting write
Entered main
Rank[60] Starting write
Entered main
Rank[12] Starting write
Entered main
Rank[49] Starting write
Entered main
Rank[37] Starting write
Entered main
Rank[29] Starting write
Entered main
Rank[59] Starting write
Rank[0] Starting write
Entered main
Rank[6] Starting write
Rank[20] Starting chunk write 1
Rank[46] Starting chunk write 1
Rank[44] Starting chunk write 1
Rank[28] Starting chunk write 1
Rank[42] Starting chunk write 1
Rank[60] Starting chunk write 1
Rank[26] Starting chunk write 1
Rank[16] Starting chunk write 1
Rank[58] Starting chunk write 1
Rank[36] Starting chunk write 1
Entered main
Rank[34] Starting write
Rank[22] Starting chunk write 1
Rank[53] Starting chunk write 1
Rank[61] Starting chunk write 1
Rank[51] Starting chunk write 1
Rank[35] Starting chunk write 1
Rank[19] Starting chunk write 1
Rank[27] Starting chunk write 1
Rank[21] Starting chunk write 1
Rank[47] Starting chunk write 1
Rank[55] Starting chunk write 1
Rank[11] Starting chunk write 1
Rank[50] Starting chunk write 1
Rank[0] Starting chunk write 1
Rank[0] Calling write_chunk on impl
Rank[12] Starting chunk write 1
Rank[6] Starting chunk write 1
Rank[4] Starting chunk write 1
Rank[38] Starting chunk write 1
Rank[52] Starting chunk write 1
Rank[8] Starting chunk write 1
Rank[14] Starting chunk write 1
Rank[10] Starting chunk write 1
Rank[62] Starting chunk write 1
Rank[54] Starting chunk write 1
Rank[24] Starting chunk write 1
Rank[23] Starting chunk write 1
Rank[49] Starting chunk write 1
Entered main
Rank[43] Starting write
Rank[43] Starting chunk write 1
Rank[41] Starting chunk write 1
Rank[15] Starting chunk write 1
Rank[3] Starting chunk write 1
Rank[17] Starting chunk write 1
Rank[7] Starting chunk write 1
Rank[29] Starting chunk write 1
Rank[59] Starting chunk write 1
Rank[39] Starting chunk write 1
Rank[25] Starting chunk write 1
Rank[48] Starting chunk write 1
Rank[18] Starting chunk write 1
Rank[32] Starting chunk write 1
Rank[34] Starting chunk write 1
Rank[5] Starting chunk write 1
Rank[37] Starting chunk write 1
Rank[45] Starting chunk write 1
Rank[13] Starting chunk write 1
Rank[1] Starting chunk write 1
Rank[56] Starting chunk write 1
Rank[40] Starting chunk write 1
Rank[9] Starting chunk write 1
Rank[31] Starting chunk write 1
Rank[63] Starting chunk write 1
Rank[33] Starting chunk write 1
Rank[57] Starting chunk write 1
Rank[2] Starting chunk write 1
Rank[30] Starting chunk write 1
Rank[20] Finished chunk write 1
Rank[20] Starting chunk write 2
Rank[44] Finished chunk write 1
Rank[44] Starting chunk write 2
Rank[28] Finished chunk write 1
Rank[28] Starting chunk write 2
Rank[60] Finished chunk write 1
Rank[60] Starting chunk write 2
Rank[26] Finished chunk write 1
Rank[26] Starting chunk write 2
Rank[16] Finished chunk write 1
Rank[16] Starting chunk write 2
Rank[58] Finished chunk write 1
Rank[58] Starting chunk write 2
Rank[36] Finished chunk write 1
Rank[36] Starting chunk write 2
Rank[22] Finished chunk write 1
Rank[22] Starting chunk write 2
Rank[5] Finished chunk write 1
Rank[5] Starting chunk write 2
Rank[37] Finished chunk write 1
Rank[37] Starting chunk write 2
Rank[61] Finished chunk write 1
Rank[61] Starting chunk write 2
Rank[35] Finished chunk write 1
Rank[35] Starting chunk write 2
Rank[19] Finished chunk write 1
Rank[19] Starting chunk write 2
Rank[27] Finished chunk write 1
Rank[27] Starting chunk write 2
Rank[45] Finished chunk write 1
Rank[45] Starting chunk write 2
Rank[47] Finished chunk write 1
Rank[47] Starting chunk write 2
Rank[1] Finished chunk write 1
Rank[1] Starting chunk write 2
Rank[55] Finished chunk write 1
Rank[55] Starting chunk write 2
Rank[11] Finished chunk write 1
Rank[11] Starting chunk write 2
Rank[6] Finished chunk write 1
Rank[6] Starting chunk write 2
Rank[4] Finished chunk write 1
Rank[4] Starting chunk write 2
Rank[52] Finished chunk write 1
Rank[52] Starting chunk write 2
Rank[56] Finished chunk write 1
Rank[56] Starting chunk write 2
Rank[40] Finished chunk write 1
Rank[40] Starting chunk write 2
Rank[14] Finished chunk write 1
Rank[14] Starting chunk write 2
Rank[10] Finished chunk write 1
Rank[10] Starting chunk write 2
Rank[62] Finished chunk write 1
Rank[62] Starting chunk write 2
Rank[54] Finished chunk write 1
Rank[54] Starting chunk write 2
Rank[24] Finished chunk write 1
Rank[24] Starting chunk write 2
Rank[9] Finished chunk write 1
Rank[9] Starting chunk write 2
Rank[23] Finished chunk write 1
Rank[23] Starting chunk write 2
Rank[49] Finished chunk write 1
Rank[49] Starting chunk write 2
Rank[43] Finished chunk write 1
Rank[43] Starting chunk write 2
Rank[41] Finished chunk write 1
Rank[41] Starting chunk write 2
Rank[15] Finished chunk write 1
Rank[15] Starting chunk write 2
Rank[3] Finished chunk write 1
Rank[3] Starting chunk write 2
Rank[17] Finished chunk write 1
Rank[17] Starting chunk write 2
Rank[31] Finished chunk write 1
Rank[31] Starting chunk write 2
Rank[63] Finished chunk write 1
Rank[63] Starting chunk write 2
Rank[33] Finished chunk write 1
Rank[33] Starting chunk write 2
Rank[7] Finished chunk write 1
Rank[7] Starting chunk write 2
Rank[29] Finished chunk write 1
Rank[29] Starting chunk write 2
Rank[59] Finished chunk write 1
Rank[59] Starting chunk write 2
Rank[57] Finished chunk write 1
Rank[57] Starting chunk write 2
Rank[2] Finished chunk write 1
Rank[2] Starting chunk write 2
Rank[30] Finished chunk write 1
Rank[30] Starting chunk write 2
Rank[39] Finished chunk write 1
Rank[39] Starting chunk write 2
Rank[25] Finished chunk write 1
Rank[25] Starting chunk write 2
Rank[48] Finished chunk write 1
Rank[48] Starting chunk write 2
Rank[46] Finished chunk write 1
Rank[46] Starting chunk write 2
Rank[18] Finished chunk write 1
Rank[18] Starting chunk write 2
Rank[42] Finished chunk write 1
Rank[42] Starting chunk write 2
Rank[32] Finished chunk write 1
Rank[32] Starting chunk write 2
Rank[34] Finished chunk write 1
Rank[34] Starting chunk write 2
Rank[53] Finished chunk write 1
Rank[53] Starting chunk write 2
Rank[51] Finished chunk write 1
Rank[51] Starting chunk write 2
Rank[13] Finished chunk write 1
Rank[13] Starting chunk write 2
Rank[21] Finished chunk write 1
Rank[21] Starting chunk write 2
Rank[50] Finished chunk write 1
Rank[50] Starting chunk write 2
Rank[0] Finished chunk write 1
Rank[0] Starting chunk write 2
Rank[0] Calling write_chunk on impl
Rank[12] Finished chunk write 1
Rank[12] Starting chunk write 2
Rank[38] Finished chunk write 1
Rank[38] Starting chunk write 2
Rank[8] Finished chunk write 1
Rank[8] Starting chunk write 2
Rank[20] Finished chunk write 2
Rank[20] Starting chunk write 3
Rank[48] Finished chunk write 2
Rank[48] Starting chunk write 3
Rank[46] Finished chunk write 2
Rank[46] Starting chunk write 3
Rank[44] Finished chunk write 2
Rank[44] Starting chunk write 3
Rank[18] Finished chunk write 2
Rank[18] Starting chunk write 3
Rank[28] Finished chunk write 2
Rank[28] Starting chunk write 3
Rank[42] Finished chunk write 2
Rank[42] Starting chunk write 3
Rank[32] Finished chunk write 2
Rank[32] Starting chunk write 3
Rank[60] Finished chunk write 2
Rank[60] Starting chunk write 3
Rank[26] Finished chunk write 2
Rank[26] Starting chunk write 3
Rank[16] Finished chunk write 2
Rank[16] Starting chunk write 3
Rank[58] Finished chunk write 2
Rank[58] Starting chunk write 3
Rank[36] Finished chunk write 2
Rank[36] Starting chunk write 3
Rank[34] Finished chunk write 2
Rank[34] Starting chunk write 3
Rank[22] Finished chunk write 2
Rank[22] Starting chunk write 3
Rank[5] Finished chunk write 2
Rank[5] Starting chunk write 3
Rank[37] Finished chunk write 2
Rank[37] Starting chunk write 3
Rank[53] Finished chunk write 2
Rank[53] Starting chunk write 3
Rank[61] Finished chunk write 2
Rank[61] Starting chunk write 3
Rank[51] Finished chunk write 2
Rank[51] Starting chunk write 3
Rank[35] Finished chunk write 2
Rank[35] Starting chunk write 3
Rank[19] Finished chunk write 2
Rank[19] Starting chunk write 3
Rank[27] Finished chunk write 2
Rank[27] Starting chunk write 3
Rank[45] Finished chunk write 2
Rank[45] Starting chunk write 3
Rank[13] Finished chunk write 2
Rank[13] Starting chunk write 3
Rank[21] Finished chunk write 2
Rank[21] Starting chunk write 3
Rank[47] Finished chunk write 2
Rank[47] Starting chunk write 3
Rank[1] Finished chunk write 2
Rank[1] Starting chunk write 3
Rank[55] Finished chunk write 2
Rank[55] Starting chunk write 3
Rank[11] Finished chunk write 2
Rank[11] Starting chunk write 3
Rank[50] Finished chunk write 2
Rank[50] Starting chunk write 3
Rank[0] Finished chunk write 2
Rank[0] Starting chunk write 3
Rank[0] Calling write_chunk on impl
Rank[12] Finished chunk write 2
Rank[12] Starting chunk write 3
Rank[6] Finished chunk write 2
Rank[6] Starting chunk write 3
Rank[4] Finished chunk write 2
Rank[4] Starting chunk write 3
Rank[38] Finished chunk write 2
Rank[38] Starting chunk write 3
Rank[52] Finished chunk write 2
Rank[52] Starting chunk write 3
Rank[8] Finished chunk write 2
Rank[8] Starting chunk write 3
Rank[56] Finished chunk write 2
Rank[56] Starting chunk write 3
Rank[40] Finished chunk write 2
Rank[40] Starting chunk write 3
Rank[14] Finished chunk write 2
Rank[14] Starting chunk write 3
Rank[10] Finished chunk write 2
Rank[10] Starting chunk write 3
Rank[62] Finished chunk write 2
Rank[62] Starting chunk write 3
Rank[54] Finished chunk write 2
Rank[54] Starting chunk write 3
Rank[24] Finished chunk write 2
Rank[24] Starting chunk write 3
Rank[9] Finished chunk write 2
Rank[9] Starting chunk write 3
Rank[23] Finished chunk write 2
Rank[23] Starting chunk write 3
Rank[49] Finished chunk write 2
Rank[49] Starting chunk write 3
Rank[43] Finished chunk write 2
Rank[43] Starting chunk write 3
Rank[41] Finished chunk write 2
Rank[41] Starting chunk write 3
Rank[15] Finished chunk write 2
Rank[15] Starting chunk write 3
Rank[3] Finished chunk write 2
Rank[3] Starting chunk write 3
Rank[17] Finished chunk write 2
Rank[17] Starting chunk write 3
Rank[31] Finished chunk write 2
Rank[31] Starting chunk write 3
Rank[63] Finished chunk write 2
Rank[63] Starting chunk write 3
Rank[33] Finished chunk write 2
Rank[33] Starting chunk write 3
Rank[7] Finished chunk write 2
Rank[7] Starting chunk write 3
Rank[29] Finished chunk write 2
Rank[29] Starting chunk write 3
Rank[59] Finished chunk write 2
Rank[59] Starting chunk write 3
Rank[57] Finished chunk write 2
Rank[57] Starting chunk write 3
Rank[2] Finished chunk write 2
Rank[2] Starting chunk write 3
Rank[30] Finished chunk write 2
Rank[30] Starting chunk write 3
Rank[39] Finished chunk write 2
Rank[39] Starting chunk write 3
Rank[25] Finished chunk write 2
Rank[25] Starting chunk write 3
Rank[20] Finished chunk write 3
Rank[20] Starting chunk write 4
Rank[44] Finished chunk write 3
Rank[44] Starting chunk write 4
Rank[28] Finished chunk write 3
Rank[28] Starting chunk write 4
Rank[60] Finished chunk write 3
Rank[60] Starting chunk write 4
Rank[26] Finished chunk write 3
Rank[26] Starting chunk write 4
Rank[58] Finished chunk write 3
Rank[58] Starting chunk write 4
Rank[36] Finished chunk write 3
Rank[36] Starting chunk write 4
Rank[5] Finished chunk write 3
Rank[5] Starting chunk write 4
Rank[37] Finished chunk write 3
Rank[37] Starting chunk write 4
Rank[53] Finished chunk write 3
Rank[53] Starting chunk write 4
Rank[61] Finished chunk write 3
Rank[61] Starting chunk write 4
Rank[35] Finished chunk write 3
Rank[35] Starting chunk write 4
Rank[19] Finished chunk write 3
Rank[19] Starting chunk write 4
Rank[27] Finished chunk write 3
Rank[27] Starting chunk write 4
Rank[45] Finished chunk write 3
Rank[45] Starting chunk write 4
Rank[21] Finished chunk write 3
Rank[21] Starting chunk write 4
Rank[47] Finished chunk write 3
Rank[47] Starting chunk write 4
Rank[1] Finished chunk write 3
Rank[1] Starting chunk write 4
Rank[55] Finished chunk write 3
Rank[55] Starting chunk write 4
Rank[11] Finished chunk write 3
Rank[11] Starting chunk write 4
Rank[6] Finished chunk write 3
Rank[6] Starting chunk write 4
Rank[4] Finished chunk write 3
Rank[4] Starting chunk write 4
Rank[38] Finished chunk write 3
Rank[38] Starting chunk write 4
Rank[52] Finished chunk write 3
Rank[52] Starting chunk write 4
Rank[56] Finished chunk write 3
Rank[56] Starting chunk write 4
Rank[10] Finished chunk write 3
Rank[10] Starting chunk write 4
Rank[54] Finished chunk write 3
Rank[54] Starting chunk write 4
Rank[23] Finished chunk write 3
Rank[23] Starting chunk write 4
Rank[49] Finished chunk write 3
Rank[49] Starting chunk write 4
Rank[43] Finished chunk write 3
Rank[43] Starting chunk write 4
Rank[41] Finished chunk write 3
Rank[41] Starting chunk write 4
Rank[31] Finished chunk write 3
Rank[31] Starting chunk write 4
Rank[63] Finished chunk write 3
Rank[63] Starting chunk write 4
Rank[33] Finished chunk write 3
Rank[33] Starting chunk write 4
Rank[7] Finished chunk write 3
Rank[7] Starting chunk write 4
Rank[59] Finished chunk write 3
Rank[59] Starting chunk write 4
Rank[57] Finished chunk write 3
Rank[57] Starting chunk write 4
Rank[2] Finished chunk write 3
Rank[2] Starting chunk write 4
Rank[30] Finished chunk write 3
Rank[30] Starting chunk write 4
Rank[39] Finished chunk write 3
Rank[39] Starting chunk write 4
Rank[25] Finished chunk write 3
Rank[25] Starting chunk write 4
Rank[48] Finished chunk write 3
Rank[48] Starting chunk write 4
Rank[46] Finished chunk write 3
Rank[46] Starting chunk write 4
Rank[18] Finished chunk write 3
Rank[18] Starting chunk write 4
Rank[42] Finished chunk write 3
Rank[42] Starting chunk write 4
Rank[32] Finished chunk write 3
Rank[32] Starting chunk write 4
Rank[16] Finished chunk write 3
Rank[16] Starting chunk write 4
Rank[34] Finished chunk write 3
Rank[34] Starting chunk write 4
Rank[22] Finished chunk write 3
Rank[22] Starting chunk write 4
Rank[51] Finished chunk write 3
Rank[51] Starting chunk write 4
Rank[13] Finished chunk write 3
Rank[13] Starting chunk write 4
Rank[50] Finished chunk write 3
Rank[50] Starting chunk write 4
Rank[0] Finished chunk write 3
Rank[0] Starting chunk write 4
Rank[0] Calling write_chunk on impl
Rank[12] Finished chunk write 3
Rank[12] Starting chunk write 4
Rank[8] Finished chunk write 3
Rank[8] Starting chunk write 4
Rank[40] Finished chunk write 3
Rank[40] Starting chunk write 4
Rank[14] Finished chunk write 3
Rank[14] Starting chunk write 4
Rank[62] Finished chunk write 3
Rank[62] Starting chunk write 4
Rank[24] Finished chunk write 3
Rank[24] Starting chunk write 4
Rank[9] Finished chunk write 3
Rank[9] Starting chunk write 4
Rank[15] Finished chunk write 3
Rank[15] Starting chunk write 4
Rank[3] Finished chunk write 3
Rank[3] Starting chunk write 4
Rank[17] Finished chunk write 3
Rank[17] Starting chunk write 4
Rank[29] Finished chunk write 3
Rank[29] Starting chunk write 4
Rank[46] Finished chunk write 4
Rank[44] Finished chunk write 4
Rank[42] Finished chunk write 4
Rank[60] Finished chunk write 4
Rank[26] Finished chunk write 4
Rank[16] Finished chunk write 4
Rank[58] Finished chunk write 4
Rank[36] Finished chunk write 4
Rank[34] Finished chunk write 4
Rank[22] Finished chunk write 4
Rank[5] Finished chunk write 4
Rank[37] Finished chunk write 4
Rank[53] Finished chunk write 4
Rank[51] Finished chunk write 4
Rank[35] Finished chunk write 4
Rank[19] Finished chunk write 4
Rank[45] Finished chunk write 4
Rank[21] Finished chunk write 4
Rank[47] Finished chunk write 4
Rank[1] Finished chunk write 4
Rank[11] Finished chunk write 4
Rank[50] Finished chunk write 4
Rank[12] Finished chunk write 4
Rank[6] Finished chunk write 4
Rank[38] Finished chunk write 4
Rank[8] Finished chunk write 4
Rank[14] Finished chunk write 4
Rank[62] Finished chunk write 4
Rank[54] Finished chunk write 4
Rank[24] Finished chunk write 4
Rank[49] Finished chunk write 4
Rank[43] Finished chunk write 4
Rank[41] Finished chunk write 4
Rank[15] Finished chunk write 4
Rank[3] Finished chunk write 4
Rank[17] Finished chunk write 4
Rank[63] Finished chunk write 4
Rank[33] Finished chunk write 4
Rank[7] Finished chunk write 4
Rank[29] Finished chunk write 4
Rank[59] Finished chunk write 4
Rank[57] Finished chunk write 4
Rank[2] Finished chunk write 4
Rank[39] Finished chunk write 4
Rank[25] Finished chunk write 4
Rank[20] Finished chunk write 4
Rank[48] Finished chunk write 4
Rank[18] Finished chunk write 4
Rank[28] Finished chunk write 4
Rank[32] Finished chunk write 4
Rank[61] Finished chunk write 4
Rank[27] Finished chunk write 4
Rank[13] Finished chunk write 4
Rank[55] Finished chunk write 4
Rank[0] Finished chunk write 4
Rank[0] Calling flush on impl
Rank[4] Finished chunk write 4
Rank[52] Finished chunk write 4
Rank[56] Finished chunk write 4
Rank[40] Finished chunk write 4
Rank[10] Finished chunk write 4
Rank[9] Finished chunk write 4
Rank[23] Finished chunk write 4
Rank[31] Finished chunk write 4
Rank[30] Finished chunk write 4
Rank[20] Finished write
Rank[48] Finished write
Rank[46] Finished write
Rank[44] Finished write
Rank[18] Finished write
Rank[28] Finished write
Rank[42] Finished write
Rank[32] Finished write
Rank[60] Finished write
Rank[26] Finished write
Rank[16] Finished write
Rank[58] Finished write
Rank[36] Finished write
Rank[34] Finished write
Rank[22] Finished write
Rank[5] Finished write
Rank[37] Finished write
Rank[53] Finished write
Rank[61] Finished write
Rank[51] Finished write
Rank[35] Finished write
Rank[19] Finished write
Rank[27] Finished write
Rank[45] Finished write
Rank[13] Finished write
Rank[21] Finished write
Rank[47] Finished write
Rank[1] Finished write
Rank[55] Finished write
Rank[11] Finished write
Rank[50] Finished write
Rank[0] Finished write
Rank[12] Finished write
Rank[6] Finished write
Rank[4] Finished write
Rank[38] Finished write
Rank[52] Finished write
Rank[8] Finished write
Rank[56] Finished write
Rank[40] Finished write
Rank[14] Finished write
Rank[10] Finished write
Rank[62] Finished write
Rank[54] Finished write
Rank[24] Finished write
Rank[9] Finished write
Rank[23] Finished write
Rank[49] Finished write
Rank[43] Finished write
Rank[41] Finished write
Rank[15] Finished write
Rank[3] Finished write
Rank[17] Finished write
Rank[31] Finished write
Rank[63] Finished write
Rank[33] Finished write
Rank[7] Finished write
Rank[29] Finished write
Rank[59] Finished write
Rank[57] Finished write
Rank[2] Finished write
Rank[30] Finished write
Rank[39] Finished write
Rank[25] Finished write
Rank[0] Calling close_dataset on impl
Rank[0] Calling reopen on impl
Rank[20] Starting chunk read 1
Rank[48] Starting chunk read 1
Rank[46] Starting chunk read 1
Rank[44] Starting chunk read 1
Rank[18] Starting chunk read 1
Rank[28] Starting chunk read 1
Rank[42] Starting chunk read 1
Rank[32] Starting chunk read 1
Rank[60] Starting chunk read 1
Rank[26] Starting chunk read 1
Rank[16] Starting chunk read 1
Rank[58] Starting chunk read 1
Rank[36] Starting chunk read 1
Rank[34] Starting chunk read 1
Rank[22] Starting chunk read 1
Rank[5] Starting chunk read 1
Rank[37] Starting chunk read 1
Rank[53] Starting chunk read 1
Rank[61] Starting chunk read 1
Rank[51] Starting chunk read 1
Rank[35] Starting chunk read 1
Rank[19] Starting chunk read 1
Rank[27] Starting chunk read 1
Rank[45] Starting chunk read 1
Rank[13] Starting chunk read 1
Rank[21] Starting chunk read 1
Rank[47] Starting chunk read 1
Rank[1] Starting chunk read 1
Rank[55] Starting chunk read 1
Rank[11] Starting chunk read 1
Rank[50] Starting chunk read 1
Rank[0] Starting chunk read 1
Rank[0] Calling read_chunk on impl
Rank[12] Starting chunk read 1
Rank[6] Starting chunk read 1
Rank[4] Starting chunk read 1
Rank[38] Starting chunk read 1
Rank[52] Starting chunk read 1
Rank[8] Starting chunk read 1
Rank[56] Starting chunk read 1
Rank[40] Starting chunk read 1
Rank[14] Starting chunk read 1
Rank[10] Starting chunk read 1
Rank[62] Starting chunk read 1
Rank[54] Starting chunk read 1
Rank[24] Starting chunk read 1
Rank[9] Starting chunk read 1
Rank[23] Starting chunk read 1
Rank[49] Starting chunk read 1
Rank[43] Starting chunk read 1
Rank[41] Starting chunk read 1
Rank[15] Starting chunk read 1
Rank[3] Starting chunk read 1
Rank[17] Starting chunk read 1
Rank[31] Starting chunk read 1
Rank[63] Starting chunk read 1
Rank[33] Starting chunk read 1
Rank[7] Starting chunk read 1
Rank[29] Starting chunk read 1
Rank[59] Starting chunk read 1
Rank[57] Starting chunk read 1
Rank[2] Starting chunk read 1
Rank[30] Starting chunk read 1
Rank[39] Starting chunk read 1
Rank[25] Starting chunk read 1
Rank[20] Finished chunk read 1
Rank[20] Starting chunk read 2
Rank[46] Finished chunk read 1
Rank[46] Starting chunk read 2
Rank[44] Finished chunk read 1
Rank[44] Starting chunk read 2
Rank[28] Finished chunk read 1
Rank[28] Starting chunk read 2
Rank[42] Finished chunk read 1
Rank[42] Starting chunk read 2
Rank[60] Finished chunk read 1
Rank[60] Starting chunk read 2
Rank[26] Finished chunk read 1
Rank[26] Starting chunk read 2
Rank[16] Finished chunk read 1
Rank[16] Starting chunk read 2
Rank[58] Finished chunk read 1
Rank[58] Starting chunk read 2
Rank[36] Finished chunk read 1
Rank[36] Starting chunk read 2
Rank[34] Finished chunk read 1
Rank[34] Starting chunk read 2
Rank[22] Finished chunk read 1
Rank[22] Starting chunk read 2
Rank[53] Finished chunk read 1
Rank[53] Starting chunk read 2
Rank[61] Finished chunk read 1
Rank[61] Starting chunk read 2
Rank[51] Finished chunk read 1
Rank[51] Starting chunk read 2
Rank[35] Finished chunk read 1
Rank[35] Starting chunk read 2
Rank[19] Finished chunk read 1
Rank[19] Starting chunk read 2
Rank[27] Finished chunk read 1
Rank[27] Starting chunk read 2
Rank[21] Finished chunk read 1
Rank[21] Starting chunk read 2
Rank[47] Finished chunk read 1
Rank[47] Starting chunk read 2
Rank[55] Finished chunk read 1
Rank[55] Starting chunk read 2
Rank[11] Finished chunk read 1
Rank[11] Starting chunk read 2
Rank[50] Finished chunk read 1
Rank[50] Starting chunk read 2
Rank[0] Finished chunk read 1
Rank[0] Starting chunk read 2
Rank[0] Calling read_chunk on impl
Rank[12] Finished chunk read 1
Rank[12] Starting chunk read 2
Rank[6] Finished chunk read 1
Rank[6] Starting chunk read 2
Rank[4] Finished chunk read 1
Rank[4] Starting chunk read 2
Rank[38] Finished chunk read 1
Rank[38] Starting chunk read 2
Rank[52] Finished chunk read 1
Rank[52] Starting chunk read 2
Rank[8] Finished chunk read 1
Rank[8] Starting chunk read 2
Rank[14] Finished chunk read 1
Rank[14] Starting chunk read 2
Rank[10] Finished chunk read 1
Rank[10] Starting chunk read 2
Rank[62] Finished chunk read 1
Rank[62] Starting chunk read 2
Rank[54] Finished chunk read 1
Rank[54] Starting chunk read 2
Rank[24] Finished chunk read 1
Rank[24] Starting chunk read 2
Rank[49] Finished chunk read 1
Rank[49] Starting chunk read 2
Rank[43] Finished chunk read 1
Rank[43] Starting chunk read 2
Rank[41] Finished chunk read 1
Rank[41] Starting chunk read 2
Rank[15] Finished chunk read 1
Rank[15] Starting chunk read 2
Rank[3] Finished chunk read 1
Rank[3] Starting chunk read 2
Rank[17] Finished chunk read 1
Rank[17] Starting chunk read 2
Rank[7] Finished chunk read 1
Rank[7] Starting chunk read 2
Rank[29] Finished chunk read 1
Rank[29] Starting chunk read 2
Rank[59] Finished chunk read 1
Rank[59] Starting chunk read 2
Rank[39] Finished chunk read 1
Rank[39] Starting chunk read 2
Rank[25] Finished chunk read 1
Rank[25] Starting chunk read 2
Rank[48] Finished chunk read 1
Rank[48] Starting chunk read 2
Rank[18] Finished chunk read 1
Rank[18] Starting chunk read 2
Rank[32] Finished chunk read 1
Rank[32] Starting chunk read 2
Rank[5] Finished chunk read 1
Rank[5] Starting chunk read 2
Rank[37] Finished chunk read 1
Rank[37] Starting chunk read 2
Rank[45] Finished chunk read 1
Rank[45] Starting chunk read 2
Rank[13] Finished chunk read 1
Rank[13] Starting chunk read 2
Rank[1] Finished chunk read 1
Rank[1] Starting chunk read 2
Rank[56] Finished chunk read 1
Rank[56] Starting chunk read 2
Rank[40] Finished chunk read 1
Rank[40] Starting chunk read 2
Rank[9] Finished chunk read 1
Rank[9] Starting chunk read 2
Rank[23] Finished chunk read 1
Rank[23] Starting chunk read 2
Rank[31] Finished chunk read 1
Rank[31] Starting chunk read 2
Rank[63] Finished chunk read 1
Rank[63] Starting chunk read 2
Rank[33] Finished chunk read 1
Rank[33] Starting chunk read 2
Rank[57] Finished chunk read 1
Rank[57] Starting chunk read 2
Rank[2] Finished chunk read 1
Rank[2] Starting chunk read 2
Rank[30] Finished chunk read 1
Rank[30] Starting chunk read 2
Rank[20] Finished chunk read 2
Rank[20] Starting chunk read 3
Rank[46] Finished chunk read 2
Rank[46] Starting chunk read 3
Rank[60] Finished chunk read 2
Rank[60] Starting chunk read 3
Rank[16] Finished chunk read 2
Rank[16] Starting chunk read 3
Rank[58] Finished chunk read 2
Rank[58] Starting chunk read 3
Rank[34] Finished chunk read 2
Rank[34] Starting chunk read 3
Rank[22] Finished chunk read 2
Rank[22] Starting chunk read 3
Rank[5] Finished chunk read 2
Rank[5] Starting chunk read 3
Rank[37] Finished chunk read 2
Rank[37] Starting chunk read 3
Rank[53] Finished chunk read 2
Rank[53] Starting chunk read 3
Rank[35] Finished chunk read 2
Rank[35] Starting chunk read 3
Rank[45] Finished chunk read 2
Rank[45] Starting chunk read 3
Rank[21] Finished chunk read 2
Rank[21] Starting chunk read 3
Rank[47] Finished chunk read 2
Rank[47] Starting chunk read 3
Rank[1] Finished chunk read 2
Rank[1] Starting chunk read 3
Rank[55] Finished chunk read 2
Rank[55] Starting chunk read 3
Rank[6] Finished chunk read 2
Rank[6] Starting chunk read 3
Rank[38] Finished chunk read 2
Rank[38] Starting chunk read 3
Rank[56] Finished chunk read 2
Rank[56] Starting chunk read 3
Rank[14] Finished chunk read 2
Rank[14] Starting chunk read 3
Rank[62] Finished chunk read 2
Rank[62] Starting chunk read 3
Rank[54] Finished chunk read 2
Rank[54] Starting chunk read 3
Rank[24] Finished chunk read 2
Rank[24] Starting chunk read 3
Rank[49] Finished chunk read 2
Rank[49] Starting chunk read 3
Rank[43] Finished chunk read 2
Rank[43] Starting chunk read 3
Rank[41] Finished chunk read 2
Rank[41] Starting chunk read 3
Rank[15] Finished chunk read 2
Rank[15] Starting chunk read 3
Rank[3] Finished chunk read 2
Rank[3] Starting chunk read 3
Rank[17] Finished chunk read 2
Rank[17] Starting chunk read 3
Rank[31] Finished chunk read 2
Rank[31] Starting chunk read 3
Rank[63] Finished chunk read 2
Rank[63] Starting chunk read 3
Rank[33] Finished chunk read 2
Rank[33] Starting chunk read 3
Rank[59] Finished chunk read 2
Rank[59] Starting chunk read 3
Rank[57] Finished chunk read 2
Rank[57] Starting chunk read 3
Rank[2] Finished chunk read 2
Rank[2] Starting chunk read 3
Rank[30] Finished chunk read 2
Rank[30] Starting chunk read 3
Rank[25] Finished chunk read 2
Rank[25] Starting chunk read 3
Rank[48] Finished chunk read 2
Rank[48] Starting chunk read 3
Rank[44] Finished chunk read 2
Rank[44] Starting chunk read 3
Rank[18] Finished chunk read 2
Rank[18] Starting chunk read 3
Rank[28] Finished chunk read 2
Rank[28] Starting chunk read 3
Rank[42] Finished chunk read 2
Rank[42] Starting chunk read 3
Rank[32] Finished chunk read 2
Rank[32] Starting chunk read 3
Rank[26] Finished chunk read 2
Rank[26] Starting chunk read 3
Rank[36] Finished chunk read 2
Rank[36] Starting chunk read 3
Rank[61] Finished chunk read 2
Rank[61] Starting chunk read 3
Rank[51] Finished chunk read 2
Rank[51] Starting chunk read 3
Rank[19] Finished chunk read 2
Rank[19] Starting chunk read 3
Rank[27] Finished chunk read 2
Rank[27] Starting chunk read 3
Rank[13] Finished chunk read 2
Rank[13] Starting chunk read 3
Rank[11] Finished chunk read 2
Rank[11] Starting chunk read 3
Rank[50] Finished chunk read 2
Rank[50] Starting chunk read 3
Rank[0] Finished chunk read 2
Rank[0] Starting chunk read 3
Rank[0] Calling read_chunk on impl
Rank[12] Finished chunk read 2
Rank[12] Starting chunk read 3
Rank[4] Finished chunk read 2
Rank[4] Starting chunk read 3
Rank[52] Finished chunk read 2
Rank[52] Starting chunk read 3
Rank[8] Finished chunk read 2
Rank[8] Starting chunk read 3
Rank[40] Finished chunk read 2
Rank[40] Starting chunk read 3
Rank[10] Finished chunk read 2
Rank[10] Starting chunk read 3
Rank[9] Finished chunk read 2
Rank[9] Starting chunk read 3
Rank[23] Finished chunk read 2
Rank[23] Starting chunk read 3
Rank[7] Finished chunk read 2
Rank[7] Starting chunk read 3
Rank[29] Finished chunk read 2
Rank[29] Starting chunk read 3
Rank[39] Finished chunk read 2
Rank[39] Starting chunk read 3
Rank[18] Finished chunk read 3
Rank[18] Starting chunk read 4
Rank[26] Finished chunk read 3
Rank[26] Starting chunk read 4
Rank[16] Finished chunk read 3
Rank[16] Starting chunk read 4
Rank[36] Finished chunk read 3
Rank[36] Starting chunk read 4
Rank[22] Finished chunk read 3
Rank[22] Starting chunk read 4
Rank[53] Finished chunk read 3
Rank[53] Starting chunk read 4
Rank[61] Finished chunk read 3
Rank[61] Starting chunk read 4
Rank[51] Finished chunk read 3
Rank[51] Starting chunk read 4
Rank[19] Finished chunk read 3
Rank[19] Starting chunk read 4
Rank[27] Finished chunk read 3
Rank[27] Starting chunk read 4
Rank[13] Finished chunk read 3
Rank[13] Starting chunk read 4
Rank[21] Finished chunk read 3
Rank[21] Starting chunk read 4
Rank[47] Finished chunk read 3
Rank[47] Starting chunk read 4
Rank[11] Finished chunk read 3
Rank[11] Starting chunk read 4
Rank[38] Finished chunk read 3
Rank[38] Starting chunk read 4
Rank[52] Finished chunk read 3
Rank[52] Starting chunk read 4
Rank[8] Finished chunk read 3
Rank[8] Starting chunk read 4
Rank[56] Finished chunk read 3
Rank[56] Starting chunk read 4
Rank[40] Finished chunk read 3
Rank[40] Starting chunk read 4
Rank[14] Finished chunk read 3
Rank[14] Starting chunk read 4
Rank[62] Finished chunk read 3
Rank[62] Starting chunk read 4
Rank[54] Finished chunk read 3
Rank[54] Starting chunk read 4
Rank[24] Finished chunk read 3
Rank[24] Starting chunk read 4
Rank[9] Finished chunk read 3
Rank[9] Starting chunk read 4
Rank[23] Finished chunk read 3
Rank[23] Starting chunk read 4
Rank[49] Finished chunk read 3
Rank[49] Starting chunk read 4
Rank[41] Finished chunk read 3
Rank[41] Starting chunk read 4
Rank[3] Finished chunk read 3
Rank[3] Starting chunk read 4
Rank[31] Finished chunk read 3
Rank[31] Starting chunk read 4
Rank[63] Finished chunk read 3
Rank[63] Starting chunk read 4
Rank[29] Finished chunk read 3
Rank[29] Starting chunk read 4
Rank[59] Finished chunk read 3
Rank[59] Starting chunk read 4
Rank[57] Finished chunk read 3
Rank[57] Starting chunk read 4
Rank[2] Finished chunk read 3
Rank[2] Starting chunk read 4
Rank[30] Finished chunk read 3
Rank[30] Starting chunk read 4
Rank[39] Finished chunk read 3
Rank[39] Starting chunk read 4
Rank[20] Finished chunk read 3
Rank[20] Starting chunk read 4
Rank[48] Finished chunk read 3
Rank[48] Starting chunk read 4
Rank[46] Finished chunk read 3
Rank[46] Starting chunk read 4
Rank[44] Finished chunk read 3
Rank[44] Starting chunk read 4
Rank[28] Finished chunk read 3
Rank[28] Starting chunk read 4
Rank[42] Finished chunk read 3
Rank[42] Starting chunk read 4
Rank[32] Finished chunk read 3
Rank[32] Starting chunk read 4
Rank[60] Finished chunk read 3
Rank[60] Starting chunk read 4
Rank[58] Finished chunk read 3
Rank[58] Starting chunk read 4
Rank[34] Finished chunk read 3
Rank[34] Starting chunk read 4
Rank[5] Finished chunk read 3
Rank[5] Starting chunk read 4
Rank[37] Finished chunk read 3
Rank[37] Starting chunk read 4
Rank[35] Finished chunk read 3
Rank[35] Starting chunk read 4
Rank[45] Finished chunk read 3
Rank[45] Starting chunk read 4
Rank[1] Finished chunk read 3
Rank[1] Starting chunk read 4
Rank[55] Finished chunk read 3
Rank[55] Starting chunk read 4
Rank[50] Finished chunk read 3
Rank[50] Starting chunk read 4
Rank[0] Finished chunk read 3
Rank[0] Starting chunk read 4
Rank[0] Calling read_chunk on impl
Rank[12] Finished chunk read 3
Rank[12] Starting chunk read 4
Rank[6] Finished chunk read 3
Rank[6] Starting chunk read 4
Rank[4] Finished chunk read 3
Rank[4] Starting chunk read 4
Rank[10] Finished chunk read 3
Rank[10] Starting chunk read 4
Rank[43] Finished chunk read 3
Rank[43] Starting chunk read 4
Rank[15] Finished chunk read 3
Rank[15] Starting chunk read 4
Rank[17] Finished chunk read 3
Rank[17] Starting chunk read 4
Rank[33] Finished chunk read 3
Rank[33] Starting chunk read 4
Rank[7] Finished chunk read 3
Rank[7] Starting chunk read 4
Rank[25] Finished chunk read 3
Rank[25] Starting chunk read 4
Rank[20] Finished chunk read 4
Rank[46] Finished chunk read 4
Rank[44] Finished chunk read 4
Rank[28] Finished chunk read 4
Rank[42] Finished chunk read 4
Rank[26] Finished chunk read 4
Rank[16] Finished chunk read 4
Rank[36] Finished chunk read 4
Rank[34] Finished chunk read 4
Rank[22] Finished chunk read 4
Rank[53] Finished chunk read 4
Rank[61] Finished chunk read 4
Rank[51] Finished chunk read 4
Rank[19] Finished chunk read 4
Rank[27] Finished chunk read 4
Rank[21] Finished chunk read 4
Rank[47] Finished chunk read 4
Rank[55] Finished chunk read 4
Rank[11] Finished chunk read 4
Rank[50] Finished chunk read 4
Rank[0] Finished chunk read 4
Rank[0] Calling flush on impl
Rank[12] Finished chunk read 4
Rank[4] Finished chunk read 4
Rank[38] Finished chunk read 4
Rank[52] Finished chunk read 4
Rank[8] Finished chunk read 4
Rank[56] Finished chunk read 4
Rank[14] Finished chunk read 4
Rank[10] Finished chunk read 4
Rank[62] Finished chunk read 4
Rank[54] Finished chunk read 4
Rank[24] Finished chunk read 4
Rank[23] Finished chunk read 4
Rank[49] Finished chunk read 4
Rank[41] Finished chunk read 4
Rank[15] Finished chunk read 4
Rank[3] Finished chunk read 4
Rank[17] Finished chunk read 4
Rank[31] Finished chunk read 4
Rank[7] Finished chunk read 4
Rank[29] Finished chunk read 4
Rank[59] Finished chunk read 4
Rank[30] Finished chunk read 4
Rank[39] Finished chunk read 4
Rank[48] Finished chunk read 4
Rank[18] Finished chunk read 4
Rank[32] Finished chunk read 4
Rank[60] Finished chunk read 4
Rank[58] Finished chunk read 4
Rank[5] Finished chunk read 4
Rank[37] Finished chunk read 4
Rank[35] Finished chunk read 4
Rank[45] Finished chunk read 4
Rank[13] Finished chunk read 4
Rank[1] Finished chunk read 4
Rank[0] Calling close_dataset on impl
Rank[6] Finished chunk read 4
Rank[40] Finished chunk read 4
Rank[9] Finished chunk read 4
Rank[43] Finished chunk read 4
Rank[63] Finished chunk read 4
Rank[33] Finished chunk read 4
Rank[57] Finished chunk read 4
Rank[2] Finished chunk read 4
Rank[25] Finished chunk read 4
Rank[0] Calling deinit on impl
Rank[0] ==============================================
Rank[0] Timer results appended to output.csv
Rank[0] Finished workload HDF5-ZFP
Rank[0] ==============================================
