[INFO] PDC_SERVER[0]: Using [./pdc_tmp/] as tmp dir, 1 OSTs, 1 OSTs per data file, 0% to BB
[INFO] PDC_SERVER[0]: Environment variable HG_TRANSPORT was NOT set
[INFO] PDC_SERVER[0]: Environment variable HG_HOST was NOT set
[INFO] PDC_SERVER[0]: Connection string: ofi+tcp://nid004404:7000
[INFO] PDC_SERVER[0]: Without multi-thread
[INFO] PDC_SERVER[0]: Successfully established connection to 0 other PDC servers
[INFO] PDC_SERVER[0]: Server ready!


[INFO] PDC_SERVER[0]: Executing graph with json filepath /pscratch/sd/n/nlewi26/src/hdf5-zfp-baseline/tf_graphs/compression.json
[INFO] PDC_SERVER[0]: ZFP compression succeeded, compressed size bytes: 282344 bytes
[INFO] PDC_SERVER[0]: [TIMER] zfp_compress time_elapsed: 0.002713 s
[INFO] PDC_SERVER[0]: [TIMER] PDCtf_exec_graph time_elapsed: 0.002735 s
[INFO] PDC_SERVER[0]: [TIMER] open time_elapsed: 0.002573 s
[INFO] PDC_SERVER[0]: [TIMER] write time_elapsed: 0.000304 s
[INFO] PDC_SERVER[0]: [TIMER] close time_elapsed: 0.000121 s
[INFO] PDC_SERVER[0]: Ran write storage strategy STORE_FLATTENED_REGION_PER_FILE_TRANSFORMATION
[INFO] PDC_SERVER[0]: Executing graph with json filepath /pscratch/sd/n/nlewi26/src/hdf5-zfp-baseline/tf_graphs/compression.json
[INFO] PDC_SERVER[0]: ZFP compression succeeded, compressed size bytes: 282344 bytes
[INFO] PDC_SERVER[0]: [TIMER] zfp_compress time_elapsed: 0.001683 s
[INFO] PDC_SERVER[0]: [TIMER] PDCtf_exec_graph time_elapsed: 0.001688 s
[INFO] PDC_SERVER[0]: [TIMER] open time_elapsed: 0.002020 s
[INFO] PDC_SERVER[0]: [TIMER] write time_elapsed: 0.000324 s
[INFO] PDC_SERVER[0]: [TIMER] close time_elapsed: 0.000095 s
[INFO] PDC_SERVER[0]: Ran write storage strategy STORE_FLATTENED_REGION_PER_FILE_TRANSFORMATION
[INFO] PDC_SERVER[0]: Executing graph with json filepath /pscratch/sd/n/nlewi26/src/hdf5-zfp-baseline/tf_graphs/compression.json
[INFO] PDC_SERVER[0]: ZFP compression succeeded, compressed size bytes: 282344 bytes
[INFO] PDC_SERVER[0]: [TIMER] zfp_compress time_elapsed: 0.001697 s
[INFO] PDC_SERVER[0]: [TIMER] PDCtf_exec_graph time_elapsed: 0.001702 s
[INFO] PDC_SERVER[0]: [TIMER] open time_elapsed: 0.002581 s
[INFO] PDC_SERVER[0]: [TIMER] write time_elapsed: 0.000287 s
[INFO] PDC_SERVER[0]: [TIMER] close time_elapsed: 0.000108 s
[INFO] PDC_SERVER[0]: Ran write storage strategy STORE_FLATTENED_REGION_PER_FILE_TRANSFORMATION
[INFO] PDC_SERVER[0]: Executing graph with json filepath /pscratch/sd/n/nlewi26/src/hdf5-zfp-baseline/tf_graphs/compression.json
[INFO] PDC_SERVER[0]: ZFP compression succeeded, compressed size bytes: 282344 bytes
[INFO] PDC_SERVER[0]: [TIMER] zfp_compress time_elapsed: 0.001677 s
[INFO] PDC_SERVER[0]: [TIMER] PDCtf_exec_graph time_elapsed: 0.001682 s
[INFO] PDC_SERVER[0]: [TIMER] open time_elapsed: 0.001492 s
[INFO] PDC_SERVER[0]: [TIMER] write time_elapsed: 0.000286 s
[INFO] PDC_SERVER[0]: [TIMER] close time_elapsed: 0.000099 s
[INFO] PDC_SERVER[0]: Ran write storage strategy STORE_FLATTENED_REGION_PER_FILE_TRANSFORMATION
[INFO] PDC_SERVER[0]: Executing graph with json filepath /pscratch/sd/n/nlewi26/src/hdf5-zfp-baseline/tf_graphs/compression.json
[INFO] PDC_SERVER[0]: ZFP compression succeeded, compressed size bytes: 282344 bytes
[INFO] PDC_SERVER[0]: [TIMER] zfp_compress time_elapsed: 0.002305 s
[INFO] PDC_SERVER[0]: [TIMER] PDCtf_exec_graph time_elapsed: 0.002311 s
[INFO] PDC_SERVER[0]: [TIMER] open time_elapsed: 0.000358 s
[INFO] PDC_SERVER[0]: [TIMER] write time_elapsed: 0.000439 s
[INFO] PDC_SERVER[0]: [TIMER] close time_elapsed: 0.000106 s
[INFO] PDC_SERVER[0]: Ran write storage strategy STORE_FLATTENED_REGION_PER_FILE_TRANSFORMATION
[INFO] PDC_SERVER[0]: Executing graph with json filepath /pscratch/sd/n/nlewi26/src/hdf5-zfp-baseline/tf_graphs/compression.json
[INFO] PDC_SERVER[0]: ZFP compression succeeded, compressed size bytes: 282344 bytes
[INFO] PDC_SERVER[0]: [TIMER] zfp_compress time_elapsed: 0.001739 s
[INFO] PDC_SERVER[0]: [TIMER] PDCtf_exec_graph time_elapsed: 0.001745 s
[INFO] PDC_SERVER[0]: [TIMER] open time_elapsed: 0.000204 s
[INFO] PDC_SERVER[0]: [TIMER] write time_elapsed: 0.000390 s
[INFO] PDC_SERVER[0]: [TIMER] close time_elapsed: 0.000120 s
[INFO] PDC_SERVER[0]: Ran write storage strategy STORE_FLATTENED_REGION_PER_FILE_TRANSFORMATION
[INFO] PDC_SERVER[0]: Executing graph with json filepath /pscratch/sd/n/nlewi26/src/hdf5-zfp-baseline/tf_graphs/compression.json
[INFO] PDC_SERVER[0]: ZFP compression succeeded, compressed size bytes: 282344 bytes
[INFO] PDC_SERVER[0]: [TIMER] zfp_compress time_elapsed: 0.001679 s
[INFO] PDC_SERVER[0]: [TIMER] PDCtf_exec_graph time_elapsed: 0.001685 s
[INFO] PDC_SERVER[0]: [TIMER] open time_elapsed: 0.000196 s
[INFO] PDC_SERVER[0]: [TIMER] write time_elapsed: 0.000460 s
[INFO] PDC_SERVER[0]: [TIMER] close time_elapsed: 0.000101 s
[INFO] PDC_SERVER[0]: Ran write storage strategy STORE_FLATTENED_REGION_PER_FILE_TRANSFORMATION
[INFO] PDC_SERVER[0]: Executing graph with json filepath /pscratch/sd/n/nlewi26/src/hdf5-zfp-baseline/tf_graphs/compression.json
[INFO] PDC_SERVER[0]: ZFP compression succeeded, compressed size bytes: 282344 bytes
[INFO] PDC_SERVER[0]: [TIMER] zfp_compress time_elapsed: 0.001682 s
[INFO] PDC_SERVER[0]: [TIMER] PDCtf_exec_graph time_elapsed: 0.001687 s
[INFO] PDC_SERVER[0]: [TIMER] open time_elapsed: 0.000230 s
[INFO] PDC_SERVER[0]: [TIMER] write time_elapsed: 0.000464 s
[INFO] PDC_SERVER[0]: [TIMER] close time_elapsed: 0.000109 s
[INFO] PDC_SERVER[0]: Ran write storage strategy STORE_FLATTENED_REGION_PER_FILE_TRANSFORMATION
[INFO] PDC_SERVER[0]: Executing graph with json filepath /pscratch/sd/n/nlewi26/src/hdf5-zfp-baseline/tf_graphs/compression.json
[INFO] PDC_SERVER[0]: ZFP compression succeeded, compressed size bytes: 282344 bytes
[INFO] PDC_SERVER[0]: [TIMER] zfp_compress time_elapsed: 0.001697 s
[INFO] PDC_SERVER[0]: [TIMER] PDCtf_exec_graph time_elapsed: 0.001703 s
[INFO] PDC_SERVER[0]: [TIMER] open time_elapsed: 0.000199 s
[INFO] PDC_SERVER[0]: [TIMER] write time_elapsed: 0.000397 s
[INFO] PDC_SERVER[0]: [TIMER] close time_elapsed: 0.000095 s
[INFO] PDC_SERVER[0]: Ran write storage strategy STORE_FLATTENED_REGION_PER_FILE_TRANSFORMATION
[INFO] PDC_SERVER[0]: Executing graph with json filepath /pscratch/sd/n/nlewi26/src/hdf5-zfp-baseline/tf_graphs/compression.json
[INFO] PDC_SERVER[0]: ZFP compression succeeded, compressed size bytes: 282344 bytes
[INFO] PDC_SERVER[0]: [TIMER] zfp_compress time_elapsed: 0.001673 s
[INFO] PDC_SERVER[0]: [TIMER] PDCtf_exec_graph time_elapsed: 0.001678 s
[INFO] PDC_SERVER[0]: [TIMER] open time_elapsed: 0.000227 s
[INFO] PDC_SERVER[0]: [TIMER] write time_elapsed: 0.000393 s
[INFO] PDC_SERVER[0]: [TIMER] close time_elapsed: 0.000098 s
[INFO] PDC_SERVER[0]: Ran write storage strategy STORE_FLATTENED_REGION_PER_FILE_TRANSFORMATION
[INFO] PDC_SERVER[0]: Executing graph with json filepath /pscratch/sd/n/nlewi26/src/hdf5-zfp-baseline/tf_graphs/compression.json
[INFO] PDC_SERVER[0]: ZFP compression succeeded, compressed size bytes: 282344 bytes
[INFO] PDC_SERVER[0]: [TIMER] zfp_compress time_elapsed: 0.001704 s
[INFO] PDC_SERVER[0]: [TIMER] PDCtf_exec_graph time_elapsed: 0.001710 s
[INFO] PDC_SERVER[0]: [TIMER] open time_elapsed: 0.000259 s
[INFO] PDC_SERVER[0]: [TIMER] write time_elapsed: 0.000406 s
[INFO] PDC_SERVER[0]: [TIMER] close time_elapsed: 0.000106 s
[INFO] PDC_SERVER[0]: Ran write storage strategy STORE_FLATTENED_REGION_PER_FILE_TRANSFORMATION
[INFO] PDC_SERVER[0]: Executing graph with json filepath /pscratch/sd/n/nlewi26/src/hdf5-zfp-baseline/tf_graphs/compression.json
[INFO] PDC_SERVER[0]: ZFP compression succeeded, compressed size bytes: 282344 bytes
[INFO] PDC_SERVER[0]: [TIMER] zfp_compress time_elapsed: 0.001667 s
[INFO] PDC_SERVER[0]: [TIMER] PDCtf_exec_graph time_elapsed: 0.001672 s
[INFO] PDC_SERVER[0]: [TIMER] open time_elapsed: 0.000236 s
[INFO] PDC_SERVER[0]: [TIMER] write time_elapsed: 0.000393 s
[INFO] PDC_SERVER[0]: [TIMER] close time_elapsed: 0.000095 s
[INFO] PDC_SERVER[0]: Ran write storage strategy STORE_FLATTENED_REGION_PER_FILE_TRANSFORMATION
[INFO] PDC_SERVER[0]: Executing graph with json filepath /pscratch/sd/n/nlewi26/src/hdf5-zfp-baseline/tf_graphs/compression.json
[INFO] PDC_SERVER[0]: ZFP compression succeeded, compressed size bytes: 282344 bytes
[INFO] PDC_SERVER[0]: [TIMER] zfp_compress time_elapsed: 0.001760 s
[INFO] PDC_SERVER[0]: [TIMER] PDCtf_exec_graph time_elapsed: 0.001766 s
[INFO] PDC_SERVER[0]: [TIMER] open time_elapsed: 0.000199 s
[INFO] PDC_SERVER[0]: [TIMER] write time_elapsed: 0.000431 s
[INFO] PDC_SERVER[0]: [TIMER] close time_elapsed: 0.000119 s
[INFO] PDC_SERVER[0]: Ran write storage strategy STORE_FLATTENED_REGION_PER_FILE_TRANSFORMATION
[INFO] PDC_SERVER[0]: Executing graph with json filepath /pscratch/sd/n/nlewi26/src/hdf5-zfp-baseline/tf_graphs/compression.json
[INFO] PDC_SERVER[0]: ZFP compression succeeded, compressed size bytes: 282344 bytes
[INFO] PDC_SERVER[0]: [TIMER] zfp_compress time_elapsed: 0.001687 s
[INFO] PDC_SERVER[0]: [TIMER] PDCtf_exec_graph time_elapsed: 0.001692 s
[INFO] PDC_SERVER[0]: [TIMER] open time_elapsed: 0.000191 s
[INFO] PDC_SERVER[0]: [TIMER] write time_elapsed: 0.000455 s
[INFO] PDC_SERVER[0]: [TIMER] close time_elapsed: 0.000113 s
[INFO] PDC_SERVER[0]: Ran write storage strategy STORE_FLATTENED_REGION_PER_FILE_TRANSFORMATION
[INFO] PDC_SERVER[0]: Executing graph with json filepath /pscratch/sd/n/nlewi26/src/hdf5-zfp-baseline/tf_graphs/compression.json
[INFO] PDC_SERVER[0]: ZFP compression succeeded, compressed size bytes: 282344 bytes
[INFO] PDC_SERVER[0]: [TIMER] zfp_compress time_elapsed: 0.001688 s
[INFO] PDC_SERVER[0]: [TIMER] PDCtf_exec_graph time_elapsed: 0.001693 s
[INFO] PDC_SERVER[0]: [TIMER] open time_elapsed: 0.000198 s
[INFO] PDC_SERVER[0]: [TIMER] write time_elapsed: 0.000402 s
[INFO] PDC_SERVER[0]: [TIMER] close time_elapsed: 0.000113 s
[INFO] PDC_SERVER[0]: Ran write storage strategy STORE_FLATTENED_REGION_PER_FILE_TRANSFORMATION
[INFO] PDC_SERVER[0]: Executing graph with json filepath /pscratch/sd/n/nlewi26/src/hdf5-zfp-baseline/tf_graphs/compression.json
[INFO] PDC_SERVER[0]: ZFP compression succeeded, compressed size bytes: 282344 bytes
[INFO] PDC_SERVER[0]: [TIMER] zfp_compress time_elapsed: 0.001680 s
[INFO] PDC_SERVER[0]: [TIMER] PDCtf_exec_graph time_elapsed: 0.001684 s
[INFO] PDC_SERVER[0]: [TIMER] open time_elapsed: 0.000191 s
[INFO] PDC_SERVER[0]: [TIMER] write time_elapsed: 0.000489 s
[INFO] PDC_SERVER[0]: [TIMER] close time_elapsed: 0.000113 s
[INFO] PDC_SERVER[0]: Ran write storage strategy STORE_FLATTENED_REGION_PER_FILE_TRANSFORMATION
[INFO] PDC_SERVER[0]: Executing graph with json filepath /pscratch/sd/n/nlewi26/src/hdf5-zfp-baseline/tf_graphs/compression.json
[INFO] PDC_SERVER[0]: ZFP compression succeeded, compressed size bytes: 282344 bytes
[INFO] PDC_SERVER[0]: [TIMER] zfp_compress time_elapsed: 0.001664 s
[INFO] PDC_SERVER[0]: [TIMER] PDCtf_exec_graph time_elapsed: 0.001670 s
[INFO] PDC_SERVER[0]: [TIMER] open time_elapsed: 0.001896 s
[INFO] PDC_SERVER[0]: [TIMER] write time_elapsed: 0.000271 s
[INFO] PDC_SERVER[0]: [TIMER] close time_elapsed: 0.000097 s
[INFO] PDC_SERVER[0]: Ran write storage strategy STORE_FLATTENED_REGION_PER_FILE_TRANSFORMATION
[INFO] PDC_SERVER[0]: Executing graph with json filepath /pscratch/sd/n/nlewi26/src/hdf5-zfp-baseline/tf_graphs/compression.json
[INFO] PDC_SERVER[0]: ZFP compression succeeded, compressed size bytes: 282344 bytes
[INFO] PDC_SERVER[0]: [TIMER] zfp_compress time_elapsed: 0.001665 s
[INFO] PDC_SERVER[0]: [TIMER] PDCtf_exec_graph time_elapsed: 0.001670 s
[INFO] PDC_SERVER[0]: [TIMER] open time_elapsed: 0.002137 s
[INFO] PDC_SERVER[0]: [TIMER] write time_elapsed: 0.000273 s
[INFO] PDC_SERVER[0]: [TIMER] close time_elapsed: 0.000096 s
[INFO] PDC_SERVER[0]: Ran write storage strategy STORE_FLATTENED_REGION_PER_FILE_TRANSFORMATION
[INFO] PDC_SERVER[0]: Executing graph with json filepath /pscratch/sd/n/nlewi26/src/hdf5-zfp-baseline/tf_graphs/compression.json
[INFO] PDC_SERVER[0]: ZFP compression succeeded, compressed size bytes: 282344 bytes
[INFO] PDC_SERVER[0]: [TIMER] zfp_compress time_elapsed: 0.001671 s
[INFO] PDC_SERVER[0]: [TIMER] PDCtf_exec_graph time_elapsed: 0.001676 s
[INFO] PDC_SERVER[0]: [TIMER] open time_elapsed: 0.002220 s
[INFO] PDC_SERVER[0]: [TIMER] write time_elapsed: 0.000268 s
[INFO] PDC_SERVER[0]: [TIMER] close time_elapsed: 0.000095 s
[INFO] PDC_SERVER[0]: Ran write storage strategy STORE_FLATTENED_REGION_PER_FILE_TRANSFORMATION
[INFO] PDC_SERVER[0]: Executing graph with json filepath /pscratch/sd/n/nlewi26/src/hdf5-zfp-baseline/tf_graphs/compression.json
[INFO] PDC_SERVER[0]: ZFP compression succeeded, compressed size bytes: 282344 bytes
[INFO] PDC_SERVER[0]: [TIMER] zfp_compress time_elapsed: 0.001663 s
[INFO] PDC_SERVER[0]: [TIMER] PDCtf_exec_graph time_elapsed: 0.001668 s
[INFO] PDC_SERVER[0]: [TIMER] open time_elapsed: 0.002435 s
[INFO] PDC_SERVER[0]: [TIMER] write time_elapsed: 0.000277 s
[INFO] PDC_SERVER[0]: [TIMER] close time_elapsed: 0.000092 s
[INFO] PDC_SERVER[0]: Ran write storage strategy STORE_FLATTENED_REGION_PER_FILE_TRANSFORMATION
[INFO] PDC_SERVER[0]: Executing graph with json filepath /pscratch/sd/n/nlewi26/src/hdf5-zfp-baseline/tf_graphs/compression.json
[INFO] PDC_SERVER[0]: ZFP compression succeeded, compressed size bytes: 282344 bytes
[INFO] PDC_SERVER[0]: [TIMER] zfp_compress time_elapsed: 0.001744 s
[INFO] PDC_SERVER[0]: [TIMER] PDCtf_exec_graph time_elapsed: 0.001751 s
[INFO] PDC_SERVER[0]: [TIMER] open time_elapsed: 0.002502 s
[INFO] PDC_SERVER[0]: [TIMER] write time_elapsed: 0.000271 s
[INFO] PDC_SERVER[0]: [TIMER] close time_elapsed: 0.000098 s
[INFO] PDC_SERVER[0]: Ran write storage strategy STORE_FLATTENED_REGION_PER_FILE_TRANSFORMATION
[INFO] PDC_SERVER[0]: Executing graph with json filepath /pscratch/sd/n/nlewi26/src/hdf5-zfp-baseline/tf_graphs/compression.json
[INFO] PDC_SERVER[0]: ZFP compression succeeded, compressed size bytes: 282344 bytes
[INFO] PDC_SERVER[0]: [TIMER] zfp_compress time_elapsed: 0.001693 s
[INFO] PDC_SERVER[0]: [TIMER] PDCtf_exec_graph time_elapsed: 0.001698 s
[INFO] PDC_SERVER[0]: [TIMER] open time_elapsed: 0.002128 s
[INFO] PDC_SERVER[0]: [TIMER] write time_elapsed: 0.000270 s
[INFO] PDC_SERVER[0]: [TIMER] close time_elapsed: 0.000097 s
[INFO] PDC_SERVER[0]: Ran write storage strategy STORE_FLATTENED_REGION_PER_FILE_TRANSFORMATION
[INFO] PDC_SERVER[0]: Executing graph with json filepath /pscratch/sd/n/nlewi26/src/hdf5-zfp-baseline/tf_graphs/compression.json
[INFO] PDC_SERVER[0]: ZFP compression succeeded, compressed size bytes: 282344 bytes
[INFO] PDC_SERVER[0]: [TIMER] zfp_compress time_elapsed: 0.001666 s
[INFO] PDC_SERVER[0]: [TIMER] PDCtf_exec_graph time_elapsed: 0.001671 s
[INFO] PDC_SERVER[0]: [TIMER] open time_elapsed: 0.001586 s
[INFO] PDC_SERVER[0]: [TIMER] write time_elapsed: 0.000283 s
[INFO] PDC_SERVER[0]: [TIMER] close time_elapsed: 0.000103 s
[INFO] PDC_SERVER[0]: Ran write storage strategy STORE_FLATTENED_REGION_PER_FILE_TRANSFORMATION
[INFO] PDC_SERVER[0]: Executing graph with json filepath /pscratch/sd/n/nlewi26/src/hdf5-zfp-baseline/tf_graphs/compression.json
[INFO] PDC_SERVER[0]: ZFP compression succeeded, compressed size bytes: 282344 bytes
[INFO] PDC_SERVER[0]: [TIMER] zfp_compress time_elapsed: 0.001671 s
[INFO] PDC_SERVER[0]: [TIMER] PDCtf_exec_graph time_elapsed: 0.001676 s
[INFO] PDC_SERVER[0]: [TIMER] open time_elapsed: 0.001722 s
[INFO] PDC_SERVER[0]: [TIMER] write time_elapsed: 0.000286 s
[INFO] PDC_SERVER[0]: [TIMER] close time_elapsed: 0.000101 s
[INFO] PDC_SERVER[0]: Ran write storage strategy STORE_FLATTENED_REGION_PER_FILE_TRANSFORMATION
[INFO] PDC_SERVER[0]: Executing graph with json filepath /pscratch/sd/n/nlewi26/src/hdf5-zfp-baseline/tf_graphs/compression.json
[INFO] PDC_SERVER[0]: ZFP compression succeeded, compressed size bytes: 282344 bytes
[INFO] PDC_SERVER[0]: [TIMER] zfp_compress time_elapsed: 0.001676 s
[INFO] PDC_SERVER[0]: [TIMER] PDCtf_exec_graph time_elapsed: 0.001682 s
[INFO] PDC_SERVER[0]: [TIMER] open time_elapsed: 0.000216 s
[INFO] PDC_SERVER[0]: [TIMER] write time_elapsed: 0.000407 s
[INFO] PDC_SERVER[0]: [TIMER] close time_elapsed: 0.000106 s
[INFO] PDC_SERVER[0]: Ran write storage strategy STORE_FLATTENED_REGION_PER_FILE_TRANSFORMATION
[INFO] PDC_SERVER[0]: Executing graph with json filepath /pscratch/sd/n/nlewi26/src/hdf5-zfp-baseline/tf_graphs/compression.json
[INFO] PDC_SERVER[0]: ZFP compression succeeded, compressed size bytes: 282344 bytes
[INFO] PDC_SERVER[0]: [TIMER] zfp_compress time_elapsed: 0.001681 s
[INFO] PDC_SERVER[0]: [TIMER] PDCtf_exec_graph time_elapsed: 0.001685 s
[INFO] PDC_SERVER[0]: [TIMER] open time_elapsed: 0.000213 s
[INFO] PDC_SERVER[0]: [TIMER] write time_elapsed: 0.000474 s
[INFO] PDC_SERVER[0]: [TIMER] close time_elapsed: 0.000102 s
[INFO] PDC_SERVER[0]: Ran write storage strategy STORE_FLATTENED_REGION_PER_FILE_TRANSFORMATION
[INFO] PDC_SERVER[0]: Executing graph with json filepath /pscratch/sd/n/nlewi26/src/hdf5-zfp-baseline/tf_graphs/compression.json
[INFO] PDC_SERVER[0]: ZFP compression succeeded, compressed size bytes: 282344 bytes
[INFO] PDC_SERVER[0]: [TIMER] zfp_compress time_elapsed: 0.001722 s
[INFO] PDC_SERVER[0]: [TIMER] PDCtf_exec_graph time_elapsed: 0.001727 s
[INFO] PDC_SERVER[0]: [TIMER] open time_elapsed: 0.000242 s
[INFO] PDC_SERVER[0]: [TIMER] write time_elapsed: 0.000460 s
[INFO] PDC_SERVER[0]: [TIMER] close time_elapsed: 0.000103 s
[INFO] PDC_SERVER[0]: Ran write storage strategy STORE_FLATTENED_REGION_PER_FILE_TRANSFORMATION
[INFO] PDC_SERVER[0]: Executing graph with json filepath /pscratch/sd/n/nlewi26/src/hdf5-zfp-baseline/tf_graphs/compression.json
[INFO] PDC_SERVER[0]: ZFP compression succeeded, compressed size bytes: 282344 bytes
[INFO] PDC_SERVER[0]: [TIMER] zfp_compress time_elapsed: 0.001671 s
[INFO] PDC_SERVER[0]: [TIMER] PDCtf_exec_graph time_elapsed: 0.001675 s
[INFO] PDC_SERVER[0]: [TIMER] open time_elapsed: 0.000260 s
[INFO] PDC_SERVER[0]: [TIMER] write time_elapsed: 0.000461 s
[INFO] PDC_SERVER[0]: [TIMER] close time_elapsed: 0.000103 s
[INFO] PDC_SERVER[0]: Ran write storage strategy STORE_FLATTENED_REGION_PER_FILE_TRANSFORMATION
[INFO] PDC_SERVER[0]: Executing graph with json filepath /pscratch/sd/n/nlewi26/src/hdf5-zfp-baseline/tf_graphs/compression.json
[INFO] PDC_SERVER[0]: ZFP compression succeeded, compressed size bytes: 282344 bytes
[INFO] PDC_SERVER[0]: [TIMER] zfp_compress time_elapsed: 0.001706 s
[INFO] PDC_SERVER[0]: [TIMER] PDCtf_exec_graph time_elapsed: 0.001712 s
[INFO] PDC_SERVER[0]: [TIMER] open time_elapsed: 0.001752 s
[INFO] PDC_SERVER[0]: [TIMER] write time_elapsed: 0.000299 s
[INFO] PDC_SERVER[0]: [TIMER] close time_elapsed: 0.000098 s
[INFO] PDC_SERVER[0]: Ran write storage strategy STORE_FLATTENED_REGION_PER_FILE_TRANSFORMATION
[INFO] PDC_SERVER[0]: Executing graph with json filepath /pscratch/sd/n/nlewi26/src/hdf5-zfp-baseline/tf_graphs/compression.json
[INFO] PDC_SERVER[0]: ZFP compression succeeded, compressed size bytes: 282344 bytes
[INFO] PDC_SERVER[0]: [TIMER] zfp_compress time_elapsed: 0.001675 s
[INFO] PDC_SERVER[0]: [TIMER] PDCtf_exec_graph time_elapsed: 0.001680 s
[INFO] PDC_SERVER[0]: [TIMER] open time_elapsed: 0.001591 s
[INFO] PDC_SERVER[0]: [TIMER] write time_elapsed: 0.000286 s
[INFO] PDC_SERVER[0]: [TIMER] close time_elapsed: 0.000097 s
[INFO] PDC_SERVER[0]: Ran write storage strategy STORE_FLATTENED_REGION_PER_FILE_TRANSFORMATION
[INFO] PDC_SERVER[0]: Executing graph with json filepath /pscratch/sd/n/nlewi26/src/hdf5-zfp-baseline/tf_graphs/compression.json
[INFO] PDC_SERVER[0]: ZFP compression succeeded, compressed size bytes: 282344 bytes
[INFO] PDC_SERVER[0]: [TIMER] zfp_compress time_elapsed: 0.001688 s
[INFO] PDC_SERVER[0]: [TIMER] PDCtf_exec_graph time_elapsed: 0.001693 s
[INFO] PDC_SERVER[0]: [TIMER] open time_elapsed: 0.001575 s
[INFO] PDC_SERVER[0]: [TIMER] write time_elapsed: 0.000285 s
[INFO] PDC_SERVER[0]: [TIMER] close time_elapsed: 0.000091 s
[INFO] PDC_SERVER[0]: Ran write storage strategy STORE_FLATTENED_REGION_PER_FILE_TRANSFORMATION
[INFO] PDC_SERVER[0]: Executing graph with json filepath /pscratch/sd/n/nlewi26/src/hdf5-zfp-baseline/tf_graphs/compression.json
[INFO] PDC_SERVER[0]: ZFP compression succeeded, compressed size bytes: 282344 bytes
[INFO] PDC_SERVER[0]: [TIMER] zfp_compress time_elapsed: 0.001690 s
[INFO] PDC_SERVER[0]: [TIMER] PDCtf_exec_graph time_elapsed: 0.001695 s
[INFO] PDC_SERVER[0]: [TIMER] open time_elapsed: 0.002416 s
[INFO] PDC_SERVER[0]: [TIMER] write time_elapsed: 0.000297 s
[INFO] PDC_SERVER[0]: [TIMER] close time_elapsed: 0.000095 s
[INFO] PDC_SERVER[0]: Ran write storage strategy STORE_FLATTENED_REGION_PER_FILE_TRANSFORMATION
[INFO] PDC_SERVER[0]: [TIMER] open time_elapsed: 0.000410 s
[INFO] PDC_SERVER[0]: [TIMER] read time_elapsed: 0.000158 s
[INFO] PDC_SERVER[0]: [TIMER] close time_elapsed: 0.000151 s
[INFO] PDC_SERVER[0]: Executing graph with json filepath /pscratch/sd/n/nlewi26/src/hdf5-zfp-baseline/tf_graphs/compression.json
[INFO] PDC_SERVER[0]: [TIMER] zfp_decompress time_elapsed: 0.002529 s
[INFO] PDC_SERVER[0]: [TIMER] PDCtf_exec_graph time_elapsed: 0.002536 s
[INFO] PDC_SERVER[0]: Ran read storage strategy STORE_FLATTENED_REGION_PER_FILE_TRANSFORMATION
[INFO] PDC_SERVER[0]: [TIMER] open time_elapsed: 0.000194 s
[INFO] PDC_SERVER[0]: [TIMER] read time_elapsed: 0.000154 s
[INFO] PDC_SERVER[0]: [TIMER] close time_elapsed: 0.000117 s
[INFO] PDC_SERVER[0]: Executing graph with json filepath /pscratch/sd/n/nlewi26/src/hdf5-zfp-baseline/tf_graphs/compression.json
[INFO] PDC_SERVER[0]: [TIMER] zfp_decompress time_elapsed: 0.002518 s
[INFO] PDC_SERVER[0]: [TIMER] PDCtf_exec_graph time_elapsed: 0.002525 s
[INFO] PDC_SERVER[0]: Ran read storage strategy STORE_FLATTENED_REGION_PER_FILE_TRANSFORMATION
[INFO] PDC_SERVER[0]: [TIMER] open time_elapsed: 0.000184 s
[INFO] PDC_SERVER[0]: [TIMER] read time_elapsed: 0.000032 s
[INFO] PDC_SERVER[0]: [TIMER] close time_elapsed: 0.000114 s
[INFO] PDC_SERVER[0]: Executing graph with json filepath /pscratch/sd/n/nlewi26/src/hdf5-zfp-baseline/tf_graphs/compression.json
[INFO] PDC_SERVER[0]: [TIMER] zfp_decompress time_elapsed: 0.002402 s
[INFO] PDC_SERVER[0]: [TIMER] PDCtf_exec_graph time_elapsed: 0.002408 s
[INFO] PDC_SERVER[0]: Ran read storage strategy STORE_FLATTENED_REGION_PER_FILE_TRANSFORMATION
[INFO] PDC_SERVER[0]: [TIMER] open time_elapsed: 0.000178 s
[INFO] PDC_SERVER[0]: [TIMER] read time_elapsed: 0.000033 s
[INFO] PDC_SERVER[0]: [TIMER] close time_elapsed: 0.000113 s
[INFO] PDC_SERVER[0]: Executing graph with json filepath /pscratch/sd/n/nlewi26/src/hdf5-zfp-baseline/tf_graphs/compression.json
[INFO] PDC_SERVER[0]: [TIMER] zfp_decompress time_elapsed: 0.002374 s
[INFO] PDC_SERVER[0]: [TIMER] PDCtf_exec_graph time_elapsed: 0.002380 s
[INFO] PDC_SERVER[0]: Ran read storage strategy STORE_FLATTENED_REGION_PER_FILE_TRANSFORMATION
[INFO] PDC_SERVER[0]: [TIMER] open time_elapsed: 0.000198 s
[INFO] PDC_SERVER[0]: [TIMER] read time_elapsed: 0.000030 s
[INFO] PDC_SERVER[0]: [TIMER] close time_elapsed: 0.000086 s
[INFO] PDC_SERVER[0]: Executing graph with json filepath /pscratch/sd/n/nlewi26/src/hdf5-zfp-baseline/tf_graphs/compression.json
[INFO] PDC_SERVER[0]: [TIMER] zfp_decompress time_elapsed: 0.002406 s
[INFO] PDC_SERVER[0]: [TIMER] PDCtf_exec_graph time_elapsed: 0.002418 s
[INFO] PDC_SERVER[0]: Ran read storage strategy STORE_FLATTENED_REGION_PER_FILE_TRANSFORMATION
[INFO] PDC_SERVER[0]: [TIMER] open time_elapsed: 0.000163 s
[INFO] PDC_SERVER[0]: [TIMER] read time_elapsed: 0.000030 s
[INFO] PDC_SERVER[0]: [TIMER] close time_elapsed: 0.000104 s
[INFO] PDC_SERVER[0]: Executing graph with json filepath /pscratch/sd/n/nlewi26/src/hdf5-zfp-baseline/tf_graphs/compression.json
[INFO] PDC_SERVER[0]: [TIMER] zfp_decompress time_elapsed: 0.002390 s
[INFO] PDC_SERVER[0]: [TIMER] PDCtf_exec_graph time_elapsed: 0.002401 s
[INFO] PDC_SERVER[0]: Ran read storage strategy STORE_FLATTENED_REGION_PER_FILE_TRANSFORMATION
[INFO] PDC_SERVER[0]: [TIMER] open time_elapsed: 0.000164 s
[INFO] PDC_SERVER[0]: [TIMER] read time_elapsed: 0.000033 s
[INFO] PDC_SERVER[0]: [TIMER] close time_elapsed: 0.000119 s
[INFO] PDC_SERVER[0]: Executing graph with json filepath /pscratch/sd/n/nlewi26/src/hdf5-zfp-baseline/tf_graphs/compression.json
[INFO] PDC_SERVER[0]: [TIMER] zfp_decompress time_elapsed: 0.002368 s
[INFO] PDC_SERVER[0]: [TIMER] PDCtf_exec_graph time_elapsed: 0.002375 s
[INFO] PDC_SERVER[0]: Ran read storage strategy STORE_FLATTENED_REGION_PER_FILE_TRANSFORMATION
[INFO] PDC_SERVER[0]: [TIMER] open time_elapsed: 0.000158 s
[INFO] PDC_SERVER[0]: [TIMER] read time_elapsed: 0.000032 s
[INFO] PDC_SERVER[0]: [TIMER] close time_elapsed: 0.000107 s
[INFO] PDC_SERVER[0]: Executing graph with json filepath /pscratch/sd/n/nlewi26/src/hdf5-zfp-baseline/tf_graphs/compression.json
[INFO] PDC_SERVER[0]: [TIMER] zfp_decompress time_elapsed: 0.002380 s
[INFO] PDC_SERVER[0]: [TIMER] PDCtf_exec_graph time_elapsed: 0.002387 s
[INFO] PDC_SERVER[0]: Ran read storage strategy STORE_FLATTENED_REGION_PER_FILE_TRANSFORMATION
[INFO] PDC_SERVER[0]: [TIMER] open time_elapsed: 0.000236 s
[INFO] PDC_SERVER[0]: [TIMER] read time_elapsed: 0.000033 s
[INFO] PDC_SERVER[0]: [TIMER] close time_elapsed: 0.000143 s
[INFO] PDC_SERVER[0]: Executing graph with json filepath /pscratch/sd/n/nlewi26/src/hdf5-zfp-baseline/tf_graphs/compression.json
[INFO] PDC_SERVER[0]: [TIMER] zfp_decompress time_elapsed: 0.002405 s
[INFO] PDC_SERVER[0]: [TIMER] PDCtf_exec_graph time_elapsed: 0.002412 s
[INFO] PDC_SERVER[0]: Ran read storage strategy STORE_FLATTENED_REGION_PER_FILE_TRANSFORMATION
[INFO] PDC_SERVER[0]: [TIMER] open time_elapsed: 0.000208 s
[INFO] PDC_SERVER[0]: [TIMER] read time_elapsed: 0.000034 s
[INFO] PDC_SERVER[0]: [TIMER] close time_elapsed: 0.000112 s
[INFO] PDC_SERVER[0]: Executing graph with json filepath /pscratch/sd/n/nlewi26/src/hdf5-zfp-baseline/tf_graphs/compression.json
[INFO] PDC_SERVER[0]: [TIMER] zfp_decompress time_elapsed: 0.002357 s
[INFO] PDC_SERVER[0]: [TIMER] PDCtf_exec_graph time_elapsed: 0.002362 s
[INFO] PDC_SERVER[0]: Ran read storage strategy STORE_FLATTENED_REGION_PER_FILE_TRANSFORMATION
[INFO] PDC_SERVER[0]: [TIMER] open time_elapsed: 0.000213 s
[INFO] PDC_SERVER[0]: [TIMER] read time_elapsed: 0.000033 s
[INFO] PDC_SERVER[0]: [TIMER] close time_elapsed: 0.000112 s
[INFO] PDC_SERVER[0]: Executing graph with json filepath /pscratch/sd/n/nlewi26/src/hdf5-zfp-baseline/tf_graphs/compression.json
[INFO] PDC_SERVER[0]: [TIMER] zfp_decompress time_elapsed: 0.002358 s
[INFO] PDC_SERVER[0]: [TIMER] PDCtf_exec_graph time_elapsed: 0.002364 s
[INFO] PDC_SERVER[0]: Ran read storage strategy STORE_FLATTENED_REGION_PER_FILE_TRANSFORMATION
[INFO] PDC_SERVER[0]: [TIMER] open time_elapsed: 0.000176 s
[INFO] PDC_SERVER[0]: [TIMER] read time_elapsed: 0.000033 s
[INFO] PDC_SERVER[0]: [TIMER] close time_elapsed: 0.000114 s
[INFO] PDC_SERVER[0]: Executing graph with json filepath /pscratch/sd/n/nlewi26/src/hdf5-zfp-baseline/tf_graphs/compression.json
[INFO] PDC_SERVER[0]: [TIMER] zfp_decompress time_elapsed: 0.002385 s
[INFO] PDC_SERVER[0]: [TIMER] PDCtf_exec_graph time_elapsed: 0.002391 s
[INFO] PDC_SERVER[0]: Ran read storage strategy STORE_FLATTENED_REGION_PER_FILE_TRANSFORMATION
[INFO] PDC_SERVER[0]: [TIMER] open time_elapsed: 0.000206 s
[INFO] PDC_SERVER[0]: [TIMER] read time_elapsed: 0.000072 s
[INFO] PDC_SERVER[0]: [TIMER] close time_elapsed: 0.000096 s
[INFO] PDC_SERVER[0]: Executing graph with json filepath /pscratch/sd/n/nlewi26/src/hdf5-zfp-baseline/tf_graphs/compression.json
[INFO] PDC_SERVER[0]: [TIMER] zfp_decompress time_elapsed: 0.002415 s
[INFO] PDC_SERVER[0]: [TIMER] PDCtf_exec_graph time_elapsed: 0.002422 s
[INFO] PDC_SERVER[0]: Ran read storage strategy STORE_FLATTENED_REGION_PER_FILE_TRANSFORMATION
[INFO] PDC_SERVER[0]: [TIMER] open time_elapsed: 0.000168 s
[INFO] PDC_SERVER[0]: [TIMER] read time_elapsed: 0.000035 s
[INFO] PDC_SERVER[0]: [TIMER] close time_elapsed: 0.000095 s
[INFO] PDC_SERVER[0]: Executing graph with json filepath /pscratch/sd/n/nlewi26/src/hdf5-zfp-baseline/tf_graphs/compression.json
[INFO] PDC_SERVER[0]: [TIMER] zfp_decompress time_elapsed: 0.002350 s
[INFO] PDC_SERVER[0]: [TIMER] PDCtf_exec_graph time_elapsed: 0.002355 s
[INFO] PDC_SERVER[0]: Ran read storage strategy STORE_FLATTENED_REGION_PER_FILE_TRANSFORMATION
[INFO] PDC_SERVER[0]: [TIMER] open time_elapsed: 0.000148 s
[INFO] PDC_SERVER[0]: [TIMER] read time_elapsed: 0.000034 s
[INFO] PDC_SERVER[0]: [TIMER] close time_elapsed: 0.000112 s
[INFO] PDC_SERVER[0]: Executing graph with json filepath /pscratch/sd/n/nlewi26/src/hdf5-zfp-baseline/tf_graphs/compression.json
[INFO] PDC_SERVER[0]: [TIMER] zfp_decompress time_elapsed: 0.002582 s
[INFO] PDC_SERVER[0]: [TIMER] PDCtf_exec_graph time_elapsed: 0.002593 s
[INFO] PDC_SERVER[0]: Ran read storage strategy STORE_FLATTENED_REGION_PER_FILE_TRANSFORMATION
[INFO] PDC_SERVER[0]: [TIMER] open time_elapsed: 0.000169 s
[INFO] PDC_SERVER[0]: [TIMER] read time_elapsed: 0.000035 s
[INFO] PDC_SERVER[0]: [TIMER] close time_elapsed: 0.000120 s
[INFO] PDC_SERVER[0]: Executing graph with json filepath /pscratch/sd/n/nlewi26/src/hdf5-zfp-baseline/tf_graphs/compression.json
[INFO] PDC_SERVER[0]: [TIMER] zfp_decompress time_elapsed: 0.002387 s
[INFO] PDC_SERVER[0]: [TIMER] PDCtf_exec_graph time_elapsed: 0.002395 s
[INFO] PDC_SERVER[0]: Ran read storage strategy STORE_FLATTENED_REGION_PER_FILE_TRANSFORMATION
[INFO] PDC_SERVER[0]: [TIMER] open time_elapsed: 0.000213 s
[INFO] PDC_SERVER[0]: [TIMER] read time_elapsed: 0.000035 s
[INFO] PDC_SERVER[0]: [TIMER] close time_elapsed: 0.000118 s
[INFO] PDC_SERVER[0]: Executing graph with json filepath /pscratch/sd/n/nlewi26/src/hdf5-zfp-baseline/tf_graphs/compression.json
[INFO] PDC_SERVER[0]: [TIMER] zfp_decompress time_elapsed: 0.002387 s
[INFO] PDC_SERVER[0]: [TIMER] PDCtf_exec_graph time_elapsed: 0.002393 s
[INFO] PDC_SERVER[0]: Ran read storage strategy STORE_FLATTENED_REGION_PER_FILE_TRANSFORMATION
[INFO] PDC_SERVER[0]: [TIMER] open time_elapsed: 0.000163 s
[INFO] PDC_SERVER[0]: [TIMER] read time_elapsed: 0.000032 s
[INFO] PDC_SERVER[0]: [TIMER] close time_elapsed: 0.000111 s
[INFO] PDC_SERVER[0]: Executing graph with json filepath /pscratch/sd/n/nlewi26/src/hdf5-zfp-baseline/tf_graphs/compression.json
[INFO] PDC_SERVER[0]: [TIMER] zfp_decompress time_elapsed: 0.002398 s
[INFO] PDC_SERVER[0]: [TIMER] PDCtf_exec_graph time_elapsed: 0.002404 s
[INFO] PDC_SERVER[0]: Ran read storage strategy STORE_FLATTENED_REGION_PER_FILE_TRANSFORMATION
[INFO] PDC_SERVER[0]: [TIMER] open time_elapsed: 0.000191 s
[INFO] PDC_SERVER[0]: [TIMER] read time_elapsed: 0.000035 s
[INFO] PDC_SERVER[0]: [TIMER] close time_elapsed: 0.000118 s
[INFO] PDC_SERVER[0]: Executing graph with json filepath /pscratch/sd/n/nlewi26/src/hdf5-zfp-baseline/tf_graphs/compression.json
[INFO] PDC_SERVER[0]: [TIMER] zfp_decompress time_elapsed: 0.002374 s
[INFO] PDC_SERVER[0]: [TIMER] PDCtf_exec_graph time_elapsed: 0.002383 s
[INFO] PDC_SERVER[0]: Ran read storage strategy STORE_FLATTENED_REGION_PER_FILE_TRANSFORMATION
[INFO] PDC_SERVER[0]: [TIMER] open time_elapsed: 0.000198 s
[INFO] PDC_SERVER[0]: [TIMER] read time_elapsed: 0.000033 s
[INFO] PDC_SERVER[0]: [TIMER] close time_elapsed: 0.000127 s
[INFO] PDC_SERVER[0]: Executing graph with json filepath /pscratch/sd/n/nlewi26/src/hdf5-zfp-baseline/tf_graphs/compression.json
[INFO] PDC_SERVER[0]: [TIMER] zfp_decompress time_elapsed: 0.002395 s
[INFO] PDC_SERVER[0]: [TIMER] PDCtf_exec_graph time_elapsed: 0.002403 s
[INFO] PDC_SERVER[0]: Ran read storage strategy STORE_FLATTENED_REGION_PER_FILE_TRANSFORMATION
[INFO] PDC_SERVER[0]: [TIMER] open time_elapsed: 0.000196 s
[INFO] PDC_SERVER[0]: [TIMER] read time_elapsed: 0.000035 s
[INFO] PDC_SERVER[0]: [TIMER] close time_elapsed: 0.000134 s
[INFO] PDC_SERVER[0]: Executing graph with json filepath /pscratch/sd/n/nlewi26/src/hdf5-zfp-baseline/tf_graphs/compression.json
[INFO] PDC_SERVER[0]: [TIMER] zfp_decompress time_elapsed: 0.002378 s
[INFO] PDC_SERVER[0]: [TIMER] PDCtf_exec_graph time_elapsed: 0.002385 s
[INFO] PDC_SERVER[0]: Ran read storage strategy STORE_FLATTENED_REGION_PER_FILE_TRANSFORMATION
[INFO] PDC_SERVER[0]: [TIMER] open time_elapsed: 0.000174 s
[INFO] PDC_SERVER[0]: [TIMER] read time_elapsed: 0.000035 s
[INFO] PDC_SERVER[0]: [TIMER] close time_elapsed: 0.000122 s
[INFO] PDC_SERVER[0]: Executing graph with json filepath /pscratch/sd/n/nlewi26/src/hdf5-zfp-baseline/tf_graphs/compression.json
[INFO] PDC_SERVER[0]: [TIMER] zfp_decompress time_elapsed: 0.002369 s
[INFO] PDC_SERVER[0]: [TIMER] PDCtf_exec_graph time_elapsed: 0.002377 s
[INFO] PDC_SERVER[0]: Ran read storage strategy STORE_FLATTENED_REGION_PER_FILE_TRANSFORMATION
[INFO] PDC_SERVER[0]: [TIMER] open time_elapsed: 0.000137 s
[INFO] PDC_SERVER[0]: [TIMER] read time_elapsed: 0.000038 s
[INFO] PDC_SERVER[0]: [TIMER] close time_elapsed: 0.000142 s
[INFO] PDC_SERVER[0]: Executing graph with json filepath /pscratch/sd/n/nlewi26/src/hdf5-zfp-baseline/tf_graphs/compression.json
[INFO] PDC_SERVER[0]: [TIMER] zfp_decompress time_elapsed: 0.002353 s
[INFO] PDC_SERVER[0]: [TIMER] PDCtf_exec_graph time_elapsed: 0.002358 s
[INFO] PDC_SERVER[0]: Ran read storage strategy STORE_FLATTENED_REGION_PER_FILE_TRANSFORMATION
[INFO] PDC_SERVER[0]: [TIMER] open time_elapsed: 0.000172 s
[INFO] PDC_SERVER[0]: [TIMER] read time_elapsed: 0.000046 s
[INFO] PDC_SERVER[0]: [TIMER] close time_elapsed: 0.000101 s
[INFO] PDC_SERVER[0]: Executing graph with json filepath /pscratch/sd/n/nlewi26/src/hdf5-zfp-baseline/tf_graphs/compression.json
[INFO] PDC_SERVER[0]: [TIMER] zfp_decompress time_elapsed: 0.002362 s
[INFO] PDC_SERVER[0]: [TIMER] PDCtf_exec_graph time_elapsed: 0.002371 s
[INFO] PDC_SERVER[0]: Ran read storage strategy STORE_FLATTENED_REGION_PER_FILE_TRANSFORMATION
[INFO] PDC_SERVER[0]: [TIMER] open time_elapsed: 0.000169 s
[INFO] PDC_SERVER[0]: [TIMER] read time_elapsed: 0.000048 s
[INFO] PDC_SERVER[0]: [TIMER] close time_elapsed: 0.000096 s
[INFO] PDC_SERVER[0]: Executing graph with json filepath /pscratch/sd/n/nlewi26/src/hdf5-zfp-baseline/tf_graphs/compression.json
[INFO] PDC_SERVER[0]: [TIMER] zfp_decompress time_elapsed: 0.002377 s
[INFO] PDC_SERVER[0]: [TIMER] PDCtf_exec_graph time_elapsed: 0.002384 s
[INFO] PDC_SERVER[0]: Ran read storage strategy STORE_FLATTENED_REGION_PER_FILE_TRANSFORMATION
[INFO] PDC_SERVER[0]: [TIMER] open time_elapsed: 0.000179 s
[INFO] PDC_SERVER[0]: [TIMER] read time_elapsed: 0.000036 s
[INFO] PDC_SERVER[0]: [TIMER] close time_elapsed: 0.000107 s
[INFO] PDC_SERVER[0]: Executing graph with json filepath /pscratch/sd/n/nlewi26/src/hdf5-zfp-baseline/tf_graphs/compression.json
[INFO] PDC_SERVER[0]: [TIMER] zfp_decompress time_elapsed: 0.002359 s
[INFO] PDC_SERVER[0]: [TIMER] PDCtf_exec_graph time_elapsed: 0.002365 s
[INFO] PDC_SERVER[0]: Ran read storage strategy STORE_FLATTENED_REGION_PER_FILE_TRANSFORMATION
[INFO] PDC_SERVER[0]: [TIMER] open time_elapsed: 0.000177 s
[INFO] PDC_SERVER[0]: [TIMER] read time_elapsed: 0.000035 s
[INFO] PDC_SERVER[0]: [TIMER] close time_elapsed: 0.000109 s
[INFO] PDC_SERVER[0]: Executing graph with json filepath /pscratch/sd/n/nlewi26/src/hdf5-zfp-baseline/tf_graphs/compression.json
[INFO] PDC_SERVER[0]: [TIMER] zfp_decompress time_elapsed: 0.002390 s
[INFO] PDC_SERVER[0]: [TIMER] PDCtf_exec_graph time_elapsed: 0.002395 s
[INFO] PDC_SERVER[0]: Ran read storage strategy STORE_FLATTENED_REGION_PER_FILE_TRANSFORMATION
[INFO] PDC_SERVER[0]: [TIMER] open time_elapsed: 0.000176 s
[INFO] PDC_SERVER[0]: [TIMER] read time_elapsed: 0.000034 s
[INFO] PDC_SERVER[0]: [TIMER] close time_elapsed: 0.000106 s
[INFO] PDC_SERVER[0]: Executing graph with json filepath /pscratch/sd/n/nlewi26/src/hdf5-zfp-baseline/tf_graphs/compression.json
[INFO] PDC_SERVER[0]: [TIMER] zfp_decompress time_elapsed: 0.002365 s
[INFO] PDC_SERVER[0]: [TIMER] PDCtf_exec_graph time_elapsed: 0.002371 s
[INFO] PDC_SERVER[0]: Ran read storage strategy STORE_FLATTENED_REGION_PER_FILE_TRANSFORMATION
[INFO] PDC_SERVER[0]: [TIMER] open time_elapsed: 0.000197 s
[INFO] PDC_SERVER[0]: [TIMER] read time_elapsed: 0.000036 s
[INFO] PDC_SERVER[0]: [TIMER] close time_elapsed: 0.000108 s
[INFO] PDC_SERVER[0]: Executing graph with json filepath /pscratch/sd/n/nlewi26/src/hdf5-zfp-baseline/tf_graphs/compression.json
[INFO] PDC_SERVER[0]: [TIMER] zfp_decompress time_elapsed: 0.002368 s
[INFO] PDC_SERVER[0]: [TIMER] PDCtf_exec_graph time_elapsed: 0.002374 s
[INFO] PDC_SERVER[0]: Ran read storage strategy STORE_FLATTENED_REGION_PER_FILE_TRANSFORMATION
[INFO] PDC_SERVER[0]: [TIMER] open time_elapsed: 0.000176 s
[INFO] PDC_SERVER[0]: [TIMER] read time_elapsed: 0.000072 s
[INFO] PDC_SERVER[0]: [TIMER] close time_elapsed: 0.000110 s
[INFO] PDC_SERVER[0]: Executing graph with json filepath /pscratch/sd/n/nlewi26/src/hdf5-zfp-baseline/tf_graphs/compression.json
[INFO] PDC_SERVER[0]: [TIMER] zfp_decompress time_elapsed: 0.002369 s
[INFO] PDC_SERVER[0]: [TIMER] PDCtf_exec_graph time_elapsed: 0.002374 s
[INFO] PDC_SERVER[0]: Ran read storage strategy STORE_FLATTENED_REGION_PER_FILE_TRANSFORMATION
[INFO] PDC_SERVER[0]: [TIMER] open time_elapsed: 0.000139 s
[INFO] PDC_SERVER[0]: [TIMER] read time_elapsed: 0.000035 s
[INFO] PDC_SERVER[0]: [TIMER] close time_elapsed: 0.000107 s
[INFO] PDC_SERVER[0]: Executing graph with json filepath /pscratch/sd/n/nlewi26/src/hdf5-zfp-baseline/tf_graphs/compression.json
[INFO] PDC_SERVER[0]: [TIMER] zfp_decompress time_elapsed: 0.002365 s
[INFO] PDC_SERVER[0]: [TIMER] PDCtf_exec_graph time_elapsed: 0.002370 s
[INFO] PDC_SERVER[0]: Ran read storage strategy STORE_FLATTENED_REGION_PER_FILE_TRANSFORMATION
[INFO] PDC_SERVER[0]: [TIMER] open time_elapsed: 0.000167 s
[INFO] PDC_SERVER[0]: [TIMER] read time_elapsed: 0.000036 s
[INFO] PDC_SERVER[0]: [TIMER] close time_elapsed: 0.000129 s
[INFO] PDC_SERVER[0]: Executing graph with json filepath /pscratch/sd/n/nlewi26/src/hdf5-zfp-baseline/tf_graphs/compression.json
[INFO] PDC_SERVER[0]: [TIMER] zfp_decompress time_elapsed: 0.002520 s
[INFO] PDC_SERVER[0]: [TIMER] PDCtf_exec_graph time_elapsed: 0.002526 s
[INFO] PDC_SERVER[0]: Ran read storage strategy STORE_FLATTENED_REGION_PER_FILE_TRANSFORMATION
[INFO] PDC_SERVER[0]: Checkpoint file [./pdc_tmp//0/metadata_checkpoint.0]
num_objs: 1
obj_id: 1000000001
	obj[1000000001] json_filepath_str: /pscratch/sd/n/nlewi26/src/hdf5-zfp-baseline/tf_graphs/compression.json
	num_region_mappings: 32
		dg_id: 1
		cur_state_str: compressed
		client_state_str: decompressed
		store_state_str: compressed
		conceptual_region_ndim: 2
		pdc_var_type: 14, size: 8
		conceptual_region_offset:
			offset[0]=1024
			offset[1]=0
		conceptual_region_size:
			size[0]=256
			size[1]=256
		actual_region_ndim: 1
		pdc_var_type 15, size: 1
		actual_region_size:
			size[0]=282344
		dg_id: 1
		cur_state_str: compressed
		client_state_str: decompressed
		store_state_str: compressed
		conceptual_region_ndim: 2
		pdc_var_type: 14, size: 8
		conceptual_region_offset:
			offset[0]=1280
			offset[1]=0
		conceptual_region_size:
			size[0]=256
			size[1]=256
		actual_region_ndim: 1
		pdc_var_type 15, size: 1
		actual_region_size:
			size[0]=282344
		dg_id: 1
		cur_state_str: compressed
		client_state_str: decompressed
		store_state_str: compressed
		conceptual_region_ndim: 2
		pdc_var_type: 14, size: 8
		conceptual_region_offset:
			offset[0]=1536
			offset[1]=0
		conceptual_region_size:
			size[0]=256
			size[1]=256
		actual_region_ndim: 1
		pdc_var_type 15, size: 1
		actual_region_size:
			size[0]=282344
		dg_id: 1
		cur_state_str: compressed
		client_state_str: decompressed
		store_state_str: compressed
		conceptual_region_ndim: 2
		pdc_var_type: 14, size: 8
		conceptual_region_offset:
			offset[0]=1792
			offset[1]=0
		conceptual_region_size:
			size[0]=256
			size[1]=256
		actual_region_ndim: 1
		pdc_var_type 15, size: 1
		actual_region_size:
			size[0]=282344
		dg_id: 1
		cur_state_str: compressed
		client_state_str: decompressed
		store_state_str: compressed
		conceptual_region_ndim: 2
		pdc_var_type: 14, size: 8
		conceptual_region_offset:
			offset[0]=5120
			offset[1]=0
		conceptual_region_size:
			size[0]=256
			size[1]=256
		actual_region_ndim: 1
		pdc_var_type 15, size: 1
		actual_region_size:
			size[0]=282344
		dg_id: 1
		cur_state_str: compressed
		client_state_str: decompressed
		store_state_str: compressed
		conceptual_region_ndim: 2
		pdc_var_type: 14, size: 8
		conceptual_region_offset:
			offset[0]=5376
			offset[1]=0
		conceptual_region_size:
			size[0]=256
			size[1]=256
		actual_region_ndim: 1
		pdc_var_type 15, size: 1
		actual_region_size:
			size[0]=282344
		dg_id: 1
		cur_state_str: compressed
		client_state_str: decompressed
		store_state_str: compressed
		conceptual_region_ndim: 2
		pdc_var_type: 14, size: 8
		conceptual_region_offset:
			offset[0]=5632
			offset[1]=0
		conceptual_region_size:
			size[0]=256
			size[1]=256
		actual_region_ndim: 1
		pdc_var_type 15, size: 1
		actual_region_size:
			size[0]=282344
		dg_id: 1
		cur_state_str: compressed
		client_state_str: decompressed
		store_state_str: compressed
		conceptual_region_ndim: 2
		pdc_var_type: 14, size: 8
		conceptual_region_offset:
			offset[0]=5888
			offset[1]=0
		conceptual_region_size:
			size[0]=256
			size[1]=256
		actual_region_ndim: 1
		pdc_var_type 15, size: 1
		actual_region_size:
			size[0]=282344
		dg_id: 1
		cur_state_str: compressed
		client_state_str: decompressed
		store_state_str: compressed
		conceptual_region_ndim: 2
		pdc_var_type: 14, size: 8
		conceptual_region_offset:
			offset[0]=6144
			offset[1]=0
		conceptual_region_size:
			size[0]=256
			size[1]=256
		actual_region_ndim: 1
		pdc_var_type 15, size: 1
		actual_region_size:
			size[0]=282344
		dg_id: 1
		cur_state_str: compressed
		client_state_str: decompressed
		store_state_str: compressed
		conceptual_region_ndim: 2
		pdc_var_type: 14, size: 8
		conceptual_region_offset:
			offset[0]=6400
			offset[1]=0
		conceptual_region_size:
			size[0]=256
			size[1]=256
		actual_region_ndim: 1
		pdc_var_type 15, size: 1
		actual_region_size:
			size[0]=282344
		dg_id: 1
		cur_state_str: compressed
		client_state_str: decompressed
		store_state_str: compressed
		conceptual_region_ndim: 2
		pdc_var_type: 14, size: 8
		conceptual_region_offset:
			offset[0]=6656
			offset[1]=0
		conceptual_region_size:
			size[0]=256
			size[1]=256
		actual_region_ndim: 1
		pdc_var_type 15, size: 1
		actual_region_size:
			size[0]=282344
		dg_id: 1
		cur_state_str: compressed
		client_state_str: decompressed
		store_state_str: compressed
		conceptual_region_ndim: 2
		pdc_var_type: 14, size: 8
		conceptual_region_offset:
			offset[0]=6912
			offset[1]=0
		conceptual_region_size:
			size[0]=256
			size[1]=256
		actual_region_ndim: 1
		pdc_var_type 15, size: 1
		actual_region_size:
			size[0]=282344
		dg_id: 1
		cur_state_str: compressed
		client_state_str: decompressed
		store_state_str: compressed
		conceptual_region_ndim: 2
		pdc_var_type: 14, size: 8
		conceptual_region_offset:
			offset[0]=7168
			offset[1]=0
		conceptual_region_size:
			size[0]=256
			size[1]=256
		actual_region_ndim: 1
		pdc_var_type 15, size: 1
		actual_region_size:
			size[0]=282344
		dg_id: 1
		cur_state_str: compressed
		client_state_str: decompressed
		store_state_str: compressed
		conceptual_region_ndim: 2
		pdc_var_type: 14, size: 8
		conceptual_region_offset:
			offset[0]=7424
			offset[1]=0
		conceptual_region_size:
			size[0]=256
			size[1]=256
		actual_region_ndim: 1
		pdc_var_type 15, size: 1
		actual_region_size:
			size[0]=282344
		dg_id: 1
		cur_state_str: compressed
		client_state_str: decompressed
		store_state_str: compressed
		conceptual_region_ndim: 2
		pdc_var_type: 14, size: 8
		conceptual_region_offset:
			offset[0]=7680
			offset[1]=0
		conceptual_region_size:
			size[0]=256
			size[1]=256
		actual_region_ndim: 1
		pdc_var_type 15, size: 1
		actual_region_size:
			size[0]=282344
		dg_id: 1
		cur_state_str: compressed
		client_state_str: decompressed
		store_state_str: compressed
		conceptual_region_ndim: 2
		pdc_var_type: 14, size: 8
		conceptual_region_offset:
			offset[0]=7936
			offset[1]=0
		conceptual_region_size:
			size[0]=256
			size[1]=256
		actual_region_ndim: 1
		pdc_var_type 15, size: 1
		actual_region_size:
			size[0]=282344
		dg_id: 1
		cur_state_str: compressed
		client_state_str: decompressed
		store_state_str: compressed
		conceptual_region_ndim: 2
		pdc_var_type: 14, size: 8
		conceptual_region_offset:
			offset[0]=3072
			offset[1]=0
		conceptual_region_size:
			size[0]=256
			size[1]=256
		actual_region_ndim: 1
		pdc_var_type 15, size: 1
		actual_region_size:
			size[0]=282344
		dg_id: 1
		cur_state_str: compressed
		client_state_str: decompressed
		store_state_str: compressed
		conceptual_region_ndim: 2
		pdc_var_type: 14, size: 8
		conceptual_region_offset:
			offset[0]=3328
			offset[1]=0
		conceptual_region_size:
			size[0]=256
			size[1]=256
		actual_region_ndim: 1
		pdc_var_type 15, size: 1
		actual_region_size:
			size[0]=282344
		dg_id: 1
		cur_state_str: compressed
		client_state_str: decompressed
		store_state_str: compressed
		conceptual_region_ndim: 2
		pdc_var_type: 14, size: 8
		conceptual_region_offset:
			offset[0]=3584
			offset[1]=0
		conceptual_region_size:
			size[0]=256
			size[1]=256
		actual_region_ndim: 1
		pdc_var_type 15, size: 1
		actual_region_size:
			size[0]=282344
		dg_id: 1
		cur_state_str: compressed
		client_state_str: decompressed
		store_state_str: compressed
		conceptual_region_ndim: 2
		pdc_var_type: 14, size: 8
		conceptual_region_offset:
			offset[0]=3840
			offset[1]=0
		conceptual_region_size:
			size[0]=256
			size[1]=256
		actual_region_ndim: 1
		pdc_var_type 15, size: 1
		actual_region_size:
			size[0]=282344
		dg_id: 1
		cur_state_str: compressed
		client_state_str: decompressed
		store_state_str: compressed
		conceptual_region_ndim: 2
		pdc_var_type: 14, size: 8
		conceptual_region_offset:
			offset[0]=2048
			offset[1]=0
		conceptual_region_size:
			size[0]=256
			size[1]=256
		actual_region_ndim: 1
		pdc_var_type 15, size: 1
		actual_region_size:
			size[0]=282344
		dg_id: 1
		cur_state_str: compressed
		client_state_str: decompressed
		store_state_str: compressed
		conceptual_region_ndim: 2
		pdc_var_type: 14, size: 8
		conceptual_region_offset:
			offset[0]=2304
			offset[1]=0
		conceptual_region_size:
			size[0]=256
			size[1]=256
		actual_region_ndim: 1
		pdc_var_type 15, size: 1
		actual_region_size:
			size[0]=282344
		dg_id: 1
		cur_state_str: compressed
		client_state_str: decompressed
		store_state_str: compressed
		conceptual_region_ndim: 2
		pdc_var_type: 14, size: 8
		conceptual_region_offset:
			offset[0]=2560
			offset[1]=0
		conceptual_region_size:
			size[0]=256
			size[1]=256
		actual_region_ndim: 1
		pdc_var_type 15, size: 1
		actual_region_size:
			size[0]=282344
		dg_id: 1
		cur_state_str: compressed
		client_state_str: decompressed
		store_state_str: compressed
		conceptual_region_ndim: 2
		pdc_var_type: 14, size: 8
		conceptual_region_offset:
			offset[0]=2816
			offset[1]=0
		conceptual_region_size:
			size[0]=256
			size[1]=256
		actual_region_ndim: 1
		pdc_var_type 15, size: 1
		actual_region_size:
			size[0]=282344
		dg_id: 1
		cur_state_str: compressed
		client_state_str: decompressed
		store_state_str: compressed
		conceptual_region_ndim: 2
		pdc_var_type: 14, size: 8
		conceptual_region_offset:
			offset[0]=4096
			offset[1]=0
		conceptual_region_size:
			size[0]=256
			size[1]=256
		actual_region_ndim: 1
		pdc_var_type 15, size: 1
		actual_region_size:
			size[0]=282344
		dg_id: 1
		cur_state_str: compressed
		client_state_str: decompressed
		store_state_str: compressed
		conceptual_region_ndim: 2
		pdc_var_type: 14, size: 8
		conceptual_region_offset:
			offset[0]=4352
			offset[1]=0
		conceptual_region_size:
			size[0]=256
			size[1]=256
		actual_region_ndim: 1
		pdc_var_type 15, size: 1
		actual_region_size:
			size[0]=282344
		dg_id: 1
		cur_state_str: compressed
		client_state_str: decompressed
		store_state_str: compressed
		conceptual_region_ndim: 2
		pdc_var_type: 14, size: 8
		conceptual_region_offset:
			offset[0]=4608
			offset[1]=0
		conceptual_region_size:
			size[0]=256
			size[1]=256
		actual_region_ndim: 1
		pdc_var_type 15, size: 1
		actual_region_size:
			size[0]=282344
		dg_id: 1
		cur_state_str: compressed
		client_state_str: decompressed
		store_state_str: compressed
		conceptual_region_ndim: 2
		pdc_var_type: 14, size: 8
		conceptual_region_offset:
			offset[0]=4864
			offset[1]=0
		conceptual_region_size:
			size[0]=256
			size[1]=256
		actual_region_ndim: 1
		pdc_var_type 15, size: 1
		actual_region_size:
			size[0]=282344
		dg_id: 1
		cur_state_str: compressed
		client_state_str: decompressed
		store_state_str: compressed
		conceptual_region_ndim: 2
		pdc_var_type: 14, size: 8
		conceptual_region_offset:
			offset[0]=0
			offset[1]=0
		conceptual_region_size:
			size[0]=256
			size[1]=256
		actual_region_ndim: 1
		pdc_var_type 15, size: 1
		actual_region_size:
			size[0]=282344
		dg_id: 1
		cur_state_str: compressed
		client_state_str: decompressed
		store_state_str: compressed
		conceptual_region_ndim: 2
		pdc_var_type: 14, size: 8
		conceptual_region_offset:
			offset[0]=256
			offset[1]=0
		conceptual_region_size:
			size[0]=256
			size[1]=256
		actual_region_ndim: 1
		pdc_var_type 15, size: 1
		actual_region_size:
			size[0]=282344
		dg_id: 1
		cur_state_str: compressed
		client_state_str: decompressed
		store_state_str: compressed
		conceptual_region_ndim: 2
		pdc_var_type: 14, size: 8
		conceptual_region_offset:
			offset[0]=512
			offset[1]=0
		conceptual_region_size:
			size[0]=256
			size[1]=256
		actual_region_ndim: 1
		pdc_var_type 15, size: 1
		actual_region_size:
			size[0]=282344
		dg_id: 1
		cur_state_str: compressed
		client_state_str: decompressed
		store_state_str: compressed
		conceptual_region_ndim: 2
		pdc_var_type: 14, size: 8
		conceptual_region_offset:
			offset[0]=768
			offset[1]=0
		conceptual_region_size:
			size[0]=256
			size[1]=256
		actual_region_ndim: 1
		pdc_var_type 15, size: 1
		actual_region_size:
			size[0]=282344
		func_name: zfp_compress
			params_str: none
			num_params: 32
			conceptual_flat_offset: 1024
			params_size: 48
			conceptual_flat_offset: 1280
			params_size: 48
			conceptual_flat_offset: 1536
			params_size: 48
			conceptual_flat_offset: 1792
			params_size: 48
			conceptual_flat_offset: 5120
			params_size: 48
			conceptual_flat_offset: 5376
			params_size: 48
			conceptual_flat_offset: 5632
			params_size: 48
			conceptual_flat_offset: 5888
			params_size: 48
			conceptual_flat_offset: 6144
			params_size: 48
			conceptual_flat_offset: 6400
			params_size: 48
			conceptual_flat_offset: 6656
			params_size: 48
			conceptual_flat_offset: 6912
			params_size: 48
			conceptual_flat_offset: 7168
			params_size: 48
			conceptual_flat_offset: 7424
			params_size: 48
			conceptual_flat_offset: 7680
			params_size: 48
			conceptual_flat_offset: 7936
			params_size: 48
			conceptual_flat_offset: 3072
			params_size: 48
			conceptual_flat_offset: 3328
			params_size: 48
			conceptual_flat_offset: 3584
			params_size: 48
			conceptual_flat_offset: 3840
			params_size: 48
			conceptual_flat_offset: 2048
			params_size: 48
			conceptual_flat_offset: 2304
			params_size: 48
			conceptual_flat_offset: 2560
			params_size: 48
			conceptual_flat_offset: 2816
			params_size: 48
			conceptual_flat_offset: 4096
			params_size: 48
			conceptual_flat_offset: 4352
			params_size: 48
			conceptual_flat_offset: 4608
			params_size: 48
			conceptual_flat_offset: 4864
			params_size: 48
			conceptual_flat_offset: 0
			params_size: 48
			conceptual_flat_offset: 256
			params_size: 48
			conceptual_flat_offset: 512
			params_size: 48
			conceptual_flat_offset: 768
			params_size: 48
		func_name: zfp_decompress
			params_str: none
			num_params: 0
		state_name: decompressed
			num_params: 0
		state_name: compressed
			num_params: 0
[INFO] PDC_SERVER[0]: Checkpointed          1 objects, with          0 regions 
[INFO] PDC_CLIENT[0]: Writing DART info to file_name: ./pdc_tmp//dart_info.bin
[INFO] PDC_CLIENT[0]: [IDIOMS_Index_Dump_0] Timer to dump index = 4160.0000 microseconds
