[INFO] PDC_SERVER[117]: Environment variable HG_TRANSPORT was NOT set
[INFO] PDC_SERVER[117]: Environment variable HG_HOST was NOT set
[INFO] PDC_SERVER[123]: Environment variable HG_TRANSPORT was NOT set
[INFO] PDC_SERVER[123]: Environment variable HG_HOST was NOT set
[INFO] PDC_SERVER[57]: Environment variable HG_TRANSPORT was NOT set
[INFO] PDC_SERVER[57]: Environment variable HG_HOST was NOT set
[INFO] PDC_SERVER[105]: Environment variable HG_TRANSPORT was NOT set
[INFO] PDC_SERVER[105]: Environment variable HG_HOST was NOT set
[INFO] PDC_SERVER[147]: Environment variable HG_TRANSPORT was NOT set
[INFO] PDC_SERVER[147]: Environment variable HG_HOST was NOT set
[INFO] PDC_SERVER[27]: Environment variable HG_TRANSPORT was NOT set
[INFO] PDC_SERVER[27]: Environment variable HG_HOST was NOT set
[INFO] PDC_SERVER[63]: Environment variable HG_TRANSPORT was NOT set
[INFO] PDC_SERVER[63]: Environment variable HG_HOST was NOT set
[INFO] PDC_SERVER[111]: Environment variable HG_TRANSPORT was NOT set
[INFO] PDC_SERVER[111]: Environment variable HG_HOST was NOT set
[INFO] PDC_SERVER[9]: Environment variable HG_TRANSPORT was NOT set
[INFO] PDC_SERVER[9]: Environment variable HG_HOST was NOT set
[INFO] PDC_SERVER[81]: Environment variable HG_TRANSPORT was NOT set
[INFO] PDC_SERVER[81]: Environment variable HG_HOST was NOT set
[INFO] PDC_SERVER[39]: Environment variable HG_TRANSPORT was NOT set
[INFO] PDC_SERVER[39]: Environment variable HG_HOST was NOT set
[INFO] PDC_SERVER[69]: Environment variable HG_TRANSPORT was NOT set
[INFO] PDC_SERVER[69]: Environment variable HG_HOST was NOT set
[INFO] PDC_SERVER[33]: Environment variable HG_TRANSPORT was NOT set
[INFO] PDC_SERVER[33]: Environment variable HG_HOST was NOT set
[INFO] PDC_SERVER[213]: Environment variable HG_TRANSPORT was NOT set
[INFO] PDC_SERVER[213]: Environment variable HG_HOST was NOT set
[INFO] PDC_SERVER[159]: Environment variable HG_TRANSPORT was NOT set
[INFO] PDC_SERVER[159]: Environment variable HG_HOST was NOT set
[INFO] PDC_SERVER[66]: Environment variable HG_TRANSPORT was NOT set
[INFO] PDC_SERVER[66]: Environment variable HG_HOST was NOT set
[INFO] PDC_SERVER[24]: Environment variable HG_TRANSPORT was NOT set
[INFO] PDC_SERVER[24]: Environment variable HG_HOST was NOT set
[INFO] PDC_SERVER[48]: Environment variable HG_TRANSPORT was NOT set
[INFO] PDC_SERVER[48]: Environment variable HG_HOST was NOT set
[INFO] PDC_SERVER[78]: Environment variable HG_TRANSPORT was NOT set
[INFO] PDC_SERVER[78]: Environment variable HG_HOST was NOT set
[INFO] PDC_SERVER[120]: Environment variable HG_TRANSPORT was NOT set
[INFO] PDC_SERVER[120]: Environment variable HG_HOST was NOT set
[INFO] PDC_SERVER[126]: Environment variable HG_TRANSPORT was NOT set
[INFO] PDC_SERVER[126]: Environment variable HG_HOST was NOT set
[INFO] PDC_SERVER[72]: Environment variable HG_TRANSPORT was NOT set
[INFO] PDC_SERVER[72]: Environment variable HG_HOST was NOT set
[INFO] PDC_SERVER[30]: Environment variable HG_TRANSPORT was NOT set
[INFO] PDC_SERVER[30]: Environment variable HG_HOST was NOT set
[INFO] PDC_SERVER[84]: Environment variable HG_TRANSPORT was NOT set
[INFO] PDC_SERVER[84]: Environment variable HG_HOST was NOT set
[INFO] PDC_SERVER[132]: Environment variable HG_TRANSPORT was NOT set
[INFO] PDC_SERVER[132]: Environment variable HG_HOST was NOT set
[INFO] PDC_SERVER[54]: Environment variable HG_TRANSPORT was NOT set
[INFO] PDC_SERVER[54]: Environment variable HG_HOST was NOT set
[INFO] PDC_SERVER[42]: Environment variable HG_TRANSPORT was NOT set
[INFO] PDC_SERVER[42]: Environment variable HG_HOST was NOT set
[INFO] PDC_SERVER[108]: Environment variable HG_TRANSPORT was NOT set
[INFO] PDC_SERVER[108]: Environment variable HG_HOST was NOT set
[INFO] PDC_SERVER[114]: Environment variable HG_TRANSPORT was NOT set
[INFO] PDC_SERVER[114]: Environment variable HG_HOST was NOT set
[INFO] PDC_SERVER[102]: Environment variable HG_TRANSPORT was NOT set
[INFO] PDC_SERVER[102]: Environment variable HG_HOST was NOT set
[INFO] PDC_SERVER[121]: Environment variable HG_TRANSPORT was NOT set
[INFO] PDC_SERVER[121]: Environment variable HG_HOST was NOT set
[INFO] PDC_SERVER[49]: Environment variable HG_TRANSPORT was NOT set
[INFO] PDC_SERVER[49]: Environment variable HG_HOST was NOT set
[INFO] PDC_SERVER[19]: Environment variable HG_TRANSPORT was NOT set
[INFO] PDC_SERVER[19]: Environment variable HG_HOST was NOT set
[INFO] PDC_SERVER[61]: Environment variable HG_TRANSPORT was NOT set
[INFO] PDC_SERVER[61]: Environment variable HG_HOST was NOT set
[INFO] PDC_SERVER[43]: Environment variable HG_TRANSPORT was NOT set
[INFO] PDC_SERVER[43]: Environment variable HG_HOST was NOT set
[INFO] PDC_SERVER[31]: Environment variable HG_TRANSPORT was NOT set
[INFO] PDC_SERVER[31]: Environment variable HG_HOST was NOT set
[INFO] PDC_SERVER[91]: Environment variable HG_TRANSPORT was NOT set
[INFO] PDC_SERVER[91]: Environment variable HG_HOST was NOT set
[INFO] PDC_SERVER[145]: Environment variable HG_TRANSPORT was NOT set
[INFO] PDC_SERVER[145]: Environment variable HG_HOST was NOT set
[INFO] PDC_SERVER[79]: Environment variable HG_TRANSPORT was NOT set
[INFO] PDC_SERVER[79]: Environment variable HG_HOST was NOT set
[INFO] PDC_SERVER[115]: Environment variable HG_TRANSPORT was NOT set
[INFO] PDC_SERVER[115]: Environment variable HG_HOST was NOT set
[INFO] PDC_SERVER[67]: Environment variable HG_TRANSPORT was NOT set
[INFO] PDC_SERVER[67]: Environment variable HG_HOST was NOT set
[INFO] PDC_SERVER[205]: Environment variable HG_TRANSPORT was NOT set
[INFO] PDC_SERVER[205]: Environment variable HG_HOST was NOT set
[INFO] PDC_SERVER[217]: Environment variable HG_TRANSPORT was NOT set
[INFO] PDC_SERVER[217]: Environment variable HG_HOST was NOT set
[INFO] PDC_SERVER[127]: Environment variable HG_TRANSPORT was NOT set
[INFO] PDC_SERVER[127]: Environment variable HG_HOST was NOT set
[INFO] PDC_SERVER[193]: Environment variable HG_TRANSPORT was NOT set
[INFO] PDC_SERVER[193]: Environment variable HG_HOST was NOT set
[INFO] PDC_SERVER[86]: Environment variable HG_TRANSPORT was NOT set
[INFO] PDC_SERVER[86]: Environment variable HG_HOST was NOT set
[INFO] PDC_SERVER[80]: Environment variable HG_TRANSPORT was NOT set
[INFO] PDC_SERVER[80]: Environment variable HG_HOST was NOT set
[INFO] PDC_SERVER[32]: Environment variable HG_TRANSPORT was NOT set
[INFO] PDC_SERVER[32]: Environment variable HG_HOST was NOT set
[INFO] PDC_SERVER[26]: Environment variable HG_TRANSPORT was NOT set
[INFO] PDC_SERVER[26]: Environment variable HG_HOST was NOT set
[INFO] PDC_SERVER[62]: Environment variable HG_TRANSPORT was NOT set
[INFO] PDC_SERVER[62]: Environment variable HG_HOST was NOT set
[INFO] PDC_SERVER[122]: Environment variable HG_TRANSPORT was NOT set
[INFO] PDC_SERVER[122]: Environment variable HG_HOST was NOT set
[INFO] PDC_SERVER[20]: Environment variable HG_TRANSPORT was NOT set
[INFO] PDC_SERVER[20]: Environment variable HG_HOST was NOT set
[INFO] PDC_SERVER[104]: Environment variable HG_TRANSPORT was NOT set
[INFO] PDC_SERVER[104]: Environment variable HG_HOST was NOT set
[INFO] PDC_SERVER[110]: Environment variable HG_TRANSPORT was NOT set
[INFO] PDC_SERVER[110]: Environment variable HG_HOST was NOT set
[INFO] PDC_SERVER[74]: Environment variable HG_TRANSPORT was NOT set
[INFO] PDC_SERVER[74]: Environment variable HG_HOST was NOT set
[INFO] PDC_SERVER[56]: Environment variable HG_TRANSPORT was NOT set
[INFO] PDC_SERVER[56]: Environment variable HG_HOST was NOT set
[INFO] PDC_SERVER[98]: Environment variable HG_TRANSPORT was NOT set
[INFO] PDC_SERVER[98]: Environment variable HG_HOST was NOT set
[INFO] PDC_SERVER[176]: Environment variable HG_TRANSPORT was NOT set
[INFO] PDC_SERVER[176]: Environment variable HG_HOST was NOT set
[INFO] PDC_SERVER[236]: Environment variable HG_TRANSPORT was NOT set
[INFO] PDC_SERVER[236]: Environment variable HG_HOST was NOT set
[INFO] PDC_SERVER[75]: Environment variable HG_TRANSPORT was NOT set
[INFO] PDC_SERVER[75]: Environment variable HG_HOST was NOT set
[INFO] PDC_SERVER[177]: Environment variable HG_TRANSPORT was NOT set
[INFO] PDC_SERVER[177]: Environment variable HG_HOST was NOT set
[INFO] PDC_SERVER[201]: Environment variable HG_TRANSPORT was NOT set
[INFO] PDC_SERVER[201]: Environment variable HG_HOST was NOT set
[INFO] PDC_SERVER[141]: Environment variable HG_TRANSPORT was NOT set
[INFO] PDC_SERVER[141]: Environment variable HG_HOST was NOT set
[INFO] PDC_SERVER[129]: Environment variable HG_TRANSPORT was NOT set
[INFO] PDC_SERVER[129]: Environment variable HG_HOST was NOT set
[INFO] PDC_SERVER[207]: Environment variable HG_TRANSPORT was NOT set
[INFO] PDC_SERVER[207]: Environment variable HG_HOST was NOT set
[INFO] PDC_SERVER[51]: Environment variable HG_TRANSPORT was NOT set
[INFO] PDC_SERVER[51]: Environment variable HG_HOST was NOT set
[INFO] PDC_SERVER[87]: Environment variable HG_TRANSPORT was NOT set
[INFO] PDC_SERVER[87]: Environment variable HG_HOST was NOT set
[INFO] PDC_SERVER[189]: Environment variable HG_TRANSPORT was NOT set
[INFO] PDC_SERVER[189]: Environment variable HG_HOST was NOT set
[INFO] PDC_SERVER[225]: Environment variable HG_TRANSPORT was NOT set
[INFO] PDC_SERVER[225]: Environment variable HG_HOST was NOT set
[INFO] PDC_SERVER[99]: Environment variable HG_TRANSPORT was NOT set
[INFO] PDC_SERVER[99]: Environment variable HG_HOST was NOT set
[INFO] PDC_SERVER[153]: Environment variable HG_TRANSPORT was NOT set
[INFO] PDC_SERVER[153]: Environment variable HG_HOST was NOT set
[INFO] PDC_SERVER[45]: Environment variable HG_TRANSPORT was NOT set
[INFO] PDC_SERVER[45]: Environment variable HG_HOST was NOT set
[INFO] PDC_SERVER[183]: Environment variable HG_TRANSPORT was NOT set
[INFO] PDC_SERVER[183]: Environment variable HG_HOST was NOT set
[INFO] PDC_SERVER[231]: Environment variable HG_TRANSPORT was NOT set
[INFO] PDC_SERVER[231]: Environment variable HG_HOST was NOT set
[INFO] PDC_SERVER[4]: Environment variable HG_TRANSPORT was NOT set
[INFO] PDC_SERVER[4]: Environment variable HG_HOST was NOT set
[INFO] PDC_SERVER[10]: Environment variable HG_TRANSPORT was NOT set
[INFO] PDC_SERVER[10]: Environment variable HG_HOST was NOT set
[INFO] PDC_SERVER[70]: Environment variable HG_TRANSPORT was NOT set
[INFO] PDC_SERVER[70]: Environment variable HG_HOST was NOT set
[INFO] PDC_SERVER[118]: Environment variable HG_TRANSPORT was NOT set
[INFO] PDC_SERVER[118]: Environment variable HG_HOST was NOT set
[INFO] PDC_SERVER[52]: Environment variable HG_TRANSPORT was NOT set
[INFO] PDC_SERVER[52]: Environment variable HG_HOST was NOT set
[INFO] PDC_SERVER[124]: Environment variable HG_TRANSPORT was NOT set
[INFO] PDC_SERVER[124]: Environment variable HG_HOST was NOT set
[INFO] PDC_SERVER[112]: Environment variable HG_TRANSPORT was NOT set
[INFO] PDC_SERVER[112]: Environment variable HG_HOST was NOT set
[INFO] PDC_SERVER[106]: Environment variable HG_TRANSPORT was NOT set
[INFO] PDC_SERVER[106]: Environment variable HG_HOST was NOT set
[INFO] PDC_SERVER[82]: Environment variable HG_TRANSPORT was NOT set
[INFO] PDC_SERVER[82]: Environment variable HG_HOST was NOT set
[INFO] PDC_SERVER[142]: Environment variable HG_TRANSPORT was NOT set
[INFO] PDC_SERVER[142]: Environment variable HG_HOST was NOT set
[INFO] PDC_SERVER[46]: Environment variable HG_TRANSPORT was NOT set
[INFO] PDC_SERVER[46]: Environment variable HG_HOST was NOT set
[INFO] PDC_SERVER[202]: Environment variable HG_TRANSPORT was NOT set
[INFO] PDC_SERVER[202]: Environment variable HG_HOST was NOT set
[INFO] PDC_SERVER[94]: Environment variable HG_TRANSPORT was NOT set
[INFO] PDC_SERVER[94]: Environment variable HG_HOST was NOT set
[INFO] PDC_SERVER[232]: Environment variable HG_TRANSPORT was NOT set
[INFO] PDC_SERVER[232]: Environment variable HG_HOST was NOT set
[INFO] PDC_SERVER[172]: Environment variable HG_TRANSPORT was NOT set
[INFO] PDC_SERVER[172]: Environment variable HG_HOST was NOT set
[INFO] PDC_SERVER[119]: Environment variable HG_TRANSPORT was NOT set
[INFO] PDC_SERVER[119]: Environment variable HG_HOST was NOT set
[INFO] PDC_SERVER[113]: Environment variable HG_TRANSPORT was NOT set
[INFO] PDC_SERVER[113]: Environment variable HG_HOST was NOT set
[INFO] PDC_SERVER[83]: Environment variable HG_TRANSPORT was NOT set
[INFO] PDC_SERVER[83]: Environment variable HG_HOST was NOT set
[INFO] PDC_SERVER[125]: Environment variable HG_TRANSPORT was NOT set
[INFO] PDC_SERVER[125]: Environment variable HG_HOST was NOT set
[INFO] PDC_SERVER[23]: Environment variable HG_TRANSPORT was NOT set
[INFO] PDC_SERVER[23]: Environment variable HG_HOST was NOT set
[INFO] PDC_SERVER[107]: Environment variable HG_TRANSPORT was NOT set
[INFO] PDC_SERVER[107]: Environment variable HG_HOST was NOT set
[INFO] PDC_SERVER[5]: Environment variable HG_TRANSPORT was NOT set
[INFO] PDC_SERVER[5]: Environment variable HG_HOST was NOT set
[INFO] PDC_SERVER[35]: Environment variable HG_TRANSPORT was NOT set
[INFO] PDC_SERVER[35]: Environment variable HG_HOST was NOT set
[INFO] PDC_SERVER[77]: Environment variable HG_TRANSPORT was NOT set
[INFO] PDC_SERVER[77]: Environment variable HG_HOST was NOT set
[INFO] PDC_SERVER[47]: Environment variable HG_TRANSPORT was NOT set
[INFO] PDC_SERVER[47]: Environment variable HG_HOST was NOT set
[INFO] PDC_SERVER[29]: Environment variable HG_TRANSPORT was NOT set
[INFO] PDC_SERVER[29]: Environment variable HG_HOST was NOT set
[INFO] PDC_SERVER[59]: Environment variable HG_TRANSPORT was NOT set
[INFO] PDC_SERVER[59]: Environment variable HG_HOST was NOT set
[INFO] PDC_SERVER[137]: Environment variable HG_TRANSPORT was NOT set
[INFO] PDC_SERVER[137]: Environment variable HG_HOST was NOT set
[INFO] PDC_SERVER[149]: Environment variable HG_TRANSPORT was NOT set
[INFO] PDC_SERVER[149]: Environment variable HG_HOST was NOT set
[INFO] PDC_SERVER[53]: Environment variable HG_TRANSPORT was NOT set
[INFO] PDC_SERVER[53]: Environment variable HG_HOST was NOT set
[INFO] PDC_SERVER[36]: Environment variable HG_TRANSPORT was NOT set
[INFO] PDC_SERVER[36]: Environment variable HG_HOST was NOT set
[INFO] PDC_SERVER[168]: Environment variable HG_TRANSPORT was NOT set
[INFO] PDC_SERVER[168]: Environment variable HG_HOST was NOT set
[INFO] PDC_SERVER[60]: Environment variable HG_TRANSPORT was NOT set
[INFO] PDC_SERVER[60]: Environment variable HG_HOST was NOT set
[INFO] PDC_SERVER[90]: Environment variable HG_TRANSPORT was NOT set
[INFO] PDC_SERVER[90]: Environment variable HG_HOST was NOT set
[INFO] PDC_SERVER[144]: Environment variable HG_TRANSPORT was NOT set
[INFO] PDC_SERVER[144]: Environment variable HG_HOST was NOT set
[INFO] PDC_SERVER[150]: Environment variable HG_TRANSPORT was NOT set
[INFO] PDC_SERVER[150]: Environment variable HG_HOST was NOT set
[INFO] PDC_SERVER[12]: Environment variable HG_TRANSPORT was NOT set
[INFO] PDC_SERVER[12]: Environment variable HG_HOST was NOT set
[INFO] PDC_SERVER[204]: Environment variable HG_TRANSPORT was NOT set
[INFO] PDC_SERVER[204]: Environment variable HG_HOST was NOT set
[INFO] PDC_SERVER[18]: Environment variable HG_TRANSPORT was NOT set
[INFO] PDC_SERVER[18]: Environment variable HG_HOST was NOT set
[INFO] PDC_SERVER[156]: Environment variable HG_TRANSPORT was NOT set
[INFO] PDC_SERVER[156]: Environment variable HG_HOST was NOT set
[INFO] PDC_SERVER[246]: Environment variable HG_TRANSPORT was NOT set
[INFO] PDC_SERVER[246]: Environment variable HG_HOST was NOT set
[INFO] PDC_SERVER[6]: Environment variable HG_TRANSPORT was NOT set
[INFO] PDC_SERVER[6]: Environment variable HG_HOST was NOT set
[INFO] PDC_SERVER[174]: Environment variable HG_TRANSPORT was NOT set
[INFO] PDC_SERVER[174]: Environment variable HG_HOST was NOT set
[INFO] PDC_SERVER[240]: Environment variable HG_TRANSPORT was NOT set
[INFO] PDC_SERVER[240]: Environment variable HG_HOST was NOT set
[INFO] PDC_SERVER[198]: Environment variable HG_TRANSPORT was NOT set
[INFO] PDC_SERVER[198]: Environment variable HG_HOST was NOT set
[INFO] PDC_SERVER[37]: Environment variable HG_TRANSPORT was NOT set
[INFO] PDC_SERVER[37]: Environment variable HG_HOST was NOT set
[INFO] PDC_SERVER[175]: Environment variable HG_TRANSPORT was NOT set
[INFO] PDC_SERVER[175]: Environment variable HG_HOST was NOT set
[INFO] PDC_SERVER[181]: Environment variable HG_TRANSPORT was NOT set
[INFO] PDC_SERVER[181]: Environment variable HG_HOST was NOT set
[INFO] PDC_SERVER[73]: Environment variable HG_TRANSPORT was NOT set
[INFO] PDC_SERVER[73]: Environment variable HG_HOST was NOT set
[INFO] PDC_SERVER[13]: Environment variable HG_TRANSPORT was NOT set
[INFO] PDC_SERVER[13]: Environment variable HG_HOST was NOT set
[INFO] PDC_SERVER[163]: Environment variable HG_TRANSPORT was NOT set
[INFO] PDC_SERVER[163]: Environment variable HG_HOST was NOT set
[INFO] PDC_SERVER[157]: Environment variable HG_TRANSPORT was NOT set
[INFO] PDC_SERVER[157]: Environment variable HG_HOST was NOT set
[INFO] PDC_SERVER[151]: Environment variable HG_TRANSPORT was NOT set
[INFO] PDC_SERVER[151]: Environment variable HG_HOST was NOT set
[INFO] PDC_SERVER[229]: Environment variable HG_TRANSPORT was NOT set
[INFO] PDC_SERVER[229]: Environment variable HG_HOST was NOT set
[INFO] PDC_SERVER[7]: Environment variable HG_TRANSPORT was NOT set
[INFO] PDC_SERVER[7]: Environment variable HG_HOST was NOT set
[INFO] PDC_SERVER[97]: Environment variable HG_TRANSPORT was NOT set
[INFO] PDC_SERVER[97]: Environment variable HG_HOST was NOT set
[INFO] PDC_SERVER[55]: Environment variable HG_TRANSPORT was NOT set
[INFO] PDC_SERVER[55]: Environment variable HG_HOST was NOT set
[INFO] PDC_SERVER[109]: Environment variable HG_TRANSPORT was NOT set
[INFO] PDC_SERVER[109]: Environment variable HG_HOST was NOT set
[INFO] PDC_SERVER[133]: Environment variable HG_TRANSPORT was NOT set
[INFO] PDC_SERVER[133]: Environment variable HG_HOST was NOT set
[INFO] PDC_SERVER[140]: Environment variable HG_TRANSPORT was NOT set
[INFO] PDC_SERVER[140]: Environment variable HG_HOST was NOT set
[INFO] PDC_SERVER[230]: Environment variable HG_TRANSPORT was NOT set
[INFO] PDC_SERVER[230]: Environment variable HG_HOST was NOT set
[INFO] PDC_SERVER[116]: Environment variable HG_TRANSPORT was NOT set
[INFO] PDC_SERVER[116]: Environment variable HG_HOST was NOT set
[INFO] PDC_SERVER[188]: Environment variable HG_TRANSPORT was NOT set
[INFO] PDC_SERVER[188]: Environment variable HG_HOST was NOT set
[INFO] PDC_SERVER[158]: Environment variable HG_TRANSPORT was NOT set
[INFO] PDC_SERVER[158]: Environment variable HG_HOST was NOT set
[INFO] PDC_SERVER[218]: Environment variable HG_TRANSPORT was NOT set
[INFO] PDC_SERVER[218]: Environment variable HG_HOST was NOT set
[INFO] PDC_SERVER[134]: Environment variable HG_TRANSPORT was NOT set
[INFO] PDC_SERVER[134]: Environment variable HG_HOST was NOT set
[INFO] PDC_SERVER[242]: Environment variable HG_TRANSPORT was NOT set
[INFO] PDC_SERVER[242]: Environment variable HG_HOST was NOT set
[INFO] PDC_SERVER[68]: Environment variable HG_TRANSPORT was NOT set
[INFO] PDC_SERVER[68]: Environment variable HG_HOST was NOT set
[INFO] PDC_SERVER[50]: Environment variable HG_TRANSPORT was NOT set
[INFO] PDC_SERVER[50]: Environment variable HG_HOST was NOT set
[INFO] PDC_SERVER[152]: Environment variable HG_TRANSPORT was NOT set
[INFO] PDC_SERVER[152]: Environment variable HG_HOST was NOT set
[INFO] PDC_SERVER[194]: Environment variable HG_TRANSPORT was NOT set
[INFO] PDC_SERVER[194]: Environment variable HG_HOST was NOT set
[INFO] PDC_SERVER[8]: Environment variable HG_TRANSPORT was NOT set
[INFO] PDC_SERVER[8]: Environment variable HG_HOST was NOT set
[INFO] PDC_SERVER[38]: Environment variable HG_TRANSPORT was NOT set
[INFO] PDC_SERVER[38]: Environment variable HG_HOST was NOT set
[INFO] PDC_SERVER[135]: Environment variable HG_TRANSPORT was NOT set
[INFO] PDC_SERVER[135]: Environment variable HG_HOST was NOT set
[INFO] PDC_SERVER[93]: Environment variable HG_TRANSPORT was NOT set
[INFO] PDC_SERVER[93]: Environment variable HG_HOST was NOT set
[INFO] PDC_SERVER[171]: Environment variable HG_TRANSPORT was NOT set
[INFO] PDC_SERVER[171]: Environment variable HG_HOST was NOT set
[INFO] PDC_SERVER[21]: Environment variable HG_TRANSPORT was NOT set
[INFO] PDC_SERVER[21]: Environment variable HG_HOST was NOT set
[INFO] PDC_SERVER[3]: Environment variable HG_TRANSPORT was NOT set
[INFO] PDC_SERVER[3]: Environment variable HG_HOST was NOT set
[INFO] PDC_SERVER[249]: Environment variable HG_TRANSPORT was NOT set
[INFO] PDC_SERVER[249]: Environment variable HG_HOST was NOT set
[INFO] PDC_SERVER[195]: Environment variable HG_TRANSPORT was NOT set
[INFO] PDC_SERVER[195]: Environment variable HG_HOST was NOT set
[INFO] PDC_SERVER[165]: Environment variable HG_TRANSPORT was NOT set
[INFO] PDC_SERVER[165]: Environment variable HG_HOST was NOT set
[INFO] PDC_SERVER[237]: Environment variable HG_TRANSPORT was NOT set
[INFO] PDC_SERVER[237]: Environment variable HG_HOST was NOT set
[INFO] PDC_SERVER[255]: Environment variable HG_TRANSPORT was NOT set
[INFO] PDC_SERVER[255]: Environment variable HG_HOST was NOT set
[INFO] PDC_SERVER[219]: Environment variable HG_TRANSPORT was NOT set
[INFO] PDC_SERVER[219]: Environment variable HG_HOST was NOT set
[INFO] PDC_SERVER[243]: Environment variable HG_TRANSPORT was NOT set
[INFO] PDC_SERVER[243]: Environment variable HG_HOST was NOT set
[INFO] PDC_SERVER[22]: Environment variable HG_TRANSPORT was NOT set
[INFO] PDC_SERVER[22]: Environment variable HG_HOST was NOT set
[INFO] PDC_SERVER[226]: Environment variable HG_TRANSPORT was NOT set
[INFO] PDC_SERVER[226]: Environment variable HG_HOST was NOT set
[INFO] PDC_SERVER[166]: Environment variable HG_TRANSPORT was NOT set
[INFO] PDC_SERVER[166]: Environment variable HG_HOST was NOT set
[INFO] PDC_SERVER[214]: Environment variable HG_TRANSPORT was NOT set
[INFO] PDC_SERVER[214]: Environment variable HG_HOST was NOT set
[INFO] PDC_SERVER[34]: Environment variable HG_TRANSPORT was NOT set
[INFO] PDC_SERVER[34]: Environment variable HG_HOST was NOT set
[INFO] PDC_SERVER[28]: Environment variable HG_TRANSPORT was NOT set
[INFO] PDC_SERVER[28]: Environment variable HG_HOST was NOT set
[INFO] PDC_SERVER[16]: Environment variable HG_TRANSPORT was NOT set
[INFO] PDC_SERVER[16]: Environment variable HG_HOST was NOT set
[INFO] PDC_SERVER[190]: Environment variable HG_TRANSPORT was NOT set
[INFO] PDC_SERVER[190]: Environment variable HG_HOST was NOT set
[INFO] PDC_SERVER[136]: Environment variable HG_TRANSPORT was NOT set
[INFO] PDC_SERVER[136]: Environment variable HG_HOST was NOT set
[INFO] PDC_SERVER[130]: Environment variable HG_TRANSPORT was NOT set
[INFO] PDC_SERVER[130]: Environment variable HG_HOST was NOT set
[INFO] PDC_SERVER[58]: Environment variable HG_TRANSPORT was NOT set
[INFO] PDC_SERVER[58]: Environment variable HG_HOST was NOT set
[INFO] PDC_SERVER[250]: Environment variable HG_TRANSPORT was NOT set
[INFO] PDC_SERVER[250]: Environment variable HG_HOST was NOT set
[INFO] PDC_SERVER[76]: Environment variable HG_TRANSPORT was NOT set
[INFO] PDC_SERVER[76]: Environment variable HG_HOST was NOT set
[INFO] PDC_SERVER[184]: Environment variable HG_TRANSPORT was NOT set
[INFO] PDC_SERVER[184]: Environment variable HG_HOST was NOT set
[INFO] PDC_SERVER[64]: Environment variable HG_TRANSPORT was NOT set
[INFO] PDC_SERVER[64]: Environment variable HG_HOST was NOT set
[INFO] PDC_SERVER[143]: Environment variable HG_TRANSPORT was NOT set
[INFO] PDC_SERVER[143]: Environment variable HG_HOST was NOT set
[INFO] PDC_SERVER[179]: Environment variable HG_TRANSPORT was NOT set
[INFO] PDC_SERVER[179]: Environment variable HG_HOST was NOT set
[INFO] PDC_SERVER[221]: Environment variable HG_TRANSPORT was NOT set
[INFO] PDC_SERVER[221]: Environment variable HG_HOST was NOT set
[INFO] PDC_SERVER[185]: Environment variable HG_TRANSPORT was NOT set
[INFO] PDC_SERVER[185]: Environment variable HG_HOST was NOT set
[INFO] PDC_SERVER[71]: Environment variable HG_TRANSPORT was NOT set
[INFO] PDC_SERVER[71]: Environment variable HG_HOST was NOT set
[INFO] PDC_SERVER[191]: Environment variable HG_TRANSPORT was NOT set
[INFO] PDC_SERVER[191]: Environment variable HG_HOST was NOT set
[INFO] PDC_SERVER[17]: Environment variable HG_TRANSPORT was NOT set
[INFO] PDC_SERVER[17]: Environment variable HG_HOST was NOT set
[INFO] PDC_SERVER[233]: Environment variable HG_TRANSPORT was NOT set
[INFO] PDC_SERVER[233]: Environment variable HG_HOST was NOT set
[INFO] PDC_SERVER[239]: Environment variable HG_TRANSPORT was NOT set
[INFO] PDC_SERVER[239]: Environment variable HG_HOST was NOT set
[INFO] PDC_SERVER[173]: Environment variable HG_TRANSPORT was NOT set
[INFO] PDC_SERVER[173]: Environment variable HG_HOST was NOT set
[INFO] PDC_SERVER[197]: Environment variable HG_TRANSPORT was NOT set
[INFO] PDC_SERVER[197]: Environment variable HG_HOST was NOT set
[INFO] PDC_SERVER[95]: Environment variable HG_TRANSPORT was NOT set
[INFO] PDC_SERVER[95]: Environment variable HG_HOST was NOT set
[INFO] PDC_SERVER[167]: Environment variable HG_TRANSPORT was NOT set
[INFO] PDC_SERVER[167]: Environment variable HG_HOST was NOT set
[INFO] PDC_SERVER[215]: Environment variable HG_TRANSPORT was NOT set
[INFO] PDC_SERVER[215]: Environment variable HG_HOST was NOT set
[INFO] PDC_SERVER[161]: Environment variable HG_TRANSPORT was NOT set
[INFO] PDC_SERVER[161]: Environment variable HG_HOST was NOT set
[INFO] PDC_SERVER[222]: Environment variable HG_TRANSPORT was NOT set
[INFO] PDC_SERVER[222]: Environment variable HG_HOST was NOT set
[INFO] PDC_SERVER[192]: Environment variable HG_TRANSPORT was NOT set
[INFO] PDC_SERVER[192]: Environment variable HG_HOST was NOT set
[INFO] PDC_SERVER[180]: Environment variable HG_TRANSPORT was NOT set
[INFO] PDC_SERVER[180]: Environment variable HG_HOST was NOT set
[INFO] PDC_SERVER[0]: Using [./pdc_tmp/] as tmp dir, 1 OSTs, 1 OSTs per data file, 0% to BB
[INFO] PDC_SERVER[0]: Environment variable HG_TRANSPORT was NOT set
[INFO] PDC_SERVER[0]: Environment variable HG_HOST was NOT set
[INFO] PDC_SERVER[0]: Connection string: ofi+tcp://nid004329:7000
[INFO] PDC_SERVER[228]: Environment variable HG_TRANSPORT was NOT set
[INFO] PDC_SERVER[228]: Environment variable HG_HOST was NOT set
[INFO] PDC_SERVER[96]: Environment variable HG_TRANSPORT was NOT set
[INFO] PDC_SERVER[96]: Environment variable HG_HOST was NOT set
[INFO] PDC_SERVER[210]: Environment variable HG_TRANSPORT was NOT set
[INFO] PDC_SERVER[210]: Environment variable HG_HOST was NOT set
[INFO] PDC_SERVER[138]: Environment variable HG_TRANSPORT was NOT set
[INFO] PDC_SERVER[138]: Environment variable HG_HOST was NOT set
[INFO] PDC_SERVER[234]: Environment variable HG_TRANSPORT was NOT set
[INFO] PDC_SERVER[234]: Environment variable HG_HOST was NOT set
[INFO] PDC_SERVER[186]: Environment variable HG_TRANSPORT was NOT set
[INFO] PDC_SERVER[186]: Environment variable HG_HOST was NOT set
[INFO] PDC_SERVER[252]: Environment variable HG_TRANSPORT was NOT set
[INFO] PDC_SERVER[252]: Environment variable HG_HOST was NOT set
[INFO] PDC_SERVER[162]: Environment variable HG_TRANSPORT was NOT set
[INFO] PDC_SERVER[162]: Environment variable HG_HOST was NOT set
[INFO] PDC_SERVER[241]: Environment variable HG_TRANSPORT was NOT set
[INFO] PDC_SERVER[241]: Environment variable HG_HOST was NOT set
[INFO] PDC_SERVER[247]: Environment variable HG_TRANSPORT was NOT set
[INFO] PDC_SERVER[247]: Environment variable HG_HOST was NOT set
[INFO] PDC_SERVER[169]: Environment variable HG_TRANSPORT was NOT set
[INFO] PDC_SERVER[169]: Environment variable HG_HOST was NOT set
[INFO] PDC_SERVER[25]: Environment variable HG_TRANSPORT was NOT set
[INFO] PDC_SERVER[25]: Environment variable HG_HOST was NOT set
[INFO] PDC_SERVER[199]: Environment variable HG_TRANSPORT was NOT set
[INFO] PDC_SERVER[199]: Environment variable HG_HOST was NOT set
[INFO] PDC_SERVER[235]: Environment variable HG_TRANSPORT was NOT set
[INFO] PDC_SERVER[235]: Environment variable HG_HOST was NOT set
[INFO] PDC_SERVER[223]: Environment variable HG_TRANSPORT was NOT set
[INFO] PDC_SERVER[223]: Environment variable HG_HOST was NOT set
[INFO] PDC_SERVER[103]: Environment variable HG_TRANSPORT was NOT set
[INFO] PDC_SERVER[103]: Environment variable HG_HOST was NOT set
[INFO] PDC_SERVER[139]: Environment variable HG_TRANSPORT was NOT set
[INFO] PDC_SERVER[139]: Environment variable HG_HOST was NOT set
[INFO] PDC_SERVER[253]: Environment variable HG_TRANSPORT was NOT set
[INFO] PDC_SERVER[253]: Environment variable HG_HOST was NOT set
[INFO] PDC_SERVER[85]: Environment variable HG_TRANSPORT was NOT set
[INFO] PDC_SERVER[85]: Environment variable HG_HOST was NOT set
[INFO] PDC_SERVER[211]: Environment variable HG_TRANSPORT was NOT set
[INFO] PDC_SERVER[211]: Environment variable HG_HOST was NOT set
[INFO] PDC_SERVER[187]: Environment variable HG_TRANSPORT was NOT set
[INFO] PDC_SERVER[187]: Environment variable HG_HOST was NOT set
[INFO] PDC_SERVER[212]: Environment variable HG_TRANSPORT was NOT set
[INFO] PDC_SERVER[212]: Environment variable HG_HOST was NOT set
[INFO] PDC_SERVER[182]: Environment variable HG_TRANSPORT was NOT set
[INFO] PDC_SERVER[182]: Environment variable HG_HOST was NOT set
[INFO] PDC_SERVER[92]: Environment variable HG_TRANSPORT was NOT set
[INFO] PDC_SERVER[92]: Environment variable HG_HOST was NOT set
[INFO] PDC_SERVER[200]: Environment variable HG_TRANSPORT was NOT set
[INFO] PDC_SERVER[200]: Environment variable HG_HOST was NOT set
[INFO] PDC_SERVER[44]: Environment variable HG_TRANSPORT was NOT set
[INFO] PDC_SERVER[44]: Environment variable HG_HOST was NOT set
[INFO] PDC_SERVER[248]: Environment variable HG_TRANSPORT was NOT set
[INFO] PDC_SERVER[248]: Environment variable HG_HOST was NOT set
[INFO] PDC_SERVER[254]: Environment variable HG_TRANSPORT was NOT set
[INFO] PDC_SERVER[254]: Environment variable HG_HOST was NOT set
[INFO] PDC_SERVER[206]: Environment variable HG_TRANSPORT was NOT set
[INFO] PDC_SERVER[206]: Environment variable HG_HOST was NOT set
[INFO] PDC_SERVER[224]: Environment variable HG_TRANSPORT was NOT set
[INFO] PDC_SERVER[224]: Environment variable HG_HOST was NOT set
[INFO] PDC_SERVER[170]: Environment variable HG_TRANSPORT was NOT set
[INFO] PDC_SERVER[170]: Environment variable HG_HOST was NOT set
[INFO] PDC_SERVER[128]: Environment variable HG_TRANSPORT was NOT set
[INFO] PDC_SERVER[128]: Environment variable HG_HOST was NOT set
[INFO] PDC_SERVER[146]: Environment variable HG_TRANSPORT was NOT set
[INFO] PDC_SERVER[146]: Environment variable HG_HOST was NOT set
[INFO] PDC_SERVER[100]: Environment variable HG_TRANSPORT was NOT set
[INFO] PDC_SERVER[100]: Environment variable HG_HOST was NOT set
[INFO] PDC_SERVER[160]: Environment variable HG_TRANSPORT was NOT set
[INFO] PDC_SERVER[160]: Environment variable HG_HOST was NOT set
[INFO] PDC_SERVER[244]: Environment variable HG_TRANSPORT was NOT set
[INFO] PDC_SERVER[244]: Environment variable HG_HOST was NOT set
[INFO] PDC_SERVER[220]: Environment variable HG_TRANSPORT was NOT set
[INFO] PDC_SERVER[220]: Environment variable HG_HOST was NOT set
[INFO] PDC_SERVER[88]: Environment variable HG_TRANSPORT was NOT set
[INFO] PDC_SERVER[88]: Environment variable HG_HOST was NOT set
[INFO] PDC_SERVER[196]: Environment variable HG_TRANSPORT was NOT set
[INFO] PDC_SERVER[196]: Environment variable HG_HOST was NOT set
[INFO] PDC_SERVER[208]: Environment variable HG_TRANSPORT was NOT set
[INFO] PDC_SERVER[208]: Environment variable HG_HOST was NOT set
[INFO] PDC_SERVER[40]: Environment variable HG_TRANSPORT was NOT set
[INFO] PDC_SERVER[40]: Environment variable HG_HOST was NOT set
[INFO] PDC_SERVER[154]: Environment variable HG_TRANSPORT was NOT set
[INFO] PDC_SERVER[154]: Environment variable HG_HOST was NOT set
[INFO] PDC_SERVER[178]: Environment variable HG_TRANSPORT was NOT set
[INFO] PDC_SERVER[178]: Environment variable HG_HOST was NOT set
[INFO] PDC_SERVER[148]: Environment variable HG_TRANSPORT was NOT set
[INFO] PDC_SERVER[148]: Environment variable HG_HOST was NOT set
[INFO] PDC_SERVER[238]: Environment variable HG_TRANSPORT was NOT set
[INFO] PDC_SERVER[238]: Environment variable HG_HOST was NOT set
[INFO] PDC_SERVER[227]: Environment variable HG_TRANSPORT was NOT set
[INFO] PDC_SERVER[227]: Environment variable HG_HOST was NOT set
[INFO] PDC_SERVER[41]: Environment variable HG_TRANSPORT was NOT set
[INFO] PDC_SERVER[41]: Environment variable HG_HOST was NOT set
[INFO] PDC_SERVER[203]: Environment variable HG_TRANSPORT was NOT set
[INFO] PDC_SERVER[203]: Environment variable HG_HOST was NOT set
[INFO] PDC_SERVER[65]: Environment variable HG_TRANSPORT was NOT set
[INFO] PDC_SERVER[65]: Environment variable HG_HOST was NOT set
[INFO] PDC_SERVER[155]: Environment variable HG_TRANSPORT was NOT set
[INFO] PDC_SERVER[155]: Environment variable HG_HOST was NOT set
[INFO] PDC_SERVER[101]: Environment variable HG_TRANSPORT was NOT set
[INFO] PDC_SERVER[101]: Environment variable HG_HOST was NOT set
[INFO] PDC_SERVER[89]: Environment variable HG_TRANSPORT was NOT set
[INFO] PDC_SERVER[89]: Environment variable HG_HOST was NOT set
[INFO] PDC_SERVER[245]: Environment variable HG_TRANSPORT was NOT set
[INFO] PDC_SERVER[245]: Environment variable HG_HOST was NOT set
[INFO] PDC_SERVER[251]: Environment variable HG_TRANSPORT was NOT set
[INFO] PDC_SERVER[251]: Environment variable HG_HOST was NOT set
[INFO] PDC_SERVER[131]: Environment variable HG_TRANSPORT was NOT set
[INFO] PDC_SERVER[131]: Environment variable HG_HOST was NOT set
[INFO] PDC_SERVER[11]: Environment variable HG_TRANSPORT was NOT set
[INFO] PDC_SERVER[11]: Environment variable HG_HOST was NOT set
[INFO] PDC_SERVER[209]: Environment variable HG_TRANSPORT was NOT set
[INFO] PDC_SERVER[209]: Environment variable HG_HOST was NOT set
[INFO] PDC_SERVER[216]: Environment variable HG_TRANSPORT was NOT set
[INFO] PDC_SERVER[216]: Environment variable HG_HOST was NOT set
[INFO] PDC_SERVER[164]: Environment variable HG_TRANSPORT was NOT set
[INFO] PDC_SERVER[164]: Environment variable HG_HOST was NOT set
[INFO] PDC_SERVER[2]: Environment variable HG_TRANSPORT was NOT set
[INFO] PDC_SERVER[2]: Environment variable HG_HOST was NOT set
[INFO] PDC_SERVER[1]: Environment variable HG_TRANSPORT was NOT set
[INFO] PDC_SERVER[1]: Environment variable HG_HOST was NOT set
[INFO] PDC_SERVER[14]: Environment variable HG_TRANSPORT was NOT set
[INFO] PDC_SERVER[14]: Environment variable HG_HOST was NOT set
[INFO] PDC_SERVER[15]: Environment variable HG_TRANSPORT was NOT set
[INFO] PDC_SERVER[15]: Environment variable HG_HOST was NOT set
[INFO] PDC_SERVER[0]: Without multi-thread
[INFO] PDC_SERVER[0]: Successfully established connection to 255 other PDC servers
[INFO] PDC_SERVER[0]: Server ready!


[INFO] PDC_SERVER[0]: Running write storage strategy STORE_REGION_BY_REGION_SINGLE_FILE
[INFO] PDC_SERVER[0]: Running write storage strategy STORE_REGION_BY_REGION_SINGLE_FILE
[INFO] PDC_SERVER[0]: Running write storage strategy STORE_REGION_BY_REGION_SINGLE_FILE
[INFO] PDC_SERVER[0]: Running write storage strategy STORE_REGION_BY_REGION_SINGLE_FILE
[INFO] PDC_SERVER[0]: Running write storage strategy STORE_REGION_BY_REGION_SINGLE_FILE
[INFO] PDC_SERVER[0]: Running write storage strategy STORE_REGION_BY_REGION_SINGLE_FILE
[INFO] PDC_SERVER[0]: Running write storage strategy STORE_REGION_BY_REGION_SINGLE_FILE
[INFO] PDC_SERVER[0]: Running write storage strategy STORE_REGION_BY_REGION_SINGLE_FILE
[INFO] PDC_SERVER[0]: Running write storage strategy STORE_REGION_BY_REGION_SINGLE_FILE
[INFO] PDC_SERVER[0]: Running write storage strategy STORE_REGION_BY_REGION_SINGLE_FILE
[INFO] PDC_SERVER[0]: Running write storage strategy STORE_REGION_BY_REGION_SINGLE_FILE
[INFO] PDC_SERVER[0]: Running write storage strategy STORE_REGION_BY_REGION_SINGLE_FILE
[INFO] PDC_SERVER[0]: Running write storage strategy STORE_REGION_BY_REGION_SINGLE_FILE
[INFO] PDC_SERVER[0]: Running write storage strategy STORE_REGION_BY_REGION_SINGLE_FILE
[INFO] PDC_SERVER[0]: Running write storage strategy STORE_REGION_BY_REGION_SINGLE_FILE
[INFO] PDC_SERVER[0]: Running write storage strategy STORE_REGION_BY_REGION_SINGLE_FILE
[INFO] PDC_SERVER[0]: Running write storage strategy STORE_REGION_BY_REGION_SINGLE_FILE
[INFO] PDC_SERVER[0]: Running write storage strategy STORE_REGION_BY_REGION_SINGLE_FILE
[INFO] PDC_SERVER[0]: Running write storage strategy STORE_REGION_BY_REGION_SINGLE_FILE
[INFO] PDC_SERVER[0]: Running write storage strategy STORE_REGION_BY_REGION_SINGLE_FILE
[INFO] PDC_SERVER[0]: Running write storage strategy STORE_REGION_BY_REGION_SINGLE_FILE
[INFO] PDC_SERVER[0]: Running write storage strategy STORE_REGION_BY_REGION_SINGLE_FILE
[INFO] PDC_SERVER[0]: Running write storage strategy STORE_REGION_BY_REGION_SINGLE_FILE
[INFO] PDC_SERVER[0]: Running write storage strategy STORE_REGION_BY_REGION_SINGLE_FILE
[INFO] PDC_SERVER[0]: Running write storage strategy STORE_REGION_BY_REGION_SINGLE_FILE
[INFO] PDC_SERVER[0]: Running write storage strategy STORE_REGION_BY_REGION_SINGLE_FILE
[INFO] PDC_SERVER[0]: Running write storage strategy STORE_REGION_BY_REGION_SINGLE_FILE
[INFO] PDC_SERVER[0]: Running write storage strategy STORE_REGION_BY_REGION_SINGLE_FILE
[INFO] PDC_SERVER[0]: Running write storage strategy STORE_REGION_BY_REGION_SINGLE_FILE
[INFO] PDC_SERVER[0]: Running write storage strategy STORE_REGION_BY_REGION_SINGLE_FILE
[INFO] PDC_SERVER[0]: Running write storage strategy STORE_REGION_BY_REGION_SINGLE_FILE
[INFO] PDC_SERVER[0]: Running write storage strategy STORE_REGION_BY_REGION_SINGLE_FILE
[INFO] PDC_SERVER[0]: Running write storage strategy STORE_REGION_BY_REGION_SINGLE_FILE
[INFO] PDC_SERVER[0]: Running write storage strategy STORE_REGION_BY_REGION_SINGLE_FILE
[INFO] PDC_SERVER[0]: Running write storage strategy STORE_REGION_BY_REGION_SINGLE_FILE
[INFO] PDC_SERVER[0]: Running write storage strategy STORE_REGION_BY_REGION_SINGLE_FILE
[INFO] PDC_SERVER[0]: Running write storage strategy STORE_REGION_BY_REGION_SINGLE_FILE
[INFO] PDC_SERVER[0]: Running write storage strategy STORE_REGION_BY_REGION_SINGLE_FILE
[INFO] PDC_SERVER[0]: Running write storage strategy STORE_REGION_BY_REGION_SINGLE_FILE
[INFO] PDC_SERVER[0]: Running write storage strategy STORE_REGION_BY_REGION_SINGLE_FILE
[INFO] PDC_SERVER[0]: Running write storage strategy STORE_REGION_BY_REGION_SINGLE_FILE
[INFO] PDC_SERVER[0]: Running write storage strategy STORE_REGION_BY_REGION_SINGLE_FILE
[INFO] PDC_SERVER[0]: Running write storage strategy STORE_REGION_BY_REGION_SINGLE_FILE
[INFO] PDC_SERVER[0]: Running write storage strategy STORE_REGION_BY_REGION_SINGLE_FILE
[INFO] PDC_SERVER[0]: Running write storage strategy STORE_REGION_BY_REGION_SINGLE_FILE
[INFO] PDC_SERVER[0]: Running write storage strategy STORE_REGION_BY_REGION_SINGLE_FILE
[INFO] PDC_SERVER[0]: Running write storage strategy STORE_REGION_BY_REGION_SINGLE_FILE
[INFO] PDC_SERVER[0]: Running write storage strategy STORE_REGION_BY_REGION_SINGLE_FILE
[INFO] PDC_SERVER[0]: Running write storage strategy STORE_REGION_BY_REGION_SINGLE_FILE
[INFO] PDC_SERVER[0]: Running write storage strategy STORE_REGION_BY_REGION_SINGLE_FILE
[INFO] PDC_SERVER[0]: Running write storage strategy STORE_REGION_BY_REGION_SINGLE_FILE
[INFO] PDC_SERVER[0]: Running write storage strategy STORE_REGION_BY_REGION_SINGLE_FILE
[INFO] PDC_SERVER[0]: Running write storage strategy STORE_REGION_BY_REGION_SINGLE_FILE
[INFO] PDC_SERVER[0]: Running write storage strategy STORE_REGION_BY_REGION_SINGLE_FILE
[INFO] PDC_SERVER[0]: Running write storage strategy STORE_REGION_BY_REGION_SINGLE_FILE
[INFO] PDC_SERVER[0]: Running write storage strategy STORE_REGION_BY_REGION_SINGLE_FILE
[INFO] PDC_SERVER[0]: Running write storage strategy STORE_REGION_BY_REGION_SINGLE_FILE
[INFO] PDC_SERVER[0]: Running write storage strategy STORE_REGION_BY_REGION_SINGLE_FILE
[INFO] PDC_SERVER[0]: Running write storage strategy STORE_REGION_BY_REGION_SINGLE_FILE
[INFO] PDC_SERVER[0]: Running write storage strategy STORE_REGION_BY_REGION_SINGLE_FILE
[INFO] PDC_SERVER[0]: Running write storage strategy STORE_REGION_BY_REGION_SINGLE_FILE
[INFO] PDC_SERVER[0]: Running write storage strategy STORE_REGION_BY_REGION_SINGLE_FILE
[INFO] PDC_SERVER[0]: Running write storage strategy STORE_REGION_BY_REGION_SINGLE_FILE
[INFO] PDC_SERVER[0]: Running write storage strategy STORE_REGION_BY_REGION_SINGLE_FILE
[INFO] PDC_SERVER[0]: Running write storage strategy STORE_REGION_BY_REGION_SINGLE_FILE
[INFO] PDC_SERVER[0]: Running write storage strategy STORE_REGION_BY_REGION_SINGLE_FILE
[INFO] PDC_SERVER[0]: Running write storage strategy STORE_REGION_BY_REGION_SINGLE_FILE
[INFO] PDC_SERVER[0]: Running write storage strategy STORE_REGION_BY_REGION_SINGLE_FILE
[INFO] PDC_SERVER[0]: Running write storage strategy STORE_REGION_BY_REGION_SINGLE_FILE
[INFO] PDC_SERVER[0]: Running write storage strategy STORE_REGION_BY_REGION_SINGLE_FILE
[INFO] PDC_SERVER[0]: Running write storage strategy STORE_REGION_BY_REGION_SINGLE_FILE
[INFO] PDC_SERVER[0]: Running write storage strategy STORE_REGION_BY_REGION_SINGLE_FILE
[INFO] PDC_SERVER[0]: Running write storage strategy STORE_REGION_BY_REGION_SINGLE_FILE
[INFO] PDC_SERVER[0]: Running write storage strategy STORE_REGION_BY_REGION_SINGLE_FILE
[INFO] PDC_SERVER[0]: Running write storage strategy STORE_REGION_BY_REGION_SINGLE_FILE
[INFO] PDC_SERVER[0]: Running write storage strategy STORE_REGION_BY_REGION_SINGLE_FILE
[INFO] PDC_SERVER[0]: Running write storage strategy STORE_REGION_BY_REGION_SINGLE_FILE
[INFO] PDC_SERVER[0]: Running write storage strategy STORE_REGION_BY_REGION_SINGLE_FILE
[INFO] PDC_SERVER[0]: Running write storage strategy STORE_REGION_BY_REGION_SINGLE_FILE
[INFO] PDC_SERVER[0]: Running write storage strategy STORE_REGION_BY_REGION_SINGLE_FILE
[INFO] PDC_SERVER[0]: Running write storage strategy STORE_REGION_BY_REGION_SINGLE_FILE
[INFO] PDC_SERVER[0]: Running write storage strategy STORE_REGION_BY_REGION_SINGLE_FILE
[INFO] PDC_SERVER[0]: Running write storage strategy STORE_REGION_BY_REGION_SINGLE_FILE
[INFO] PDC_SERVER[0]: Running write storage strategy STORE_REGION_BY_REGION_SINGLE_FILE
[INFO] PDC_SERVER[0]: Running write storage strategy STORE_REGION_BY_REGION_SINGLE_FILE
[INFO] PDC_SERVER[0]: Running write storage strategy STORE_REGION_BY_REGION_SINGLE_FILE
[INFO] PDC_SERVER[0]: Running write storage strategy STORE_REGION_BY_REGION_SINGLE_FILE
[INFO] PDC_SERVER[0]: Running write storage strategy STORE_REGION_BY_REGION_SINGLE_FILE
[INFO] PDC_SERVER[0]: Running write storage strategy STORE_REGION_BY_REGION_SINGLE_FILE
[INFO] PDC_SERVER[0]: Running write storage strategy STORE_REGION_BY_REGION_SINGLE_FILE
[INFO] PDC_SERVER[0]: Running write storage strategy STORE_REGION_BY_REGION_SINGLE_FILE
[INFO] PDC_SERVER[0]: Running write storage strategy STORE_REGION_BY_REGION_SINGLE_FILE
[INFO] PDC_SERVER[0]: Running write storage strategy STORE_REGION_BY_REGION_SINGLE_FILE
[INFO] PDC_SERVER[0]: Running write storage strategy STORE_REGION_BY_REGION_SINGLE_FILE
[INFO] PDC_SERVER[0]: Running write storage strategy STORE_REGION_BY_REGION_SINGLE_FILE
[INFO] PDC_SERVER[0]: Running write storage strategy STORE_REGION_BY_REGION_SINGLE_FILE
[INFO] PDC_SERVER[0]: Running write storage strategy STORE_REGION_BY_REGION_SINGLE_FILE
[INFO] PDC_SERVER[0]: Running write storage strategy STORE_REGION_BY_REGION_SINGLE_FILE
[INFO] PDC_SERVER[0]: Running write storage strategy STORE_REGION_BY_REGION_SINGLE_FILE
[INFO] PDC_SERVER[0]: Running write storage strategy STORE_REGION_BY_REGION_SINGLE_FILE
[INFO] PDC_SERVER[0]: Running write storage strategy STORE_REGION_BY_REGION_SINGLE_FILE
[INFO] PDC_SERVER[0]: Running write storage strategy STORE_REGION_BY_REGION_SINGLE_FILE
[INFO] PDC_SERVER[0]: Running write storage strategy STORE_REGION_BY_REGION_SINGLE_FILE
[INFO] PDC_SERVER[0]: Running write storage strategy STORE_REGION_BY_REGION_SINGLE_FILE
[INFO] PDC_SERVER[0]: Running write storage strategy STORE_REGION_BY_REGION_SINGLE_FILE
[INFO] PDC_SERVER[0]: Running write storage strategy STORE_REGION_BY_REGION_SINGLE_FILE
[INFO] PDC_SERVER[0]: Running write storage strategy STORE_REGION_BY_REGION_SINGLE_FILE
[INFO] PDC_SERVER[0]: Running write storage strategy STORE_REGION_BY_REGION_SINGLE_FILE
[INFO] PDC_SERVER[0]: Running write storage strategy STORE_REGION_BY_REGION_SINGLE_FILE
[INFO] PDC_SERVER[0]: Running write storage strategy STORE_REGION_BY_REGION_SINGLE_FILE
[INFO] PDC_SERVER[0]: Running write storage strategy STORE_REGION_BY_REGION_SINGLE_FILE
[INFO] PDC_SERVER[0]: Running write storage strategy STORE_REGION_BY_REGION_SINGLE_FILE
[INFO] PDC_SERVER[0]: Running write storage strategy STORE_REGION_BY_REGION_SINGLE_FILE
[INFO] PDC_SERVER[0]: Running write storage strategy STORE_REGION_BY_REGION_SINGLE_FILE
[INFO] PDC_SERVER[0]: Running write storage strategy STORE_REGION_BY_REGION_SINGLE_FILE
[INFO] PDC_SERVER[0]: Running write storage strategy STORE_REGION_BY_REGION_SINGLE_FILE
[INFO] PDC_SERVER[0]: Running write storage strategy STORE_REGION_BY_REGION_SINGLE_FILE
[INFO] PDC_SERVER[0]: Running write storage strategy STORE_REGION_BY_REGION_SINGLE_FILE
[INFO] PDC_SERVER[0]: Running write storage strategy STORE_REGION_BY_REGION_SINGLE_FILE
[INFO] PDC_SERVER[0]: Running write storage strategy STORE_REGION_BY_REGION_SINGLE_FILE
[INFO] PDC_SERVER[0]: Running write storage strategy STORE_REGION_BY_REGION_SINGLE_FILE
[INFO] PDC_SERVER[0]: Running write storage strategy STORE_REGION_BY_REGION_SINGLE_FILE
[INFO] PDC_SERVER[0]: Running write storage strategy STORE_REGION_BY_REGION_SINGLE_FILE
[INFO] PDC_SERVER[0]: Running write storage strategy STORE_REGION_BY_REGION_SINGLE_FILE
[INFO] PDC_SERVER[0]: Running write storage strategy STORE_REGION_BY_REGION_SINGLE_FILE
[INFO] PDC_SERVER[0]: Running write storage strategy STORE_REGION_BY_REGION_SINGLE_FILE
[INFO] PDC_SERVER[0]: Running write storage strategy STORE_REGION_BY_REGION_SINGLE_FILE
[INFO] PDC_SERVER[0]: Running write storage strategy STORE_REGION_BY_REGION_SINGLE_FILE
[INFO] PDC_SERVER[0]: Running read storage strategy STORE_REGION_BY_REGION_SINGLE_FILE
[INFO] PDC_SERVER[0]: Running read storage strategy STORE_REGION_BY_REGION_SINGLE_FILE
[INFO] PDC_SERVER[0]: Running read storage strategy STORE_REGION_BY_REGION_SINGLE_FILE
[INFO] PDC_SERVER[0]: Running read storage strategy STORE_REGION_BY_REGION_SINGLE_FILE
[INFO] PDC_SERVER[0]: Running read storage strategy STORE_REGION_BY_REGION_SINGLE_FILE
[INFO] PDC_SERVER[0]: Running read storage strategy STORE_REGION_BY_REGION_SINGLE_FILE
[INFO] PDC_SERVER[0]: Running read storage strategy STORE_REGION_BY_REGION_SINGLE_FILE
[INFO] PDC_SERVER[0]: Running read storage strategy STORE_REGION_BY_REGION_SINGLE_FILE
[INFO] PDC_SERVER[0]: Running read storage strategy STORE_REGION_BY_REGION_SINGLE_FILE
[INFO] PDC_SERVER[0]: Running read storage strategy STORE_REGION_BY_REGION_SINGLE_FILE
[INFO] PDC_SERVER[0]: Running read storage strategy STORE_REGION_BY_REGION_SINGLE_FILE
[INFO] PDC_SERVER[0]: Running read storage strategy STORE_REGION_BY_REGION_SINGLE_FILE
[INFO] PDC_SERVER[0]: Running read storage strategy STORE_REGION_BY_REGION_SINGLE_FILE
[INFO] PDC_SERVER[0]: Running read storage strategy STORE_REGION_BY_REGION_SINGLE_FILE
[INFO] PDC_SERVER[0]: Running read storage strategy STORE_REGION_BY_REGION_SINGLE_FILE
[INFO] PDC_SERVER[0]: Running read storage strategy STORE_REGION_BY_REGION_SINGLE_FILE
[INFO] PDC_SERVER[0]: Running read storage strategy STORE_REGION_BY_REGION_SINGLE_FILE
[INFO] PDC_SERVER[0]: Running read storage strategy STORE_REGION_BY_REGION_SINGLE_FILE
[INFO] PDC_SERVER[0]: Running read storage strategy STORE_REGION_BY_REGION_SINGLE_FILE
[INFO] PDC_SERVER[0]: Running read storage strategy STORE_REGION_BY_REGION_SINGLE_FILE
[INFO] PDC_SERVER[0]: Running read storage strategy STORE_REGION_BY_REGION_SINGLE_FILE
[INFO] PDC_SERVER[0]: Running read storage strategy STORE_REGION_BY_REGION_SINGLE_FILE
[INFO] PDC_SERVER[0]: Running read storage strategy STORE_REGION_BY_REGION_SINGLE_FILE
[INFO] PDC_SERVER[0]: Running read storage strategy STORE_REGION_BY_REGION_SINGLE_FILE
[INFO] PDC_SERVER[0]: Running read storage strategy STORE_REGION_BY_REGION_SINGLE_FILE
[INFO] PDC_SERVER[0]: Running read storage strategy STORE_REGION_BY_REGION_SINGLE_FILE
[INFO] PDC_SERVER[0]: Running read storage strategy STORE_REGION_BY_REGION_SINGLE_FILE
[INFO] PDC_SERVER[0]: Running read storage strategy STORE_REGION_BY_REGION_SINGLE_FILE
[INFO] PDC_SERVER[0]: Running read storage strategy STORE_REGION_BY_REGION_SINGLE_FILE
[INFO] PDC_SERVER[0]: Running read storage strategy STORE_REGION_BY_REGION_SINGLE_FILE
[INFO] PDC_SERVER[0]: Running read storage strategy STORE_REGION_BY_REGION_SINGLE_FILE
[INFO] PDC_SERVER[0]: Running read storage strategy STORE_REGION_BY_REGION_SINGLE_FILE
[INFO] PDC_SERVER[0]: Running read storage strategy STORE_REGION_BY_REGION_SINGLE_FILE
[INFO] PDC_SERVER[0]: Running read storage strategy STORE_REGION_BY_REGION_SINGLE_FILE
[INFO] PDC_SERVER[0]: Running read storage strategy STORE_REGION_BY_REGION_SINGLE_FILE
[INFO] PDC_SERVER[0]: Running read storage strategy STORE_REGION_BY_REGION_SINGLE_FILE
[INFO] PDC_SERVER[0]: Running read storage strategy STORE_REGION_BY_REGION_SINGLE_FILE
[INFO] PDC_SERVER[0]: Running read storage strategy STORE_REGION_BY_REGION_SINGLE_FILE
[INFO] PDC_SERVER[0]: Running read storage strategy STORE_REGION_BY_REGION_SINGLE_FILE
[INFO] PDC_SERVER[0]: Running read storage strategy STORE_REGION_BY_REGION_SINGLE_FILE
[INFO] PDC_SERVER[0]: Running read storage strategy STORE_REGION_BY_REGION_SINGLE_FILE
[INFO] PDC_SERVER[0]: Running read storage strategy STORE_REGION_BY_REGION_SINGLE_FILE
[INFO] PDC_SERVER[0]: Running read storage strategy STORE_REGION_BY_REGION_SINGLE_FILE
[INFO] PDC_SERVER[0]: Running read storage strategy STORE_REGION_BY_REGION_SINGLE_FILE
[INFO] PDC_SERVER[0]: Running read storage strategy STORE_REGION_BY_REGION_SINGLE_FILE
[INFO] PDC_SERVER[0]: Running read storage strategy STORE_REGION_BY_REGION_SINGLE_FILE
[INFO] PDC_SERVER[0]: Running read storage strategy STORE_REGION_BY_REGION_SINGLE_FILE
[INFO] PDC_SERVER[0]: Running read storage strategy STORE_REGION_BY_REGION_SINGLE_FILE
[INFO] PDC_SERVER[0]: Running read storage strategy STORE_REGION_BY_REGION_SINGLE_FILE
[INFO] PDC_SERVER[0]: Running read storage strategy STORE_REGION_BY_REGION_SINGLE_FILE
[INFO] PDC_SERVER[0]: Running read storage strategy STORE_REGION_BY_REGION_SINGLE_FILE
[INFO] PDC_SERVER[0]: Running read storage strategy STORE_REGION_BY_REGION_SINGLE_FILE
[INFO] PDC_SERVER[0]: Running read storage strategy STORE_REGION_BY_REGION_SINGLE_FILE
[INFO] PDC_SERVER[0]: Running read storage strategy STORE_REGION_BY_REGION_SINGLE_FILE
[INFO] PDC_SERVER[0]: Running read storage strategy STORE_REGION_BY_REGION_SINGLE_FILE
[INFO] PDC_SERVER[0]: Running read storage strategy STORE_REGION_BY_REGION_SINGLE_FILE
[INFO] PDC_SERVER[0]: Running read storage strategy STORE_REGION_BY_REGION_SINGLE_FILE
[INFO] PDC_SERVER[0]: Running read storage strategy STORE_REGION_BY_REGION_SINGLE_FILE
[INFO] PDC_SERVER[0]: Running read storage strategy STORE_REGION_BY_REGION_SINGLE_FILE
[INFO] PDC_SERVER[0]: Running read storage strategy STORE_REGION_BY_REGION_SINGLE_FILE
[INFO] PDC_SERVER[0]: Running read storage strategy STORE_REGION_BY_REGION_SINGLE_FILE
[INFO] PDC_SERVER[0]: Running read storage strategy STORE_REGION_BY_REGION_SINGLE_FILE
[INFO] PDC_SERVER[0]: Running read storage strategy STORE_REGION_BY_REGION_SINGLE_FILE
[INFO] PDC_SERVER[0]: Running read storage strategy STORE_REGION_BY_REGION_SINGLE_FILE
[INFO] PDC_SERVER[0]: Running read storage strategy STORE_REGION_BY_REGION_SINGLE_FILE
[INFO] PDC_SERVER[0]: Running read storage strategy STORE_REGION_BY_REGION_SINGLE_FILE
[INFO] PDC_SERVER[0]: Running read storage strategy STORE_REGION_BY_REGION_SINGLE_FILE
[INFO] PDC_SERVER[0]: Running read storage strategy STORE_REGION_BY_REGION_SINGLE_FILE
[INFO] PDC_SERVER[0]: Running read storage strategy STORE_REGION_BY_REGION_SINGLE_FILE
[INFO] PDC_SERVER[0]: Running read storage strategy STORE_REGION_BY_REGION_SINGLE_FILE
[INFO] PDC_SERVER[0]: Running read storage strategy STORE_REGION_BY_REGION_SINGLE_FILE
[INFO] PDC_SERVER[0]: Running read storage strategy STORE_REGION_BY_REGION_SINGLE_FILE
[INFO] PDC_SERVER[0]: Running read storage strategy STORE_REGION_BY_REGION_SINGLE_FILE
[INFO] PDC_SERVER[0]: Running read storage strategy STORE_REGION_BY_REGION_SINGLE_FILE
[INFO] PDC_SERVER[0]: Running read storage strategy STORE_REGION_BY_REGION_SINGLE_FILE
[INFO] PDC_SERVER[0]: Running read storage strategy STORE_REGION_BY_REGION_SINGLE_FILE
[INFO] PDC_SERVER[0]: Running read storage strategy STORE_REGION_BY_REGION_SINGLE_FILE
[INFO] PDC_SERVER[0]: Running read storage strategy STORE_REGION_BY_REGION_SINGLE_FILE
[INFO] PDC_SERVER[0]: Running read storage strategy STORE_REGION_BY_REGION_SINGLE_FILE
[INFO] PDC_SERVER[0]: Running read storage strategy STORE_REGION_BY_REGION_SINGLE_FILE
[INFO] PDC_SERVER[0]: Running read storage strategy STORE_REGION_BY_REGION_SINGLE_FILE
[INFO] PDC_SERVER[0]: Running read storage strategy STORE_REGION_BY_REGION_SINGLE_FILE
[INFO] PDC_SERVER[0]: Running read storage strategy STORE_REGION_BY_REGION_SINGLE_FILE
[INFO] PDC_SERVER[0]: Running read storage strategy STORE_REGION_BY_REGION_SINGLE_FILE
[INFO] PDC_SERVER[0]: Running read storage strategy STORE_REGION_BY_REGION_SINGLE_FILE
[INFO] PDC_SERVER[0]: Running read storage strategy STORE_REGION_BY_REGION_SINGLE_FILE
[INFO] PDC_SERVER[0]: Running read storage strategy STORE_REGION_BY_REGION_SINGLE_FILE
[INFO] PDC_SERVER[0]: Running read storage strategy STORE_REGION_BY_REGION_SINGLE_FILE
[INFO] PDC_SERVER[0]: Running read storage strategy STORE_REGION_BY_REGION_SINGLE_FILE
[INFO] PDC_SERVER[0]: Running read storage strategy STORE_REGION_BY_REGION_SINGLE_FILE
[INFO] PDC_SERVER[0]: Running read storage strategy STORE_REGION_BY_REGION_SINGLE_FILE
[INFO] PDC_SERVER[0]: Running read storage strategy STORE_REGION_BY_REGION_SINGLE_FILE
[INFO] PDC_SERVER[0]: Running read storage strategy STORE_REGION_BY_REGION_SINGLE_FILE
[INFO] PDC_SERVER[0]: Running read storage strategy STORE_REGION_BY_REGION_SINGLE_FILE
[INFO] PDC_SERVER[0]: Running read storage strategy STORE_REGION_BY_REGION_SINGLE_FILE
[INFO] PDC_SERVER[0]: Running read storage strategy STORE_REGION_BY_REGION_SINGLE_FILE
[INFO] PDC_SERVER[0]: Running read storage strategy STORE_REGION_BY_REGION_SINGLE_FILE
[INFO] PDC_SERVER[0]: Running read storage strategy STORE_REGION_BY_REGION_SINGLE_FILE
[INFO] PDC_SERVER[0]: Running read storage strategy STORE_REGION_BY_REGION_SINGLE_FILE
[INFO] PDC_SERVER[0]: Running read storage strategy STORE_REGION_BY_REGION_SINGLE_FILE
[INFO] PDC_SERVER[0]: Running read storage strategy STORE_REGION_BY_REGION_SINGLE_FILE
[INFO] PDC_SERVER[0]: Running read storage strategy STORE_REGION_BY_REGION_SINGLE_FILE
[INFO] PDC_SERVER[0]: Running read storage strategy STORE_REGION_BY_REGION_SINGLE_FILE
[INFO] PDC_SERVER[0]: Running read storage strategy STORE_REGION_BY_REGION_SINGLE_FILE
[INFO] PDC_SERVER[0]: Running read storage strategy STORE_REGION_BY_REGION_SINGLE_FILE
[INFO] PDC_SERVER[0]: Running read storage strategy STORE_REGION_BY_REGION_SINGLE_FILE
[INFO] PDC_SERVER[0]: Running read storage strategy STORE_REGION_BY_REGION_SINGLE_FILE
[INFO] PDC_SERVER[0]: Running read storage strategy STORE_REGION_BY_REGION_SINGLE_FILE
[INFO] PDC_SERVER[0]: Running read storage strategy STORE_REGION_BY_REGION_SINGLE_FILE
[INFO] PDC_SERVER[0]: Running read storage strategy STORE_REGION_BY_REGION_SINGLE_FILE
[INFO] PDC_SERVER[0]: Running read storage strategy STORE_REGION_BY_REGION_SINGLE_FILE
[INFO] PDC_SERVER[0]: Running read storage strategy STORE_REGION_BY_REGION_SINGLE_FILE
[INFO] PDC_SERVER[0]: Running read storage strategy STORE_REGION_BY_REGION_SINGLE_FILE
[INFO] PDC_SERVER[0]: Running read storage strategy STORE_REGION_BY_REGION_SINGLE_FILE
[INFO] PDC_SERVER[0]: Running read storage strategy STORE_REGION_BY_REGION_SINGLE_FILE
[INFO] PDC_SERVER[0]: Running read storage strategy STORE_REGION_BY_REGION_SINGLE_FILE
[INFO] PDC_SERVER[0]: Running read storage strategy STORE_REGION_BY_REGION_SINGLE_FILE
[INFO] PDC_SERVER[0]: Running read storage strategy STORE_REGION_BY_REGION_SINGLE_FILE
[INFO] PDC_SERVER[0]: Running read storage strategy STORE_REGION_BY_REGION_SINGLE_FILE
[INFO] PDC_SERVER[0]: Running read storage strategy STORE_REGION_BY_REGION_SINGLE_FILE
[INFO] PDC_SERVER[0]: Running read storage strategy STORE_REGION_BY_REGION_SINGLE_FILE
[INFO] PDC_SERVER[0]: Running read storage strategy STORE_REGION_BY_REGION_SINGLE_FILE
[INFO] PDC_SERVER[0]: Running read storage strategy STORE_REGION_BY_REGION_SINGLE_FILE
[INFO] PDC_SERVER[0]: Running read storage strategy STORE_REGION_BY_REGION_SINGLE_FILE
[INFO] PDC_SERVER[0]: Running read storage strategy STORE_REGION_BY_REGION_SINGLE_FILE
[INFO] PDC_SERVER[0]: Running read storage strategy STORE_REGION_BY_REGION_SINGLE_FILE
[INFO] PDC_SERVER[0]: Running read storage strategy STORE_REGION_BY_REGION_SINGLE_FILE
[INFO] PDC_SERVER[0]: Running read storage strategy STORE_REGION_BY_REGION_SINGLE_FILE
num_objs: 0
num_objs: 0
num_objs: 0
num_objs: 0
num_objs: 0
num_objs: 0
num_objs: 0
num_objs: 0
[INFO] PDC_CLIENT[117]: [IDIOMS_Index_Dump_117] Timer to dump index = 10.0000 microseconds
num_objs: 0
num_objs: 0
[INFO] PDC_CLIENT[166]: [IDIOMS_Index_Dump_166] Timer to dump index = 9.0000 microseconds
[INFO] PDC_CLIENT[167]: [IDIOMS_Index_Dump_167] Timer to dump index = 10.0000 microseconds
[INFO] PDC_CLIENT[141]: [IDIOMS_Index_Dump_141] Timer to dump index = 9.0000 microseconds
num_objs: 0
num_objs: 0
num_objs: 0
num_objs: 0
[INFO] PDC_CLIENT[47]: [IDIOMS_Index_Dump_47] Timer to dump index = 10.0000 microseconds
num_objs: 0
num_objs: 0
num_objs: 0
num_objs: 0
num_objs: 0
[INFO] PDC_CLIENT[205]: [IDIOMS_Index_Dump_205] Timer to dump index = 9.0000 microseconds
num_objs: 0
num_objs: 0
num_objs: 0
[INFO] PDC_CLIENT[251]: [IDIOMS_Index_Dump_251] Timer to dump index = 8.0000 microseconds
[INFO] PDC_CLIENT[129]: [IDIOMS_Index_Dump_129] Timer to dump index = 10.0000 microseconds
[INFO] PDC_CLIENT[35]: [IDIOMS_Index_Dump_35] Timer to dump index = 11.0000 microseconds
num_objs: 0
num_objs: 0
[INFO] PDC_CLIENT[21]: [IDIOMS_Index_Dump_21] Timer to dump index = 10.0000 microseconds
num_objs: 0
[INFO] PDC_CLIENT[181]: [IDIOMS_Index_Dump_181] Timer to dump index = 9.0000 microseconds
num_objs: 0
num_objs: 0
num_objs: 0
num_objs: 0
[INFO] PDC_CLIENT[237]: [IDIOMS_Index_Dump_237] Timer to dump index = 9.0000 microseconds
num_objs: 0
num_objs: 0
num_objs: 0
num_objs: 0
num_objs: 0
[INFO] PDC_CLIENT[227]: [IDIOMS_Index_Dump_227] Timer to dump index = 8.0000 microseconds
num_objs: 0
[INFO] PDC_CLIENT[239]: [IDIOMS_Index_Dump_239] Timer to dump index = 7.0000 microseconds
num_objs: 0
[INFO] PDC_CLIENT[175]: [IDIOMS_Index_Dump_175] Timer to dump index = 9.0000 microseconds
[INFO] PDC_CLIENT[165]: [IDIOMS_Index_Dump_165] Timer to dump index = 9.0000 microseconds
num_objs: 0
[INFO] PDC_CLIENT[127]: [IDIOMS_Index_Dump_127] Timer to dump index = 9.0000 microseconds
[INFO] PDC_CLIENT[221]: [IDIOMS_Index_Dump_221] Timer to dump index = 9.0000 microseconds
num_objs: 0
num_objs: 0
num_objs: 0
num_objs: 0
[INFO] PDC_CLIENT[238]: [IDIOMS_Index_Dump_238] Timer to dump index = 8.0000 microseconds
num_objs: 0
[INFO] PDC_CLIENT[219]: [IDIOMS_Index_Dump_219] Timer to dump index = 8.0000 microseconds
[INFO] PDC_CLIENT[250]: [IDIOMS_Index_Dump_250] Timer to dump index = 11.0000 microseconds
num_objs: 0
num_objs: 0
num_objs: 0
num_objs: 0
[INFO] PDC_CLIENT[159]: [IDIOMS_Index_Dump_159] Timer to dump index = 8.0000 microseconds
[INFO] PDC_CLIENT[25]: [IDIOMS_Index_Dump_25] Timer to dump index = 9.0000 microseconds
[INFO] PDC_CLIENT[121]: [IDIOMS_Index_Dump_121] Timer to dump index = 9.0000 microseconds
num_objs: 0
num_objs: 0
num_objs: 0
num_objs: 0
[INFO] PDC_CLIENT[253]: [IDIOMS_Index_Dump_253] Timer to dump index = 9.0000 microseconds
[INFO] PDC_CLIENT[211]: [IDIOMS_Index_Dump_211] Timer to dump index = 10.0000 microseconds
num_objs: 0
num_objs: 0
[INFO] PDC_CLIENT[203]: [IDIOMS_Index_Dump_203] Timer to dump index = 9.0000 microseconds
num_objs: 0
num_objs: 0
[INFO] PDC_CLIENT[7]: [IDIOMS_Index_Dump_7] Timer to dump index = 8.0000 microseconds
num_objs: 0
num_objs: 0
[INFO] PDC_CLIENT[147]: [IDIOMS_Index_Dump_147] Timer to dump index = 8.0000 microseconds
num_objs: 0
num_objs: 0
num_objs: 0
num_objs: 0
[INFO] PDC_CLIENT[115]: [IDIOMS_Index_Dump_115] Timer to dump index = 9.0000 microseconds
num_objs: 0
num_objs: 0
num_objs: 0
num_objs: 0
[INFO] PDC_CLIENT[103]: [IDIOMS_Index_Dump_103] Timer to dump index = 10.0000 microseconds
[INFO] PDC_CLIENT[65]: [IDIOMS_Index_Dump_65] Timer to dump index = 10.0000 microseconds
num_objs: 0
[INFO] PDC_CLIENT[229]: [IDIOMS_Index_Dump_229] Timer to dump index = 10.0000 microseconds
[INFO] PDC_CLIENT[195]: [IDIOMS_Index_Dump_195] Timer to dump index = 11.0000 microseconds
[INFO] PDC_CLIENT[145]: [IDIOMS_Index_Dump_145] Timer to dump index = 9.0000 microseconds
[INFO] PDC_CLIENT[215]: [IDIOMS_Index_Dump_215] Timer to dump index = 9.0000 microseconds
num_objs: 0
num_objs: 0
[INFO] PDC_CLIENT[49]: [IDIOMS_Index_Dump_49] Timer to dump index = 9.0000 microseconds
[INFO] PDC_CLIENT[185]: [IDIOMS_Index_Dump_185] Timer to dump index = 8.0000 microseconds
num_objs: 0
num_objs: 0
num_objs: 0
[INFO] PDC_CLIENT[199]: [IDIOMS_Index_Dump_199] Timer to dump index = 11.0000 microseconds
[INFO] PDC_CLIENT[89]: [IDIOMS_Index_Dump_89] Timer to dump index = 8.0000 microseconds
[INFO] PDC_CLIENT[198]: [IDIOMS_Index_Dump_198] Timer to dump index = 8.0000 microseconds
num_objs: 0
num_objs: 0
num_objs: 0
num_objs: 0
[INFO] PDC_CLIENT[241]: [IDIOMS_Index_Dump_241] Timer to dump index = 10.0000 microseconds
num_objs: 0
[INFO] PDC_CLIENT[6]: [IDIOMS_Index_Dump_6] Timer to dump index = 9.0000 microseconds
[INFO] PDC_CLIENT[93]: [IDIOMS_Index_Dump_93] Timer to dump index = 9.0000 microseconds
[INFO] PDC_CLIENT[161]: [IDIOMS_Index_Dump_161] Timer to dump index = 9.0000 microseconds
num_objs: 0
num_objs: 0
[INFO] PDC_CLIENT[247]: [IDIOMS_Index_Dump_247] Timer to dump index = 8.0000 microseconds
num_objs: 0
[INFO] PDC_CLIENT[246]: [IDIOMS_Index_Dump_246] Timer to dump index = 9.0000 microseconds
[INFO] PDC_CLIENT[31]: [IDIOMS_Index_Dump_31] Timer to dump index = 8.0000 microseconds
[INFO] PDC_CLIENT[69]: [IDIOMS_Index_Dump_69] Timer to dump index = 7.0000 microseconds
[INFO] PDC_CLIENT[233]: [IDIOMS_Index_Dump_233] Timer to dump index = 9.0000 microseconds
num_objs: 0
num_objs: 0
num_objs: 0
num_objs: 0
[INFO] PDC_CLIENT[67]: [IDIOMS_Index_Dump_67] Timer to dump index = 8.0000 microseconds
[INFO] PDC_CLIENT[66]: [IDIOMS_Index_Dump_66] Timer to dump index = 9.0000 microseconds
[INFO] PDC_CLIENT[87]: [IDIOMS_Index_Dump_87] Timer to dump index = 8.0000 microseconds
num_objs: 0
[INFO] PDC_CLIENT[53]: [IDIOMS_Index_Dump_53] Timer to dump index = 9.0000 microseconds
[INFO] PDC_CLIENT[109]: [IDIOMS_Index_Dump_109] Timer to dump index = 8.0000 microseconds
num_objs: 0
num_objs: 0
num_objs: 0
num_objs: 0
num_objs: 0
[INFO] PDC_CLIENT[133]: [IDIOMS_Index_Dump_133] Timer to dump index = 8.0000 microseconds
num_objs: 0
[INFO] PDC_CLIENT[138]: [IDIOMS_Index_Dump_138] Timer to dump index = 9.0000 microseconds
[INFO] PDC_CLIENT[139]: [IDIOMS_Index_Dump_139] Timer to dump index = 9.0000 microseconds
num_objs: 0
[INFO] PDC_CLIENT[111]: [IDIOMS_Index_Dump_111] Timer to dump index = 9.0000 microseconds
num_objs: 0
num_objs: 0
num_objs: 0
num_objs: 0
[INFO] PDC_CLIENT[99]: [IDIOMS_Index_Dump_99] Timer to dump index = 8.0000 microseconds
num_objs: 0
num_objs: 0
[INFO] PDC_CLIENT[57]: [IDIOMS_Index_Dump_57] Timer to dump index = 9.0000 microseconds
num_objs: 0
[INFO] PDC_CLIENT[13]: [IDIOMS_Index_Dump_13] Timer to dump index = 9.0000 microseconds
num_objs: 0
num_objs: 0
num_objs: 0
[INFO] PDC_CLIENT[189]: [IDIOMS_Index_Dump_189] Timer to dump index = 9.0000 microseconds
[INFO] PDC_CLIENT[149]: [IDIOMS_Index_Dump_149] Timer to dump index = 8.0000 microseconds
[INFO] PDC_CLIENT[17]: [IDIOMS_Index_Dump_17] Timer to dump index = 9.0000 microseconds
[INFO] PDC_CLIENT[174]: [IDIOMS_Index_Dump_174] Timer to dump index = 10.0000 microseconds
num_objs: 0
num_objs: 0
[INFO] PDC_CLIENT[155]: [IDIOMS_Index_Dump_155] Timer to dump index = 11.0000 microseconds
[INFO] PDC_CLIENT[191]: [IDIOMS_Index_Dump_191] Timer to dump index = 9.0000 microseconds
num_objs: 0
num_objs: 0
num_objs: 0
[INFO] PDC_CLIENT[29]: [IDIOMS_Index_Dump_29] Timer to dump index = 10.0000 microseconds
[INFO] PDC_CLIENT[97]: [IDIOMS_Index_Dump_97] Timer to dump index = 10.0000 microseconds
num_objs: 0
[INFO] PDC_CLIENT[223]: [IDIOMS_Index_Dump_223] Timer to dump index = 9.0000 microseconds
num_objs: 0
num_objs: 0
num_objs: 0
num_objs: 0
num_objs: 0
[INFO] PDC_CLIENT[18]: [IDIOMS_Index_Dump_18] Timer to dump index = 8.0000 microseconds
[INFO] PDC_CLIENT[19]: [IDIOMS_Index_Dump_19] Timer to dump index = 9.0000 microseconds
num_objs: 0
[INFO] PDC_CLIENT[105]: [IDIOMS_Index_Dump_105] Timer to dump index = 10.0000 microseconds
num_objs: 0
[INFO] PDC_CLIENT[183]: [IDIOMS_Index_Dump_183] Timer to dump index = 8.0000 microseconds
[INFO] PDC_CLIENT[180]: [IDIOMS_Index_Dump_180] Timer to dump index = 9.0000 microseconds
[INFO] PDC_CLIENT[182]: [IDIOMS_Index_Dump_182] Timer to dump index = 10.0000 microseconds
num_objs: 0
num_objs: 0
[INFO] PDC_CLIENT[137]: [IDIOMS_Index_Dump_137] Timer to dump index = 12.0000 microseconds
num_objs: 0
[INFO] PDC_CLIENT[30]: [IDIOMS_Index_Dump_30] Timer to dump index = 8.0000 microseconds
num_objs: 0
num_objs: 0
[INFO] PDC_CLIENT[5]: [IDIOMS_Index_Dump_5] Timer to dump index = 8.0000 microseconds
num_objs: 0
num_objs: 0
num_objs: 0
num_objs: 0
num_objs: 0
num_objs: 0
num_objs: 0
num_objs: 0
[INFO] PDC_CLIENT[1]: [IDIOMS_Index_Dump_1] Timer to dump index = 12.0000 microseconds
num_objs: 0
[INFO] PDC_CLIENT[114]: [IDIOMS_Index_Dump_114] Timer to dump index = 9.0000 microseconds
[INFO] PDC_CLIENT[98]: [IDIOMS_Index_Dump_98] Timer to dump index = 10.0000 microseconds
[INFO] PDC_CLIENT[245]: [IDIOMS_Index_Dump_245] Timer to dump index = 8.0000 microseconds
[INFO] PDC_CLIENT[14]: [IDIOMS_Index_Dump_14] Timer to dump index = 9.0000 microseconds
[INFO] PDC_CLIENT[15]: [IDIOMS_Index_Dump_15] Timer to dump index = 9.0000 microseconds
num_objs: 0
num_objs: 0
num_objs: 0
num_objs: 0
num_objs: 0
num_objs: 0
[INFO] PDC_CLIENT[91]: [IDIOMS_Index_Dump_91] Timer to dump index = 7.0000 microseconds
[INFO] PDC_CLIENT[193]: [IDIOMS_Index_Dump_193] Timer to dump index = 9.0000 microseconds
num_objs: 0
[INFO] PDC_CLIENT[90]: [IDIOMS_Index_Dump_90] Timer to dump index = 10.0000 microseconds
num_objs: 0
num_objs: 0
num_objs: 0
num_objs: 0
num_objs: 0
[INFO] PDC_CLIENT[154]: [IDIOMS_Index_Dump_154] Timer to dump index = 7.0000 microseconds
[INFO] PDC_CLIENT[244]: [IDIOMS_Index_Dump_244] Timer to dump index = 9.0000 microseconds
[INFO] PDC_CLIENT[71]: [IDIOMS_Index_Dump_71] Timer to dump index = 10.0000 microseconds
[INFO] PDC_CLIENT[4]: [IDIOMS_Index_Dump_4] Timer to dump index = 11.0000 microseconds
[INFO] PDC_CLIENT[70]: [IDIOMS_Index_Dump_70] Timer to dump index = 11.0000 microseconds
[INFO] PDC_CLIENT[151]: [IDIOMS_Index_Dump_151] Timer to dump index = 8.0000 microseconds
[INFO] PDC_CLIENT[150]: [IDIOMS_Index_Dump_150] Timer to dump index = 8.0000 microseconds
num_objs: 0
num_objs: 0
[INFO] PDC_CLIENT[236]: [IDIOMS_Index_Dump_236] Timer to dump index = 8.0000 microseconds
num_objs: 0
num_objs: 0
num_objs: 0
num_objs: 0
num_objs: 0
num_objs: 0
num_objs: 0
num_objs: 0
num_objs: 0
[INFO] PDC_CLIENT[33]: [IDIOMS_Index_Dump_33] Timer to dump index = 9.0000 microseconds
[INFO] PDC_CLIENT[119]: [IDIOMS_Index_Dump_119] Timer to dump index = 9.0000 microseconds
[INFO] PDC_CLIENT[214]: [IDIOMS_Index_Dump_214] Timer to dump index = 9.0000 microseconds
num_objs: 0
num_objs: 0
[INFO] PDC_CLIENT[20]: [IDIOMS_Index_Dump_20] Timer to dump index = 8.0000 microseconds
[INFO] PDC_CLIENT[75]: [IDIOMS_Index_Dump_75] Timer to dump index = 8.0000 microseconds
num_objs: 0
[INFO] PDC_CLIENT[23]: [IDIOMS_Index_Dump_23] Timer to dump index = 8.0000 microseconds
[INFO] PDC_CLIENT[255]: [IDIOMS_Index_Dump_255] Timer to dump index = 8.0000 microseconds
num_objs: 0
[INFO] PDC_CLIENT[22]: [IDIOMS_Index_Dump_22] Timer to dump index = 8.0000 microseconds
[INFO] PDC_CLIENT[254]: [IDIOMS_Index_Dump_254] Timer to dump index = 9.0000 microseconds
[INFO] PDC_CLIENT[63]: [IDIOMS_Index_Dump_63] Timer to dump index = 9.0000 microseconds
[INFO] PDC_CLIENT[177]: [IDIOMS_Index_Dump_177] Timer to dump index = 9.0000 microseconds
num_objs: 0
num_objs: 0
[INFO] PDC_CLIENT[146]: [IDIOMS_Index_Dump_146] Timer to dump index = 9.0000 microseconds
num_objs: 0
num_objs: 0
num_objs: 0
num_objs: 0
num_objs: 0
num_objs: 0
[INFO] PDC_CLIENT[242]: [IDIOMS_Index_Dump_242] Timer to dump index = 9.0000 microseconds
[INFO] PDC_CLIENT[243]: [IDIOMS_Index_Dump_243] Timer to dump index = 9.0000 microseconds
[INFO] PDC_CLIENT[9]: [IDIOMS_Index_Dump_9] Timer to dump index = 20.0000 microseconds
num_objs: 0
[INFO] PDC_CLIENT[46]: [IDIOMS_Index_Dump_46] Timer to dump index = 9.0000 microseconds
[INFO] PDC_CLIENT[28]: [IDIOMS_Index_Dump_28] Timer to dump index = 8.0000 microseconds
[INFO] PDC_CLIENT[130]: [IDIOMS_Index_Dump_130] Timer to dump index = 8.0000 microseconds
[INFO] PDC_CLIENT[131]: [IDIOMS_Index_Dump_131] Timer to dump index = 8.0000 microseconds
[INFO] PDC_CLIENT[217]: [IDIOMS_Index_Dump_217] Timer to dump index = 8.0000 microseconds
num_objs: 0
num_objs: 0
[INFO] PDC_CLIENT[108]: [IDIOMS_Index_Dump_108] Timer to dump index = 9.0000 microseconds
[INFO] PDC_CLIENT[110]: [IDIOMS_Index_Dump_110] Timer to dump index = 9.0000 microseconds
num_objs: 0
num_objs: 0
num_objs: 0
[INFO] PDC_CLIENT[73]: [IDIOMS_Index_Dump_73] Timer to dump index = 7.0000 microseconds
[INFO] PDC_CLIENT[68]: [IDIOMS_Index_Dump_68] Timer to dump index = 10.0000 microseconds
num_objs: 0
[INFO] PDC_CLIENT[209]: [IDIOMS_Index_Dump_209] Timer to dump index = 8.0000 microseconds
num_objs: 0
num_objs: 0
num_objs: 0
num_objs: 0
[INFO] PDC_CLIENT[62]: [IDIOMS_Index_Dump_62] Timer to dump index = 11.0000 microseconds
[INFO] PDC_CLIENT[158]: [IDIOMS_Index_Dump_158] Timer to dump index = 8.0000 microseconds
[INFO] PDC_CLIENT[123]: [IDIOMS_Index_Dump_123] Timer to dump index = 9.0000 microseconds
[INFO] PDC_CLIENT[122]: [IDIOMS_Index_Dump_122] Timer to dump index = 9.0000 microseconds
num_objs: 0
[INFO] PDC_CLIENT[37]: [IDIOMS_Index_Dump_37] Timer to dump index = 9.0000 microseconds
num_objs: 0
num_objs: 0
[INFO] PDC_CLIENT[107]: [IDIOMS_Index_Dump_107] Timer to dump index = 8.0000 microseconds
[INFO] PDC_CLIENT[45]: [IDIOMS_Index_Dump_45] Timer to dump index = 9.0000 microseconds
num_objs: 0
num_objs: 0
[INFO] PDC_CLIENT[44]: [IDIOMS_Index_Dump_44] Timer to dump index = 9.0000 microseconds
num_objs: 0
num_objs: 0
[INFO] PDC_CLIENT[153]: [IDIOMS_Index_Dump_153] Timer to dump index = 10.0000 microseconds
num_objs: 0
[INFO] PDC_CLIENT[104]: [IDIOMS_Index_Dump_104] Timer to dump index = 9.0000 microseconds
num_objs: 0
[INFO] PDC_CLIENT[106]: [IDIOMS_Index_Dump_106] Timer to dump index = 10.0000 microseconds
num_objs: 0
[INFO] PDC_CLIENT[194]: [IDIOMS_Index_Dump_194] Timer to dump index = 8.0000 microseconds
[INFO] PDC_CLIENT[27]: [IDIOMS_Index_Dump_27] Timer to dump index = 9.0000 microseconds
[INFO] PDC_CLIENT[26]: [IDIOMS_Index_Dump_26] Timer to dump index = 9.0000 microseconds
[INFO] PDC_CLIENT[171]: [IDIOMS_Index_Dump_171] Timer to dump index = 8.0000 microseconds
[INFO] PDC_CLIENT[170]: [IDIOMS_Index_Dump_170] Timer to dump index = 10.0000 microseconds
[INFO] PDC_CLIENT[51]: [IDIOMS_Index_Dump_51] Timer to dump index = 9.0000 microseconds
num_objs: 0
[INFO] PDC_CLIENT[50]: [IDIOMS_Index_Dump_50] Timer to dump index = 10.0000 microseconds
num_objs: 0
num_objs: 0
num_objs: 0
num_objs: 0
num_objs: 0
num_objs: 0
[INFO] PDC_CLIENT[43]: [IDIOMS_Index_Dump_43] Timer to dump index = 8.0000 microseconds
[INFO] PDC_CLIENT[169]: [IDIOMS_Index_Dump_169] Timer to dump index = 9.0000 microseconds
[INFO] PDC_CLIENT[135]: [IDIOMS_Index_Dump_135] Timer to dump index = 9.0000 microseconds
[INFO] PDC_CLIENT[186]: [IDIOMS_Index_Dump_186] Timer to dump index = 8.0000 microseconds
num_objs: 0
[INFO] PDC_CLIENT[187]: [IDIOMS_Index_Dump_187] Timer to dump index = 9.0000 microseconds
[INFO] PDC_CLIENT[213]: [IDIOMS_Index_Dump_213] Timer to dump index = 10.0000 microseconds
[INFO] PDC_CLIENT[132]: [IDIOMS_Index_Dump_132] Timer to dump index = 8.0000 microseconds
[INFO] PDC_CLIENT[134]: [IDIOMS_Index_Dump_134] Timer to dump index = 9.0000 microseconds
num_objs: 0
[INFO] PDC_CLIENT[252]: [IDIOMS_Index_Dump_252] Timer to dump index = 9.0000 microseconds
num_objs: 0
[INFO] PDC_CLIENT[218]: [IDIOMS_Index_Dump_218] Timer to dump index = 9.0000 microseconds
num_objs: 0
num_objs: 0
num_objs: 0
[INFO] PDC_CLIENT[85]: [IDIOMS_Index_Dump_85] Timer to dump index = 9.0000 microseconds
num_objs: 0
num_objs: 0
num_objs: 0
[INFO] PDC_CLIENT[197]: [IDIOMS_Index_Dump_197] Timer to dump index = 8.0000 microseconds
num_objs: 0
num_objs: 0
[INFO] PDC_CLIENT[59]: [IDIOMS_Index_Dump_59] Timer to dump index = 8.0000 microseconds
[INFO] PDC_CLIENT[58]: [IDIOMS_Index_Dump_58] Timer to dump index = 11.0000 microseconds
[INFO] PDC_CLIENT[148]: [IDIOMS_Index_Dump_148] Timer to dump index = 9.0000 microseconds
num_objs: 0
num_objs: 0
num_objs: 0
num_objs: 0
[INFO] PDC_CLIENT[11]: [IDIOMS_Index_Dump_11] Timer to dump index = 9.0000 microseconds
[INFO] PDC_CLIENT[202]: [IDIOMS_Index_Dump_202] Timer to dump index = 10.0000 microseconds
num_objs: 0
num_objs: 0
num_objs: 0
[INFO] PDC_CLIENT[173]: [IDIOMS_Index_Dump_173] Timer to dump index = 8.0000 microseconds
num_objs: 0
[INFO] PDC_CLIENT[113]: [IDIOMS_Index_Dump_113] Timer to dump index = 9.0000 microseconds
num_objs: 0
num_objs: 0
[INFO] PDC_CLIENT[39]: [IDIOMS_Index_Dump_39] Timer to dump index = 8.0000 microseconds
num_objs: 0
[INFO] PDC_CLIENT[38]: [IDIOMS_Index_Dump_38] Timer to dump index = 8.0000 microseconds
num_objs: 0
num_objs: 0
[INFO] PDC_CLIENT[190]: [IDIOMS_Index_Dump_190] Timer to dump index = 9.0000 microseconds
num_objs: 0
[INFO] PDC_CLIENT[188]: [IDIOMS_Index_Dump_188] Timer to dump index = 9.0000 microseconds
[INFO] PDC_CLIENT[179]: [IDIOMS_Index_Dump_179] Timer to dump index = 9.0000 microseconds
num_objs: 0
num_objs: 0
num_objs: 0
num_objs: 0
[INFO] PDC_CLIENT[54]: [IDIOMS_Index_Dump_54] Timer to dump index = 8.0000 microseconds
[INFO] PDC_CLIENT[172]: [IDIOMS_Index_Dump_172] Timer to dump index = 12.0000 microseconds
num_objs: 0
[INFO] PDC_CLIENT[55]: [IDIOMS_Index_Dump_55] Timer to dump index = 7.0000 microseconds
num_objs: 0
[INFO] PDC_CLIENT[178]: [IDIOMS_Index_Dump_178] Timer to dump index = 9.0000 microseconds
num_objs: 0
[INFO] PDC_CLIENT[207]: [IDIOMS_Index_Dump_207] Timer to dump index = 9.0000 microseconds
[INFO] PDC_CLIENT[52]: [IDIOMS_Index_Dump_52] Timer to dump index = 9.0000 microseconds
[INFO] PDC_CLIENT[204]: [IDIOMS_Index_Dump_204] Timer to dump index = 9.0000 microseconds
[INFO] PDC_CLIENT[157]: [IDIOMS_Index_Dump_157] Timer to dump index = 11.0000 microseconds
[INFO] PDC_CLIENT[206]: [IDIOMS_Index_Dump_206] Timer to dump index = 7.0000 microseconds
num_objs: 0
[INFO] PDC_CLIENT[156]: [IDIOMS_Index_Dump_156] Timer to dump index = 9.0000 microseconds
[INFO] PDC_CLIENT[152]: [IDIOMS_Index_Dump_152] Timer to dump index = 8.0000 microseconds
num_objs: 0
[INFO] PDC_CLIENT[212]: [IDIOMS_Index_Dump_212] Timer to dump index = 10.0000 microseconds
[INFO] PDC_CLIENT[164]: [IDIOMS_Index_Dump_164] Timer to dump index = 8.0000 microseconds
num_objs: 0
num_objs: 0
[INFO] PDC_CLIENT[144]: [IDIOMS_Index_Dump_144] Timer to dump index = 9.0000 microseconds
num_objs: 0
[INFO] PDC_CLIENT[196]: [IDIOMS_Index_Dump_196] Timer to dump index = 8.0000 microseconds
[INFO] PDC_CLIENT[41]: [IDIOMS_Index_Dump_41] Timer to dump index = 9.0000 microseconds
num_objs: 0
num_objs: 0
[INFO] PDC_CLIENT[125]: [IDIOMS_Index_Dump_125] Timer to dump index = 9.0000 microseconds
[INFO] PDC_CLIENT[222]: [IDIOMS_Index_Dump_222] Timer to dump index = 9.0000 microseconds
[INFO] PDC_CLIENT[220]: [IDIOMS_Index_Dump_220] Timer to dump index = 8.0000 microseconds
[INFO] PDC_CLIENT[2]: [IDIOMS_Index_Dump_2] Timer to dump index = 9.0000 microseconds
[INFO] PDC_CLIENT[94]: [IDIOMS_Index_Dump_94] Timer to dump index = 11.0000 microseconds
[INFO] PDC_CLIENT[3]: [IDIOMS_Index_Dump_3] Timer to dump index = 8.0000 microseconds
num_objs: 0
[INFO] PDC_CLIENT[95]: [IDIOMS_Index_Dump_95] Timer to dump index = 8.0000 microseconds
[INFO] PDC_CLIENT[92]: [IDIOMS_Index_Dump_92] Timer to dump index = 8.0000 microseconds
[INFO] PDC_CLIENT[88]: [IDIOMS_Index_Dump_88] Timer to dump index = 9.0000 microseconds
[INFO] PDC_CLIENT[216]: [IDIOMS_Index_Dump_216] Timer to dump index = 8.0000 microseconds
[INFO] PDC_CLIENT[78]: [IDIOMS_Index_Dump_78] Timer to dump index = 9.0000 microseconds
[INFO] PDC_CLIENT[79]: [IDIOMS_Index_Dump_79] Timer to dump index = 8.0000 microseconds
num_objs: 0
[INFO] PDC_CLIENT[118]: [IDIOMS_Index_Dump_118] Timer to dump index = 8.0000 microseconds
[INFO] PDC_CLIENT[168]: [IDIOMS_Index_Dump_168] Timer to dump index = 9.0000 microseconds
[INFO] PDC_CLIENT[101]: [IDIOMS_Index_Dump_101] Timer to dump index = 10.0000 microseconds
num_objs: 0
[INFO] PDC_CLIENT[225]: [IDIOMS_Index_Dump_225] Timer to dump index = 11.0000 microseconds
num_objs: 0
num_objs: 0
num_objs: 0
[INFO] PDC_CLIENT[34]: [IDIOMS_Index_Dump_34] Timer to dump index = 9.0000 microseconds
[INFO] PDC_CLIENT[231]: [IDIOMS_Index_Dump_231] Timer to dump index = 8.0000 microseconds
[INFO] PDC_CLIENT[163]: [IDIOMS_Index_Dump_163] Timer to dump index = 10.0000 microseconds
[INFO] PDC_CLIENT[230]: [IDIOMS_Index_Dump_230] Timer to dump index = 10.0000 microseconds
[INFO] PDC_CLIENT[228]: [IDIOMS_Index_Dump_228] Timer to dump index = 8.0000 microseconds
[INFO] PDC_CLIENT[162]: [IDIOMS_Index_Dump_162] Timer to dump index = 9.0000 microseconds
[INFO] PDC_CLIENT[201]: [IDIOMS_Index_Dump_201] Timer to dump index = 10.0000 microseconds
[INFO] PDC_CLIENT[240]: [IDIOMS_Index_Dump_240] Timer to dump index = 8.0000 microseconds
[INFO] PDC_CLIENT[249]: [IDIOMS_Index_Dump_249] Timer to dump index = 8.0000 microseconds
[INFO] PDC_CLIENT[226]: [IDIOMS_Index_Dump_226] Timer to dump index = 10.0000 microseconds
[INFO] PDC_CLIENT[200]: [IDIOMS_Index_Dump_200] Timer to dump index = 9.0000 microseconds
[INFO] PDC_CLIENT[248]: [IDIOMS_Index_Dump_248] Timer to dump index = 8.0000 microseconds
num_objs: 0
num_objs: 0
num_objs: 0
num_objs: 0
[INFO] PDC_CLIENT[84]: [IDIOMS_Index_Dump_84] Timer to dump index = 8.0000 microseconds
num_objs: 0
[INFO] PDC_CLIENT[86]: [IDIOMS_Index_Dump_86] Timer to dump index = 8.0000 microseconds
num_objs: 0
num_objs: 0
[INFO] PDC_CLIENT[81]: [IDIOMS_Index_Dump_81] Timer to dump index = 9.0000 microseconds
num_objs: 0
[INFO] PDC_CLIENT[83]: [IDIOMS_Index_Dump_83] Timer to dump index = 8.0000 microseconds
[INFO] PDC_CLIENT[36]: [IDIOMS_Index_Dump_36] Timer to dump index = 8.0000 microseconds
[INFO] PDC_CLIENT[80]: [IDIOMS_Index_Dump_80] Timer to dump index = 9.0000 microseconds
[INFO] PDC_CLIENT[82]: [IDIOMS_Index_Dump_82] Timer to dump index = 8.0000 microseconds
num_objs: 0
[INFO] PDC_CLIENT[102]: [IDIOMS_Index_Dump_102] Timer to dump index = 8.0000 microseconds
[INFO] PDC_CLIENT[184]: [IDIOMS_Index_Dump_184] Timer to dump index = 8.0000 microseconds
[INFO] PDC_CLIENT[100]: [IDIOMS_Index_Dump_100] Timer to dump index = 8.0000 microseconds
[INFO] PDC_CLIENT[176]: [IDIOMS_Index_Dump_176] Timer to dump index = 11.0000 microseconds
[INFO] PDC_CLIENT[234]: [IDIOMS_Index_Dump_234] Timer to dump index = 9.0000 microseconds
[INFO] PDC_CLIENT[235]: [IDIOMS_Index_Dump_235] Timer to dump index = 9.0000 microseconds
[INFO] PDC_CLIENT[160]: [IDIOMS_Index_Dump_160] Timer to dump index = 9.0000 microseconds
num_objs: 0
num_objs: 0
[INFO] PDC_CLIENT[232]: [IDIOMS_Index_Dump_232] Timer to dump index = 10.0000 microseconds
[INFO] PDC_CLIENT[224]: [IDIOMS_Index_Dump_224] Timer to dump index = 8.0000 microseconds
[INFO] PDC_CLIENT[210]: [IDIOMS_Index_Dump_210] Timer to dump index = 9.0000 microseconds
[INFO] PDC_CLIENT[192]: [IDIOMS_Index_Dump_192] Timer to dump index = 10.0000 microseconds
[INFO] PDC_CLIENT[208]: [IDIOMS_Index_Dump_208] Timer to dump index = 8.0000 microseconds
[INFO] PDC_CLIENT[42]: [IDIOMS_Index_Dump_42] Timer to dump index = 10.0000 microseconds
[INFO] PDC_CLIENT[74]: [IDIOMS_Index_Dump_74] Timer to dump index = 9.0000 microseconds
[INFO] PDC_CLIENT[40]: [IDIOMS_Index_Dump_40] Timer to dump index = 10.0000 microseconds
num_objs: 0
num_objs: 0
num_objs: 0
num_objs: 0
[INFO] PDC_CLIENT[10]: [IDIOMS_Index_Dump_10] Timer to dump index = 8.0000 microseconds
num_objs: 0
[INFO] PDC_CLIENT[116]: [IDIOMS_Index_Dump_116] Timer to dump index = 8.0000 microseconds
num_objs: 0
[INFO] PDC_CLIENT[120]: [IDIOMS_Index_Dump_120] Timer to dump index = 8.0000 microseconds
[INFO] PDC_CLIENT[126]: [IDIOMS_Index_Dump_126] Timer to dump index = 8.0000 microseconds
[INFO] PDC_CLIENT[124]: [IDIOMS_Index_Dump_124] Timer to dump index = 8.0000 microseconds
[INFO] PDC_CLIENT[112]: [IDIOMS_Index_Dump_112] Timer to dump index = 8.0000 microseconds
[INFO] PDC_CLIENT[96]: [IDIOMS_Index_Dump_96] Timer to dump index = 9.0000 microseconds
[INFO] PDC_CLIENT[61]: [IDIOMS_Index_Dump_61] Timer to dump index = 9.0000 microseconds
[INFO] PDC_CLIENT[48]: [IDIOMS_Index_Dump_48] Timer to dump index = 9.0000 microseconds
[INFO] PDC_CLIENT[56]: [IDIOMS_Index_Dump_56] Timer to dump index = 9.0000 microseconds
[INFO] PDC_CLIENT[60]: [IDIOMS_Index_Dump_60] Timer to dump index = 8.0000 microseconds
[INFO] PDC_SERVER[0]: Checkpoint file [./pdc_tmp//0/metadata_checkpoint.0]
[INFO] PDC_CLIENT[24]: [IDIOMS_Index_Dump_24] Timer to dump index = 9.0000 microseconds
[INFO] PDC_CLIENT[32]: [IDIOMS_Index_Dump_32] Timer to dump index = 9.0000 microseconds
[INFO] PDC_CLIENT[16]: [IDIOMS_Index_Dump_16] Timer to dump index = 9.0000 microseconds
num_objs: 0
[INFO] PDC_CLIENT[77]: [IDIOMS_Index_Dump_77] Timer to dump index = 9.0000 microseconds
[INFO] PDC_CLIENT[76]: [IDIOMS_Index_Dump_76] Timer to dump index = 9.0000 microseconds
[INFO] PDC_CLIENT[72]: [IDIOMS_Index_Dump_72] Timer to dump index = 9.0000 microseconds
[INFO] PDC_CLIENT[64]: [IDIOMS_Index_Dump_64] Timer to dump index = 7.0000 microseconds
num_objs: 0
[INFO] PDC_CLIENT[143]: [IDIOMS_Index_Dump_143] Timer to dump index = 8.0000 microseconds
[INFO] PDC_CLIENT[142]: [IDIOMS_Index_Dump_142] Timer to dump index = 8.0000 microseconds
[INFO] PDC_CLIENT[140]: [IDIOMS_Index_Dump_140] Timer to dump index = 8.0000 microseconds
[INFO] PDC_CLIENT[136]: [IDIOMS_Index_Dump_136] Timer to dump index = 8.0000 microseconds
[INFO] PDC_CLIENT[128]: [IDIOMS_Index_Dump_128] Timer to dump index = 10.0000 microseconds
num_objs: 0
num_objs: 0
[INFO] PDC_CLIENT[12]: [IDIOMS_Index_Dump_12] Timer to dump index = 9.0000 microseconds
[INFO] PDC_CLIENT[8]: [IDIOMS_Index_Dump_8] Timer to dump index = 8.0000 microseconds
[INFO] PDC_SERVER[0]: Checkpointed          1 objects, with          0 regions 
[INFO] PDC_CLIENT[0]: Writing DART info to file_name: ./pdc_tmp//dart_info.bin
[INFO] PDC_CLIENT[0]: [IDIOMS_Index_Dump_0] Timer to dump index = 2005.0000 microseconds
