[INFO] PDC_SERVER[0]: Using [./pdc_tmp/] as tmp dir, 1 OSTs, 1 OSTs per data file, 0% to BB
[INFO] PDC_SERVER[0]: Environment variable HG_TRANSPORT was NOT set
[INFO] PDC_SERVER[0]: Environment variable HG_HOST was NOT set
[INFO] PDC_SERVER[0]: Connection string: ofi+tcp://nid004336:7000
[INFO] PDC_SERVER[0]: Without multi-thread
[INFO] PDC_SERVER[0]: Successfully established connection to 0 other PDC servers
[INFO] PDC_SERVER[0]: Server ready!


[INFO] PDC_SERVER[0]: Executing graph with json filepath /pscratch/sd/n/nlewi26/src/hdf5-zfp-baseline/tf_graphs/compression.json
[INFO] PDC_SERVER[0]: ZFP compression succeeded, compressed size bytes: 282320 bytes
[INFO] PDC_SERVER[0]: [TIMER] zfp_compress time_elapsed: 0.002715 s
[INFO] PDC_SERVER[0]: [TIMER] PDCtf_exec_graph time_elapsed: 0.002735 s
[INFO] PDC_SERVER[0]: [TIMER] open time_elapsed: 0.002020 s
[INFO] PDC_SERVER[0]: [TIMER] write time_elapsed: 0.000302 s
[INFO] PDC_SERVER[0]: [TIMER] close time_elapsed: 0.000101 s
[INFO] PDC_SERVER[0]: Ran write storage strategy STORE_FLATTENED_REGION_PER_FILE_TRANSFORMATION
[INFO] PDC_SERVER[0]: Executing graph with json filepath /pscratch/sd/n/nlewi26/src/hdf5-zfp-baseline/tf_graphs/compression.json
[INFO] PDC_SERVER[0]: ZFP compression succeeded, compressed size bytes: 282320 bytes
[INFO] PDC_SERVER[0]: [TIMER] zfp_compress time_elapsed: 0.001705 s
[INFO] PDC_SERVER[0]: [TIMER] PDCtf_exec_graph time_elapsed: 0.001709 s
[INFO] PDC_SERVER[0]: [TIMER] open time_elapsed: 0.002095 s
[INFO] PDC_SERVER[0]: [TIMER] write time_elapsed: 0.000293 s
[INFO] PDC_SERVER[0]: [TIMER] close time_elapsed: 0.000100 s
[INFO] PDC_SERVER[0]: Ran write storage strategy STORE_FLATTENED_REGION_PER_FILE_TRANSFORMATION
[INFO] PDC_SERVER[0]: Executing graph with json filepath /pscratch/sd/n/nlewi26/src/hdf5-zfp-baseline/tf_graphs/compression.json
[INFO] PDC_SERVER[0]: ZFP compression succeeded, compressed size bytes: 282320 bytes
[INFO] PDC_SERVER[0]: [TIMER] zfp_compress time_elapsed: 0.001684 s
[INFO] PDC_SERVER[0]: [TIMER] PDCtf_exec_graph time_elapsed: 0.001688 s
[INFO] PDC_SERVER[0]: [TIMER] open time_elapsed: 0.002016 s
[INFO] PDC_SERVER[0]: [TIMER] write time_elapsed: 0.000290 s
[INFO] PDC_SERVER[0]: [TIMER] close time_elapsed: 0.000095 s
[INFO] PDC_SERVER[0]: Ran write storage strategy STORE_FLATTENED_REGION_PER_FILE_TRANSFORMATION
[INFO] PDC_SERVER[0]: Executing graph with json filepath /pscratch/sd/n/nlewi26/src/hdf5-zfp-baseline/tf_graphs/compression.json
[INFO] PDC_SERVER[0]: ZFP compression succeeded, compressed size bytes: 282320 bytes
[INFO] PDC_SERVER[0]: [TIMER] zfp_compress time_elapsed: 0.001687 s
[INFO] PDC_SERVER[0]: [TIMER] PDCtf_exec_graph time_elapsed: 0.001691 s
[INFO] PDC_SERVER[0]: [TIMER] open time_elapsed: 0.001739 s
[INFO] PDC_SERVER[0]: [TIMER] write time_elapsed: 0.000288 s
[INFO] PDC_SERVER[0]: [TIMER] close time_elapsed: 0.000098 s
[INFO] PDC_SERVER[0]: Ran write storage strategy STORE_FLATTENED_REGION_PER_FILE_TRANSFORMATION
[INFO] PDC_SERVER[0]: Executing graph with json filepath /pscratch/sd/n/nlewi26/src/hdf5-zfp-baseline/tf_graphs/compression.json
[INFO] PDC_SERVER[0]: ZFP compression succeeded, compressed size bytes: 282320 bytes
[INFO] PDC_SERVER[0]: [TIMER] zfp_compress time_elapsed: 0.001678 s
[INFO] PDC_SERVER[0]: [TIMER] PDCtf_exec_graph time_elapsed: 0.001683 s
[INFO] PDC_SERVER[0]: [TIMER] open time_elapsed: 0.000245 s
[INFO] PDC_SERVER[0]: [TIMER] write time_elapsed: 0.000385 s
[INFO] PDC_SERVER[0]: [TIMER] close time_elapsed: 0.000099 s
[INFO] PDC_SERVER[0]: Ran write storage strategy STORE_FLATTENED_REGION_PER_FILE_TRANSFORMATION
[INFO] PDC_SERVER[0]: Executing graph with json filepath /pscratch/sd/n/nlewi26/src/hdf5-zfp-baseline/tf_graphs/compression.json
[INFO] PDC_SERVER[0]: ZFP compression succeeded, compressed size bytes: 282320 bytes
[INFO] PDC_SERVER[0]: [TIMER] zfp_compress time_elapsed: 0.001660 s
[INFO] PDC_SERVER[0]: [TIMER] PDCtf_exec_graph time_elapsed: 0.001664 s
[INFO] PDC_SERVER[0]: [TIMER] open time_elapsed: 0.000206 s
[INFO] PDC_SERVER[0]: [TIMER] write time_elapsed: 0.000373 s
[INFO] PDC_SERVER[0]: [TIMER] close time_elapsed: 0.000103 s
[INFO] PDC_SERVER[0]: Ran write storage strategy STORE_FLATTENED_REGION_PER_FILE_TRANSFORMATION
[INFO] PDC_SERVER[0]: Executing graph with json filepath /pscratch/sd/n/nlewi26/src/hdf5-zfp-baseline/tf_graphs/compression.json
[INFO] PDC_SERVER[0]: ZFP compression succeeded, compressed size bytes: 282320 bytes
[INFO] PDC_SERVER[0]: [TIMER] zfp_compress time_elapsed: 0.001660 s
[INFO] PDC_SERVER[0]: [TIMER] PDCtf_exec_graph time_elapsed: 0.001664 s
[INFO] PDC_SERVER[0]: [TIMER] open time_elapsed: 0.000217 s
[INFO] PDC_SERVER[0]: [TIMER] write time_elapsed: 0.000432 s
[INFO] PDC_SERVER[0]: [TIMER] close time_elapsed: 0.000101 s
[INFO] PDC_SERVER[0]: Ran write storage strategy STORE_FLATTENED_REGION_PER_FILE_TRANSFORMATION
[INFO] PDC_SERVER[0]: Executing graph with json filepath /pscratch/sd/n/nlewi26/src/hdf5-zfp-baseline/tf_graphs/compression.json
[INFO] PDC_SERVER[0]: ZFP compression succeeded, compressed size bytes: 282320 bytes
[INFO] PDC_SERVER[0]: [TIMER] zfp_compress time_elapsed: 0.001668 s
[INFO] PDC_SERVER[0]: [TIMER] PDCtf_exec_graph time_elapsed: 0.001671 s
[INFO] PDC_SERVER[0]: [TIMER] open time_elapsed: 0.000256 s
[INFO] PDC_SERVER[0]: [TIMER] write time_elapsed: 0.000457 s
[INFO] PDC_SERVER[0]: [TIMER] close time_elapsed: 0.000104 s
[INFO] PDC_SERVER[0]: Ran write storage strategy STORE_FLATTENED_REGION_PER_FILE_TRANSFORMATION
[INFO] PDC_SERVER[0]: Executing graph with json filepath /pscratch/sd/n/nlewi26/src/hdf5-zfp-baseline/tf_graphs/compression.json
[INFO] PDC_SERVER[0]: ZFP compression succeeded, compressed size bytes: 282320 bytes
[INFO] PDC_SERVER[0]: [TIMER] zfp_compress time_elapsed: 0.001696 s
[INFO] PDC_SERVER[0]: [TIMER] PDCtf_exec_graph time_elapsed: 0.001701 s
[INFO] PDC_SERVER[0]: [TIMER] open time_elapsed: 0.003219 s
[INFO] PDC_SERVER[0]: [TIMER] write time_elapsed: 0.000379 s
[INFO] PDC_SERVER[0]: [TIMER] close time_elapsed: 0.000107 s
[INFO] PDC_SERVER[0]: Ran write storage strategy STORE_FLATTENED_REGION_PER_FILE_TRANSFORMATION
[INFO] PDC_SERVER[0]: Executing graph with json filepath /pscratch/sd/n/nlewi26/src/hdf5-zfp-baseline/tf_graphs/compression.json
[INFO] PDC_SERVER[0]: ZFP compression succeeded, compressed size bytes: 282320 bytes
[INFO] PDC_SERVER[0]: [TIMER] zfp_compress time_elapsed: 0.001802 s
[INFO] PDC_SERVER[0]: [TIMER] PDCtf_exec_graph time_elapsed: 0.001806 s
[INFO] PDC_SERVER[0]: [TIMER] open time_elapsed: 0.002405 s
[INFO] PDC_SERVER[0]: [TIMER] write time_elapsed: 0.000290 s
[INFO] PDC_SERVER[0]: [TIMER] close time_elapsed: 0.000093 s
[INFO] PDC_SERVER[0]: Ran write storage strategy STORE_FLATTENED_REGION_PER_FILE_TRANSFORMATION
[INFO] PDC_SERVER[0]: Executing graph with json filepath /pscratch/sd/n/nlewi26/src/hdf5-zfp-baseline/tf_graphs/compression.json
[INFO] PDC_SERVER[0]: ZFP compression succeeded, compressed size bytes: 282320 bytes
[INFO] PDC_SERVER[0]: [TIMER] zfp_compress time_elapsed: 0.001677 s
[INFO] PDC_SERVER[0]: [TIMER] PDCtf_exec_graph time_elapsed: 0.001681 s
[INFO] PDC_SERVER[0]: [TIMER] open time_elapsed: 0.001766 s
[INFO] PDC_SERVER[0]: [TIMER] write time_elapsed: 0.000301 s
[INFO] PDC_SERVER[0]: [TIMER] close time_elapsed: 0.000097 s
[INFO] PDC_SERVER[0]: Ran write storage strategy STORE_FLATTENED_REGION_PER_FILE_TRANSFORMATION
[INFO] PDC_SERVER[0]: Executing graph with json filepath /pscratch/sd/n/nlewi26/src/hdf5-zfp-baseline/tf_graphs/compression.json
[INFO] PDC_SERVER[0]: ZFP compression succeeded, compressed size bytes: 282320 bytes
[INFO] PDC_SERVER[0]: [TIMER] zfp_compress time_elapsed: 0.001676 s
[INFO] PDC_SERVER[0]: [TIMER] PDCtf_exec_graph time_elapsed: 0.001680 s
[INFO] PDC_SERVER[0]: [TIMER] open time_elapsed: 0.003261 s
[INFO] PDC_SERVER[0]: [TIMER] write time_elapsed: 0.000290 s
[INFO] PDC_SERVER[0]: [TIMER] close time_elapsed: 0.000097 s
[INFO] PDC_SERVER[0]: Ran write storage strategy STORE_FLATTENED_REGION_PER_FILE_TRANSFORMATION
[INFO] PDC_SERVER[0]: Executing graph with json filepath /pscratch/sd/n/nlewi26/src/hdf5-zfp-baseline/tf_graphs/compression.json
[INFO] PDC_SERVER[0]: ZFP compression succeeded, compressed size bytes: 282320 bytes
[INFO] PDC_SERVER[0]: [TIMER] zfp_compress time_elapsed: 0.001668 s
[INFO] PDC_SERVER[0]: [TIMER] PDCtf_exec_graph time_elapsed: 0.001672 s
[INFO] PDC_SERVER[0]: [TIMER] open time_elapsed: 0.000244 s
[INFO] PDC_SERVER[0]: [TIMER] write time_elapsed: 0.000379 s
[INFO] PDC_SERVER[0]: [TIMER] close time_elapsed: 0.000104 s
[INFO] PDC_SERVER[0]: Ran write storage strategy STORE_FLATTENED_REGION_PER_FILE_TRANSFORMATION
[INFO] PDC_SERVER[0]: Executing graph with json filepath /pscratch/sd/n/nlewi26/src/hdf5-zfp-baseline/tf_graphs/compression.json
[INFO] PDC_SERVER[0]: ZFP compression succeeded, compressed size bytes: 282320 bytes
[INFO] PDC_SERVER[0]: [TIMER] zfp_compress time_elapsed: 0.001664 s
[INFO] PDC_SERVER[0]: [TIMER] PDCtf_exec_graph time_elapsed: 0.001668 s
[INFO] PDC_SERVER[0]: [TIMER] open time_elapsed: 0.000233 s
[INFO] PDC_SERVER[0]: [TIMER] write time_elapsed: 0.000385 s
[INFO] PDC_SERVER[0]: [TIMER] close time_elapsed: 0.000100 s
[INFO] PDC_SERVER[0]: Ran write storage strategy STORE_FLATTENED_REGION_PER_FILE_TRANSFORMATION
[INFO] PDC_SERVER[0]: Executing graph with json filepath /pscratch/sd/n/nlewi26/src/hdf5-zfp-baseline/tf_graphs/compression.json
[INFO] PDC_SERVER[0]: ZFP compression succeeded, compressed size bytes: 282320 bytes
[INFO] PDC_SERVER[0]: [TIMER] zfp_compress time_elapsed: 0.001680 s
[INFO] PDC_SERVER[0]: [TIMER] PDCtf_exec_graph time_elapsed: 0.001684 s
[INFO] PDC_SERVER[0]: [TIMER] open time_elapsed: 0.000226 s
[INFO] PDC_SERVER[0]: [TIMER] write time_elapsed: 0.000423 s
[INFO] PDC_SERVER[0]: [TIMER] close time_elapsed: 0.000096 s
[INFO] PDC_SERVER[0]: Ran write storage strategy STORE_FLATTENED_REGION_PER_FILE_TRANSFORMATION
[INFO] PDC_SERVER[0]: Executing graph with json filepath /pscratch/sd/n/nlewi26/src/hdf5-zfp-baseline/tf_graphs/compression.json
[INFO] PDC_SERVER[0]: ZFP compression succeeded, compressed size bytes: 282320 bytes
[INFO] PDC_SERVER[0]: [TIMER] zfp_compress time_elapsed: 0.001653 s
[INFO] PDC_SERVER[0]: [TIMER] PDCtf_exec_graph time_elapsed: 0.001657 s
[INFO] PDC_SERVER[0]: [TIMER] open time_elapsed: 0.000239 s
[INFO] PDC_SERVER[0]: [TIMER] write time_elapsed: 0.000385 s
[INFO] PDC_SERVER[0]: [TIMER] close time_elapsed: 0.000100 s
[INFO] PDC_SERVER[0]: Ran write storage strategy STORE_FLATTENED_REGION_PER_FILE_TRANSFORMATION
[INFO] PDC_SERVER[0]: [TIMER] open time_elapsed: 0.000240 s
[INFO] PDC_SERVER[0]: [TIMER] read time_elapsed: 0.000158 s
[INFO] PDC_SERVER[0]: [TIMER] close time_elapsed: 0.000133 s
[INFO] PDC_SERVER[0]: Executing graph with json filepath /pscratch/sd/n/nlewi26/src/hdf5-zfp-baseline/tf_graphs/compression.json
[INFO] PDC_SERVER[0]: [TIMER] zfp_decompress time_elapsed: 0.002492 s
[INFO] PDC_SERVER[0]: [TIMER] PDCtf_exec_graph time_elapsed: 0.002499 s
[INFO] PDC_SERVER[0]: Ran read storage strategy STORE_FLATTENED_REGION_PER_FILE_TRANSFORMATION
[INFO] PDC_SERVER[0]: [TIMER] open time_elapsed: 0.000213 s
[INFO] PDC_SERVER[0]: [TIMER] read time_elapsed: 0.000165 s
[INFO] PDC_SERVER[0]: [TIMER] close time_elapsed: 0.000097 s
[INFO] PDC_SERVER[0]: Executing graph with json filepath /pscratch/sd/n/nlewi26/src/hdf5-zfp-baseline/tf_graphs/compression.json
[INFO] PDC_SERVER[0]: [TIMER] zfp_decompress time_elapsed: 0.002438 s
[INFO] PDC_SERVER[0]: [TIMER] PDCtf_exec_graph time_elapsed: 0.002447 s
[INFO] PDC_SERVER[0]: Ran read storage strategy STORE_FLATTENED_REGION_PER_FILE_TRANSFORMATION
[INFO] PDC_SERVER[0]: [TIMER] open time_elapsed: 0.000207 s
[INFO] PDC_SERVER[0]: [TIMER] read time_elapsed: 0.000024 s
[INFO] PDC_SERVER[0]: [TIMER] close time_elapsed: 0.000087 s
[INFO] PDC_SERVER[0]: Executing graph with json filepath /pscratch/sd/n/nlewi26/src/hdf5-zfp-baseline/tf_graphs/compression.json
[INFO] PDC_SERVER[0]: [TIMER] zfp_decompress time_elapsed: 0.002396 s
[INFO] PDC_SERVER[0]: [TIMER] PDCtf_exec_graph time_elapsed: 0.002406 s
[INFO] PDC_SERVER[0]: Ran read storage strategy STORE_FLATTENED_REGION_PER_FILE_TRANSFORMATION
[INFO] PDC_SERVER[0]: [TIMER] open time_elapsed: 0.000201 s
[INFO] PDC_SERVER[0]: [TIMER] read time_elapsed: 0.000024 s
[INFO] PDC_SERVER[0]: [TIMER] close time_elapsed: 0.000090 s
[INFO] PDC_SERVER[0]: Executing graph with json filepath /pscratch/sd/n/nlewi26/src/hdf5-zfp-baseline/tf_graphs/compression.json
[INFO] PDC_SERVER[0]: [TIMER] zfp_decompress time_elapsed: 0.002449 s
[INFO] PDC_SERVER[0]: [TIMER] PDCtf_exec_graph time_elapsed: 0.002458 s
[INFO] PDC_SERVER[0]: Ran read storage strategy STORE_FLATTENED_REGION_PER_FILE_TRANSFORMATION
[INFO] PDC_SERVER[0]: [TIMER] open time_elapsed: 0.000194 s
[INFO] PDC_SERVER[0]: [TIMER] read time_elapsed: 0.000023 s
[INFO] PDC_SERVER[0]: [TIMER] close time_elapsed: 0.000131 s
[INFO] PDC_SERVER[0]: Executing graph with json filepath /pscratch/sd/n/nlewi26/src/hdf5-zfp-baseline/tf_graphs/compression.json
[INFO] PDC_SERVER[0]: [TIMER] zfp_decompress time_elapsed: 0.002467 s
[INFO] PDC_SERVER[0]: [TIMER] PDCtf_exec_graph time_elapsed: 0.002473 s
[INFO] PDC_SERVER[0]: Ran read storage strategy STORE_FLATTENED_REGION_PER_FILE_TRANSFORMATION
[INFO] PDC_SERVER[0]: [TIMER] open time_elapsed: 0.000178 s
[INFO] PDC_SERVER[0]: [TIMER] read time_elapsed: 0.000022 s
[INFO] PDC_SERVER[0]: [TIMER] close time_elapsed: 0.000154 s
[INFO] PDC_SERVER[0]: Executing graph with json filepath /pscratch/sd/n/nlewi26/src/hdf5-zfp-baseline/tf_graphs/compression.json
[INFO] PDC_SERVER[0]: [TIMER] zfp_decompress time_elapsed: 0.002422 s
[INFO] PDC_SERVER[0]: [TIMER] PDCtf_exec_graph time_elapsed: 0.002427 s
[INFO] PDC_SERVER[0]: Ran read storage strategy STORE_FLATTENED_REGION_PER_FILE_TRANSFORMATION
[INFO] PDC_SERVER[0]: [TIMER] open time_elapsed: 0.000185 s
[INFO] PDC_SERVER[0]: [TIMER] read time_elapsed: 0.000025 s
[INFO] PDC_SERVER[0]: [TIMER] close time_elapsed: 0.000116 s
[INFO] PDC_SERVER[0]: Executing graph with json filepath /pscratch/sd/n/nlewi26/src/hdf5-zfp-baseline/tf_graphs/compression.json
[INFO] PDC_SERVER[0]: [TIMER] zfp_decompress time_elapsed: 0.002428 s
[INFO] PDC_SERVER[0]: [TIMER] PDCtf_exec_graph time_elapsed: 0.002433 s
[INFO] PDC_SERVER[0]: Ran read storage strategy STORE_FLATTENED_REGION_PER_FILE_TRANSFORMATION
[INFO] PDC_SERVER[0]: [TIMER] open time_elapsed: 0.000186 s
[INFO] PDC_SERVER[0]: [TIMER] read time_elapsed: 0.000024 s
[INFO] PDC_SERVER[0]: [TIMER] close time_elapsed: 0.000146 s
[INFO] PDC_SERVER[0]: Executing graph with json filepath /pscratch/sd/n/nlewi26/src/hdf5-zfp-baseline/tf_graphs/compression.json
[INFO] PDC_SERVER[0]: [TIMER] zfp_decompress time_elapsed: 0.002433 s
[INFO] PDC_SERVER[0]: [TIMER] PDCtf_exec_graph time_elapsed: 0.002439 s
[INFO] PDC_SERVER[0]: Ran read storage strategy STORE_FLATTENED_REGION_PER_FILE_TRANSFORMATION
[INFO] PDC_SERVER[0]: [TIMER] open time_elapsed: 0.000298 s
[INFO] PDC_SERVER[0]: [TIMER] read time_elapsed: 0.000027 s
[INFO] PDC_SERVER[0]: [TIMER] close time_elapsed: 0.000098 s
[INFO] PDC_SERVER[0]: Executing graph with json filepath /pscratch/sd/n/nlewi26/src/hdf5-zfp-baseline/tf_graphs/compression.json
[INFO] PDC_SERVER[0]: [TIMER] zfp_decompress time_elapsed: 0.002234 s
[INFO] PDC_SERVER[0]: [TIMER] PDCtf_exec_graph time_elapsed: 0.002240 s
[INFO] PDC_SERVER[0]: Ran read storage strategy STORE_FLATTENED_REGION_PER_FILE_TRANSFORMATION
[INFO] PDC_SERVER[0]: [TIMER] open time_elapsed: 0.000170 s
[INFO] PDC_SERVER[0]: [TIMER] read time_elapsed: 0.000023 s
[INFO] PDC_SERVER[0]: [TIMER] close time_elapsed: 0.000117 s
[INFO] PDC_SERVER[0]: Executing graph with json filepath /pscratch/sd/n/nlewi26/src/hdf5-zfp-baseline/tf_graphs/compression.json
[INFO] PDC_SERVER[0]: [TIMER] zfp_decompress time_elapsed: 0.002213 s
[INFO] PDC_SERVER[0]: [TIMER] PDCtf_exec_graph time_elapsed: 0.002218 s
[INFO] PDC_SERVER[0]: Ran read storage strategy STORE_FLATTENED_REGION_PER_FILE_TRANSFORMATION
[INFO] PDC_SERVER[0]: [TIMER] open time_elapsed: 0.000159 s
[INFO] PDC_SERVER[0]: [TIMER] read time_elapsed: 0.000021 s
[INFO] PDC_SERVER[0]: [TIMER] close time_elapsed: 0.000117 s
[INFO] PDC_SERVER[0]: Executing graph with json filepath /pscratch/sd/n/nlewi26/src/hdf5-zfp-baseline/tf_graphs/compression.json
[INFO] PDC_SERVER[0]: [TIMER] zfp_decompress time_elapsed: 0.002216 s
[INFO] PDC_SERVER[0]: [TIMER] PDCtf_exec_graph time_elapsed: 0.002223 s
[INFO] PDC_SERVER[0]: Ran read storage strategy STORE_FLATTENED_REGION_PER_FILE_TRANSFORMATION
[INFO] PDC_SERVER[0]: [TIMER] open time_elapsed: 0.000169 s
[INFO] PDC_SERVER[0]: [TIMER] read time_elapsed: 0.000024 s
[INFO] PDC_SERVER[0]: [TIMER] close time_elapsed: 0.000118 s
[INFO] PDC_SERVER[0]: Executing graph with json filepath /pscratch/sd/n/nlewi26/src/hdf5-zfp-baseline/tf_graphs/compression.json
[INFO] PDC_SERVER[0]: [TIMER] zfp_decompress time_elapsed: 0.002218 s
[INFO] PDC_SERVER[0]: [TIMER] PDCtf_exec_graph time_elapsed: 0.002225 s
[INFO] PDC_SERVER[0]: Ran read storage strategy STORE_FLATTENED_REGION_PER_FILE_TRANSFORMATION
[INFO] PDC_SERVER[0]: [TIMER] open time_elapsed: 0.000179 s
[INFO] PDC_SERVER[0]: [TIMER] read time_elapsed: 0.000023 s
[INFO] PDC_SERVER[0]: [TIMER] close time_elapsed: 0.000004 s
[INFO] PDC_SERVER[0]: Executing graph with json filepath /pscratch/sd/n/nlewi26/src/hdf5-zfp-baseline/tf_graphs/compression.json
[INFO] PDC_SERVER[0]: [TIMER] zfp_decompress time_elapsed: 0.002230 s
[INFO] PDC_SERVER[0]: [TIMER] PDCtf_exec_graph time_elapsed: 0.002235 s
[INFO] PDC_SERVER[0]: Ran read storage strategy STORE_FLATTENED_REGION_PER_FILE_TRANSFORMATION
[INFO] PDC_SERVER[0]: [TIMER] open time_elapsed: 0.000141 s
[INFO] PDC_SERVER[0]: [TIMER] read time_elapsed: 0.000031 s
[INFO] PDC_SERVER[0]: [TIMER] close time_elapsed: 0.000004 s
[INFO] PDC_SERVER[0]: Executing graph with json filepath /pscratch/sd/n/nlewi26/src/hdf5-zfp-baseline/tf_graphs/compression.json
[INFO] PDC_SERVER[0]: [TIMER] zfp_decompress time_elapsed: 0.002408 s
[INFO] PDC_SERVER[0]: [TIMER] PDCtf_exec_graph time_elapsed: 0.002414 s
[INFO] PDC_SERVER[0]: Ran read storage strategy STORE_FLATTENED_REGION_PER_FILE_TRANSFORMATION
[INFO] PDC_SERVER[0]: [TIMER] open time_elapsed: 0.000160 s
[INFO] PDC_SERVER[0]: [TIMER] read time_elapsed: 0.000022 s
[INFO] PDC_SERVER[0]: [TIMER] close time_elapsed: 0.000004 s
[INFO] PDC_SERVER[0]: Executing graph with json filepath /pscratch/sd/n/nlewi26/src/hdf5-zfp-baseline/tf_graphs/compression.json
[INFO] PDC_SERVER[0]: [TIMER] zfp_decompress time_elapsed: 0.002460 s
[INFO] PDC_SERVER[0]: [TIMER] PDCtf_exec_graph time_elapsed: 0.002466 s
[INFO] PDC_SERVER[0]: Ran read storage strategy STORE_FLATTENED_REGION_PER_FILE_TRANSFORMATION
[INFO] PDC_SERVER[0]: [TIMER] open time_elapsed: 0.000148 s
[INFO] PDC_SERVER[0]: [TIMER] read time_elapsed: 0.000025 s
[INFO] PDC_SERVER[0]: [TIMER] close time_elapsed: 0.000004 s
[INFO] PDC_SERVER[0]: Executing graph with json filepath /pscratch/sd/n/nlewi26/src/hdf5-zfp-baseline/tf_graphs/compression.json
[INFO] PDC_SERVER[0]: [TIMER] zfp_decompress time_elapsed: 0.002435 s
[INFO] PDC_SERVER[0]: [TIMER] PDCtf_exec_graph time_elapsed: 0.002440 s
[INFO] PDC_SERVER[0]: Ran read storage strategy STORE_FLATTENED_REGION_PER_FILE_TRANSFORMATION
[INFO] PDC_SERVER[0]: Checkpoint file [./pdc_tmp//0/metadata_checkpoint.0]
num_objs: 1
obj_id: 1000000001
	obj[1000000001] json_filepath_str: /pscratch/sd/n/nlewi26/src/hdf5-zfp-baseline/tf_graphs/compression.json
	num_region_mappings: 16
		dg_id: 1
		cur_state_str: compressed
		client_state_str: decompressed
		store_state_str: compressed
		conceptual_region_ndim: 2
		pdc_var_type: 14, size: 8
		conceptual_region_offset:
			offset[0]=1024
			offset[1]=0
		conceptual_region_size:
			size[0]=256
			size[1]=256
		actual_region_ndim: 1
		pdc_var_type 15, size: 1
		actual_region_size:
			size[0]=282320
		dg_id: 1
		cur_state_str: compressed
		client_state_str: decompressed
		store_state_str: compressed
		conceptual_region_ndim: 2
		pdc_var_type: 14, size: 8
		conceptual_region_offset:
			offset[0]=1280
			offset[1]=0
		conceptual_region_size:
			size[0]=256
			size[1]=256
		actual_region_ndim: 1
		pdc_var_type 15, size: 1
		actual_region_size:
			size[0]=282320
		dg_id: 1
		cur_state_str: compressed
		client_state_str: decompressed
		store_state_str: compressed
		conceptual_region_ndim: 2
		pdc_var_type: 14, size: 8
		conceptual_region_offset:
			offset[0]=1536
			offset[1]=0
		conceptual_region_size:
			size[0]=256
			size[1]=256
		actual_region_ndim: 1
		pdc_var_type 15, size: 1
		actual_region_size:
			size[0]=282320
		dg_id: 1
		cur_state_str: compressed
		client_state_str: decompressed
		store_state_str: compressed
		conceptual_region_ndim: 2
		pdc_var_type: 14, size: 8
		conceptual_region_offset:
			offset[0]=1792
			offset[1]=0
		conceptual_region_size:
			size[0]=256
			size[1]=256
		actual_region_ndim: 1
		pdc_var_type 15, size: 1
		actual_region_size:
			size[0]=282320
		dg_id: 1
		cur_state_str: compressed
		client_state_str: decompressed
		store_state_str: compressed
		conceptual_region_ndim: 2
		pdc_var_type: 14, size: 8
		conceptual_region_offset:
			offset[0]=2048
			offset[1]=0
		conceptual_region_size:
			size[0]=256
			size[1]=256
		actual_region_ndim: 1
		pdc_var_type 15, size: 1
		actual_region_size:
			size[0]=282320
		dg_id: 1
		cur_state_str: compressed
		client_state_str: decompressed
		store_state_str: compressed
		conceptual_region_ndim: 2
		pdc_var_type: 14, size: 8
		conceptual_region_offset:
			offset[0]=2304
			offset[1]=0
		conceptual_region_size:
			size[0]=256
			size[1]=256
		actual_region_ndim: 1
		pdc_var_type 15, size: 1
		actual_region_size:
			size[0]=282320
		dg_id: 1
		cur_state_str: compressed
		client_state_str: decompressed
		store_state_str: compressed
		conceptual_region_ndim: 2
		pdc_var_type: 14, size: 8
		conceptual_region_offset:
			offset[0]=2560
			offset[1]=0
		conceptual_region_size:
			size[0]=256
			size[1]=256
		actual_region_ndim: 1
		pdc_var_type 15, size: 1
		actual_region_size:
			size[0]=282320
		dg_id: 1
		cur_state_str: compressed
		client_state_str: decompressed
		store_state_str: compressed
		conceptual_region_ndim: 2
		pdc_var_type: 14, size: 8
		conceptual_region_offset:
			offset[0]=2816
			offset[1]=0
		conceptual_region_size:
			size[0]=256
			size[1]=256
		actual_region_ndim: 1
		pdc_var_type 15, size: 1
		actual_region_size:
			size[0]=282320
		dg_id: 1
		cur_state_str: compressed
		client_state_str: decompressed
		store_state_str: compressed
		conceptual_region_ndim: 2
		pdc_var_type: 14, size: 8
		conceptual_region_offset:
			offset[0]=0
			offset[1]=0
		conceptual_region_size:
			size[0]=256
			size[1]=256
		actual_region_ndim: 1
		pdc_var_type 15, size: 1
		actual_region_size:
			size[0]=282320
		dg_id: 1
		cur_state_str: compressed
		client_state_str: decompressed
		store_state_str: compressed
		conceptual_region_ndim: 2
		pdc_var_type: 14, size: 8
		conceptual_region_offset:
			offset[0]=256
			offset[1]=0
		conceptual_region_size:
			size[0]=256
			size[1]=256
		actual_region_ndim: 1
		pdc_var_type 15, size: 1
		actual_region_size:
			size[0]=282320
		dg_id: 1
		cur_state_str: compressed
		client_state_str: decompressed
		store_state_str: compressed
		conceptual_region_ndim: 2
		pdc_var_type: 14, size: 8
		conceptual_region_offset:
			offset[0]=512
			offset[1]=0
		conceptual_region_size:
			size[0]=256
			size[1]=256
		actual_region_ndim: 1
		pdc_var_type 15, size: 1
		actual_region_size:
			size[0]=282320
		dg_id: 1
		cur_state_str: compressed
		client_state_str: decompressed
		store_state_str: compressed
		conceptual_region_ndim: 2
		pdc_var_type: 14, size: 8
		conceptual_region_offset:
			offset[0]=768
			offset[1]=0
		conceptual_region_size:
			size[0]=256
			size[1]=256
		actual_region_ndim: 1
		pdc_var_type 15, size: 1
		actual_region_size:
			size[0]=282320
		dg_id: 1
		cur_state_str: compressed
		client_state_str: decompressed
		store_state_str: compressed
		conceptual_region_ndim: 2
		pdc_var_type: 14, size: 8
		conceptual_region_offset:
			offset[0]=3072
			offset[1]=0
		conceptual_region_size:
			size[0]=256
			size[1]=256
		actual_region_ndim: 1
		pdc_var_type 15, size: 1
		actual_region_size:
			size[0]=282320
		dg_id: 1
		cur_state_str: compressed
		client_state_str: decompressed
		store_state_str: compressed
		conceptual_region_ndim: 2
		pdc_var_type: 14, size: 8
		conceptual_region_offset:
			offset[0]=3328
			offset[1]=0
		conceptual_region_size:
			size[0]=256
			size[1]=256
		actual_region_ndim: 1
		pdc_var_type 15, size: 1
		actual_region_size:
			size[0]=282320
		dg_id: 1
		cur_state_str: compressed
		client_state_str: decompressed
		store_state_str: compressed
		conceptual_region_ndim: 2
		pdc_var_type: 14, size: 8
		conceptual_region_offset:
			offset[0]=3584
			offset[1]=0
		conceptual_region_size:
			size[0]=256
			size[1]=256
		actual_region_ndim: 1
		pdc_var_type 15, size: 1
		actual_region_size:
			size[0]=282320
		dg_id: 1
		cur_state_str: compressed
		client_state_str: decompressed
		store_state_str: compressed
		conceptual_region_ndim: 2
		pdc_var_type: 14, size: 8
		conceptual_region_offset:
			offset[0]=3840
			offset[1]=0
		conceptual_region_size:
			size[0]=256
			size[1]=256
		actual_region_ndim: 1
		pdc_var_type 15, size: 1
		actual_region_size:
			size[0]=282320
		func_name: zfp_compress
			params_str: none
			num_params: 16
			conceptual_flat_offset: 1024
			params_size: 48
			conceptual_flat_offset: 1280
			params_size: 48
			conceptual_flat_offset: 1536
			params_size: 48
			conceptual_flat_offset: 1792
			params_size: 48
			conceptual_flat_offset: 2048
			params_size: 48
			conceptual_flat_offset: 2304
			params_size: 48
			conceptual_flat_offset: 2560
			params_size: 48
			conceptual_flat_offset: 2816
			params_size: 48
			conceptual_flat_offset: 0
			params_size: 48
			conceptual_flat_offset: 256
			params_size: 48
			conceptual_flat_offset: 512
			params_size: 48
			conceptual_flat_offset: 768
			params_size: 48
			conceptual_flat_offset: 3072
			params_size: 48
			conceptual_flat_offset: 3328
			params_size: 48
			conceptual_flat_offset: 3584
			params_size: 48
			conceptual_flat_offset: 3840
			params_size: 48
		func_name: zfp_decompress
			params_str: none
			num_params: 0
		state_name: decompressed
			num_params: 0
		state_name: compressed
			num_params: 0
[INFO] PDC_SERVER[0]: Checkpointed          1 objects, with          0 regions 
[INFO] PDC_CLIENT[0]: Writing DART info to file_name: ./pdc_tmp//dart_info.bin
[INFO] PDC_CLIENT[0]: [IDIOMS_Index_Dump_0] Timer to dump index = 1602.0000 microseconds
