[INFO] PDC_SERVER[15]: Environment variable HG_TRANSPORT was NOT set
[INFO] PDC_SERVER[15]: Environment variable HG_HOST was NOT set
[INFO] PDC_SERVER[18]: Environment variable HG_TRANSPORT was NOT set
[INFO] PDC_SERVER[18]: Environment variable HG_HOST was NOT set
[INFO] PDC_SERVER[17]: Environment variable HG_TRANSPORT was NOT set
[INFO] PDC_SERVER[17]: Environment variable HG_HOST was NOT set
[INFO] PDC_SERVER[16]: Environment variable HG_TRANSPORT was NOT set
[INFO] PDC_SERVER[16]: Environment variable HG_HOST was NOT set
[INFO] PDC_SERVER[1]: Environment variable HG_TRANSPORT was NOT set
[INFO] PDC_SERVER[1]: Environment variable HG_HOST was NOT set
[INFO] PDC_SERVER[10]: Environment variable HG_TRANSPORT was NOT set
[INFO] PDC_SERVER[10]: Environment variable HG_HOST was NOT set
[INFO] PDC_SERVER[22]: Environment variable HG_TRANSPORT was NOT set
[INFO] PDC_SERVER[22]: Environment variable HG_HOST was NOT set
[INFO] PDC_SERVER[46]: Environment variable HG_TRANSPORT was NOT set
[INFO] PDC_SERVER[46]: Environment variable HG_HOST was NOT set
[INFO] PDC_SERVER[52]: Environment variable HG_TRANSPORT was NOT set
[INFO] PDC_SERVER[52]: Environment variable HG_HOST was NOT set
[INFO] PDC_SERVER[40]: Environment variable HG_TRANSPORT was NOT set
[INFO] PDC_SERVER[40]: Environment variable HG_HOST was NOT set
[INFO] PDC_SERVER[38]: Environment variable HG_TRANSPORT was NOT set
[INFO] PDC_SERVER[38]: Environment variable HG_HOST was NOT set
[INFO] PDC_SERVER[28]: Environment variable HG_TRANSPORT was NOT set
[INFO] PDC_SERVER[28]: Environment variable HG_HOST was NOT set
[INFO] PDC_SERVER[2]: Environment variable HG_TRANSPORT was NOT set
[INFO] PDC_SERVER[2]: Environment variable HG_HOST was NOT set
[INFO] PDC_SERVER[21]: Environment variable HG_TRANSPORT was NOT set
[INFO] PDC_SERVER[21]: Environment variable HG_HOST was NOT set
[INFO] PDC_SERVER[7]: Environment variable HG_TRANSPORT was NOT set
[INFO] PDC_SERVER[7]: Environment variable HG_HOST was NOT set
[INFO] PDC_SERVER[23]: Environment variable HG_TRANSPORT was NOT set
[INFO] PDC_SERVER[23]: Environment variable HG_HOST was NOT set
[INFO] PDC_SERVER[42]: Environment variable HG_TRANSPORT was NOT set
[INFO] PDC_SERVER[42]: Environment variable HG_HOST was NOT set
[INFO] PDC_SERVER[14]: Environment variable HG_TRANSPORT was NOT set
[INFO] PDC_SERVER[14]: Environment variable HG_HOST was NOT set
[INFO] PDC_SERVER[24]: Environment variable HG_TRANSPORT was NOT set
[INFO] PDC_SERVER[24]: Environment variable HG_HOST was NOT set
[INFO] PDC_SERVER[41]: Environment variable HG_TRANSPORT was NOT set
[INFO] PDC_SERVER[41]: Environment variable HG_HOST was NOT set
[INFO] PDC_SERVER[20]: Environment variable HG_TRANSPORT was NOT set
[INFO] PDC_SERVER[20]: Environment variable HG_HOST was NOT set
[INFO] PDC_SERVER[26]: Environment variable HG_TRANSPORT was NOT set
[INFO] PDC_SERVER[26]: Environment variable HG_HOST was NOT set
[INFO] PDC_SERVER[11]: Environment variable HG_TRANSPORT was NOT set
[INFO] PDC_SERVER[11]: Environment variable HG_HOST was NOT set
[INFO] PDC_SERVER[39]: Environment variable HG_TRANSPORT was NOT set
[INFO] PDC_SERVER[39]: Environment variable HG_HOST was NOT set
[INFO] PDC_SERVER[55]: Environment variable HG_TRANSPORT was NOT set
[INFO] PDC_SERVER[55]: Environment variable HG_HOST was NOT set
[INFO] PDC_SERVER[66]: Environment variable HG_TRANSPORT was NOT set
[INFO] PDC_SERVER[66]: Environment variable HG_HOST was NOT set
[INFO] PDC_SERVER[4]: Environment variable HG_TRANSPORT was NOT set
[INFO] PDC_SERVER[4]: Environment variable HG_HOST was NOT set
[INFO] PDC_SERVER[51]: Environment variable HG_TRANSPORT was NOT set
[INFO] PDC_SERVER[51]: Environment variable HG_HOST was NOT set
[INFO] PDC_SERVER[0]: Using [./pdc_tmp/] as tmp dir, 1 OSTs, 1 OSTs per data file, 0% to BB
[INFO] PDC_SERVER[34]: Environment variable HG_TRANSPORT was NOT set
[INFO] PDC_SERVER[34]: Environment variable HG_HOST was NOT set
[INFO] PDC_SERVER[47]: Environment variable HG_TRANSPORT was NOT set
[INFO] PDC_SERVER[47]: Environment variable HG_HOST was NOT set
[INFO] PDC_SERVER[27]: Environment variable HG_TRANSPORT was NOT set
[INFO] PDC_SERVER[27]: Environment variable HG_HOST was NOT set
[INFO] PDC_SERVER[50]: Environment variable HG_TRANSPORT was NOT set
[INFO] PDC_SERVER[50]: Environment variable HG_HOST was NOT set
[INFO] PDC_SERVER[64]: Environment variable HG_TRANSPORT was NOT set
[INFO] PDC_SERVER[64]: Environment variable HG_HOST was NOT set
[INFO] PDC_SERVER[19]: Environment variable HG_TRANSPORT was NOT set
[INFO] PDC_SERVER[19]: Environment variable HG_HOST was NOT set
[INFO] PDC_SERVER[67]: Environment variable HG_TRANSPORT was NOT set
[INFO] PDC_SERVER[67]: Environment variable HG_HOST was NOT set
[INFO] PDC_SERVER[63]: Environment variable HG_TRANSPORT was NOT set
[INFO] PDC_SERVER[63]: Environment variable HG_HOST was NOT set
[INFO] PDC_SERVER[5]: Environment variable HG_TRANSPORT was NOT set
[INFO] PDC_SERVER[5]: Environment variable HG_HOST was NOT set
[INFO] PDC_SERVER[13]: Environment variable HG_TRANSPORT was NOT set
[INFO] PDC_SERVER[13]: Environment variable HG_HOST was NOT set
[INFO] PDC_SERVER[56]: Environment variable HG_TRANSPORT was NOT set
[INFO] PDC_SERVER[56]: Environment variable HG_HOST was NOT set
[INFO] PDC_SERVER[31]: Environment variable HG_TRANSPORT was NOT set
[INFO] PDC_SERVER[31]: Environment variable HG_HOST was NOT set
[INFO] PDC_SERVER[109]: Environment variable HG_TRANSPORT was NOT set
[INFO] PDC_SERVER[109]: Environment variable HG_HOST was NOT set
[INFO] PDC_SERVER[32]: Environment variable HG_TRANSPORT was NOT set
[INFO] PDC_SERVER[32]: Environment variable HG_HOST was NOT set
[INFO] PDC_SERVER[110]: Environment variable HG_TRANSPORT was NOT set
[INFO] PDC_SERVER[110]: Environment variable HG_HOST was NOT set
[INFO] PDC_SERVER[71]: Environment variable HG_TRANSPORT was NOT set
[INFO] PDC_SERVER[71]: Environment variable HG_HOST was NOT set
[INFO] PDC_SERVER[57]: Environment variable HG_TRANSPORT was NOT set
[INFO] PDC_SERVER[57]: Environment variable HG_HOST was NOT set
[INFO] PDC_SERVER[75]: Environment variable HG_TRANSPORT was NOT set
[INFO] PDC_SERVER[75]: Environment variable HG_HOST was NOT set
[INFO] PDC_SERVER[115]: Environment variable HG_TRANSPORT was NOT set
[INFO] PDC_SERVER[115]: Environment variable HG_HOST was NOT set
[INFO] PDC_SERVER[45]: Environment variable HG_TRANSPORT was NOT set
[INFO] PDC_SERVER[45]: Environment variable HG_HOST was NOT set
[INFO] PDC_SERVER[70]: Environment variable HG_TRANSPORT was NOT set
[INFO] PDC_SERVER[70]: Environment variable HG_HOST was NOT set
[INFO] PDC_SERVER[29]: Environment variable HG_TRANSPORT was NOT set
[INFO] PDC_SERVER[29]: Environment variable HG_HOST was NOT set
[INFO] PDC_SERVER[72]: Environment variable HG_TRANSPORT was NOT set
[INFO] PDC_SERVER[72]: Environment variable HG_HOST was NOT set
[INFO] PDC_SERVER[43]: Environment variable HG_TRANSPORT was NOT set
[INFO] PDC_SERVER[43]: Environment variable HG_HOST was NOT set
[INFO] PDC_SERVER[116]: Environment variable HG_TRANSPORT was NOT set
[INFO] PDC_SERVER[116]: Environment variable HG_HOST was NOT set
[INFO] PDC_SERVER[35]: Environment variable HG_TRANSPORT was NOT set
[INFO] PDC_SERVER[35]: Environment variable HG_HOST was NOT set
[INFO] PDC_SERVER[86]: Environment variable HG_TRANSPORT was NOT set
[INFO] PDC_SERVER[86]: Environment variable HG_HOST was NOT set
[INFO] PDC_SERVER[124]: Environment variable HG_TRANSPORT was NOT set
[INFO] PDC_SERVER[124]: Environment variable HG_HOST was NOT set
[INFO] PDC_SERVER[37]: Environment variable HG_TRANSPORT was NOT set
[INFO] PDC_SERVER[37]: Environment variable HG_HOST was NOT set
[INFO] PDC_SERVER[3]: Environment variable HG_TRANSPORT was NOT set
[INFO] PDC_SERVER[3]: Environment variable HG_HOST was NOT set
[INFO] PDC_SERVER[77]: Environment variable HG_TRANSPORT was NOT set
[INFO] PDC_SERVER[77]: Environment variable HG_HOST was NOT set
[INFO] PDC_SERVER[36]: Environment variable HG_TRANSPORT was NOT set
[INFO] PDC_SERVER[36]: Environment variable HG_HOST was NOT set
[INFO] PDC_SERVER[60]: Environment variable HG_TRANSPORT was NOT set
[INFO] PDC_SERVER[60]: Environment variable HG_HOST was NOT set
[INFO] PDC_SERVER[69]: Environment variable HG_TRANSPORT was NOT set
[INFO] PDC_SERVER[69]: Environment variable HG_HOST was NOT set
[INFO] PDC_SERVER[65]: Environment variable HG_TRANSPORT was NOT set
[INFO] PDC_SERVER[65]: Environment variable HG_HOST was NOT set
[INFO] PDC_SERVER[95]: Environment variable HG_TRANSPORT was NOT set
[INFO] PDC_SERVER[95]: Environment variable HG_HOST was NOT set
[INFO] PDC_SERVER[111]: Environment variable HG_TRANSPORT was NOT set
[INFO] PDC_SERVER[111]: Environment variable HG_HOST was NOT set
[INFO] PDC_SERVER[44]: Environment variable HG_TRANSPORT was NOT set
[INFO] PDC_SERVER[44]: Environment variable HG_HOST was NOT set
[INFO] PDC_SERVER[9]: Environment variable HG_TRANSPORT was NOT set
[INFO] PDC_SERVER[9]: Environment variable HG_HOST was NOT set
[INFO] PDC_SERVER[91]: Environment variable HG_TRANSPORT was NOT set
[INFO] PDC_SERVER[91]: Environment variable HG_HOST was NOT set
[INFO] PDC_SERVER[118]: Environment variable HG_TRANSPORT was NOT set
[INFO] PDC_SERVER[118]: Environment variable HG_HOST was NOT set
[INFO] PDC_SERVER[122]: Environment variable HG_TRANSPORT was NOT set
[INFO] PDC_SERVER[122]: Environment variable HG_HOST was NOT set
[INFO] PDC_SERVER[120]: Environment variable HG_TRANSPORT was NOT set
[INFO] PDC_SERVER[120]: Environment variable HG_HOST was NOT set
[INFO] PDC_SERVER[87]: Environment variable HG_TRANSPORT was NOT set
[INFO] PDC_SERVER[87]: Environment variable HG_HOST was NOT set
[INFO] PDC_SERVER[82]: Environment variable HG_TRANSPORT was NOT set
[INFO] PDC_SERVER[82]: Environment variable HG_HOST was NOT set
[INFO] PDC_SERVER[106]: Environment variable HG_TRANSPORT was NOT set
[INFO] PDC_SERVER[106]: Environment variable HG_HOST was NOT set
[INFO] PDC_SERVER[6]: Environment variable HG_TRANSPORT was NOT set
[INFO] PDC_SERVER[6]: Environment variable HG_HOST was NOT set
[INFO] PDC_SERVER[58]: Environment variable HG_TRANSPORT was NOT set
[INFO] PDC_SERVER[58]: Environment variable HG_HOST was NOT set
[INFO] PDC_SERVER[25]: Environment variable HG_TRANSPORT was NOT set
[INFO] PDC_SERVER[25]: Environment variable HG_HOST was NOT set
[INFO] PDC_SERVER[30]: Environment variable HG_TRANSPORT was NOT set
[INFO] PDC_SERVER[30]: Environment variable HG_HOST was NOT set
[INFO] PDC_SERVER[78]: Environment variable HG_TRANSPORT was NOT set
[INFO] PDC_SERVER[78]: Environment variable HG_HOST was NOT set
[INFO] PDC_SERVER[74]: Environment variable HG_TRANSPORT was NOT set
[INFO] PDC_SERVER[74]: Environment variable HG_HOST was NOT set
[INFO] PDC_SERVER[96]: Environment variable HG_TRANSPORT was NOT set
[INFO] PDC_SERVER[96]: Environment variable HG_HOST was NOT set
[INFO] PDC_SERVER[68]: Environment variable HG_TRANSPORT was NOT set
[INFO] PDC_SERVER[68]: Environment variable HG_HOST was NOT set
[INFO] PDC_SERVER[88]: Environment variable HG_TRANSPORT was NOT set
[INFO] PDC_SERVER[88]: Environment variable HG_HOST was NOT set
[INFO] PDC_SERVER[104]: Environment variable HG_TRANSPORT was NOT set
[INFO] PDC_SERVER[104]: Environment variable HG_HOST was NOT set
[INFO] PDC_SERVER[107]: Environment variable HG_TRANSPORT was NOT set
[INFO] PDC_SERVER[107]: Environment variable HG_HOST was NOT set
[INFO] PDC_SERVER[79]: Environment variable HG_TRANSPORT was NOT set
[INFO] PDC_SERVER[79]: Environment variable HG_HOST was NOT set
[INFO] PDC_SERVER[54]: Environment variable HG_TRANSPORT was NOT set
[INFO] PDC_SERVER[54]: Environment variable HG_HOST was NOT set
[INFO] PDC_SERVER[89]: Environment variable HG_TRANSPORT was NOT set
[INFO] PDC_SERVER[89]: Environment variable HG_HOST was NOT set
[INFO] PDC_SERVER[114]: Environment variable HG_TRANSPORT was NOT set
[INFO] PDC_SERVER[114]: Environment variable HG_HOST was NOT set
[INFO] PDC_SERVER[126]: Environment variable HG_TRANSPORT was NOT set
[INFO] PDC_SERVER[126]: Environment variable HG_HOST was NOT set
[INFO] PDC_SERVER[125]: Environment variable HG_TRANSPORT was NOT set
[INFO] PDC_SERVER[125]: Environment variable HG_HOST was NOT set
[INFO] PDC_SERVER[123]: Environment variable HG_TRANSPORT was NOT set
[INFO] PDC_SERVER[123]: Environment variable HG_HOST was NOT set
[INFO] PDC_SERVER[62]: Environment variable HG_TRANSPORT was NOT set
[INFO] PDC_SERVER[62]: Environment variable HG_HOST was NOT set
[INFO] PDC_SERVER[92]: Environment variable HG_TRANSPORT was NOT set
[INFO] PDC_SERVER[92]: Environment variable HG_HOST was NOT set
[INFO] PDC_SERVER[33]: Environment variable HG_TRANSPORT was NOT set
[INFO] PDC_SERVER[33]: Environment variable HG_HOST was NOT set
[INFO] PDC_SERVER[105]: Environment variable HG_TRANSPORT was NOT set
[INFO] PDC_SERVER[105]: Environment variable HG_HOST was NOT set
[INFO] PDC_SERVER[81]: Environment variable HG_TRANSPORT was NOT set
[INFO] PDC_SERVER[81]: Environment variable HG_HOST was NOT set
[INFO] PDC_SERVER[8]: Environment variable HG_TRANSPORT was NOT set
[INFO] PDC_SERVER[8]: Environment variable HG_HOST was NOT set
[INFO] PDC_SERVER[119]: Environment variable HG_TRANSPORT was NOT set
[INFO] PDC_SERVER[119]: Environment variable HG_HOST was NOT set
[INFO] PDC_SERVER[61]: Environment variable HG_TRANSPORT was NOT set
[INFO] PDC_SERVER[61]: Environment variable HG_HOST was NOT set
[INFO] PDC_SERVER[73]: Environment variable HG_TRANSPORT was NOT set
[INFO] PDC_SERVER[73]: Environment variable HG_HOST was NOT set
[INFO] PDC_SERVER[84]: Environment variable HG_TRANSPORT was NOT set
[INFO] PDC_SERVER[84]: Environment variable HG_HOST was NOT set
[INFO] PDC_SERVER[49]: Environment variable HG_TRANSPORT was NOT set
[INFO] PDC_SERVER[49]: Environment variable HG_HOST was NOT set
[INFO] PDC_SERVER[53]: Environment variable HG_TRANSPORT was NOT set
[INFO] PDC_SERVER[53]: Environment variable HG_HOST was NOT set
[INFO] PDC_SERVER[102]: Environment variable HG_TRANSPORT was NOT set
[INFO] PDC_SERVER[102]: Environment variable HG_HOST was NOT set
[INFO] PDC_SERVER[85]: Environment variable HG_TRANSPORT was NOT set
[INFO] PDC_SERVER[85]: Environment variable HG_HOST was NOT set
[INFO] PDC_SERVER[97]: Environment variable HG_TRANSPORT was NOT set
[INFO] PDC_SERVER[97]: Environment variable HG_HOST was NOT set
[INFO] PDC_SERVER[90]: Environment variable HG_TRANSPORT was NOT set
[INFO] PDC_SERVER[90]: Environment variable HG_HOST was NOT set
[INFO] PDC_SERVER[76]: Environment variable HG_TRANSPORT was NOT set
[INFO] PDC_SERVER[76]: Environment variable HG_HOST was NOT set
[INFO] PDC_SERVER[103]: Environment variable HG_TRANSPORT was NOT set
[INFO] PDC_SERVER[103]: Environment variable HG_HOST was NOT set
[INFO] PDC_SERVER[108]: Environment variable HG_TRANSPORT was NOT set
[INFO] PDC_SERVER[108]: Environment variable HG_HOST was NOT set
[INFO] PDC_SERVER[59]: Environment variable HG_TRANSPORT was NOT set
[INFO] PDC_SERVER[59]: Environment variable HG_HOST was NOT set
[INFO] PDC_SERVER[98]: Environment variable HG_TRANSPORT was NOT set
[INFO] PDC_SERVER[98]: Environment variable HG_HOST was NOT set
[INFO] PDC_SERVER[117]: Environment variable HG_TRANSPORT was NOT set
[INFO] PDC_SERVER[117]: Environment variable HG_HOST was NOT set
[INFO] PDC_SERVER[113]: Environment variable HG_TRANSPORT was NOT set
[INFO] PDC_SERVER[113]: Environment variable HG_HOST was NOT set
[INFO] PDC_SERVER[80]: Environment variable HG_TRANSPORT was NOT set
[INFO] PDC_SERVER[80]: Environment variable HG_HOST was NOT set
[INFO] PDC_SERVER[121]: Environment variable HG_TRANSPORT was NOT set
[INFO] PDC_SERVER[121]: Environment variable HG_HOST was NOT set
[INFO] PDC_SERVER[0]: Environment variable HG_TRANSPORT was NOT set
[INFO] PDC_SERVER[0]: Environment variable HG_HOST was NOT set
[INFO] PDC_SERVER[0]: Connection string: ofi+tcp://nid005149:7000
[INFO] PDC_SERVER[100]: Environment variable HG_TRANSPORT was NOT set
[INFO] PDC_SERVER[100]: Environment variable HG_HOST was NOT set
[INFO] PDC_SERVER[127]: Environment variable HG_TRANSPORT was NOT set
[INFO] PDC_SERVER[127]: Environment variable HG_HOST was NOT set
[INFO] PDC_SERVER[112]: Environment variable HG_TRANSPORT was NOT set
[INFO] PDC_SERVER[112]: Environment variable HG_HOST was NOT set
[INFO] PDC_SERVER[101]: Environment variable HG_TRANSPORT was NOT set
[INFO] PDC_SERVER[101]: Environment variable HG_HOST was NOT set
[INFO] PDC_SERVER[94]: Environment variable HG_TRANSPORT was NOT set
[INFO] PDC_SERVER[94]: Environment variable HG_HOST was NOT set
[INFO] PDC_SERVER[48]: Environment variable HG_TRANSPORT was NOT set
[INFO] PDC_SERVER[48]: Environment variable HG_HOST was NOT set
[INFO] PDC_SERVER[99]: Environment variable HG_TRANSPORT was NOT set
[INFO] PDC_SERVER[99]: Environment variable HG_HOST was NOT set
[INFO] PDC_SERVER[83]: Environment variable HG_TRANSPORT was NOT set
[INFO] PDC_SERVER[83]: Environment variable HG_HOST was NOT set
[INFO] PDC_SERVER[12]: Environment variable HG_TRANSPORT was NOT set
[INFO] PDC_SERVER[12]: Environment variable HG_HOST was NOT set
[INFO] PDC_SERVER[93]: Environment variable HG_TRANSPORT was NOT set
[INFO] PDC_SERVER[93]: Environment variable HG_HOST was NOT set
[INFO] PDC_SERVER[0]: Without multi-thread
[INFO] PDC_SERVER[0]: Successfully established connection to 127 other PDC servers
[INFO] PDC_SERVER[0]: Server ready!


[INFO] PDC_SERVER[0]: Running write storage strategy STORE_REGION_BY_REGION_SINGLE_FILE
[INFO] PDC_SERVER[0]: Running write storage strategy STORE_REGION_BY_REGION_SINGLE_FILE
[INFO] PDC_SERVER[0]: Running write storage strategy STORE_REGION_BY_REGION_SINGLE_FILE
[INFO] PDC_SERVER[0]: Running write storage strategy STORE_REGION_BY_REGION_SINGLE_FILE
[INFO] PDC_SERVER[0]: Running write storage strategy STORE_REGION_BY_REGION_SINGLE_FILE
[INFO] PDC_SERVER[0]: Running write storage strategy STORE_REGION_BY_REGION_SINGLE_FILE
[INFO] PDC_SERVER[0]: Running write storage strategy STORE_REGION_BY_REGION_SINGLE_FILE
[INFO] PDC_SERVER[0]: Running write storage strategy STORE_REGION_BY_REGION_SINGLE_FILE
[INFO] PDC_SERVER[0]: Running write storage strategy STORE_REGION_BY_REGION_SINGLE_FILE
[INFO] PDC_SERVER[0]: Running write storage strategy STORE_REGION_BY_REGION_SINGLE_FILE
[INFO] PDC_SERVER[0]: Running write storage strategy STORE_REGION_BY_REGION_SINGLE_FILE
[INFO] PDC_SERVER[0]: Running write storage strategy STORE_REGION_BY_REGION_SINGLE_FILE
[INFO] PDC_SERVER[0]: Running write storage strategy STORE_REGION_BY_REGION_SINGLE_FILE
[INFO] PDC_SERVER[0]: Running write storage strategy STORE_REGION_BY_REGION_SINGLE_FILE
[INFO] PDC_SERVER[0]: Running write storage strategy STORE_REGION_BY_REGION_SINGLE_FILE
[INFO] PDC_SERVER[0]: Running write storage strategy STORE_REGION_BY_REGION_SINGLE_FILE
[INFO] PDC_SERVER[0]: Running write storage strategy STORE_REGION_BY_REGION_SINGLE_FILE
[INFO] PDC_SERVER[0]: Running write storage strategy STORE_REGION_BY_REGION_SINGLE_FILE
[INFO] PDC_SERVER[0]: Running write storage strategy STORE_REGION_BY_REGION_SINGLE_FILE
[INFO] PDC_SERVER[0]: Running write storage strategy STORE_REGION_BY_REGION_SINGLE_FILE
[INFO] PDC_SERVER[0]: Running write storage strategy STORE_REGION_BY_REGION_SINGLE_FILE
[INFO] PDC_SERVER[0]: Running write storage strategy STORE_REGION_BY_REGION_SINGLE_FILE
[INFO] PDC_SERVER[0]: Running write storage strategy STORE_REGION_BY_REGION_SINGLE_FILE
[INFO] PDC_SERVER[0]: Running write storage strategy STORE_REGION_BY_REGION_SINGLE_FILE
[INFO] PDC_SERVER[0]: Running write storage strategy STORE_REGION_BY_REGION_SINGLE_FILE
[INFO] PDC_SERVER[0]: Running write storage strategy STORE_REGION_BY_REGION_SINGLE_FILE
[INFO] PDC_SERVER[0]: Running write storage strategy STORE_REGION_BY_REGION_SINGLE_FILE
[INFO] PDC_SERVER[0]: Running write storage strategy STORE_REGION_BY_REGION_SINGLE_FILE
[INFO] PDC_SERVER[0]: Running write storage strategy STORE_REGION_BY_REGION_SINGLE_FILE
[INFO] PDC_SERVER[0]: Running write storage strategy STORE_REGION_BY_REGION_SINGLE_FILE
[INFO] PDC_SERVER[0]: Running write storage strategy STORE_REGION_BY_REGION_SINGLE_FILE
[INFO] PDC_SERVER[0]: Running write storage strategy STORE_REGION_BY_REGION_SINGLE_FILE
[INFO] PDC_SERVER[0]: Running write storage strategy STORE_REGION_BY_REGION_SINGLE_FILE
[INFO] PDC_SERVER[0]: Running write storage strategy STORE_REGION_BY_REGION_SINGLE_FILE
[INFO] PDC_SERVER[0]: Running write storage strategy STORE_REGION_BY_REGION_SINGLE_FILE
[INFO] PDC_SERVER[0]: Running write storage strategy STORE_REGION_BY_REGION_SINGLE_FILE
[INFO] PDC_SERVER[0]: Running write storage strategy STORE_REGION_BY_REGION_SINGLE_FILE
[INFO] PDC_SERVER[0]: Running write storage strategy STORE_REGION_BY_REGION_SINGLE_FILE
[INFO] PDC_SERVER[0]: Running write storage strategy STORE_REGION_BY_REGION_SINGLE_FILE
[INFO] PDC_SERVER[0]: Running write storage strategy STORE_REGION_BY_REGION_SINGLE_FILE
[INFO] PDC_SERVER[0]: Running write storage strategy STORE_REGION_BY_REGION_SINGLE_FILE
[INFO] PDC_SERVER[0]: Running write storage strategy STORE_REGION_BY_REGION_SINGLE_FILE
[INFO] PDC_SERVER[0]: Running write storage strategy STORE_REGION_BY_REGION_SINGLE_FILE
[INFO] PDC_SERVER[0]: Running write storage strategy STORE_REGION_BY_REGION_SINGLE_FILE
[INFO] PDC_SERVER[0]: Running write storage strategy STORE_REGION_BY_REGION_SINGLE_FILE
[INFO] PDC_SERVER[0]: Running write storage strategy STORE_REGION_BY_REGION_SINGLE_FILE
[INFO] PDC_SERVER[0]: Running write storage strategy STORE_REGION_BY_REGION_SINGLE_FILE
[INFO] PDC_SERVER[0]: Running write storage strategy STORE_REGION_BY_REGION_SINGLE_FILE
[INFO] PDC_SERVER[0]: Running write storage strategy STORE_REGION_BY_REGION_SINGLE_FILE
[INFO] PDC_SERVER[0]: Running write storage strategy STORE_REGION_BY_REGION_SINGLE_FILE
[INFO] PDC_SERVER[0]: Running write storage strategy STORE_REGION_BY_REGION_SINGLE_FILE
[INFO] PDC_SERVER[0]: Running write storage strategy STORE_REGION_BY_REGION_SINGLE_FILE
[INFO] PDC_SERVER[0]: Running write storage strategy STORE_REGION_BY_REGION_SINGLE_FILE
[INFO] PDC_SERVER[0]: Running write storage strategy STORE_REGION_BY_REGION_SINGLE_FILE
[INFO] PDC_SERVER[0]: Running write storage strategy STORE_REGION_BY_REGION_SINGLE_FILE
[INFO] PDC_SERVER[0]: Running write storage strategy STORE_REGION_BY_REGION_SINGLE_FILE
[INFO] PDC_SERVER[0]: Running write storage strategy STORE_REGION_BY_REGION_SINGLE_FILE
[INFO] PDC_SERVER[0]: Running write storage strategy STORE_REGION_BY_REGION_SINGLE_FILE
[INFO] PDC_SERVER[0]: Running write storage strategy STORE_REGION_BY_REGION_SINGLE_FILE
[INFO] PDC_SERVER[0]: Running write storage strategy STORE_REGION_BY_REGION_SINGLE_FILE
[INFO] PDC_SERVER[0]: Running write storage strategy STORE_REGION_BY_REGION_SINGLE_FILE
[INFO] PDC_SERVER[0]: Running write storage strategy STORE_REGION_BY_REGION_SINGLE_FILE
[INFO] PDC_SERVER[0]: Running write storage strategy STORE_REGION_BY_REGION_SINGLE_FILE
[INFO] PDC_SERVER[0]: Running write storage strategy STORE_REGION_BY_REGION_SINGLE_FILE
[INFO] PDC_SERVER[0]: Running write storage strategy STORE_REGION_BY_REGION_SINGLE_FILE
[INFO] PDC_SERVER[0]: Running write storage strategy STORE_REGION_BY_REGION_SINGLE_FILE
[INFO] PDC_SERVER[0]: Running write storage strategy STORE_REGION_BY_REGION_SINGLE_FILE
[INFO] PDC_SERVER[0]: Running write storage strategy STORE_REGION_BY_REGION_SINGLE_FILE
[INFO] PDC_SERVER[0]: Running write storage strategy STORE_REGION_BY_REGION_SINGLE_FILE
[INFO] PDC_SERVER[0]: Running write storage strategy STORE_REGION_BY_REGION_SINGLE_FILE
[INFO] PDC_SERVER[0]: Running write storage strategy STORE_REGION_BY_REGION_SINGLE_FILE
[INFO] PDC_SERVER[0]: Running write storage strategy STORE_REGION_BY_REGION_SINGLE_FILE
[INFO] PDC_SERVER[0]: Running write storage strategy STORE_REGION_BY_REGION_SINGLE_FILE
[INFO] PDC_SERVER[0]: Running write storage strategy STORE_REGION_BY_REGION_SINGLE_FILE
[INFO] PDC_SERVER[0]: Running write storage strategy STORE_REGION_BY_REGION_SINGLE_FILE
[INFO] PDC_SERVER[0]: Running write storage strategy STORE_REGION_BY_REGION_SINGLE_FILE
[INFO] PDC_SERVER[0]: Running write storage strategy STORE_REGION_BY_REGION_SINGLE_FILE
[INFO] PDC_SERVER[0]: Running write storage strategy STORE_REGION_BY_REGION_SINGLE_FILE
[INFO] PDC_SERVER[0]: Running write storage strategy STORE_REGION_BY_REGION_SINGLE_FILE
[INFO] PDC_SERVER[0]: Running write storage strategy STORE_REGION_BY_REGION_SINGLE_FILE
[INFO] PDC_SERVER[0]: Running write storage strategy STORE_REGION_BY_REGION_SINGLE_FILE
[INFO] PDC_SERVER[0]: Running write storage strategy STORE_REGION_BY_REGION_SINGLE_FILE
[INFO] PDC_SERVER[0]: Running write storage strategy STORE_REGION_BY_REGION_SINGLE_FILE
[INFO] PDC_SERVER[0]: Running write storage strategy STORE_REGION_BY_REGION_SINGLE_FILE
[INFO] PDC_SERVER[0]: Running write storage strategy STORE_REGION_BY_REGION_SINGLE_FILE
[INFO] PDC_SERVER[0]: Running write storage strategy STORE_REGION_BY_REGION_SINGLE_FILE
[INFO] PDC_SERVER[0]: Running write storage strategy STORE_REGION_BY_REGION_SINGLE_FILE
[INFO] PDC_SERVER[0]: Running write storage strategy STORE_REGION_BY_REGION_SINGLE_FILE
[INFO] PDC_SERVER[0]: Running write storage strategy STORE_REGION_BY_REGION_SINGLE_FILE
[INFO] PDC_SERVER[0]: Running write storage strategy STORE_REGION_BY_REGION_SINGLE_FILE
[INFO] PDC_SERVER[0]: Running write storage strategy STORE_REGION_BY_REGION_SINGLE_FILE
[INFO] PDC_SERVER[0]: Running write storage strategy STORE_REGION_BY_REGION_SINGLE_FILE
[INFO] PDC_SERVER[0]: Running write storage strategy STORE_REGION_BY_REGION_SINGLE_FILE
[INFO] PDC_SERVER[0]: Running write storage strategy STORE_REGION_BY_REGION_SINGLE_FILE
[INFO] PDC_SERVER[0]: Running write storage strategy STORE_REGION_BY_REGION_SINGLE_FILE
[INFO] PDC_SERVER[0]: Running write storage strategy STORE_REGION_BY_REGION_SINGLE_FILE
[INFO] PDC_SERVER[0]: Running write storage strategy STORE_REGION_BY_REGION_SINGLE_FILE
[INFO] PDC_SERVER[0]: Running write storage strategy STORE_REGION_BY_REGION_SINGLE_FILE
[INFO] PDC_SERVER[0]: Running write storage strategy STORE_REGION_BY_REGION_SINGLE_FILE
[INFO] PDC_SERVER[0]: Running write storage strategy STORE_REGION_BY_REGION_SINGLE_FILE
[INFO] PDC_SERVER[0]: Running write storage strategy STORE_REGION_BY_REGION_SINGLE_FILE
[INFO] PDC_SERVER[0]: Running write storage strategy STORE_REGION_BY_REGION_SINGLE_FILE
[INFO] PDC_SERVER[0]: Running write storage strategy STORE_REGION_BY_REGION_SINGLE_FILE
[INFO] PDC_SERVER[0]: Running write storage strategy STORE_REGION_BY_REGION_SINGLE_FILE
[INFO] PDC_SERVER[0]: Running write storage strategy STORE_REGION_BY_REGION_SINGLE_FILE
[INFO] PDC_SERVER[0]: Running write storage strategy STORE_REGION_BY_REGION_SINGLE_FILE
[INFO] PDC_SERVER[0]: Running write storage strategy STORE_REGION_BY_REGION_SINGLE_FILE
[INFO] PDC_SERVER[0]: Running write storage strategy STORE_REGION_BY_REGION_SINGLE_FILE
[INFO] PDC_SERVER[0]: Running write storage strategy STORE_REGION_BY_REGION_SINGLE_FILE
[INFO] PDC_SERVER[0]: Running write storage strategy STORE_REGION_BY_REGION_SINGLE_FILE
[INFO] PDC_SERVER[0]: Running write storage strategy STORE_REGION_BY_REGION_SINGLE_FILE
[INFO] PDC_SERVER[0]: Running write storage strategy STORE_REGION_BY_REGION_SINGLE_FILE
[INFO] PDC_SERVER[0]: Running write storage strategy STORE_REGION_BY_REGION_SINGLE_FILE
[INFO] PDC_SERVER[0]: Running write storage strategy STORE_REGION_BY_REGION_SINGLE_FILE
[INFO] PDC_SERVER[0]: Running write storage strategy STORE_REGION_BY_REGION_SINGLE_FILE
[INFO] PDC_SERVER[0]: Running write storage strategy STORE_REGION_BY_REGION_SINGLE_FILE
[INFO] PDC_SERVER[0]: Running write storage strategy STORE_REGION_BY_REGION_SINGLE_FILE
[INFO] PDC_SERVER[0]: Running write storage strategy STORE_REGION_BY_REGION_SINGLE_FILE
[INFO] PDC_SERVER[0]: Running write storage strategy STORE_REGION_BY_REGION_SINGLE_FILE
[INFO] PDC_SERVER[0]: Running write storage strategy STORE_REGION_BY_REGION_SINGLE_FILE
[INFO] PDC_SERVER[0]: Running write storage strategy STORE_REGION_BY_REGION_SINGLE_FILE
[INFO] PDC_SERVER[0]: Running write storage strategy STORE_REGION_BY_REGION_SINGLE_FILE
[INFO] PDC_SERVER[0]: Running write storage strategy STORE_REGION_BY_REGION_SINGLE_FILE
[INFO] PDC_SERVER[0]: Running write storage strategy STORE_REGION_BY_REGION_SINGLE_FILE
[INFO] PDC_SERVER[0]: Running write storage strategy STORE_REGION_BY_REGION_SINGLE_FILE
[INFO] PDC_SERVER[0]: Running write storage strategy STORE_REGION_BY_REGION_SINGLE_FILE
[INFO] PDC_SERVER[0]: Running write storage strategy STORE_REGION_BY_REGION_SINGLE_FILE
[INFO] PDC_SERVER[0]: Running write storage strategy STORE_REGION_BY_REGION_SINGLE_FILE
[INFO] PDC_SERVER[0]: Running read storage strategy STORE_REGION_BY_REGION_SINGLE_FILE
[INFO] PDC_SERVER[0]: Running read storage strategy STORE_REGION_BY_REGION_SINGLE_FILE
[INFO] PDC_SERVER[0]: Running read storage strategy STORE_REGION_BY_REGION_SINGLE_FILE
[INFO] PDC_SERVER[0]: Running read storage strategy STORE_REGION_BY_REGION_SINGLE_FILE
[INFO] PDC_SERVER[0]: Running read storage strategy STORE_REGION_BY_REGION_SINGLE_FILE
[INFO] PDC_SERVER[0]: Running read storage strategy STORE_REGION_BY_REGION_SINGLE_FILE
[INFO] PDC_SERVER[0]: Running read storage strategy STORE_REGION_BY_REGION_SINGLE_FILE
[INFO] PDC_SERVER[0]: Running read storage strategy STORE_REGION_BY_REGION_SINGLE_FILE
[INFO] PDC_SERVER[0]: Running read storage strategy STORE_REGION_BY_REGION_SINGLE_FILE
[INFO] PDC_SERVER[0]: Running read storage strategy STORE_REGION_BY_REGION_SINGLE_FILE
[INFO] PDC_SERVER[0]: Running read storage strategy STORE_REGION_BY_REGION_SINGLE_FILE
[INFO] PDC_SERVER[0]: Running read storage strategy STORE_REGION_BY_REGION_SINGLE_FILE
[INFO] PDC_SERVER[0]: Running read storage strategy STORE_REGION_BY_REGION_SINGLE_FILE
[INFO] PDC_SERVER[0]: Running read storage strategy STORE_REGION_BY_REGION_SINGLE_FILE
[INFO] PDC_SERVER[0]: Running read storage strategy STORE_REGION_BY_REGION_SINGLE_FILE
[INFO] PDC_SERVER[0]: Running read storage strategy STORE_REGION_BY_REGION_SINGLE_FILE
[INFO] PDC_SERVER[0]: Running read storage strategy STORE_REGION_BY_REGION_SINGLE_FILE
[INFO] PDC_SERVER[0]: Running read storage strategy STORE_REGION_BY_REGION_SINGLE_FILE
[INFO] PDC_SERVER[0]: Running read storage strategy STORE_REGION_BY_REGION_SINGLE_FILE
[INFO] PDC_SERVER[0]: Running read storage strategy STORE_REGION_BY_REGION_SINGLE_FILE
[INFO] PDC_SERVER[0]: Running read storage strategy STORE_REGION_BY_REGION_SINGLE_FILE
[INFO] PDC_SERVER[0]: Running read storage strategy STORE_REGION_BY_REGION_SINGLE_FILE
[INFO] PDC_SERVER[0]: Running read storage strategy STORE_REGION_BY_REGION_SINGLE_FILE
[INFO] PDC_SERVER[0]: Running read storage strategy STORE_REGION_BY_REGION_SINGLE_FILE
[INFO] PDC_SERVER[0]: Running read storage strategy STORE_REGION_BY_REGION_SINGLE_FILE
[INFO] PDC_SERVER[0]: Running read storage strategy STORE_REGION_BY_REGION_SINGLE_FILE
[INFO] PDC_SERVER[0]: Running read storage strategy STORE_REGION_BY_REGION_SINGLE_FILE
[INFO] PDC_SERVER[0]: Running read storage strategy STORE_REGION_BY_REGION_SINGLE_FILE
[INFO] PDC_SERVER[0]: Running read storage strategy STORE_REGION_BY_REGION_SINGLE_FILE
[INFO] PDC_SERVER[0]: Running read storage strategy STORE_REGION_BY_REGION_SINGLE_FILE
[INFO] PDC_SERVER[0]: Running read storage strategy STORE_REGION_BY_REGION_SINGLE_FILE
[INFO] PDC_SERVER[0]: Running read storage strategy STORE_REGION_BY_REGION_SINGLE_FILE
[INFO] PDC_SERVER[0]: Running read storage strategy STORE_REGION_BY_REGION_SINGLE_FILE
[INFO] PDC_SERVER[0]: Running read storage strategy STORE_REGION_BY_REGION_SINGLE_FILE
[INFO] PDC_SERVER[0]: Running read storage strategy STORE_REGION_BY_REGION_SINGLE_FILE
[INFO] PDC_SERVER[0]: Running read storage strategy STORE_REGION_BY_REGION_SINGLE_FILE
[INFO] PDC_SERVER[0]: Running read storage strategy STORE_REGION_BY_REGION_SINGLE_FILE
[INFO] PDC_SERVER[0]: Running read storage strategy STORE_REGION_BY_REGION_SINGLE_FILE
[INFO] PDC_SERVER[0]: Running read storage strategy STORE_REGION_BY_REGION_SINGLE_FILE
[INFO] PDC_SERVER[0]: Running read storage strategy STORE_REGION_BY_REGION_SINGLE_FILE
[INFO] PDC_SERVER[0]: Running read storage strategy STORE_REGION_BY_REGION_SINGLE_FILE
[INFO] PDC_SERVER[0]: Running read storage strategy STORE_REGION_BY_REGION_SINGLE_FILE
[INFO] PDC_SERVER[0]: Running read storage strategy STORE_REGION_BY_REGION_SINGLE_FILE
[INFO] PDC_SERVER[0]: Running read storage strategy STORE_REGION_BY_REGION_SINGLE_FILE
[INFO] PDC_SERVER[0]: Running read storage strategy STORE_REGION_BY_REGION_SINGLE_FILE
[INFO] PDC_SERVER[0]: Running read storage strategy STORE_REGION_BY_REGION_SINGLE_FILE
[INFO] PDC_SERVER[0]: Running read storage strategy STORE_REGION_BY_REGION_SINGLE_FILE
[INFO] PDC_SERVER[0]: Running read storage strategy STORE_REGION_BY_REGION_SINGLE_FILE
[INFO] PDC_SERVER[0]: Running read storage strategy STORE_REGION_BY_REGION_SINGLE_FILE
[INFO] PDC_SERVER[0]: Running read storage strategy STORE_REGION_BY_REGION_SINGLE_FILE
[INFO] PDC_SERVER[0]: Running read storage strategy STORE_REGION_BY_REGION_SINGLE_FILE
[INFO] PDC_SERVER[0]: Running read storage strategy STORE_REGION_BY_REGION_SINGLE_FILE
[INFO] PDC_SERVER[0]: Running read storage strategy STORE_REGION_BY_REGION_SINGLE_FILE
[INFO] PDC_SERVER[0]: Running read storage strategy STORE_REGION_BY_REGION_SINGLE_FILE
[INFO] PDC_SERVER[0]: Running read storage strategy STORE_REGION_BY_REGION_SINGLE_FILE
[INFO] PDC_SERVER[0]: Running read storage strategy STORE_REGION_BY_REGION_SINGLE_FILE
[INFO] PDC_SERVER[0]: Running read storage strategy STORE_REGION_BY_REGION_SINGLE_FILE
[INFO] PDC_SERVER[0]: Running read storage strategy STORE_REGION_BY_REGION_SINGLE_FILE
[INFO] PDC_SERVER[0]: Running read storage strategy STORE_REGION_BY_REGION_SINGLE_FILE
[INFO] PDC_SERVER[0]: Running read storage strategy STORE_REGION_BY_REGION_SINGLE_FILE
[INFO] PDC_SERVER[0]: Running read storage strategy STORE_REGION_BY_REGION_SINGLE_FILE
[INFO] PDC_SERVER[0]: Running read storage strategy STORE_REGION_BY_REGION_SINGLE_FILE
[INFO] PDC_SERVER[0]: Running read storage strategy STORE_REGION_BY_REGION_SINGLE_FILE
[INFO] PDC_SERVER[0]: Running read storage strategy STORE_REGION_BY_REGION_SINGLE_FILE
[INFO] PDC_SERVER[0]: Running read storage strategy STORE_REGION_BY_REGION_SINGLE_FILE
[INFO] PDC_SERVER[0]: Running read storage strategy STORE_REGION_BY_REGION_SINGLE_FILE
[INFO] PDC_SERVER[0]: Running read storage strategy STORE_REGION_BY_REGION_SINGLE_FILE
[INFO] PDC_SERVER[0]: Running read storage strategy STORE_REGION_BY_REGION_SINGLE_FILE
[INFO] PDC_SERVER[0]: Running read storage strategy STORE_REGION_BY_REGION_SINGLE_FILE
[INFO] PDC_SERVER[0]: Running read storage strategy STORE_REGION_BY_REGION_SINGLE_FILE
[INFO] PDC_SERVER[0]: Running read storage strategy STORE_REGION_BY_REGION_SINGLE_FILE
[INFO] PDC_SERVER[0]: Running read storage strategy STORE_REGION_BY_REGION_SINGLE_FILE
[INFO] PDC_SERVER[0]: Running read storage strategy STORE_REGION_BY_REGION_SINGLE_FILE
[INFO] PDC_SERVER[0]: Running read storage strategy STORE_REGION_BY_REGION_SINGLE_FILE
[INFO] PDC_SERVER[0]: Running read storage strategy STORE_REGION_BY_REGION_SINGLE_FILE
[INFO] PDC_SERVER[0]: Running read storage strategy STORE_REGION_BY_REGION_SINGLE_FILE
[INFO] PDC_SERVER[0]: Running read storage strategy STORE_REGION_BY_REGION_SINGLE_FILE
[INFO] PDC_SERVER[0]: Running read storage strategy STORE_REGION_BY_REGION_SINGLE_FILE
[INFO] PDC_SERVER[0]: Running read storage strategy STORE_REGION_BY_REGION_SINGLE_FILE
[INFO] PDC_SERVER[0]: Running read storage strategy STORE_REGION_BY_REGION_SINGLE_FILE
[INFO] PDC_SERVER[0]: Running read storage strategy STORE_REGION_BY_REGION_SINGLE_FILE
[INFO] PDC_SERVER[0]: Running read storage strategy STORE_REGION_BY_REGION_SINGLE_FILE
[INFO] PDC_SERVER[0]: Running read storage strategy STORE_REGION_BY_REGION_SINGLE_FILE
[INFO] PDC_SERVER[0]: Running read storage strategy STORE_REGION_BY_REGION_SINGLE_FILE
[INFO] PDC_SERVER[0]: Running read storage strategy STORE_REGION_BY_REGION_SINGLE_FILE
[INFO] PDC_SERVER[0]: Running read storage strategy STORE_REGION_BY_REGION_SINGLE_FILE
[INFO] PDC_SERVER[0]: Running read storage strategy STORE_REGION_BY_REGION_SINGLE_FILE
[INFO] PDC_SERVER[0]: Running read storage strategy STORE_REGION_BY_REGION_SINGLE_FILE
[INFO] PDC_SERVER[0]: Running read storage strategy STORE_REGION_BY_REGION_SINGLE_FILE
[INFO] PDC_SERVER[0]: Running read storage strategy STORE_REGION_BY_REGION_SINGLE_FILE
[INFO] PDC_SERVER[0]: Running read storage strategy STORE_REGION_BY_REGION_SINGLE_FILE
[INFO] PDC_SERVER[0]: Running read storage strategy STORE_REGION_BY_REGION_SINGLE_FILE
[INFO] PDC_SERVER[0]: Running read storage strategy STORE_REGION_BY_REGION_SINGLE_FILE
[INFO] PDC_SERVER[0]: Running read storage strategy STORE_REGION_BY_REGION_SINGLE_FILE
[INFO] PDC_SERVER[0]: Running read storage strategy STORE_REGION_BY_REGION_SINGLE_FILE
[INFO] PDC_SERVER[0]: Running read storage strategy STORE_REGION_BY_REGION_SINGLE_FILE
[INFO] PDC_SERVER[0]: Running read storage strategy STORE_REGION_BY_REGION_SINGLE_FILE
[INFO] PDC_SERVER[0]: Running read storage strategy STORE_REGION_BY_REGION_SINGLE_FILE
[INFO] PDC_SERVER[0]: Running read storage strategy STORE_REGION_BY_REGION_SINGLE_FILE
[INFO] PDC_SERVER[0]: Running read storage strategy STORE_REGION_BY_REGION_SINGLE_FILE
[INFO] PDC_SERVER[0]: Running read storage strategy STORE_REGION_BY_REGION_SINGLE_FILE
[INFO] PDC_SERVER[0]: Running read storage strategy STORE_REGION_BY_REGION_SINGLE_FILE
[INFO] PDC_SERVER[0]: Running read storage strategy STORE_REGION_BY_REGION_SINGLE_FILE
[INFO] PDC_SERVER[0]: Running read storage strategy STORE_REGION_BY_REGION_SINGLE_FILE
[INFO] PDC_SERVER[0]: Running read storage strategy STORE_REGION_BY_REGION_SINGLE_FILE
[INFO] PDC_SERVER[0]: Running read storage strategy STORE_REGION_BY_REGION_SINGLE_FILE
[INFO] PDC_SERVER[0]: Running read storage strategy STORE_REGION_BY_REGION_SINGLE_FILE
[INFO] PDC_SERVER[0]: Running read storage strategy STORE_REGION_BY_REGION_SINGLE_FILE
[INFO] PDC_SERVER[0]: Running read storage strategy STORE_REGION_BY_REGION_SINGLE_FILE
[INFO] PDC_SERVER[0]: Running read storage strategy STORE_REGION_BY_REGION_SINGLE_FILE
[INFO] PDC_SERVER[0]: Running read storage strategy STORE_REGION_BY_REGION_SINGLE_FILE
[INFO] PDC_SERVER[0]: Running read storage strategy STORE_REGION_BY_REGION_SINGLE_FILE
[INFO] PDC_SERVER[0]: Running read storage strategy STORE_REGION_BY_REGION_SINGLE_FILE
[INFO] PDC_SERVER[0]: Running read storage strategy STORE_REGION_BY_REGION_SINGLE_FILE
[INFO] PDC_SERVER[0]: Running read storage strategy STORE_REGION_BY_REGION_SINGLE_FILE
[INFO] PDC_SERVER[0]: Running read storage strategy STORE_REGION_BY_REGION_SINGLE_FILE
[INFO] PDC_SERVER[0]: Running read storage strategy STORE_REGION_BY_REGION_SINGLE_FILE
[INFO] PDC_SERVER[0]: Running read storage strategy STORE_REGION_BY_REGION_SINGLE_FILE
[INFO] PDC_SERVER[0]: Running read storage strategy STORE_REGION_BY_REGION_SINGLE_FILE
[INFO] PDC_SERVER[0]: Running read storage strategy STORE_REGION_BY_REGION_SINGLE_FILE
[INFO] PDC_SERVER[0]: Running read storage strategy STORE_REGION_BY_REGION_SINGLE_FILE
[INFO] PDC_SERVER[0]: Running read storage strategy STORE_REGION_BY_REGION_SINGLE_FILE
[INFO] PDC_SERVER[0]: Running read storage strategy STORE_REGION_BY_REGION_SINGLE_FILE
[INFO] PDC_SERVER[0]: Running read storage strategy STORE_REGION_BY_REGION_SINGLE_FILE
[INFO] PDC_SERVER[0]: Running read storage strategy STORE_REGION_BY_REGION_SINGLE_FILE
[INFO] PDC_SERVER[0]: Running read storage strategy STORE_REGION_BY_REGION_SINGLE_FILE
[INFO] PDC_SERVER[0]: Running read storage strategy STORE_REGION_BY_REGION_SINGLE_FILE
[INFO] PDC_SERVER[0]: Running read storage strategy STORE_REGION_BY_REGION_SINGLE_FILE
[INFO] PDC_SERVER[0]: Checkpoint file [./pdc_tmp//0/metadata_checkpoint.0]
num_objs: 0
[INFO] PDC_CLIENT[83]: [IDIOMS_Index_Dump_83] Timer to dump index = 11.0000 microseconds
num_objs: 0
num_objs: 0
num_objs: 0
[INFO] PDC_CLIENT[115]: [IDIOMS_Index_Dump_115] Timer to dump index = 11.0000 microseconds
num_objs: 0
[INFO] PDC_CLIENT[65]: [IDIOMS_Index_Dump_65] Timer to dump index = 10.0000 microseconds
num_objs: 0
[INFO] PDC_CLIENT[15]: [IDIOMS_Index_Dump_15] Timer to dump index = 9.0000 microseconds
num_objs: 0
num_objs: 0
num_objs: 0
num_objs: 0
num_objs: 0
[INFO] PDC_CLIENT[59]: [IDIOMS_Index_Dump_59] Timer to dump index = 10.0000 microseconds
num_objs: 0
[INFO] PDC_CLIENT[71]: [IDIOMS_Index_Dump_71] Timer to dump index = 10.0000 microseconds
num_objs: 0
[INFO] PDC_CLIENT[70]: [IDIOMS_Index_Dump_70] Timer to dump index = 9.0000 microseconds
num_objs: 0
[INFO] PDC_CLIENT[103]: [IDIOMS_Index_Dump_103] Timer to dump index = 11.0000 microseconds
[INFO] PDC_CLIENT[7]: [IDIOMS_Index_Dump_7] Timer to dump index = 10.0000 microseconds
num_objs: 0
[INFO] PDC_CLIENT[33]: [IDIOMS_Index_Dump_33] Timer to dump index = 10.0000 microseconds
num_objs: 0
num_objs: 0
num_objs: 0
num_objs: 0
num_objs: 0
[INFO] PDC_CLIENT[87]: [IDIOMS_Index_Dump_87] Timer to dump index = 10.0000 microseconds
[INFO] PDC_CLIENT[86]: [IDIOMS_Index_Dump_86] Timer to dump index = 9.0000 microseconds
num_objs: 0
[INFO] PDC_CLIENT[114]: [IDIOMS_Index_Dump_114] Timer to dump index = 8.0000 microseconds
num_objs: 0
[INFO] PDC_CLIENT[121]: [IDIOMS_Index_Dump_121] Timer to dump index = 10.0000 microseconds
num_objs: 0
[INFO] PDC_CLIENT[45]: [IDIOMS_Index_Dump_45] Timer to dump index = 10.0000 microseconds
num_objs: 0
num_objs: 0
[INFO] PDC_CLIENT[18]: [IDIOMS_Index_Dump_18] Timer to dump index = 8.0000 microseconds
num_objs: 0
num_objs: 0
[INFO] PDC_CLIENT[19]: [IDIOMS_Index_Dump_19] Timer to dump index = 10.0000 microseconds
num_objs: 0
num_objs: 0
num_objs: 0
num_objs: 0
num_objs: 0
[INFO] PDC_CLIENT[89]: [IDIOMS_Index_Dump_89] Timer to dump index = 9.0000 microseconds
[INFO] PDC_CLIENT[9]: [IDIOMS_Index_Dump_9] Timer to dump index = 10.0000 microseconds
num_objs: 0
num_objs: 0
num_objs: 0
num_objs: 0
[INFO] PDC_CLIENT[63]: [IDIOMS_Index_Dump_63] Timer to dump index = 11.0000 microseconds
[INFO] PDC_CLIENT[62]: [IDIOMS_Index_Dump_62] Timer to dump index = 9.0000 microseconds
num_objs: 0
num_objs: 0
[INFO] PDC_CLIENT[125]: [IDIOMS_Index_Dump_125] Timer to dump index = 10.0000 microseconds
num_objs: 0
[INFO] PDC_CLIENT[37]: [IDIOMS_Index_Dump_37] Timer to dump index = 11.0000 microseconds
num_objs: 0
[INFO] PDC_CLIENT[17]: [IDIOMS_Index_Dump_17] Timer to dump index = 8.0000 microseconds
[INFO] PDC_CLIENT[69]: [IDIOMS_Index_Dump_69] Timer to dump index = 10.0000 microseconds
num_objs: 0
[INFO] PDC_CLIENT[58]: [IDIOMS_Index_Dump_58] Timer to dump index = 9.0000 microseconds
num_objs: 0
num_objs: 0
num_objs: 0
num_objs: 0
num_objs: 0
num_objs: 0
num_objs: 0
num_objs: 0
num_objs: 0
[INFO] PDC_CLIENT[85]: [IDIOMS_Index_Dump_85] Timer to dump index = 9.0000 microseconds
[INFO] PDC_CLIENT[99]: [IDIOMS_Index_Dump_99] Timer to dump index = 9.0000 microseconds
[INFO] PDC_CLIENT[98]: [IDIOMS_Index_Dump_98] Timer to dump index = 8.0000 microseconds
[INFO] PDC_CLIENT[35]: [IDIOMS_Index_Dump_35] Timer to dump index = 10.0000 microseconds
[INFO] PDC_CLIENT[101]: [IDIOMS_Index_Dump_101] Timer to dump index = 10.0000 microseconds
num_objs: 0
[INFO] PDC_CLIENT[29]: [IDIOMS_Index_Dump_29] Timer to dump index = 10.0000 microseconds
num_objs: 0
[INFO] PDC_CLIENT[34]: [IDIOMS_Index_Dump_34] Timer to dump index = 9.0000 microseconds
num_objs: 0
num_objs: 0
num_objs: 0
num_objs: 0
[INFO] PDC_CLIENT[73]: [IDIOMS_Index_Dump_73] Timer to dump index = 10.0000 microseconds
num_objs: 0
[INFO] PDC_CLIENT[39]: [IDIOMS_Index_Dump_39] Timer to dump index = 11.0000 microseconds
num_objs: 0
[INFO] PDC_CLIENT[57]: [IDIOMS_Index_Dump_57] Timer to dump index = 10.0000 microseconds
[INFO] PDC_CLIENT[38]: [IDIOMS_Index_Dump_38] Timer to dump index = 9.0000 microseconds
num_objs: 0
num_objs: 0
[INFO] PDC_CLIENT[82]: [IDIOMS_Index_Dump_82] Timer to dump index = 9.0000 microseconds
num_objs: 0
[INFO] PDC_CLIENT[11]: [IDIOMS_Index_Dump_11] Timer to dump index = 10.0000 microseconds
num_objs: 0
[INFO] PDC_CLIENT[61]: [IDIOMS_Index_Dump_61] Timer to dump index = 10.0000 microseconds
num_objs: 0
num_objs: 0
num_objs: 0
[INFO] PDC_CLIENT[36]: [IDIOMS_Index_Dump_36] Timer to dump index = 8.0000 microseconds
num_objs: 0
num_objs: 0
[INFO] PDC_CLIENT[84]: [IDIOMS_Index_Dump_84] Timer to dump index = 8.0000 microseconds
[INFO] PDC_CLIENT[97]: [IDIOMS_Index_Dump_97] Timer to dump index = 10.0000 microseconds
num_objs: 0
num_objs: 0
[INFO] PDC_CLIENT[66]: [IDIOMS_Index_Dump_66] Timer to dump index = 9.0000 microseconds
num_objs: 0
[INFO] PDC_CLIENT[90]: [IDIOMS_Index_Dump_90] Timer to dump index = 9.0000 microseconds
[INFO] PDC_CLIENT[117]: [IDIOMS_Index_Dump_117] Timer to dump index = 9.0000 microseconds
num_objs: 0
[INFO] PDC_CLIENT[68]: [IDIOMS_Index_Dump_68] Timer to dump index = 9.0000 microseconds
num_objs: 0
num_objs: 0
num_objs: 0
[INFO] PDC_CLIENT[67]: [IDIOMS_Index_Dump_67] Timer to dump index = 9.0000 microseconds
num_objs: 0
[INFO] PDC_CLIENT[91]: [IDIOMS_Index_Dump_91] Timer to dump index = 9.0000 microseconds
[INFO] PDC_CLIENT[75]: [IDIOMS_Index_Dump_75] Timer to dump index = 10.0000 microseconds
[INFO] PDC_CLIENT[6]: [IDIOMS_Index_Dump_6] Timer to dump index = 10.0000 microseconds
num_objs: 0
[INFO] PDC_CLIENT[113]: [IDIOMS_Index_Dump_113] Timer to dump index = 10.0000 microseconds
num_objs: 0
num_objs: 0
num_objs: 0
[INFO] PDC_CLIENT[106]: [IDIOMS_Index_Dump_106] Timer to dump index = 8.0000 microseconds
[INFO] PDC_CLIENT[107]: [IDIOMS_Index_Dump_107] Timer to dump index = 9.0000 microseconds
num_objs: 0
num_objs: 0
[INFO] PDC_CLIENT[123]: [IDIOMS_Index_Dump_123] Timer to dump index = 10.0000 microseconds
[INFO] PDC_CLIENT[25]: [IDIOMS_Index_Dump_25] Timer to dump index = 9.0000 microseconds
[INFO] PDC_CLIENT[14]: [IDIOMS_Index_Dump_14] Timer to dump index = 9.0000 microseconds
num_objs: 0
num_objs: 0
[INFO] PDC_CLIENT[102]: [IDIOMS_Index_Dump_102] Timer to dump index = 9.0000 microseconds
[INFO] PDC_CLIENT[55]: [IDIOMS_Index_Dump_55] Timer to dump index = 9.0000 microseconds
num_objs: 0
[INFO] PDC_CLIENT[46]: [IDIOMS_Index_Dump_46] Timer to dump index = 9.0000 microseconds
[INFO] PDC_CLIENT[44]: [IDIOMS_Index_Dump_44] Timer to dump index = 9.0000 microseconds
num_objs: 0
num_objs: 0
[INFO] PDC_CLIENT[51]: [IDIOMS_Index_Dump_51] Timer to dump index = 11.0000 microseconds
num_objs: 0
[INFO] PDC_CLIENT[47]: [IDIOMS_Index_Dump_47] Timer to dump index = 9.0000 microseconds
[INFO] PDC_CLIENT[50]: [IDIOMS_Index_Dump_50] Timer to dump index = 10.0000 microseconds
num_objs: 0
num_objs: 0
num_objs: 0
[INFO] PDC_CLIENT[111]: [IDIOMS_Index_Dump_111] Timer to dump index = 10.0000 microseconds
[INFO] PDC_CLIENT[22]: [IDIOMS_Index_Dump_22] Timer to dump index = 8.0000 microseconds
[INFO] PDC_CLIENT[23]: [IDIOMS_Index_Dump_23] Timer to dump index = 10.0000 microseconds
[INFO] PDC_CLIENT[110]: [IDIOMS_Index_Dump_110] Timer to dump index = 9.0000 microseconds
num_objs: 0
num_objs: 0
num_objs: 0
[INFO] PDC_CLIENT[127]: [IDIOMS_Index_Dump_127] Timer to dump index = 9.0000 microseconds
[INFO] PDC_CLIENT[12]: [IDIOMS_Index_Dump_12] Timer to dump index = 10.0000 microseconds
num_objs: 0
num_objs: 0
num_objs: 0
[INFO] PDC_CLIENT[13]: [IDIOMS_Index_Dump_13] Timer to dump index = 10.0000 microseconds
[INFO] PDC_CLIENT[126]: [IDIOMS_Index_Dump_126] Timer to dump index = 9.0000 microseconds
num_objs: 0
[INFO] PDC_CLIENT[118]: [IDIOMS_Index_Dump_118] Timer to dump index = 9.0000 microseconds
[INFO] PDC_CLIENT[26]: [IDIOMS_Index_Dump_26] Timer to dump index = 9.0000 microseconds
num_objs: 0
[INFO] PDC_CLIENT[21]: [IDIOMS_Index_Dump_21] Timer to dump index = 10.0000 microseconds
[INFO] PDC_CLIENT[20]: [IDIOMS_Index_Dump_20] Timer to dump index = 9.0000 microseconds
[INFO] PDC_CLIENT[116]: [IDIOMS_Index_Dump_116] Timer to dump index = 9.0000 microseconds
num_objs: 0
[INFO] PDC_CLIENT[119]: [IDIOMS_Index_Dump_119] Timer to dump index = 10.0000 microseconds
[INFO] PDC_CLIENT[122]: [IDIOMS_Index_Dump_122] Timer to dump index = 8.0000 microseconds
[INFO] PDC_CLIENT[1]: [IDIOMS_Index_Dump_1] Timer to dump index = 10.0000 microseconds
num_objs: 0
num_objs: 0
num_objs: 0
num_objs: 0
num_objs: 0
[INFO] PDC_CLIENT[27]: [IDIOMS_Index_Dump_27] Timer to dump index = 9.0000 microseconds
num_objs: 0
[INFO] PDC_CLIENT[60]: [IDIOMS_Index_Dump_60] Timer to dump index = 9.0000 microseconds
num_objs: 0
[INFO] PDC_CLIENT[77]: [IDIOMS_Index_Dump_77] Timer to dump index = 10.0000 microseconds
[INFO] PDC_CLIENT[109]: [IDIOMS_Index_Dump_109] Timer to dump index = 10.0000 microseconds
[INFO] PDC_CLIENT[79]: [IDIOMS_Index_Dump_79] Timer to dump index = 11.0000 microseconds
num_objs: 0
[INFO] PDC_CLIENT[74]: [IDIOMS_Index_Dump_74] Timer to dump index = 9.0000 microseconds
num_objs: 0
num_objs: 0
num_objs: 0
num_objs: 0
num_objs: 0
[INFO] PDC_CLIENT[5]: [IDIOMS_Index_Dump_5] Timer to dump index = 10.0000 microseconds
[INFO] PDC_CLIENT[56]: [IDIOMS_Index_Dump_56] Timer to dump index = 9.0000 microseconds
num_objs: 0
num_objs: 0
num_objs: 0
[INFO] PDC_CLIENT[49]: [IDIOMS_Index_Dump_49] Timer to dump index = 10.0000 microseconds
[INFO] PDC_CLIENT[31]: [IDIOMS_Index_Dump_31] Timer to dump index = 9.0000 microseconds
[INFO] PDC_CLIENT[10]: [IDIOMS_Index_Dump_10] Timer to dump index = 9.0000 microseconds
[INFO] PDC_CLIENT[94]: [IDIOMS_Index_Dump_94] Timer to dump index = 9.0000 microseconds
[INFO] PDC_CLIENT[95]: [IDIOMS_Index_Dump_95] Timer to dump index = 9.0000 microseconds
[INFO] PDC_CLIENT[8]: [IDIOMS_Index_Dump_8] Timer to dump index = 9.0000 microseconds
[INFO] PDC_CLIENT[124]: [IDIOMS_Index_Dump_124] Timer to dump index = 8.0000 microseconds
[INFO] PDC_CLIENT[41]: [IDIOMS_Index_Dump_41] Timer to dump index = 11.0000 microseconds
num_objs: 0
num_objs: 0
[INFO] PDC_CLIENT[2]: [IDIOMS_Index_Dump_2] Timer to dump index = 9.0000 microseconds
num_objs: 0
[INFO] PDC_CLIENT[100]: [IDIOMS_Index_Dump_100] Timer to dump index = 9.0000 microseconds
num_objs: 0
[INFO] PDC_CLIENT[108]: [IDIOMS_Index_Dump_108] Timer to dump index = 8.0000 microseconds
[INFO] PDC_CLIENT[78]: [IDIOMS_Index_Dump_78] Timer to dump index = 9.0000 microseconds
[INFO] PDC_CLIENT[105]: [IDIOMS_Index_Dump_105] Timer to dump index = 10.0000 microseconds
[INFO] PDC_CLIENT[76]: [IDIOMS_Index_Dump_76] Timer to dump index = 11.0000 microseconds
[INFO] PDC_CLIENT[72]: [IDIOMS_Index_Dump_72] Timer to dump index = 9.0000 microseconds
[INFO] PDC_CLIENT[104]: [IDIOMS_Index_Dump_104] Timer to dump index = 9.0000 microseconds
num_objs: 0
num_objs: 0
num_objs: 0
[INFO] PDC_CLIENT[3]: [IDIOMS_Index_Dump_3] Timer to dump index = 10.0000 microseconds
num_objs: 0
num_objs: 0
[INFO] PDC_CLIENT[54]: [IDIOMS_Index_Dump_54] Timer to dump index = 9.0000 microseconds
[INFO] PDC_CLIENT[112]: [IDIOMS_Index_Dump_112] Timer to dump index = 10.0000 microseconds
[INFO] PDC_CLIENT[120]: [IDIOMS_Index_Dump_120] Timer to dump index = 9.0000 microseconds
num_objs: 0
[INFO] PDC_CLIENT[96]: [IDIOMS_Index_Dump_96] Timer to dump index = 9.0000 microseconds
num_objs: 0
[INFO] PDC_CLIENT[93]: [IDIOMS_Index_Dump_93] Timer to dump index = 10.0000 microseconds
[INFO] PDC_CLIENT[92]: [IDIOMS_Index_Dump_92] Timer to dump index = 9.0000 microseconds
[INFO] PDC_CLIENT[30]: [IDIOMS_Index_Dump_30] Timer to dump index = 9.0000 microseconds
[INFO] PDC_CLIENT[24]: [IDIOMS_Index_Dump_24] Timer to dump index = 9.0000 microseconds
[INFO] PDC_CLIENT[88]: [IDIOMS_Index_Dump_88] Timer to dump index = 8.0000 microseconds
[INFO] PDC_CLIENT[16]: [IDIOMS_Index_Dump_16] Timer to dump index = 8.0000 microseconds
[INFO] PDC_CLIENT[28]: [IDIOMS_Index_Dump_28] Timer to dump index = 9.0000 microseconds
[INFO] PDC_CLIENT[4]: [IDIOMS_Index_Dump_4] Timer to dump index = 9.0000 microseconds
[INFO] PDC_CLIENT[43]: [IDIOMS_Index_Dump_43] Timer to dump index = 10.0000 microseconds
[INFO] PDC_CLIENT[40]: [IDIOMS_Index_Dump_40] Timer to dump index = 9.0000 microseconds
[INFO] PDC_CLIENT[42]: [IDIOMS_Index_Dump_42] Timer to dump index = 8.0000 microseconds
num_objs: 0
[INFO] PDC_CLIENT[81]: [IDIOMS_Index_Dump_81] Timer to dump index = 9.0000 microseconds
[INFO] PDC_CLIENT[80]: [IDIOMS_Index_Dump_80] Timer to dump index = 8.0000 microseconds
[INFO] PDC_CLIENT[64]: [IDIOMS_Index_Dump_64] Timer to dump index = 9.0000 microseconds
num_objs: 0
[INFO] PDC_CLIENT[53]: [IDIOMS_Index_Dump_53] Timer to dump index = 11.0000 microseconds
[INFO] PDC_CLIENT[52]: [IDIOMS_Index_Dump_52] Timer to dump index = 10.0000 microseconds
[INFO] PDC_CLIENT[48]: [IDIOMS_Index_Dump_48] Timer to dump index = 9.0000 microseconds
[INFO] PDC_SERVER[0]: Checkpointed          1 objects, with          0 regions 
[INFO] PDC_CLIENT[32]: [IDIOMS_Index_Dump_32] Timer to dump index = 9.0000 microseconds
[INFO] PDC_CLIENT[0]: Writing DART info to file_name: ./pdc_tmp//dart_info.bin
[INFO] PDC_CLIENT[0]: [IDIOMS_Index_Dump_0] Timer to dump index = 2270.0000 microseconds
