Entered main
Rank[0] {
  "workloads":[
    {
      "name":"PDC",
      "implementation":"pdc",
      "io_participations":[
        "independent"
      ],
      "filter":"raw",
      "params":"batch"
    }
  ],
  "chunk_size_bytes":1048576,
  "chunks_per_rank":4,
  "validate_read":false
}
Rank[0] ==============================================
Rank[0] Starting workload PDC
Rank[0] Running with 8 rank(s)
Rank[0] Chunks per rank 4
Rank[0] Params batchRank[0] Using independent I/O
Rank[0] Requested chunk size 1048576 bytes
Rank[0] Rounded chunk size 131072 bytes
Rank[0] Total data to be written: 0 GB (4194304) bytes
Rank[0] ==============================================
[INFO] PDC_CLIENT[0]: PDC_DEBUG set to 0
[INFO] PDC_CLIENT[0]: Found 1 PDC Metadata servers, running with 8 PDC clients
[INFO] PDC_CLIENT[0]: Environment variable HG_TRANSPORT was NOT set
[INFO] PDC_CLIENT[0]: Environment variable HG_HOST was NOT set
[INFO] PDC_CLIENT[0]: Connection string: ofi+tcp://nid004391:8000
Entered main
[INFO] PDC_CLIENT[5]: Environment variable HG_TRANSPORT was NOT set
[INFO] PDC_CLIENT[5]: Environment variable HG_HOST was NOT set
Entered main
[INFO] PDC_CLIENT[3]: Environment variable HG_TRANSPORT was NOT set
[INFO] PDC_CLIENT[3]: Environment variable HG_HOST was NOT set
Entered main
[INFO] PDC_CLIENT[1]: Environment variable HG_TRANSPORT was NOT set
[INFO] PDC_CLIENT[1]: Environment variable HG_HOST was NOT set
Entered main
[INFO] PDC_CLIENT[7]: Environment variable HG_TRANSPORT was NOT set
[INFO] PDC_CLIENT[7]: Environment variable HG_HOST was NOT set
Entered main
[INFO] PDC_CLIENT[2]: Environment variable HG_TRANSPORT was NOT set
[INFO] PDC_CLIENT[2]: Environment variable HG_HOST was NOT set
Entered main
[INFO] PDC_CLIENT[6]: Environment variable HG_TRANSPORT was NOT set
[INFO] PDC_CLIENT[6]: Environment variable HG_HOST was NOT set
Entered main
[INFO] PDC_CLIENT[4]: Environment variable HG_TRANSPORT was NOT set
[INFO] PDC_CLIENT[4]: Environment variable HG_HOST was NOT set
[INFO] PDC_CLIENT[0]: Using [./pdc_tmp] as tmp dir, 8 clients per server
Rank[0] Calling init_dataset on impl
Creating container with name cont_0
Rank[0] Creating object with name obj_0
Rank[0] No filter enabled
Rank[0] Calling create_dataset on impl
Rank[0] Starting write
Rank[0] Starting chunk write 1
Rank[0] Calling write_chunk on impl
Creating container with name cont_0
Rank[5] Starting write
Rank[5] Starting chunk write 1
Creating container with name cont_0
Rank[3] Starting write
Rank[3] Starting chunk write 1
Creating container with name cont_0
Rank[2] Starting write
Rank[2] Starting chunk write 1
Creating container with name cont_0
Rank[7] Starting write
Rank[7] Starting chunk write 1
Creating container with name cont_0
Rank[1] Starting write
Rank[1] Starting chunk write 1
Creating container with name cont_0
Rank[6] Starting write
Rank[6] Starting chunk write 1
Creating container with name cont_0
Rank[4] Starting write
Rank[4] Starting chunk write 1
Rank[0] Finished chunk write 1
Rank[0] Starting chunk write 2
Rank[0] Calling write_chunk on impl
Rank[0] Finished chunk write 2
Rank[0] Starting chunk write 3
Rank[0] Calling write_chunk on impl
Rank[0] Finished chunk write 3
Rank[0] Starting chunk write 4
Rank[0] Calling write_chunk on impl
Rank[5] Finished chunk write 1
Rank[5] Starting chunk write 2
Rank[5] Finished chunk write 2
Rank[5] Starting chunk write 3
Rank[5] Finished chunk write 3
Rank[5] Starting chunk write 4
Rank[2] Finished chunk write 1
Rank[2] Starting chunk write 2
Rank[2] Finished chunk write 2
Rank[2] Starting chunk write 3
Rank[2] Finished chunk write 3
Rank[2] Starting chunk write 4
Rank[7] Finished chunk write 1
Rank[7] Starting chunk write 2
Rank[7] Finished chunk write 2
Rank[7] Starting chunk write 3
Rank[7] Finished chunk write 3
Rank[7] Starting chunk write 4
Rank[1] Finished chunk write 1
Rank[1] Starting chunk write 2
Rank[1] Finished chunk write 2
Rank[1] Starting chunk write 3
Rank[1] Finished chunk write 3
Rank[1] Starting chunk write 4
Rank[3] Finished chunk write 1
Rank[3] Starting chunk write 2
Rank[3] Finished chunk write 2
Rank[3] Starting chunk write 3
Rank[3] Finished chunk write 3
Rank[3] Starting chunk write 4
Rank[6] Finished chunk write 1
Rank[6] Starting chunk write 2
Rank[6] Finished chunk write 2
Rank[6] Starting chunk write 3
Rank[6] Finished chunk write 3
Rank[4] Finished chunk write 1
Rank[4] Starting chunk write 2
Rank[4] Finished chunk write 2
Rank[4] Starting chunk write 3
Rank[4] Finished chunk write 3
Rank[4] Starting chunk write 4
Rank[6] Starting chunk write 4
Rank[0] Finished chunk write 4
Rank[0] Calling flush on impl
Rank[5] Finished chunk write 4
Rank[2] Finished chunk write 4
Rank[1] Finished chunk write 4
Rank[7] Finished chunk write 4
Rank[4] Finished chunk write 4
Rank[3] Finished chunk write 4
Rank[6] Finished chunk write 4
Rank[5] Finished write
Rank[3] Finished write
Rank[2] Finished write
Rank[7] Finished write
Rank[0] Finished write
Rank[0] Calling close_dataset on impl
Rank[0] Calling reopen on impl
Rank[1] Finished write
Rank[6] Finished write
Rank[4] Finished write
Rank[5] Starting chunk read 1
Rank[5] Finished chunk read 1
Rank[5] Starting chunk read 2
Rank[5] Finished chunk read 2
Rank[5] Starting chunk read 3
Rank[5] Finished chunk read 3
Rank[3] Starting chunk read 1
Rank[3] Finished chunk read 1
Rank[3] Starting chunk read 2
Rank[3] Finished chunk read 2
Rank[3] Starting chunk read 3
Rank[3] Finished chunk read 3
Rank[2] Starting chunk read 1
Rank[2] Finished chunk read 1
Rank[2] Starting chunk read 2
Rank[7] Starting chunk read 1
Rank[7] Finished chunk read 1
Rank[7] Starting chunk read 2
Rank[7] Finished chunk read 2
Rank[7] Starting chunk read 3
Rank[7] Finished chunk read 3
Rank[7] Starting chunk read 4
Rank[0] Starting chunk read 1
Rank[0] Calling read_chunk on impl
Rank[0] Finished chunk read 1
Rank[0] Starting chunk read 2
Rank[0] Calling read_chunk on impl
Rank[0] Finished chunk read 2
Rank[0] Starting chunk read 3
Rank[1] Starting chunk read 1
Rank[1] Finished chunk read 1
Rank[1] Starting chunk read 2
Rank[1] Finished chunk read 2
Rank[1] Starting chunk read 3
Rank[1] Finished chunk read 3
Rank[1] Starting chunk read 4
Rank[6] Starting chunk read 1
Rank[6] Finished chunk read 1
Rank[6] Starting chunk read 2
Rank[6] Finished chunk read 2
Rank[6] Starting chunk read 3
Rank[6] Finished chunk read 3
Rank[4] Starting chunk read 1
Rank[4] Finished chunk read 1
Rank[4] Starting chunk read 2
Rank[4] Finished chunk read 2
Rank[4] Starting chunk read 3
Rank[4] Finished chunk read 3
Rank[5] Starting chunk read 4
Rank[3] Starting chunk read 4
Rank[2] Finished chunk read 2
Rank[2] Starting chunk read 3
Rank[2] Finished chunk read 3
Rank[2] Starting chunk read 4
Rank[0] Calling read_chunk on impl
Rank[0] Finished chunk read 3
Rank[0] Starting chunk read 4
Rank[0] Calling read_chunk on impl
Rank[6] Starting chunk read 4
Rank[4] Starting chunk read 4
Rank[3] Finished chunk read 4
Rank[7] Finished chunk read 4
Rank[1] Finished chunk read 4
Rank[6] Finished chunk read 4
Rank[2] Finished chunk read 4
Rank[4] Finished chunk read 4
Rank[0] Finished chunk read 4
Rank[0] Calling flush on impl
Rank[5] Finished chunk read 4
Rank[0] Calling close_dataset on impl
Rank[0] Calling deinit on impl
Rank[0] ==============================================
Rank[0] Timer results appended to output.csv
Rank[0] Finished workload PDC
Rank[0] ==============================================
