Entered main
Rank[0] {
  "workloads":[
    {
      "name":"PDC-ZFP",
      "implementation":"pdc",
      "io_participations":[
        "independent"
      ],
      "filter":"zfp_compress",
      "params":"batch"
    }
  ],
  "chunk_size_bytes":1048576,
  "chunks_per_rank":4,
  "validate_read":false
}
Rank[0] ==============================================
Rank[0] Starting workload PDC-ZFP
Rank[0] Running with 1 rank(s)
Rank[0] Chunks per rank 4
Rank[0] Params batchRank[0] Using independent I/O
Rank[0] Requested chunk size 1048576 bytes
Rank[0] Rounded chunk size 131072 bytes
Rank[0] Total data to be written: 0 GB (524288) bytes
Rank[0] ==============================================
[INFO] PDC_CLIENT[0]: PDC_DEBUG set to 0
[INFO] PDC_CLIENT[0]: Found 1 PDC Metadata servers, running with 1 PDC clients
[INFO] PDC_CLIENT[0]: Environment variable HG_TRANSPORT was NOT set
[INFO] PDC_CLIENT[0]: Environment variable HG_HOST was NOT set
[INFO] PDC_CLIENT[0]: Connection string: ofi+tcp://nid004307:8000
[INFO] PDC_CLIENT[0]: Using [./pdc_tmp] as tmp dir, 1 clients per server
Rank[0] Calling init_dataset on impl
Creating container with name cont_0
Rank[0] Creating object with name obj_0
Rank[0] ZFP Compression filter enabled
Rank[0] Calling enable_compression_on_dataset on impl
