[INFO] PDC_CLIENT[0]: PDC_DEBUG set to 0
[INFO] PDC_CLIENT[0]: Found 64 PDC Metadata servers, running with 64 PDC clients
[INFO] PDC_CLIENT[0]: Environment variable HG_TRANSPORT was NOT set
[INFO] PDC_CLIENT[0]: Environment variable HG_HOST was NOT set
[INFO] PDC_CLIENT[0]: Connection string: ofi+tcp://nid004293:8000
[INFO] PDC_CLIENT[45]: Environment variable HG_TRANSPORT was NOT set
[INFO] PDC_CLIENT[45]: Environment variable HG_HOST was NOT set
[INFO] PDC_CLIENT[8]: Environment variable HG_TRANSPORT was NOT set
[INFO] PDC_CLIENT[8]: Environment variable HG_HOST was NOT set
[INFO] PDC_CLIENT[32]: Environment variable HG_TRANSPORT was NOT set
[INFO] PDC_CLIENT[32]: Environment variable HG_HOST was NOT set
[INFO] PDC_CLIENT[34]: Environment variable HG_TRANSPORT was NOT set
[INFO] PDC_CLIENT[34]: Environment variable HG_HOST was NOT set
[INFO] PDC_CLIENT[5]: Environment variable HG_TRANSPORT was NOT set
[INFO] PDC_CLIENT[5]: Environment variable HG_HOST was NOT set
[INFO] PDC_CLIENT[15]: Environment variable HG_TRANSPORT was NOT set
[INFO] PDC_CLIENT[15]: Environment variable HG_HOST was NOT set
[INFO] PDC_CLIENT[58]: Environment variable HG_TRANSPORT was NOT set
[INFO] PDC_CLIENT[58]: Environment variable HG_HOST was NOT set
[INFO] PDC_CLIENT[48]: Environment variable HG_TRANSPORT was NOT set
[INFO] PDC_CLIENT[48]: Environment variable HG_HOST was NOT set
[INFO] PDC_CLIENT[39]: Environment variable HG_TRANSPORT was NOT set
[INFO] PDC_CLIENT[39]: Environment variable HG_HOST was NOT set
[INFO] PDC_CLIENT[33]: Environment variable HG_TRANSPORT was NOT set
[INFO] PDC_CLIENT[33]: Environment variable HG_HOST was NOT set
[INFO] PDC_CLIENT[61]: Environment variable HG_TRANSPORT was NOT set
[INFO] PDC_CLIENT[61]: Environment variable HG_HOST was NOT set
[INFO] PDC_CLIENT[14]: Environment variable HG_TRANSPORT was NOT set
[INFO] PDC_CLIENT[14]: Environment variable HG_HOST was NOT set
[INFO] PDC_CLIENT[28]: Environment variable HG_TRANSPORT was NOT set
[INFO] PDC_CLIENT[28]: Environment variable HG_HOST was NOT set
[INFO] PDC_CLIENT[29]: Environment variable HG_TRANSPORT was NOT set
[INFO] PDC_CLIENT[29]: Environment variable HG_HOST was NOT set
[INFO] PDC_CLIENT[27]: Environment variable HG_TRANSPORT was NOT set
[INFO] PDC_CLIENT[27]: Environment variable HG_HOST was NOT set
[INFO] PDC_CLIENT[43]: Environment variable HG_TRANSPORT was NOT set
[INFO] PDC_CLIENT[43]: Environment variable HG_HOST was NOT set
[INFO] PDC_CLIENT[59]: Environment variable HG_TRANSPORT was NOT set
[INFO] PDC_CLIENT[59]: Environment variable HG_HOST was NOT set
[INFO] PDC_CLIENT[16]: Environment variable HG_TRANSPORT was NOT set
[INFO] PDC_CLIENT[16]: Environment variable HG_HOST was NOT set
[INFO] PDC_CLIENT[18]: Environment variable HG_TRANSPORT was NOT set
[INFO] PDC_CLIENT[18]: Environment variable HG_HOST was NOT set
[INFO] PDC_CLIENT[4]: Environment variable HG_TRANSPORT was NOT set
[INFO] PDC_CLIENT[4]: Environment variable HG_HOST was NOT set
[INFO] PDC_CLIENT[35]: Environment variable HG_TRANSPORT was NOT set
[INFO] PDC_CLIENT[35]: Environment variable HG_HOST was NOT set
[INFO] PDC_CLIENT[55]: Environment variable HG_TRANSPORT was NOT set
[INFO] PDC_CLIENT[55]: Environment variable HG_HOST was NOT set
[INFO] PDC_CLIENT[37]: Environment variable HG_TRANSPORT was NOT set
[INFO] PDC_CLIENT[37]: Environment variable HG_HOST was NOT set
[INFO] PDC_CLIENT[41]: Environment variable HG_TRANSPORT was NOT set
[INFO] PDC_CLIENT[41]: Environment variable HG_HOST was NOT set
[INFO] PDC_CLIENT[44]: Environment variable HG_TRANSPORT was NOT set
[INFO] PDC_CLIENT[44]: Environment variable HG_HOST was NOT set
[INFO] PDC_CLIENT[38]: Environment variable HG_TRANSPORT was NOT set
[INFO] PDC_CLIENT[38]: Environment variable HG_HOST was NOT set
[INFO] PDC_CLIENT[53]: Environment variable HG_TRANSPORT was NOT set
[INFO] PDC_CLIENT[53]: Environment variable HG_HOST was NOT set
[INFO] PDC_CLIENT[23]: Environment variable HG_TRANSPORT was NOT set
[INFO] PDC_CLIENT[23]: Environment variable HG_HOST was NOT set
[INFO] PDC_CLIENT[9]: Environment variable HG_TRANSPORT was NOT set
[INFO] PDC_CLIENT[9]: Environment variable HG_HOST was NOT set
[INFO] PDC_CLIENT[11]: Environment variable HG_TRANSPORT was NOT set
[INFO] PDC_CLIENT[11]: Environment variable HG_HOST was NOT set
[INFO] PDC_CLIENT[54]: Environment variable HG_TRANSPORT was NOT set
[INFO] PDC_CLIENT[54]: Environment variable HG_HOST was NOT set
[INFO] PDC_CLIENT[10]: Environment variable HG_TRANSPORT was NOT set
[INFO] PDC_CLIENT[10]: Environment variable HG_HOST was NOT set
[INFO] PDC_CLIENT[25]: Environment variable HG_TRANSPORT was NOT set
[INFO] PDC_CLIENT[25]: Environment variable HG_HOST was NOT set
[INFO] PDC_CLIENT[21]: Environment variable HG_TRANSPORT was NOT set
[INFO] PDC_CLIENT[21]: Environment variable HG_HOST was NOT set
[INFO] PDC_CLIENT[49]: Environment variable HG_TRANSPORT was NOT set
[INFO] PDC_CLIENT[49]: Environment variable HG_HOST was NOT set
[INFO] PDC_CLIENT[6]: Environment variable HG_TRANSPORT was NOT set
[INFO] PDC_CLIENT[6]: Environment variable HG_HOST was NOT set
[INFO] PDC_CLIENT[26]: Environment variable HG_TRANSPORT was NOT set
[INFO] PDC_CLIENT[26]: Environment variable HG_HOST was NOT set
[INFO] PDC_CLIENT[2]: Environment variable HG_TRANSPORT was NOT set
[INFO] PDC_CLIENT[2]: Environment variable HG_HOST was NOT set
[INFO] PDC_CLIENT[12]: Environment variable HG_TRANSPORT was NOT set
[INFO] PDC_CLIENT[12]: Environment variable HG_HOST was NOT set
[INFO] PDC_CLIENT[40]: Environment variable HG_TRANSPORT was NOT set
[INFO] PDC_CLIENT[40]: Environment variable HG_HOST was NOT set
[INFO] PDC_CLIENT[46]: Environment variable HG_TRANSPORT was NOT set
[INFO] PDC_CLIENT[46]: Environment variable HG_HOST was NOT set
[INFO] PDC_CLIENT[52]: Environment variable HG_TRANSPORT was NOT set
[INFO] PDC_CLIENT[52]: Environment variable HG_HOST was NOT set
[INFO] PDC_CLIENT[1]: Environment variable HG_TRANSPORT was NOT set
[INFO] PDC_CLIENT[1]: Environment variable HG_HOST was NOT set
[INFO] PDC_CLIENT[31]: Environment variable HG_TRANSPORT was NOT set
[INFO] PDC_CLIENT[31]: Environment variable HG_HOST was NOT set
[INFO] PDC_CLIENT[22]: Environment variable HG_TRANSPORT was NOT set
[INFO] PDC_CLIENT[22]: Environment variable HG_HOST was NOT set
[INFO] PDC_CLIENT[30]: Environment variable HG_TRANSPORT was NOT set
[INFO] PDC_CLIENT[30]: Environment variable HG_HOST was NOT set
[INFO] PDC_CLIENT[24]: Environment variable HG_TRANSPORT was NOT set
[INFO] PDC_CLIENT[24]: Environment variable HG_HOST was NOT set
[INFO] PDC_CLIENT[19]: Environment variable HG_TRANSPORT was NOT set
[INFO] PDC_CLIENT[19]: Environment variable HG_HOST was NOT set
[INFO] PDC_CLIENT[13]: Environment variable HG_TRANSPORT was NOT set
[INFO] PDC_CLIENT[13]: Environment variable HG_HOST was NOT set
[INFO] PDC_CLIENT[51]: Environment variable HG_TRANSPORT was NOT set
[INFO] PDC_CLIENT[51]: Environment variable HG_HOST was NOT set
[INFO] PDC_CLIENT[50]: Environment variable HG_TRANSPORT was NOT set
[INFO] PDC_CLIENT[50]: Environment variable HG_HOST was NOT set
[INFO] PDC_CLIENT[62]: Environment variable HG_TRANSPORT was NOT set
[INFO] PDC_CLIENT[62]: Environment variable HG_HOST was NOT set
[INFO] PDC_CLIENT[36]: Environment variable HG_TRANSPORT was NOT set
[INFO] PDC_CLIENT[36]: Environment variable HG_HOST was NOT set
[INFO] PDC_CLIENT[63]: Environment variable HG_TRANSPORT was NOT set
[INFO] PDC_CLIENT[63]: Environment variable HG_HOST was NOT set
[INFO] PDC_CLIENT[3]: Environment variable HG_TRANSPORT was NOT set
[INFO] PDC_CLIENT[3]: Environment variable HG_HOST was NOT set
[INFO] PDC_CLIENT[7]: Environment variable HG_TRANSPORT was NOT set
[INFO] PDC_CLIENT[7]: Environment variable HG_HOST was NOT set
[INFO] PDC_CLIENT[42]: Environment variable HG_TRANSPORT was NOT set
[INFO] PDC_CLIENT[42]: Environment variable HG_HOST was NOT set
[INFO] PDC_CLIENT[20]: Environment variable HG_TRANSPORT was NOT set
[INFO] PDC_CLIENT[20]: Environment variable HG_HOST was NOT set
[INFO] PDC_CLIENT[60]: Environment variable HG_TRANSPORT was NOT set
[INFO] PDC_CLIENT[60]: Environment variable HG_HOST was NOT set
[INFO] PDC_CLIENT[17]: Environment variable HG_TRANSPORT was NOT set
[INFO] PDC_CLIENT[17]: Environment variable HG_HOST was NOT set
[INFO] PDC_CLIENT[47]: Environment variable HG_TRANSPORT was NOT set
[INFO] PDC_CLIENT[47]: Environment variable HG_HOST was NOT set
[INFO] PDC_CLIENT[57]: Environment variable HG_TRANSPORT was NOT set
[INFO] PDC_CLIENT[57]: Environment variable HG_HOST was NOT set
[INFO] PDC_CLIENT[56]: Environment variable HG_TRANSPORT was NOT set
[INFO] PDC_CLIENT[56]: Environment variable HG_HOST was NOT set
[INFO] PDC_CLIENT[0]: Using [./pdc_tmp] as tmp dir, 1 clients per server
[INFO] PDC_CLIENT[0]: total close time = 0.270162
