[INFO] PDC_CLIENT[0]: PDC_DEBUG set to 0
[INFO] PDC_CLIENT[0]: Found 32 PDC Metadata servers, running with 32 PDC clients
[INFO] PDC_CLIENT[0]: Environment variable HG_TRANSPORT was NOT set
[INFO] PDC_CLIENT[0]: Environment variable HG_HOST was NOT set
[INFO] PDC_CLIENT[0]: Connection string: ofi+tcp://nid004293:8000
[INFO] PDC_CLIENT[9]: Environment variable HG_TRANSPORT was NOT set
[INFO] PDC_CLIENT[9]: Environment variable HG_HOST was NOT set
[INFO] PDC_CLIENT[26]: Environment variable HG_TRANSPORT was NOT set
[INFO] PDC_CLIENT[26]: Environment variable HG_HOST was NOT set
[INFO] PDC_CLIENT[28]: Environment variable HG_TRANSPORT was NOT set
[INFO] PDC_CLIENT[28]: Environment variable HG_HOST was NOT set
[INFO] PDC_CLIENT[17]: Environment variable HG_TRANSPORT was NOT set
[INFO] PDC_CLIENT[17]: Environment variable HG_HOST was NOT set
[INFO] PDC_CLIENT[11]: Environment variable HG_TRANSPORT was NOT set
[INFO] PDC_CLIENT[11]: Environment variable HG_HOST was NOT set
[INFO] PDC_CLIENT[15]: Environment variable HG_TRANSPORT was NOT set
[INFO] PDC_CLIENT[15]: Environment variable HG_HOST was NOT set
[INFO] PDC_CLIENT[22]: Environment variable HG_TRANSPORT was NOT set
[INFO] PDC_CLIENT[22]: Environment variable HG_HOST was NOT set
[INFO] PDC_CLIENT[23]: Environment variable HG_TRANSPORT was NOT set
[INFO] PDC_CLIENT[23]: Environment variable HG_HOST was NOT set
[INFO] PDC_CLIENT[5]: Environment variable HG_TRANSPORT was NOT set
[INFO] PDC_CLIENT[5]: Environment variable HG_HOST was NOT set
[INFO] PDC_CLIENT[14]: Environment variable HG_TRANSPORT was NOT set
[INFO] PDC_CLIENT[14]: Environment variable HG_HOST was NOT set
[INFO] PDC_CLIENT[8]: Environment variable HG_TRANSPORT was NOT set
[INFO] PDC_CLIENT[8]: Environment variable HG_HOST was NOT set
[INFO] PDC_CLIENT[1]: Environment variable HG_TRANSPORT was NOT set
[INFO] PDC_CLIENT[1]: Environment variable HG_HOST was NOT set
[INFO] PDC_CLIENT[18]: Environment variable HG_TRANSPORT was NOT set
[INFO] PDC_CLIENT[18]: Environment variable HG_HOST was NOT set
[INFO] PDC_CLIENT[29]: Environment variable HG_TRANSPORT was NOT set
[INFO] PDC_CLIENT[29]: Environment variable HG_HOST was NOT set
[INFO] PDC_CLIENT[27]: Environment variable HG_TRANSPORT was NOT set
[INFO] PDC_CLIENT[27]: Environment variable HG_HOST was NOT set
[INFO] PDC_CLIENT[20]: Environment variable HG_TRANSPORT was NOT set
[INFO] PDC_CLIENT[20]: Environment variable HG_HOST was NOT set
[INFO] PDC_CLIENT[4]: Environment variable HG_TRANSPORT was NOT set
[INFO] PDC_CLIENT[4]: Environment variable HG_HOST was NOT set
[INFO] PDC_CLIENT[30]: Environment variable HG_TRANSPORT was NOT set
[INFO] PDC_CLIENT[30]: Environment variable HG_HOST was NOT set
[INFO] PDC_CLIENT[19]: Environment variable HG_TRANSPORT was NOT set
[INFO] PDC_CLIENT[19]: Environment variable HG_HOST was NOT set
[INFO] PDC_CLIENT[12]: Environment variable HG_TRANSPORT was NOT set
[INFO] PDC_CLIENT[12]: Environment variable HG_HOST was NOT set
[INFO] PDC_CLIENT[31]: Environment variable HG_TRANSPORT was NOT set
[INFO] PDC_CLIENT[31]: Environment variable HG_HOST was NOT set
[INFO] PDC_CLIENT[7]: Environment variable HG_TRANSPORT was NOT set
[INFO] PDC_CLIENT[7]: Environment variable HG_HOST was NOT set
[INFO] PDC_CLIENT[10]: Environment variable HG_TRANSPORT was NOT set
[INFO] PDC_CLIENT[10]: Environment variable HG_HOST was NOT set
[INFO] PDC_CLIENT[6]: Environment variable HG_TRANSPORT was NOT set
[INFO] PDC_CLIENT[6]: Environment variable HG_HOST was NOT set
[INFO] PDC_CLIENT[25]: Environment variable HG_TRANSPORT was NOT set
[INFO] PDC_CLIENT[25]: Environment variable HG_HOST was NOT set
[INFO] PDC_CLIENT[13]: Environment variable HG_TRANSPORT was NOT set
[INFO] PDC_CLIENT[13]: Environment variable HG_HOST was NOT set
[INFO] PDC_CLIENT[16]: Environment variable HG_TRANSPORT was NOT set
[INFO] PDC_CLIENT[16]: Environment variable HG_HOST was NOT set
[INFO] PDC_CLIENT[24]: Environment variable HG_TRANSPORT was NOT set
[INFO] PDC_CLIENT[24]: Environment variable HG_HOST was NOT set
[INFO] PDC_CLIENT[3]: Environment variable HG_TRANSPORT was NOT set
[INFO] PDC_CLIENT[3]: Environment variable HG_HOST was NOT set
[INFO] PDC_CLIENT[2]: Environment variable HG_TRANSPORT was NOT set
[INFO] PDC_CLIENT[2]: Environment variable HG_HOST was NOT set
[INFO] PDC_CLIENT[21]: Environment variable HG_TRANSPORT was NOT set
[INFO] PDC_CLIENT[21]: Environment variable HG_HOST was NOT set
[INFO] PDC_CLIENT[0]: Using [./pdc_tmp] as tmp dir, 1 clients per server
[INFO] PDC_CLIENT[0]: total close time = 0.395686
