[INFO] PDC_CLIENT[0]: PDC_DEBUG set to 0
[INFO] PDC_CLIENT[0]: Found 16 PDC Metadata servers, running with 16 PDC clients
[INFO] PDC_CLIENT[0]: Environment variable HG_TRANSPORT was NOT set
[INFO] PDC_CLIENT[0]: Environment variable HG_HOST was NOT set
[INFO] PDC_CLIENT[0]: Connection string: ofi+tcp://nid004293:8000
[INFO] PDC_CLIENT[15]: Environment variable HG_TRANSPORT was NOT set
[INFO] PDC_CLIENT[15]: Environment variable HG_HOST was NOT set
[INFO] PDC_CLIENT[7]: Environment variable HG_TRANSPORT was NOT set
[INFO] PDC_CLIENT[7]: Environment variable HG_HOST was NOT set
[INFO] PDC_CLIENT[6]: Environment variable HG_TRANSPORT was NOT set
[INFO] PDC_CLIENT[6]: Environment variable HG_HOST was NOT set
[INFO] PDC_CLIENT[8]: Environment variable HG_TRANSPORT was NOT set
[INFO] PDC_CLIENT[8]: Environment variable HG_HOST was NOT set
[INFO] PDC_CLIENT[14]: Environment variable HG_TRANSPORT was NOT set
[INFO] PDC_CLIENT[14]: Environment variable HG_HOST was NOT set
[INFO] PDC_CLIENT[11]: Environment variable HG_TRANSPORT was NOT set
[INFO] PDC_CLIENT[11]: Environment variable HG_HOST was NOT set
[INFO] PDC_CLIENT[13]: Environment variable HG_TRANSPORT was NOT set
[INFO] PDC_CLIENT[13]: Environment variable HG_HOST was NOT set
[INFO] PDC_CLIENT[10]: Environment variable HG_TRANSPORT was NOT set
[INFO] PDC_CLIENT[10]: Environment variable HG_HOST was NOT set
[INFO] PDC_CLIENT[1]: Environment variable HG_TRANSPORT was NOT set
[INFO] PDC_CLIENT[1]: Environment variable HG_HOST was NOT set
[INFO] PDC_CLIENT[3]: Environment variable HG_TRANSPORT was NOT set
[INFO] PDC_CLIENT[3]: Environment variable HG_HOST was NOT set
[INFO] PDC_CLIENT[12]: Environment variable HG_TRANSPORT was NOT set
[INFO] PDC_CLIENT[12]: Environment variable HG_HOST was NOT set
[INFO] PDC_CLIENT[9]: Environment variable HG_TRANSPORT was NOT set
[INFO] PDC_CLIENT[9]: Environment variable HG_HOST was NOT set
[INFO] PDC_CLIENT[4]: Environment variable HG_TRANSPORT was NOT set
[INFO] PDC_CLIENT[4]: Environment variable HG_HOST was NOT set
[INFO] PDC_CLIENT[2]: Environment variable HG_TRANSPORT was NOT set
[INFO] PDC_CLIENT[2]: Environment variable HG_HOST was NOT set
[INFO] PDC_CLIENT[5]: Environment variable HG_TRANSPORT was NOT set
[INFO] PDC_CLIENT[5]: Environment variable HG_HOST was NOT set
[INFO] PDC_CLIENT[0]: Using [./pdc_tmp] as tmp dir, 1 clients per server
[INFO] PDC_CLIENT[0]: total close time = 0.385535
