[INFO] PDC_CLIENT[0]: PDC_DEBUG set to 0
[INFO] PDC_CLIENT[0]: Found 128 PDC Metadata servers, running with 128 PDC clients
[INFO] PDC_CLIENT[0]: Environment variable HG_TRANSPORT was NOT set
[INFO] PDC_CLIENT[0]: Environment variable HG_HOST was NOT set
[INFO] PDC_CLIENT[0]: Connection string: ofi+tcp://nid004293:8000
[INFO] PDC_CLIENT[84]: Environment variable HG_TRANSPORT was NOT set
[INFO] PDC_CLIENT[84]: Environment variable HG_HOST was NOT set
[INFO] PDC_CLIENT[45]: Environment variable HG_TRANSPORT was NOT set
[INFO] PDC_CLIENT[45]: Environment variable HG_HOST was NOT set
[INFO] PDC_CLIENT[118]: Environment variable HG_TRANSPORT was NOT set
[INFO] PDC_CLIENT[118]: Environment variable HG_HOST was NOT set
[INFO] PDC_CLIENT[33]: Environment variable HG_TRANSPORT was NOT set
[INFO] PDC_CLIENT[33]: Environment variable HG_HOST was NOT set
[INFO] PDC_CLIENT[77]: Environment variable HG_TRANSPORT was NOT set
[INFO] PDC_CLIENT[77]: Environment variable HG_HOST was NOT set
[INFO] PDC_CLIENT[42]: Environment variable HG_TRANSPORT was NOT set
[INFO] PDC_CLIENT[42]: Environment variable HG_HOST was NOT set
[INFO] PDC_CLIENT[24]: Environment variable HG_TRANSPORT was NOT set
[INFO] PDC_CLIENT[24]: Environment variable HG_HOST was NOT set
[INFO] PDC_CLIENT[29]: Environment variable HG_TRANSPORT was NOT set
[INFO] PDC_CLIENT[29]: Environment variable HG_HOST was NOT set
[INFO] PDC_CLIENT[5]: Environment variable HG_TRANSPORT was NOT set
[INFO] PDC_CLIENT[5]: Environment variable HG_HOST was NOT set
[INFO] PDC_CLIENT[100]: Environment variable HG_TRANSPORT was NOT set
[INFO] PDC_CLIENT[100]: Environment variable HG_HOST was NOT set
[INFO] PDC_CLIENT[110]: Environment variable HG_TRANSPORT was NOT set
[INFO] PDC_CLIENT[110]: Environment variable HG_HOST was NOT set
[INFO] PDC_CLIENT[44]: Environment variable HG_TRANSPORT was NOT set
[INFO] PDC_CLIENT[44]: Environment variable HG_HOST was NOT set
[INFO] PDC_CLIENT[85]: Environment variable HG_TRANSPORT was NOT set
[INFO] PDC_CLIENT[85]: Environment variable HG_HOST was NOT set
[INFO] PDC_CLIENT[99]: Environment variable HG_TRANSPORT was NOT set
[INFO] PDC_CLIENT[99]: Environment variable HG_HOST was NOT set
[INFO] PDC_CLIENT[113]: Environment variable HG_TRANSPORT was NOT set
[INFO] PDC_CLIENT[113]: Environment variable HG_HOST was NOT set
[INFO] PDC_CLIENT[43]: Environment variable HG_TRANSPORT was NOT set
[INFO] PDC_CLIENT[43]: Environment variable HG_HOST was NOT set
[INFO] PDC_CLIENT[58]: Environment variable HG_TRANSPORT was NOT set
[INFO] PDC_CLIENT[58]: Environment variable HG_HOST was NOT set
[INFO] PDC_CLIENT[14]: Environment variable HG_TRANSPORT was NOT set
[INFO] PDC_CLIENT[14]: Environment variable HG_HOST was NOT set
[INFO] PDC_CLIENT[59]: Environment variable HG_TRANSPORT was NOT set
[INFO] PDC_CLIENT[59]: Environment variable HG_HOST was NOT set
[INFO] PDC_CLIENT[104]: Environment variable HG_TRANSPORT was NOT set
[INFO] PDC_CLIENT[104]: Environment variable HG_HOST was NOT set
[INFO] PDC_CLIENT[39]: Environment variable HG_TRANSPORT was NOT set
[INFO] PDC_CLIENT[39]: Environment variable HG_HOST was NOT set
[INFO] PDC_CLIENT[90]: Environment variable HG_TRANSPORT was NOT set
[INFO] PDC_CLIENT[90]: Environment variable HG_HOST was NOT set
[INFO] PDC_CLIENT[88]: Environment variable HG_TRANSPORT was NOT set
[INFO] PDC_CLIENT[88]: Environment variable HG_HOST was NOT set
[INFO] PDC_CLIENT[19]: Environment variable HG_TRANSPORT was NOT set
[INFO] PDC_CLIENT[19]: Environment variable HG_HOST was NOT set
[INFO] PDC_CLIENT[66]: Environment variable HG_TRANSPORT was NOT set
[INFO] PDC_CLIENT[66]: Environment variable HG_HOST was NOT set
[INFO] PDC_CLIENT[31]: Environment variable HG_TRANSPORT was NOT set
[INFO] PDC_CLIENT[31]: Environment variable HG_HOST was NOT set
[INFO] PDC_CLIENT[20]: Environment variable HG_TRANSPORT was NOT set
[INFO] PDC_CLIENT[20]: Environment variable HG_HOST was NOT set
[INFO] PDC_CLIENT[112]: Environment variable HG_TRANSPORT was NOT set
[INFO] PDC_CLIENT[112]: Environment variable HG_HOST was NOT set
[INFO] PDC_CLIENT[28]: Environment variable HG_TRANSPORT was NOT set
[INFO] PDC_CLIENT[28]: Environment variable HG_HOST was NOT set
[INFO] PDC_CLIENT[95]: Environment variable HG_TRANSPORT was NOT set
[INFO] PDC_CLIENT[95]: Environment variable HG_HOST was NOT set
[INFO] PDC_CLIENT[74]: Environment variable HG_TRANSPORT was NOT set
[INFO] PDC_CLIENT[74]: Environment variable HG_HOST was NOT set
[INFO] PDC_CLIENT[93]: Environment variable HG_TRANSPORT was NOT set
[INFO] PDC_CLIENT[93]: Environment variable HG_HOST was NOT set
[INFO] PDC_CLIENT[16]: Environment variable HG_TRANSPORT was NOT set
[INFO] PDC_CLIENT[16]: Environment variable HG_HOST was NOT set
[INFO] PDC_CLIENT[83]: Environment variable HG_TRANSPORT was NOT set
[INFO] PDC_CLIENT[83]: Environment variable HG_HOST was NOT set
[INFO] PDC_CLIENT[91]: Environment variable HG_TRANSPORT was NOT set
[INFO] PDC_CLIENT[91]: Environment variable HG_HOST was NOT set
[INFO] PDC_CLIENT[56]: Environment variable HG_TRANSPORT was NOT set
[INFO] PDC_CLIENT[56]: Environment variable HG_HOST was NOT set
[INFO] PDC_CLIENT[25]: Environment variable HG_TRANSPORT was NOT set
[INFO] PDC_CLIENT[25]: Environment variable HG_HOST was NOT set
[INFO] PDC_CLIENT[81]: Environment variable HG_TRANSPORT was NOT set
[INFO] PDC_CLIENT[81]: Environment variable HG_HOST was NOT set
[INFO] PDC_CLIENT[57]: Environment variable HG_TRANSPORT was NOT set
[INFO] PDC_CLIENT[57]: Environment variable HG_HOST was NOT set
[INFO] PDC_CLIENT[121]: Environment variable HG_TRANSPORT was NOT set
[INFO] PDC_CLIENT[121]: Environment variable HG_HOST was NOT set
[INFO] PDC_CLIENT[108]: Environment variable HG_TRANSPORT was NOT set
[INFO] PDC_CLIENT[108]: Environment variable HG_HOST was NOT set
[INFO] PDC_CLIENT[30]: Environment variable HG_TRANSPORT was NOT set
[INFO] PDC_CLIENT[30]: Environment variable HG_HOST was NOT set
[INFO] PDC_CLIENT[109]: Environment variable HG_TRANSPORT was NOT set
[INFO] PDC_CLIENT[109]: Environment variable HG_HOST was NOT set
[INFO] PDC_CLIENT[41]: Environment variable HG_TRANSPORT was NOT set
[INFO] PDC_CLIENT[41]: Environment variable HG_HOST was NOT set
[INFO] PDC_CLIENT[27]: Environment variable HG_TRANSPORT was NOT set
[INFO] PDC_CLIENT[27]: Environment variable HG_HOST was NOT set
[INFO] PDC_CLIENT[72]: Environment variable HG_TRANSPORT was NOT set
[INFO] PDC_CLIENT[72]: Environment variable HG_HOST was NOT set
[INFO] PDC_CLIENT[92]: Environment variable HG_TRANSPORT was NOT set
[INFO] PDC_CLIENT[92]: Environment variable HG_HOST was NOT set
[INFO] PDC_CLIENT[15]: Environment variable HG_TRANSPORT was NOT set
[INFO] PDC_CLIENT[15]: Environment variable HG_HOST was NOT set
[INFO] PDC_CLIENT[126]: Environment variable HG_TRANSPORT was NOT set
[INFO] PDC_CLIENT[126]: Environment variable HG_HOST was NOT set
[INFO] PDC_CLIENT[49]: Environment variable HG_TRANSPORT was NOT set
[INFO] PDC_CLIENT[49]: Environment variable HG_HOST was NOT set
[INFO] PDC_CLIENT[76]: Environment variable HG_TRANSPORT was NOT set
[INFO] PDC_CLIENT[76]: Environment variable HG_HOST was NOT set
[INFO] PDC_CLIENT[9]: Environment variable HG_TRANSPORT was NOT set
[INFO] PDC_CLIENT[9]: Environment variable HG_HOST was NOT set
[INFO] PDC_CLIENT[123]: Environment variable HG_TRANSPORT was NOT set
[INFO] PDC_CLIENT[123]: Environment variable HG_HOST was NOT set
[INFO] PDC_CLIENT[54]: Environment variable HG_TRANSPORT was NOT set
[INFO] PDC_CLIENT[54]: Environment variable HG_HOST was NOT set
[INFO] PDC_CLIENT[105]: Environment variable HG_TRANSPORT was NOT set
[INFO] PDC_CLIENT[105]: Environment variable HG_HOST was NOT set
[INFO] PDC_CLIENT[53]: Environment variable HG_TRANSPORT was NOT set
[INFO] PDC_CLIENT[53]: Environment variable HG_HOST was NOT set
[INFO] PDC_CLIENT[75]: Environment variable HG_TRANSPORT was NOT set
[INFO] PDC_CLIENT[75]: Environment variable HG_HOST was NOT set
[INFO] PDC_CLIENT[46]: Environment variable HG_TRANSPORT was NOT set
[INFO] PDC_CLIENT[46]: Environment variable HG_HOST was NOT set
[INFO] PDC_CLIENT[13]: Environment variable HG_TRANSPORT was NOT set
[INFO] PDC_CLIENT[13]: Environment variable HG_HOST was NOT set
[INFO] PDC_CLIENT[106]: Environment variable HG_TRANSPORT was NOT set
[INFO] PDC_CLIENT[106]: Environment variable HG_HOST was NOT set
[INFO] PDC_CLIENT[18]: Environment variable HG_TRANSPORT was NOT set
[INFO] PDC_CLIENT[18]: Environment variable HG_HOST was NOT set
[INFO] PDC_CLIENT[96]: Environment variable HG_TRANSPORT was NOT set
[INFO] PDC_CLIENT[96]: Environment variable HG_HOST was NOT set
[INFO] PDC_CLIENT[8]: Environment variable HG_TRANSPORT was NOT set
[INFO] PDC_CLIENT[8]: Environment variable HG_HOST was NOT set
[INFO] PDC_CLIENT[10]: Environment variable HG_TRANSPORT was NOT set
[INFO] PDC_CLIENT[10]: Environment variable HG_HOST was NOT set
[INFO] PDC_CLIENT[35]: Environment variable HG_TRANSPORT was NOT set
[INFO] PDC_CLIENT[35]: Environment variable HG_HOST was NOT set
[INFO] PDC_CLIENT[114]: Environment variable HG_TRANSPORT was NOT set
[INFO] PDC_CLIENT[114]: Environment variable HG_HOST was NOT set
[INFO] PDC_CLIENT[6]: Environment variable HG_TRANSPORT was NOT set
[INFO] PDC_CLIENT[6]: Environment variable HG_HOST was NOT set
[INFO] PDC_CLIENT[26]: Environment variable HG_TRANSPORT was NOT set
[INFO] PDC_CLIENT[26]: Environment variable HG_HOST was NOT set
[INFO] PDC_CLIENT[86]: Environment variable HG_TRANSPORT was NOT set
[INFO] PDC_CLIENT[86]: Environment variable HG_HOST was NOT set
[INFO] PDC_CLIENT[79]: Environment variable HG_TRANSPORT was NOT set
[INFO] PDC_CLIENT[79]: Environment variable HG_HOST was NOT set
[INFO] PDC_CLIENT[62]: Environment variable HG_TRANSPORT was NOT set
[INFO] PDC_CLIENT[62]: Environment variable HG_HOST was NOT set
[INFO] PDC_CLIENT[65]: Environment variable HG_TRANSPORT was NOT set
[INFO] PDC_CLIENT[65]: Environment variable HG_HOST was NOT set
[INFO] PDC_CLIENT[120]: Environment variable HG_TRANSPORT was NOT set
[INFO] PDC_CLIENT[120]: Environment variable HG_HOST was NOT set
[INFO] PDC_CLIENT[38]: Environment variable HG_TRANSPORT was NOT set
[INFO] PDC_CLIENT[38]: Environment variable HG_HOST was NOT set
[INFO] PDC_CLIENT[82]: Environment variable HG_TRANSPORT was NOT set
[INFO] PDC_CLIENT[82]: Environment variable HG_HOST was NOT set
[INFO] PDC_CLIENT[115]: Environment variable HG_TRANSPORT was NOT set
[INFO] PDC_CLIENT[115]: Environment variable HG_HOST was NOT set
[INFO] PDC_CLIENT[1]: Environment variable HG_TRANSPORT was NOT set
[INFO] PDC_CLIENT[1]: Environment variable HG_HOST was NOT set
[INFO] PDC_CLIENT[32]: Environment variable HG_TRANSPORT was NOT set
[INFO] PDC_CLIENT[32]: Environment variable HG_HOST was NOT set
[INFO] PDC_CLIENT[89]: Environment variable HG_TRANSPORT was NOT set
[INFO] PDC_CLIENT[89]: Environment variable HG_HOST was NOT set
[INFO] PDC_CLIENT[60]: Environment variable HG_TRANSPORT was NOT set
[INFO] PDC_CLIENT[60]: Environment variable HG_HOST was NOT set
[INFO] PDC_CLIENT[36]: Environment variable HG_TRANSPORT was NOT set
[INFO] PDC_CLIENT[36]: Environment variable HG_HOST was NOT set
[INFO] PDC_CLIENT[52]: Environment variable HG_TRANSPORT was NOT set
[INFO] PDC_CLIENT[52]: Environment variable HG_HOST was NOT set
[INFO] PDC_CLIENT[11]: Environment variable HG_TRANSPORT was NOT set
[INFO] PDC_CLIENT[11]: Environment variable HG_HOST was NOT set
[INFO] PDC_CLIENT[17]: Environment variable HG_TRANSPORT was NOT set
[INFO] PDC_CLIENT[17]: Environment variable HG_HOST was NOT set
[INFO] PDC_CLIENT[48]: Environment variable HG_TRANSPORT was NOT set
[INFO] PDC_CLIENT[48]: Environment variable HG_HOST was NOT set
[INFO] PDC_CLIENT[63]: Environment variable HG_TRANSPORT was NOT set
[INFO] PDC_CLIENT[63]: Environment variable HG_HOST was NOT set
[INFO] PDC_CLIENT[97]: Environment variable HG_TRANSPORT was NOT set
[INFO] PDC_CLIENT[97]: Environment variable HG_HOST was NOT set
[INFO] PDC_CLIENT[116]: Environment variable HG_TRANSPORT was NOT set
[INFO] PDC_CLIENT[116]: Environment variable HG_HOST was NOT set
[INFO] PDC_CLIENT[37]: Environment variable HG_TRANSPORT was NOT set
[INFO] PDC_CLIENT[37]: Environment variable HG_HOST was NOT set
[INFO] PDC_CLIENT[40]: Environment variable HG_TRANSPORT was NOT set
[INFO] PDC_CLIENT[40]: Environment variable HG_HOST was NOT set
[INFO] PDC_CLIENT[67]: Environment variable HG_TRANSPORT was NOT set
[INFO] PDC_CLIENT[67]: Environment variable HG_HOST was NOT set
[INFO] PDC_CLIENT[73]: Environment variable HG_TRANSPORT was NOT set
[INFO] PDC_CLIENT[73]: Environment variable HG_HOST was NOT set
[INFO] PDC_CLIENT[4]: Environment variable HG_TRANSPORT was NOT set
[INFO] PDC_CLIENT[4]: Environment variable HG_HOST was NOT set
[INFO] PDC_CLIENT[34]: Environment variable HG_TRANSPORT was NOT set
[INFO] PDC_CLIENT[34]: Environment variable HG_HOST was NOT set
[INFO] PDC_CLIENT[51]: Environment variable HG_TRANSPORT was NOT set
[INFO] PDC_CLIENT[51]: Environment variable HG_HOST was NOT set
[INFO] PDC_CLIENT[69]: Environment variable HG_TRANSPORT was NOT set
[INFO] PDC_CLIENT[69]: Environment variable HG_HOST was NOT set
[INFO] PDC_CLIENT[87]: Environment variable HG_TRANSPORT was NOT set
[INFO] PDC_CLIENT[87]: Environment variable HG_HOST was NOT set
[INFO] PDC_CLIENT[23]: Environment variable HG_TRANSPORT was NOT set
[INFO] PDC_CLIENT[23]: Environment variable HG_HOST was NOT set
[INFO] PDC_CLIENT[61]: Environment variable HG_TRANSPORT was NOT set
[INFO] PDC_CLIENT[61]: Environment variable HG_HOST was NOT set
[INFO] PDC_CLIENT[125]: Environment variable HG_TRANSPORT was NOT set
[INFO] PDC_CLIENT[125]: Environment variable HG_HOST was NOT set
[INFO] PDC_CLIENT[68]: Environment variable HG_TRANSPORT was NOT set
[INFO] PDC_CLIENT[68]: Environment variable HG_HOST was NOT set
[INFO] PDC_CLIENT[12]: Environment variable HG_TRANSPORT was NOT set
[INFO] PDC_CLIENT[12]: Environment variable HG_HOST was NOT set
[INFO] PDC_CLIENT[55]: Environment variable HG_TRANSPORT was NOT set
[INFO] PDC_CLIENT[55]: Environment variable HG_HOST was NOT set
[INFO] PDC_CLIENT[70]: Environment variable HG_TRANSPORT was NOT set
[INFO] PDC_CLIENT[70]: Environment variable HG_HOST was NOT set
[INFO] PDC_CLIENT[102]: Environment variable HG_TRANSPORT was NOT set
[INFO] PDC_CLIENT[102]: Environment variable HG_HOST was NOT set
[INFO] PDC_CLIENT[2]: Environment variable HG_TRANSPORT was NOT set
[INFO] PDC_CLIENT[2]: Environment variable HG_HOST was NOT set
[INFO] PDC_CLIENT[119]: Environment variable HG_TRANSPORT was NOT set
[INFO] PDC_CLIENT[119]: Environment variable HG_HOST was NOT set
[INFO] PDC_CLIENT[3]: Environment variable HG_TRANSPORT was NOT set
[INFO] PDC_CLIENT[3]: Environment variable HG_HOST was NOT set
[INFO] PDC_CLIENT[117]: Environment variable HG_TRANSPORT was NOT set
[INFO] PDC_CLIENT[117]: Environment variable HG_HOST was NOT set
[INFO] PDC_CLIENT[7]: Environment variable HG_TRANSPORT was NOT set
[INFO] PDC_CLIENT[7]: Environment variable HG_HOST was NOT set
[INFO] PDC_CLIENT[94]: Environment variable HG_TRANSPORT was NOT set
[INFO] PDC_CLIENT[94]: Environment variable HG_HOST was NOT set
[INFO] PDC_CLIENT[103]: Environment variable HG_TRANSPORT was NOT set
[INFO] PDC_CLIENT[103]: Environment variable HG_HOST was NOT set
[INFO] PDC_CLIENT[127]: Environment variable HG_TRANSPORT was NOT set
[INFO] PDC_CLIENT[127]: Environment variable HG_HOST was NOT set
[INFO] PDC_CLIENT[80]: Environment variable HG_TRANSPORT was NOT set
[INFO] PDC_CLIENT[80]: Environment variable HG_HOST was NOT set
[INFO] PDC_CLIENT[122]: Environment variable HG_TRANSPORT was NOT set
[INFO] PDC_CLIENT[122]: Environment variable HG_HOST was NOT set
[INFO] PDC_CLIENT[124]: Environment variable HG_TRANSPORT was NOT set
[INFO] PDC_CLIENT[124]: Environment variable HG_HOST was NOT set
[INFO] PDC_CLIENT[101]: Environment variable HG_TRANSPORT was NOT set
[INFO] PDC_CLIENT[101]: Environment variable HG_HOST was NOT set
[INFO] PDC_CLIENT[71]: Environment variable HG_TRANSPORT was NOT set
[INFO] PDC_CLIENT[71]: Environment variable HG_HOST was NOT set
[INFO] PDC_CLIENT[64]: Environment variable HG_TRANSPORT was NOT set
[INFO] PDC_CLIENT[64]: Environment variable HG_HOST was NOT set
[INFO] PDC_CLIENT[50]: Environment variable HG_TRANSPORT was NOT set
[INFO] PDC_CLIENT[50]: Environment variable HG_HOST was NOT set
[INFO] PDC_CLIENT[21]: Environment variable HG_TRANSPORT was NOT set
[INFO] PDC_CLIENT[21]: Environment variable HG_HOST was NOT set
[INFO] PDC_CLIENT[111]: Environment variable HG_TRANSPORT was NOT set
[INFO] PDC_CLIENT[111]: Environment variable HG_HOST was NOT set
[INFO] PDC_CLIENT[78]: Environment variable HG_TRANSPORT was NOT set
[INFO] PDC_CLIENT[78]: Environment variable HG_HOST was NOT set
[INFO] PDC_CLIENT[22]: Environment variable HG_TRANSPORT was NOT set
[INFO] PDC_CLIENT[22]: Environment variable HG_HOST was NOT set
[INFO] PDC_CLIENT[107]: Environment variable HG_TRANSPORT was NOT set
[INFO] PDC_CLIENT[107]: Environment variable HG_HOST was NOT set
[INFO] PDC_CLIENT[98]: Environment variable HG_TRANSPORT was NOT set
[INFO] PDC_CLIENT[98]: Environment variable HG_HOST was NOT set
[INFO] PDC_CLIENT[47]: Environment variable HG_TRANSPORT was NOT set
[INFO] PDC_CLIENT[47]: Environment variable HG_HOST was NOT set
[INFO] PDC_CLIENT[0]: Using [./pdc_tmp] as tmp dir, 1 clients per server
[INFO] PDC_CLIENT[0]: total close time = 0.309749
