[INFO] PDC_SERVER[0]: Using [./pdc_tmp/] as tmp dir, 1 OSTs, 1 OSTs per data file, 0% to BB
[INFO] PDC_SERVER[0]: Environment variable HG_TRANSPORT was NOT set
[INFO] PDC_SERVER[0]: Environment variable HG_HOST was NOT set
[INFO] PDC_SERVER[0]: Connection string: ofi+tcp://nid004390:7000
[INFO] PDC_SERVER[0]: Without multi-thread
[INFO] PDC_SERVER[0]: Read cache enabled
[INFO] PDC_SERVER[0]: Max cache size: 34359738368
[INFO] PDC_SERVER[0]: Successfully established connection to 0 other PDC servers
[INFO] PDC_SERVER[0]: Server ready!


[INFO] PDC_SERVER[0]: Server flushed 0.1 / 4.0 MB to storage
[INFO] PDC_SERVER[0]: Server flushed 0.1 / 3.9 MB to storage
[INFO] PDC_SERVER[0]: Server flushed 0.1 / 3.8 MB to storage
[INFO] PDC_SERVER[0]: Server flushed 0.1 / 3.6 MB to storage
[INFO] PDC_SERVER[0]: Server flushed 0.1 / 3.5 MB to storage
[INFO] PDC_SERVER[0]: Server flushed 0.1 / 3.4 MB to storage
[INFO] PDC_SERVER[0]: Server flushed 0.1 / 3.2 MB to storage
[INFO] PDC_SERVER[0]: Server flushed 0.1 / 3.1 MB to storage
[INFO] PDC_SERVER[0]: Server flushed 0.1 / 3.0 MB to storage
[INFO] PDC_SERVER[0]: Server flushed 0.1 / 2.9 MB to storage
[INFO] PDC_SERVER[0]: Server flushed 0.1 / 2.8 MB to storage
[INFO] PDC_SERVER[0]: Server flushed 0.1 / 2.6 MB to storage
[INFO] PDC_SERVER[0]: Server flushed 0.1 / 2.5 MB to storage
[INFO] PDC_SERVER[0]: Server flushed 0.1 / 2.4 MB to storage
[INFO] PDC_SERVER[0]: Server flushed 0.1 / 2.2 MB to storage
[INFO] PDC_SERVER[0]: Server flushed 0.1 / 2.1 MB to storage
[INFO] PDC_SERVER[0]: Server flushed 0.1 / 2.0 MB to storage
[INFO] PDC_SERVER[0]: Server flushed 0.1 / 1.9 MB to storage
[INFO] PDC_SERVER[0]: Server flushed 0.1 / 1.8 MB to storage
[INFO] PDC_SERVER[0]: Server flushed 0.1 / 1.6 MB to storage
[INFO] PDC_SERVER[0]: Server flushed 0.1 / 1.5 MB to storage
[INFO] PDC_SERVER[0]: Server flushed 0.1 / 1.4 MB to storage
[INFO] PDC_SERVER[0]: Server flushed 0.1 / 1.2 MB to storage
[INFO] PDC_SERVER[0]: Server flushed 0.1 / 1.1 MB to storage
[INFO] PDC_SERVER[0]: Server flushed 0.1 / 1.0 MB to storage
[INFO] PDC_SERVER[0]: Server flushed 0.1 / 0.9 MB to storage
[INFO] PDC_SERVER[0]: Server flushed 0.1 / 0.8 MB to storage
[INFO] PDC_SERVER[0]: Server flushed 0.1 / 0.6 MB to storage
[INFO] PDC_SERVER[0]: Server flushed 0.1 / 0.5 MB to storage
[INFO] PDC_SERVER[0]: Server flushed 0.1 / 0.4 MB to storage
[INFO] PDC_SERVER[0]: Server flushed 0.1 / 0.2 MB to storage
[INFO] PDC_SERVER[0]: Server flushed 0.1 / 0.1 MB to storage
[INFO] PDC_SERVER[0]: Checkpoint file [./pdc_tmp//0/metadata_checkpoint.0]
[INFO] PDC_SERVER[0]: Checkpointed          1 objects, with          0 regions 
[INFO] PDC_CLIENT[0]: Writing DART info to file_name: ./pdc_tmp//dart_info.bin
[INFO] PDC_CLIENT[0]: [IDIOMS_Index_Dump_0] Timer to dump index = 2524.0000 microseconds
