Entered main
Rank[0] {
  "workloads":[
    {
      "name":"PDC-ZFP",
      "implementation":"pdc",
      "io_participations":[
        "independent"
      ],
      "filter":"zfp_compress",
      "params":"batch"
    }
  ],
  "chunk_size_bytes":4194304,
  "chunks_per_rank":4,
  "validate_read":false
}
Rank[0] ==============================================
Rank[0] Starting workload PDC-ZFP
Rank[0] Running with 64 rank(s)
Rank[0] Chunks per rank 4
Rank[0] Params batchRank[0] Using independent I/O
Rank[0] Requested chunk size 4194304 bytes
Rank[0] Rounded chunk size 524288 bytes
Rank[0] Total data to be written: 0 GB (134217728) bytes
Rank[0] ==============================================
Entered main
[INFO] PDC_CLIENT[43]: PDCtf_init called
Entered main
[INFO] PDC_CLIENT[54]: PDCtf_init called
Entered main
[INFO] PDC_CLIENT[13]: PDCtf_init called
Entered main
[INFO] PDC_CLIENT[12]: PDCtf_init called
Entered main
[INFO] PDC_CLIENT[22]: PDCtf_init called
Entered main
[INFO] PDC_CLIENT[18]: PDCtf_init called
Entered main
[INFO] PDC_CLIENT[15]: PDCtf_init called
Entered main
[INFO] PDC_CLIENT[52]: PDCtf_init called
Entered main
[INFO] PDC_CLIENT[27]: PDCtf_init called
Entered main
[INFO] PDC_CLIENT[38]: PDCtf_init called
Entered main
[INFO] PDC_CLIENT[45]: PDCtf_init called
Entered main
[INFO] PDC_CLIENT[25]: PDCtf_init called
Entered main
[INFO] PDC_CLIENT[49]: PDCtf_init called
Entered main
[INFO] PDC_CLIENT[42]: PDCtf_init called
Entered main
[INFO] PDC_CLIENT[26]: PDCtf_init called
Entered main
[INFO] PDC_CLIENT[29]: PDCtf_init called
Entered main
[INFO] PDC_CLIENT[23]: PDCtf_init called
Entered main
[INFO] PDC_CLIENT[11]: PDCtf_init called
Entered main
[INFO] PDC_CLIENT[21]: PDCtf_init called
Entered main
[INFO] PDC_CLIENT[20]: PDCtf_init called
Entered main
[INFO] PDC_CLIENT[41]: PDCtf_init called
Entered main
[INFO] PDC_CLIENT[32]: PDCtf_init called
Entered main
[INFO] PDC_CLIENT[28]: PDCtf_init called
Entered main
[INFO] PDC_CLIENT[39]: PDCtf_init called
Entered main
[INFO] PDC_CLIENT[8]: PDCtf_init called
Entered main
[INFO] PDC_CLIENT[58]: PDCtf_init called
Entered main
[INFO] PDC_CLIENT[10]: PDCtf_init called
Entered main
[INFO] PDC_CLIENT[16]: PDCtf_init called
Entered main
[INFO] PDC_CLIENT[56]: PDCtf_init called
Entered main
[INFO] PDC_CLIENT[1]: PDCtf_init called
Entered main
[INFO] PDC_CLIENT[44]: PDCtf_init called
Entered main
[INFO] PDC_CLIENT[47]: PDCtf_init called
Entered main
[INFO] PDC_CLIENT[24]: PDCtf_init called
Entered main
[INFO] PDC_CLIENT[34]: PDCtf_init called
Entered main
[INFO] PDC_CLIENT[63]: PDCtf_init called
Entered main
[INFO] PDC_CLIENT[6]: PDCtf_init called
Entered main
[INFO] PDC_CLIENT[37]: PDCtf_init called
Entered main
[INFO] PDC_CLIENT[60]: PDCtf_init called
Entered main
[INFO] PDC_CLIENT[19]: PDCtf_init called
Entered main
[INFO] PDC_CLIENT[5]: PDCtf_init called
Entered main
[INFO] PDC_CLIENT[9]: PDCtf_init called
Entered main
[INFO] PDC_CLIENT[55]: PDCtf_init called
Entered main
[INFO] PDC_CLIENT[3]: PDCtf_init called
Entered main
[INFO] PDC_CLIENT[17]: PDCtf_init called
Entered main
[INFO] PDC_CLIENT[53]: PDCtf_init called
Entered main
[INFO] PDC_CLIENT[31]: PDCtf_init called
Entered main
[INFO] PDC_CLIENT[51]: PDCtf_init called
[INFO] PDC_CLIENT[0]: PDCtf_init called
Entered main
[INFO] PDC_CLIENT[40]: PDCtf_init called
Entered main
[INFO] PDC_CLIENT[50]: PDCtf_init called
Entered main
[INFO] PDC_CLIENT[35]: PDCtf_init called
Entered main
[INFO] PDC_CLIENT[30]: PDCtf_init called
Entered main
[INFO] PDC_CLIENT[62]: PDCtf_init called
Entered main
[INFO] PDC_CLIENT[57]: PDCtf_init called
Entered main
[INFO] PDC_CLIENT[33]: PDCtf_init called
Entered main
[INFO] PDC_CLIENT[36]: PDCtf_init called
Entered main
[INFO] PDC_CLIENT[61]: PDCtf_init called
Entered main
[INFO] PDC_CLIENT[46]: PDCtf_init called
Entered main
[INFO] PDC_CLIENT[14]: PDCtf_init called
Entered main
[INFO] PDC_CLIENT[2]: PDCtf_init called
Entered main
[INFO] PDC_CLIENT[48]: PDCtf_init called
Entered main
[INFO] PDC_CLIENT[4]: PDCtf_init called
Entered main
[INFO] PDC_CLIENT[59]: PDCtf_init called
Entered main
[INFO] PDC_CLIENT[7]: PDCtf_init called
[INFO] PDC_CLIENT[0]: PDC_DEBUG set to 0
[INFO] PDC_CLIENT[0]: Found 2 PDC Metadata servers, running with 64 PDC clients
[INFO] PDC_CLIENT[0]: Environment variable HG_TRANSPORT was NOT set
[INFO] PDC_CLIENT[0]: Environment variable HG_HOST was NOT set
[INFO] PDC_CLIENT[0]: Connection string: ofi+tcp://nid004994:8000
[INFO] PDC_CLIENT[0]: Using [./pdc_tmp] as tmp dir, 32 clients per server
Rank[0] Calling init_dataset on impl
Creating container with name cont_0
Rank[0] Creating object with name obj_0
Rank[0] ZFP Compression filter enabled
Rank[0] Calling enable_compression_on_dataset on impl
Creating container with name cont_0
Rank[21] Starting write
Creating container with name cont_0
Rank[25] Starting write
Creating container with name cont_0
Rank[15] Starting write
Rank[0] Calling create_dataset on impl
Creating container with name cont_0
Rank[61] Starting write
Creating container with name cont_0
Rank[63] Starting write
Creating container with name cont_0
Rank[42] Starting write
Creating container with name cont_0
Rank[50] Starting write
Creating container with name cont_0
Rank[35] Starting write
Creating container with name cont_0
Rank[2] Starting write
Creating container with name cont_0
Rank[16] Starting write
Creating container with name cont_0
Rank[43] Starting write
Creating container with name cont_0
Rank[39] Starting write
Creating container with name cont_0
Rank[31] Starting write
Creating container with name cont_0
Rank[12] Starting write
Creating container with name cont_0
Rank[8] Starting write
Creating container with name cont_0
Rank[13] Starting write
Rank[0] Starting write
Creating container with name cont_0
Rank[10] Starting write
Creating container with name cont_0
Rank[53] Starting write
Creating container with name cont_0
Rank[37] Starting write
Creating container with name cont_0
Rank[5] Starting write
Creating container with name cont_0
Rank[1] Starting write
Creating container with name cont_0
Rank[4] Starting write
Creating container with name cont_0
Rank[58] Starting write
Creating container with name cont_0
Rank[14] Starting write
Creating container with name cont_0
Rank[26] Starting write
Creating container with name cont_0
Rank[48] Starting write
Creating container with name cont_0
Rank[52] Starting write
Creating container with name cont_0
Rank[9] Starting write
Creating container with name cont_0
Rank[49] Starting write
Creating container with name cont_0
Rank[28] Starting write
Creating container with name cont_0
Rank[51] Starting write
Creating container with name cont_0
Rank[27] Starting write
Creating container with name cont_0
Rank[55] Starting write
Creating container with name cont_0
Rank[30] Starting write
Creating container with name cont_0
Rank[36] Starting write
Creating container with name cont_0
Rank[3] Starting write
Creating container with name cont_0
Rank[62] Starting write
Creating container with name cont_0
Rank[6] Starting write
Creating container with name cont_0
Rank[29] Starting write
Creating container with name cont_0
Rank[33] Starting write
Creating container with name cont_0
Rank[47] Starting write
Creating container with name cont_0
Rank[41] Starting write
Creating container with name cont_0
Rank[60] Starting write
Creating container with name cont_0
Rank[59] Starting write
Creating container with name cont_0
Rank[23] Starting write
Creating container with name cont_0
Rank[45] Starting write
Creating container with name cont_0
Rank[34] Starting write
Creating container with name cont_0
Rank[22] Starting write
Creating container with name cont_0
Rank[24] Starting write
Creating container with name cont_0
Rank[56] Starting write
Creating container with name cont_0
Rank[54] Starting write
Creating container with name cont_0
Rank[32] Starting write
Creating container with name cont_0
Rank[57] Starting write
Creating container with name cont_0
Rank[7] Starting write
Creating container with name cont_0
Rank[20] Starting write
Creating container with name cont_0
Rank[11] Starting write
Creating container with name cont_0
Rank[38] Starting write
Creating container with name cont_0
Rank[17] Starting write
Creating container with name cont_0
Rank[46] Starting write
Creating container with name cont_0
Rank[40] Starting write
Creating container with name cont_0
Rank[18] Starting write
Creating container with name cont_0
Rank[44] Starting write
Rank[33] Starting chunk write 1
Rank[9] Starting chunk write 1
[INFO] PDC_CLIENT[9]: Found graph attached to entire obj
Rank[5] Starting chunk write 1
[INFO] PDC_CLIENT[5]: Found graph attached to entire obj
Rank[5] Finished chunk write 1
Rank[5] Starting chunk write 2
Rank[3] Starting chunk write 1
[INFO] PDC_CLIENT[3]: Found graph attached to entire obj
Rank[37] Starting chunk write 1
[INFO] PDC_CLIENT[37]: Found graph attached to entire obj
Rank[23] Starting chunk write 1
[INFO] PDC_CLIENT[23]: Found graph attached to entire obj
Rank[11] Starting chunk write 1
Rank[59] Starting chunk write 1
[INFO] PDC_CLIENT[59]: Found graph attached to entire obj
Rank[17] Starting chunk write 1
[INFO] PDC_CLIENT[17]: Found graph attached to entire obj
Rank[25] Starting chunk write 1
[INFO] PDC_CLIENT[25]: Found graph attached to entire obj
Rank[18] Starting chunk write 1
[INFO] PDC_CLIENT[18]: Found graph attached to entire obj
Rank[24] Starting chunk write 1
Rank[44] Starting chunk write 1
Rank[0] Starting chunk write 1
Rank[0] Calling write_chunk on impl
Rank[12] Starting chunk write 1
[INFO] PDC_CLIENT[12]: Found graph attached to entire obj
Rank[12] Finished chunk write 1
Rank[12] Starting chunk write 2
Rank[20] Starting chunk write 1
[INFO] PDC_CLIENT[20]: Found graph attached to entire obj
Rank[28] Starting chunk write 1
[INFO] PDC_CLIENT[28]: Found graph attached to entire obj
Rank[10] Starting chunk write 1
[INFO] PDC_CLIENT[10]: Found graph attached to entire obj
Rank[40] Starting chunk write 1
Rank[56] Starting chunk write 1
Rank[54] Starting chunk write 1
[INFO] PDC_CLIENT[54]: Found graph attached to entire obj
Rank[35] Starting chunk write 1
[INFO] PDC_CLIENT[35]: Found graph attached to entire obj
Rank[57] Starting chunk write 1
Creating container with name cont_0
Rank[19] Starting write
Rank[19] Starting chunk write 1
Rank[49] Starting chunk write 1
Rank[55] Starting chunk write 1
Rank[47] Starting chunk write 1
[INFO] PDC_CLIENT[47]: Found graph attached to entire obj
Rank[47] Finished chunk write 1
Rank[47] Starting chunk write 2
Rank[1] Starting chunk write 1
[INFO] PDC_CLIENT[1]: Found graph attached to entire obj
Rank[1] Finished chunk write 1
Rank[1] Starting chunk write 2
Rank[51] Starting chunk write 1
[INFO] PDC_CLIENT[51]: Found graph attached to entire obj
Rank[43] Starting chunk write 1
[INFO] PDC_CLIENT[43]: Found graph attached to entire obj
Rank[30] Starting chunk write 1
Rank[22] Starting chunk write 1
Rank[26] Starting chunk write 1
[INFO] PDC_CLIENT[26]: Found graph attached to entire obj
Rank[2] Starting chunk write 1
Rank[48] Starting chunk write 1
[INFO] PDC_CLIENT[48]: Found graph attached to entire obj
Rank[50] Starting chunk write 1
[INFO] PDC_CLIENT[50]: Found graph attached to entire obj
Rank[50] Finished chunk write 1
Rank[50] Starting chunk write 2
Rank[62] Starting chunk write 1
Rank[42] Starting chunk write 1
[INFO] PDC_CLIENT[42]: Found graph attached to entire obj
Rank[6] Starting chunk write 1
[INFO] PDC_CLIENT[6]: Found graph attached to entire obj
Rank[6] Finished chunk write 1
Rank[52] Starting chunk write 1
Rank[29] Starting chunk write 1
Rank[39] Starting chunk write 1
[INFO] PDC_CLIENT[39]: Found graph attached to entire obj
[INFO] PDC_CLIENT[33]: Found graph attached to entire obj
Rank[9] Finished chunk write 1
Rank[9] Starting chunk write 2
[INFO] PDC_CLIENT[9]: Found graph attached to entire obj
Rank[9] Finished chunk write 2
Rank[9] Starting chunk write 3
[INFO] PDC_CLIENT[5]: Found graph attached to entire obj
Rank[5] Finished chunk write 2
Rank[5] Starting chunk write 3
Rank[3] Finished chunk write 1
Rank[3] Starting chunk write 2
[INFO] PDC_CLIENT[3]: Found graph attached to entire obj
Rank[3] Finished chunk write 2
Rank[3] Starting chunk write 3
Rank[37] Finished chunk write 1
Rank[37] Starting chunk write 2
Rank[23] Finished chunk write 1
Rank[23] Starting chunk write 2
[INFO] PDC_CLIENT[11]: Found graph attached to entire obj
Rank[59] Finished chunk write 1
Rank[59] Starting chunk write 2
[INFO] PDC_CLIENT[59]: Found graph attached to entire obj
Rank[59] Finished chunk write 2
Rank[59] Starting chunk write 3
Rank[17] Finished chunk write 1
Rank[17] Starting chunk write 2
[INFO] PDC_CLIENT[17]: Found graph attached to entire obj
Rank[17] Finished chunk write 2
Rank[17] Starting chunk write 3
[INFO] PDC_CLIENT[17]: Found graph attached to entire obj
Rank[25] Finished chunk write 1
Rank[25] Starting chunk write 2
[INFO] PDC_CLIENT[25]: Found graph attached to entire obj
Rank[25] Finished chunk write 2
Rank[25] Starting chunk write 3
Rank[18] Finished chunk write 1
Rank[18] Starting chunk write 2
[INFO] PDC_CLIENT[24]: Found graph attached to entire obj
[INFO] PDC_CLIENT[44]: Found graph attached to entire obj
[INFO] PDC_CLIENT[0]: Found graph attached to entire obj
[INFO] PDC_CLIENT[12]: Found graph attached to entire obj
Rank[12] Finished chunk write 2
Rank[12] Starting chunk write 3
Rank[20] Finished chunk write 1
Rank[20] Starting chunk write 2
Rank[28] Finished chunk write 1
Rank[28] Starting chunk write 2
Rank[10] Finished chunk write 1
Rank[10] Starting chunk write 2
[INFO] PDC_CLIENT[10]: Found graph attached to entire obj
[INFO] PDC_CLIENT[40]: Found graph attached to entire obj
[INFO] PDC_CLIENT[56]: Found graph attached to entire obj
Rank[54] Finished chunk write 1
Rank[54] Starting chunk write 2
Rank[35] Finished chunk write 1
Rank[35] Starting chunk write 2
[INFO] PDC_CLIENT[35]: Found graph attached to entire obj
Rank[35] Finished chunk write 2
[INFO] PDC_CLIENT[57]: Found graph attached to entire obj
[INFO] PDC_CLIENT[19]: Found graph attached to entire obj
Rank[19] Finished chunk write 1
Rank[19] Starting chunk write 2
[INFO] PDC_CLIENT[19]: Found graph attached to entire obj
Rank[19] Finished chunk write 2
Rank[19] Starting chunk write 3
[INFO] PDC_CLIENT[19]: Found graph attached to entire obj
[INFO] PDC_CLIENT[49]: Found graph attached to entire obj
[INFO] PDC_CLIENT[55]: Found graph attached to entire obj
Rank[55] Finished chunk write 1
Rank[55] Starting chunk write 2
[INFO] PDC_CLIENT[55]: Found graph attached to entire obj
[INFO] PDC_CLIENT[47]: Found graph attached to entire obj
Rank[47] Finished chunk write 2
Rank[47] Starting chunk write 3
[INFO] PDC_CLIENT[1]: Found graph attached to entire obj
Rank[1] Finished chunk write 2
Rank[1] Starting chunk write 3
[INFO] PDC_CLIENT[1]: Found graph attached to entire obj
Rank[51] Finished chunk write 1
Rank[43] Finished chunk write 1
Rank[43] Starting chunk write 2
[INFO] PDC_CLIENT[43]: Found graph attached to entire obj
Rank[43] Finished chunk write 2
[INFO] PDC_CLIENT[30]: Found graph attached to entire obj
[INFO] PDC_CLIENT[22]: Found graph attached to entire obj
Rank[26] Finished chunk write 1
Rank[26] Starting chunk write 2
[INFO] PDC_CLIENT[26]: Found graph attached to entire obj
Rank[26] Finished chunk write 2
Rank[26] Starting chunk write 3
[INFO] PDC_CLIENT[2]: Found graph attached to entire obj
Rank[48] Finished chunk write 1
Rank[48] Starting chunk write 2
[INFO] PDC_CLIENT[50]: Found graph attached to entire obj
Rank[50] Finished chunk write 2
Rank[50] Starting chunk write 3
[INFO] PDC_CLIENT[50]: Found graph attached to entire obj
[INFO] PDC_CLIENT[62]: Found graph attached to entire obj
Rank[42] Finished chunk write 1
Rank[42] Starting chunk write 2
Rank[6] Starting chunk write 2
[INFO] PDC_CLIENT[6]: Found graph attached to entire obj
Rank[6] Finished chunk write 2
[INFO] PDC_CLIENT[52]: Found graph attached to entire obj
[INFO] PDC_CLIENT[29]: Found graph attached to entire obj
Rank[39] Finished chunk write 1
Rank[39] Starting chunk write 2
[INFO] PDC_CLIENT[39]: Found graph attached to entire obj
Rank[39] Finished chunk write 2
Rank[39] Starting chunk write 3
Rank[33] Finished chunk write 1
Rank[33] Starting chunk write 2
[INFO] PDC_CLIENT[9]: Found graph attached to entire obj
Rank[9] Finished chunk write 3
Rank[9] Starting chunk write 4
[INFO] PDC_CLIENT[9]: Found graph attached to entire obj
[INFO] PDC_CLIENT[5]: Found graph attached to entire obj
Rank[5] Finished chunk write 3
Rank[5] Starting chunk write 4
[INFO] PDC_CLIENT[5]: Found graph attached to entire obj
[INFO] PDC_CLIENT[3]: Found graph attached to entire obj
Rank[3] Finished chunk write 3
Rank[3] Starting chunk write 4
[INFO] PDC_CLIENT[3]: Found graph attached to entire obj
[INFO] PDC_CLIENT[37]: Found graph attached to entire obj
Rank[37] Finished chunk write 2
Rank[37] Starting chunk write 3
[INFO] PDC_CLIENT[37]: Found graph attached to entire obj
Rank[37] Finished chunk write 3
Rank[37] Starting chunk write 4
[INFO] PDC_CLIENT[37]: Found graph attached to entire obj
[INFO] PDC_CLIENT[23]: Found graph attached to entire obj
Rank[23] Finished chunk write 2
Rank[23] Starting chunk write 3
[INFO] PDC_CLIENT[23]: Found graph attached to entire obj
Rank[23] Finished chunk write 3
Rank[23] Starting chunk write 4
[INFO] PDC_CLIENT[23]: Found graph attached to entire obj
Rank[11] Finished chunk write 1
Rank[11] Starting chunk write 2
[INFO] PDC_CLIENT[59]: Found graph attached to entire obj
Rank[59] Finished chunk write 3
Rank[59] Starting chunk write 4
[INFO] PDC_CLIENT[59]: Found graph attached to entire obj
Rank[17] Finished chunk write 3
Rank[17] Starting chunk write 4
[INFO] PDC_CLIENT[17]: Found graph attached to entire obj
[INFO] PDC_CLIENT[25]: Found graph attached to entire obj
Rank[25] Finished chunk write 3
Rank[25] Starting chunk write 4
[INFO] PDC_CLIENT[25]: Found graph attached to entire obj
[INFO] PDC_CLIENT[18]: Found graph attached to entire obj
Rank[18] Finished chunk write 2
Rank[18] Starting chunk write 3
[INFO] PDC_CLIENT[18]: Found graph attached to entire obj
Rank[18] Finished chunk write 3
Rank[18] Starting chunk write 4
[INFO] PDC_CLIENT[18]: Found graph attached to entire obj
Rank[24] Finished chunk write 1
Rank[24] Starting chunk write 2
Rank[44] Finished chunk write 1
Rank[44] Starting chunk write 2
Rank[0] Finished chunk write 1
Rank[0] Starting chunk write 2
[INFO] PDC_CLIENT[12]: Found graph attached to entire obj
Rank[12] Finished chunk write 3
Rank[12] Starting chunk write 4
[INFO] PDC_CLIENT[12]: Found graph attached to entire obj
[INFO] PDC_CLIENT[20]: Found graph attached to entire obj
Rank[20] Finished chunk write 2
Rank[20] Starting chunk write 3
[INFO] PDC_CLIENT[20]: Found graph attached to entire obj
Rank[20] Finished chunk write 3
Rank[20] Starting chunk write 4
[INFO] PDC_CLIENT[20]: Found graph attached to entire obj
[INFO] PDC_CLIENT[28]: Found graph attached to entire obj
Rank[28] Finished chunk write 2
Rank[28] Starting chunk write 3
[INFO] PDC_CLIENT[28]: Found graph attached to entire obj
Rank[28] Finished chunk write 3
Rank[28] Starting chunk write 4
[INFO] PDC_CLIENT[28]: Found graph attached to entire obj
Rank[10] Finished chunk write 2
Rank[10] Starting chunk write 3
[INFO] PDC_CLIENT[10]: Found graph attached to entire obj
Rank[10] Finished chunk write 3
Rank[10] Starting chunk write 4
[INFO] PDC_CLIENT[10]: Found graph attached to entire obj
Rank[40] Finished chunk write 1
Rank[40] Starting chunk write 2
[INFO] PDC_CLIENT[40]: Found graph attached to entire obj
Rank[40] Finished chunk write 2
Rank[40] Starting chunk write 3
[INFO] PDC_CLIENT[40]: Found graph attached to entire obj
Rank[56] Finished chunk write 1
Rank[56] Starting chunk write 2
[INFO] PDC_CLIENT[56]: Found graph attached to entire obj
[INFO] PDC_CLIENT[54]: Found graph attached to entire obj
Rank[54] Finished chunk write 2
Rank[54] Starting chunk write 3
[INFO] PDC_CLIENT[54]: Found graph attached to entire obj
Rank[54] Finished chunk write 3
Rank[54] Starting chunk write 4
Rank[35] Starting chunk write 3
[INFO] PDC_CLIENT[35]: Found graph attached to entire obj
Rank[35] Finished chunk write 3
Rank[35] Starting chunk write 4
[INFO] PDC_CLIENT[35]: Found graph attached to entire obj
Rank[57] Finished chunk write 1
Rank[57] Starting chunk write 2
[INFO] PDC_CLIENT[57]: Found graph attached to entire obj
Rank[19] Finished chunk write 3
Rank[19] Starting chunk write 4
[INFO] PDC_CLIENT[19]: Found graph attached to entire obj
Rank[49] Finished chunk write 1
Rank[49] Starting chunk write 2
Rank[55] Finished chunk write 2
Rank[55] Starting chunk write 3
[INFO] PDC_CLIENT[55]: Found graph attached to entire obj
[INFO] PDC_CLIENT[47]: Found graph attached to entire obj
Rank[47] Finished chunk write 3
Rank[47] Starting chunk write 4
[INFO] PDC_CLIENT[47]: Found graph attached to entire obj
Rank[1] Finished chunk write 3
Rank[1] Starting chunk write 4
[INFO] PDC_CLIENT[1]: Found graph attached to entire obj
Rank[51] Starting chunk write 2
[INFO] PDC_CLIENT[51]: Found graph attached to entire obj
Rank[51] Finished chunk write 2
Rank[51] Starting chunk write 3
[INFO] PDC_CLIENT[51]: Found graph attached to entire obj
Rank[51] Finished chunk write 3
Rank[51] Starting chunk write 4
[INFO] PDC_CLIENT[51]: Found graph attached to entire obj
Rank[43] Starting chunk write 3
[INFO] PDC_CLIENT[43]: Found graph attached to entire obj
Rank[43] Finished chunk write 3
Rank[43] Starting chunk write 4
[INFO] PDC_CLIENT[43]: Found graph attached to entire obj
Rank[30] Finished chunk write 1
Rank[30] Starting chunk write 2
[INFO] PDC_CLIENT[30]: Found graph attached to entire obj
Rank[22] Finished chunk write 1
Rank[22] Starting chunk write 2
[INFO] PDC_CLIENT[22]: Found graph attached to entire obj
[INFO] PDC_CLIENT[26]: Found graph attached to entire obj
Rank[26] Finished chunk write 3
Rank[26] Starting chunk write 4
[INFO] PDC_CLIENT[26]: Found graph attached to entire obj
Rank[2] Finished chunk write 1
Rank[2] Starting chunk write 2
[INFO] PDC_CLIENT[2]: Found graph attached to entire obj
[INFO] PDC_CLIENT[48]: Found graph attached to entire obj
Rank[48] Finished chunk write 2
Rank[48] Starting chunk write 3
[INFO] PDC_CLIENT[48]: Found graph attached to entire obj
Rank[48] Finished chunk write 3
Rank[48] Starting chunk write 4
[INFO] PDC_CLIENT[48]: Found graph attached to entire obj
Rank[50] Finished chunk write 3
Rank[50] Starting chunk write 4
[INFO] PDC_CLIENT[50]: Found graph attached to entire obj
Rank[62] Finished chunk write 1
Rank[62] Starting chunk write 2
[INFO] PDC_CLIENT[62]: Found graph attached to entire obj
Rank[62] Finished chunk write 2
Rank[62] Starting chunk write 3
[INFO] PDC_CLIENT[62]: Found graph attached to entire obj
[INFO] PDC_CLIENT[42]: Found graph attached to entire obj
Rank[42] Finished chunk write 2
Rank[42] Starting chunk write 3
[INFO] PDC_CLIENT[42]: Found graph attached to entire obj
Rank[42] Finished chunk write 3
Rank[42] Starting chunk write 4
[INFO] PDC_CLIENT[42]: Found graph attached to entire obj
Rank[6] Starting chunk write 3
[INFO] PDC_CLIENT[6]: Found graph attached to entire obj
Rank[6] Finished chunk write 3
Rank[6] Starting chunk write 4
[INFO] PDC_CLIENT[6]: Found graph attached to entire obj
Rank[52] Finished chunk write 1
Rank[52] Starting chunk write 2
Rank[29] Finished chunk write 1
Rank[29] Starting chunk write 2
[INFO] PDC_CLIENT[39]: Found graph attached to entire obj
Rank[39] Finished chunk write 3
Rank[39] Starting chunk write 4
[INFO] PDC_CLIENT[39]: Found graph attached to entire obj
Rank[15] Starting chunk write 1
[INFO] PDC_CLIENT[15]: Found graph attached to entire obj
Rank[21] Starting chunk write 1
[INFO] PDC_CLIENT[33]: Found graph attached to entire obj
Rank[33] Finished chunk write 2
Rank[27] Starting chunk write 1
Rank[31] Starting chunk write 1
[INFO] PDC_CLIENT[11]: Found graph attached to entire obj
Rank[11] Finished chunk write 2
Rank[11] Starting chunk write 3
Rank[41] Starting chunk write 1
[INFO] PDC_CLIENT[41]: Found graph attached to entire obj
[INFO] PDC_CLIENT[24]: Found graph attached to entire obj
Rank[24] Finished chunk write 2
[INFO] PDC_CLIENT[44]: Found graph attached to entire obj
Rank[44] Finished chunk write 2
Rank[44] Starting chunk write 3
Rank[0] Calling write_chunk on impl
Rank[36] Starting chunk write 1
Rank[34] Starting chunk write 1
Rank[40] Finished chunk write 3
Rank[40] Starting chunk write 4
[INFO] PDC_CLIENT[40]: Found graph attached to entire obj
Rank[56] Finished chunk write 2
Rank[56] Starting chunk write 3
Rank[58] Starting chunk write 1
[INFO] PDC_CLIENT[58]: Found graph attached to entire obj
Rank[16] Starting chunk write 1
[INFO] PDC_CLIENT[16]: Found graph attached to entire obj
[INFO] PDC_CLIENT[54]: Found graph attached to entire obj
Rank[61] Starting chunk write 1
Rank[13] Starting chunk write 1
[INFO] PDC_CLIENT[13]: Found graph attached to entire obj
Rank[57] Finished chunk write 2
Rank[57] Starting chunk write 3
Rank[63] Starting chunk write 1
Rank[53] Starting chunk write 1
[INFO] PDC_CLIENT[53]: Found graph attached to entire obj
[INFO] PDC_CLIENT[49]: Found graph attached to entire obj
Rank[49] Finished chunk write 2
Rank[55] Finished chunk write 3
Rank[55] Starting chunk write 4
[INFO] PDC_CLIENT[55]: Found graph attached to entire obj
Rank[7] Starting chunk write 1
Rank[45] Starting chunk write 1
[INFO] PDC_CLIENT[45]: Found graph attached to entire obj
Rank[14] Starting chunk write 1
Rank[30] Finished chunk write 2
Rank[30] Starting chunk write 3
Rank[38] Starting chunk write 1
[INFO] PDC_CLIENT[38]: Found graph attached to entire obj
Rank[22] Finished chunk write 2
Rank[22] Starting chunk write 3
Rank[60] Starting chunk write 1
[INFO] PDC_CLIENT[60]: Found graph attached to entire obj
Rank[2] Finished chunk write 2
Rank[2] Starting chunk write 3
Rank[8] Starting chunk write 1
[INFO] PDC_CLIENT[8]: Found graph attached to entire obj
Rank[32] Starting chunk write 1
[INFO] PDC_CLIENT[32]: Found graph attached to entire obj
Rank[32] Finished chunk write 1
Rank[4] Starting chunk write 1
Rank[62] Finished chunk write 3
Rank[62] Starting chunk write 4
[INFO] PDC_CLIENT[62]: Found graph attached to entire obj
[INFO] PDC_CLIENT[52]: Found graph attached to entire obj
Rank[52] Finished chunk write 2
Rank[52] Starting chunk write 3
Rank[46] Starting chunk write 1
[INFO] PDC_CLIENT[46]: Found graph attached to entire obj
Rank[46] Finished chunk write 1
Rank[46] Starting chunk write 2
[INFO] PDC_CLIENT[29]: Found graph attached to entire obj
Rank[15] Finished chunk write 1
Rank[15] Starting chunk write 2
[INFO] PDC_CLIENT[15]: Found graph attached to entire obj
Rank[15] Finished chunk write 2
Rank[15] Starting chunk write 3
[INFO] PDC_CLIENT[21]: Found graph attached to entire obj
Rank[33] Starting chunk write 3
[INFO] PDC_CLIENT[33]: Found graph attached to entire obj
[INFO] PDC_CLIENT[27]: Found graph attached to entire obj
[INFO] PDC_CLIENT[31]: Found graph attached to entire obj
[INFO] PDC_CLIENT[11]: Found graph attached to entire obj
Rank[11] Finished chunk write 3
Rank[11] Starting chunk write 4
Rank[41] Finished chunk write 1
Rank[41] Starting chunk write 2
Rank[24] Starting chunk write 3
[INFO] PDC_CLIENT[24]: Found graph attached to entire obj
Rank[24] Finished chunk write 3
Rank[24] Starting chunk write 4
[INFO] PDC_CLIENT[24]: Found graph attached to entire obj
[INFO] PDC_CLIENT[44]: Found graph attached to entire obj
Rank[44] Finished chunk write 3
Rank[44] Starting chunk write 4
[INFO] PDC_CLIENT[0]: Found graph attached to entire obj
Rank[0] Finished chunk write 2
Rank[0] Starting chunk write 3
Rank[0] Calling write_chunk on impl
[INFO] PDC_CLIENT[36]: Found graph attached to entire obj
[INFO] PDC_CLIENT[34]: Found graph attached to entire obj
[INFO] PDC_CLIENT[56]: Found graph attached to entire obj
Rank[56] Finished chunk write 3
Rank[56] Starting chunk write 4
[INFO] PDC_CLIENT[56]: Found graph attached to entire obj
Rank[58] Finished chunk write 1
Rank[58] Starting chunk write 2
[INFO] PDC_CLIENT[58]: Found graph attached to entire obj
Rank[58] Finished chunk write 2
Rank[58] Starting chunk write 3
Rank[16] Finished chunk write 1
Rank[16] Starting chunk write 2
[INFO] PDC_CLIENT[61]: Found graph attached to entire obj
Rank[13] Finished chunk write 1
Rank[13] Starting chunk write 2
[INFO] PDC_CLIENT[13]: Found graph attached to entire obj
[INFO] PDC_CLIENT[57]: Found graph attached to entire obj
Rank[57] Finished chunk write 3
Rank[57] Starting chunk write 4
[INFO] PDC_CLIENT[57]: Found graph attached to entire obj
[INFO] PDC_CLIENT[63]: Found graph attached to entire obj
Rank[53] Finished chunk write 1
Rank[53] Starting chunk write 2
[INFO] PDC_CLIENT[53]: Found graph attached to entire obj
Rank[53] Finished chunk write 2
Rank[53] Starting chunk write 3
Rank[49] Starting chunk write 3
[INFO] PDC_CLIENT[49]: Found graph attached to entire obj
[INFO] PDC_CLIENT[7]: Found graph attached to entire obj
Rank[45] Finished chunk write 1
Rank[45] Starting chunk write 2
[INFO] PDC_CLIENT[45]: Found graph attached to entire obj
[INFO] PDC_CLIENT[14]: Found graph attached to entire obj
[INFO] PDC_CLIENT[30]: Found graph attached to entire obj
Rank[30] Finished chunk write 3
Rank[30] Starting chunk write 4
[INFO] PDC_CLIENT[30]: Found graph attached to entire obj
Rank[38] Finished chunk write 1
Rank[38] Starting chunk write 2
[INFO] PDC_CLIENT[22]: Found graph attached to entire obj
Rank[22] Finished chunk write 3
Rank[22] Starting chunk write 4
[INFO] PDC_CLIENT[22]: Found graph attached to entire obj
Rank[60] Finished chunk write 1
Rank[60] Starting chunk write 2
[INFO] PDC_CLIENT[2]: Found graph attached to entire obj
Rank[2] Finished chunk write 3
Rank[2] Starting chunk write 4
[INFO] PDC_CLIENT[2]: Found graph attached to entire obj
Rank[8] Finished chunk write 1
Rank[8] Starting chunk write 2
[INFO] PDC_CLIENT[8]: Found graph attached to entire obj
Rank[8] Finished chunk write 2
Rank[8] Starting chunk write 3
Rank[32] Starting chunk write 2
[INFO] PDC_CLIENT[32]: Found graph attached to entire obj
[INFO] PDC_CLIENT[4]: Found graph attached to entire obj
[INFO] PDC_CLIENT[52]: Found graph attached to entire obj
Rank[52] Finished chunk write 3
Rank[52] Starting chunk write 4
[INFO] PDC_CLIENT[52]: Found graph attached to entire obj
[INFO] PDC_CLIENT[46]: Found graph attached to entire obj
Rank[46] Finished chunk write 2
Rank[29] Finished chunk write 2
Rank[29] Starting chunk write 3
[INFO] PDC_CLIENT[29]: Found graph attached to entire obj
Rank[29] Finished chunk write 3
Rank[29] Starting chunk write 4
[INFO] PDC_CLIENT[29]: Found graph attached to entire obj
[INFO] PDC_CLIENT[15]: Found graph attached to entire obj
Rank[15] Finished chunk write 3
Rank[15] Starting chunk write 4
[INFO] PDC_CLIENT[15]: Found graph attached to entire obj
Rank[21] Finished chunk write 1
Rank[21] Starting chunk write 2
[INFO] PDC_CLIENT[21]: Found graph attached to entire obj
Rank[21] Finished chunk write 2
Rank[21] Starting chunk write 3
[INFO] PDC_CLIENT[21]: Found graph attached to entire obj
Rank[21] Finished chunk write 3
Rank[21] Starting chunk write 4
[INFO] PDC_CLIENT[21]: Found graph attached to entire obj
Rank[33] Finished chunk write 3
Rank[33] Starting chunk write 4
[INFO] PDC_CLIENT[33]: Found graph attached to entire obj
Rank[27] Finished chunk write 1
Rank[27] Starting chunk write 2
Rank[31] Finished chunk write 1
Rank[31] Starting chunk write 2
[INFO] PDC_CLIENT[31]: Found graph attached to entire obj
Rank[31] Finished chunk write 2
Rank[31] Starting chunk write 3
[INFO] PDC_CLIENT[31]: Found graph attached to entire obj
Rank[31] Finished chunk write 3
Rank[31] Starting chunk write 4
[INFO] PDC_CLIENT[31]: Found graph attached to entire obj
[INFO] PDC_CLIENT[11]: Found graph attached to entire obj
[INFO] PDC_CLIENT[41]: Found graph attached to entire obj
Rank[41] Finished chunk write 2
Rank[41] Starting chunk write 3
[INFO] PDC_CLIENT[41]: Found graph attached to entire obj
Rank[41] Finished chunk write 3
Rank[41] Starting chunk write 4
[INFO] PDC_CLIENT[41]: Found graph attached to entire obj
[INFO] PDC_CLIENT[44]: Found graph attached to entire obj
[INFO] PDC_CLIENT[0]: Found graph attached to entire obj
Rank[0] Finished chunk write 3
Rank[0] Starting chunk write 4
Rank[0] Calling write_chunk on impl
[INFO] PDC_CLIENT[0]: Found graph attached to entire obj
Rank[36] Finished chunk write 1
Rank[36] Starting chunk write 2
[INFO] PDC_CLIENT[36]: Found graph attached to entire obj
Rank[36] Finished chunk write 2
Rank[36] Starting chunk write 3
[INFO] PDC_CLIENT[36]: Found graph attached to entire obj
Rank[34] Finished chunk write 1
Rank[34] Starting chunk write 2
[INFO] PDC_CLIENT[34]: Found graph attached to entire obj
Rank[34] Finished chunk write 2
Rank[34] Starting chunk write 3
[INFO] PDC_CLIENT[34]: Found graph attached to entire obj
[INFO] PDC_CLIENT[58]: Found graph attached to entire obj
Rank[58] Finished chunk write 3
Rank[58] Starting chunk write 4
[INFO] PDC_CLIENT[58]: Found graph attached to entire obj
[INFO] PDC_CLIENT[16]: Found graph attached to entire obj
Rank[16] Finished chunk write 2
Rank[16] Starting chunk write 3
[INFO] PDC_CLIENT[16]: Found graph attached to entire obj
Rank[16] Finished chunk write 3
Rank[16] Starting chunk write 4
[INFO] PDC_CLIENT[16]: Found graph attached to entire obj
Rank[61] Finished chunk write 1
Rank[61] Starting chunk write 2
Rank[13] Finished chunk write 2
Rank[13] Starting chunk write 3
[INFO] PDC_CLIENT[13]: Found graph attached to entire obj
Rank[13] Finished chunk write 3
Rank[13] Starting chunk write 4
[INFO] PDC_CLIENT[13]: Found graph attached to entire obj
Rank[63] Finished chunk write 1
Rank[63] Starting chunk write 2
[INFO] PDC_CLIENT[53]: Found graph attached to entire obj
Rank[53] Finished chunk write 3
Rank[53] Starting chunk write 4
[INFO] PDC_CLIENT[53]: Found graph attached to entire obj
Rank[49] Finished chunk write 3
Rank[49] Starting chunk write 4
[INFO] PDC_CLIENT[49]: Found graph attached to entire obj
Rank[7] Finished chunk write 1
Rank[7] Starting chunk write 2
[INFO] PDC_CLIENT[7]: Found graph attached to entire obj
Rank[7] Finished chunk write 2
Rank[7] Starting chunk write 3
[INFO] PDC_CLIENT[7]: Found graph attached to entire obj
Rank[7] Finished chunk write 3
Rank[45] Finished chunk write 2
Rank[45] Starting chunk write 3
[INFO] PDC_CLIENT[45]: Found graph attached to entire obj
Rank[45] Finished chunk write 3
Rank[45] Starting chunk write 4
[INFO] PDC_CLIENT[45]: Found graph attached to entire obj
Rank[14] Finished chunk write 1
Rank[14] Starting chunk write 2
[INFO] PDC_CLIENT[14]: Found graph attached to entire obj
[INFO] PDC_CLIENT[38]: Found graph attached to entire obj
Rank[38] Finished chunk write 2
Rank[38] Starting chunk write 3
[INFO] PDC_CLIENT[38]: Found graph attached to entire obj
Rank[38] Finished chunk write 3
Rank[38] Starting chunk write 4
[INFO] PDC_CLIENT[38]: Found graph attached to entire obj
[INFO] PDC_CLIENT[60]: Found graph attached to entire obj
Rank[60] Finished chunk write 2
Rank[60] Starting chunk write 3
[INFO] PDC_CLIENT[60]: Found graph attached to entire obj
Rank[60] Finished chunk write 3
Rank[60] Starting chunk write 4
[INFO] PDC_CLIENT[60]: Found graph attached to entire obj
[INFO] PDC_CLIENT[8]: Found graph attached to entire obj
Rank[8] Finished chunk write 3
Rank[8] Starting chunk write 4
[INFO] PDC_CLIENT[8]: Found graph attached to entire obj
Rank[32] Finished chunk write 2
Rank[32] Starting chunk write 3
[INFO] PDC_CLIENT[32]: Found graph attached to entire obj
Rank[32] Finished chunk write 3
Rank[32] Starting chunk write 4
[INFO] PDC_CLIENT[32]: Found graph attached to entire obj
Rank[4] Finished chunk write 1
Rank[4] Starting chunk write 2
[INFO] PDC_CLIENT[4]: Found graph attached to entire obj
Rank[4] Finished chunk write 2
Rank[4] Starting chunk write 3
[INFO] PDC_CLIENT[4]: Found graph attached to entire obj
Rank[4] Finished chunk write 3
Rank[4] Starting chunk write 4
[INFO] PDC_CLIENT[4]: Found graph attached to entire obj
Rank[46] Starting chunk write 3
[INFO] PDC_CLIENT[46]: Found graph attached to entire obj
Rank[46] Finished chunk write 3
Rank[46] Starting chunk write 4
[INFO] PDC_CLIENT[46]: Found graph attached to entire obj
[INFO] PDC_CLIENT[27]: Found graph attached to entire obj
Rank[27] Finished chunk write 2
Rank[27] Starting chunk write 3
Rank[36] Finished chunk write 3
Rank[36] Starting chunk write 4
[INFO] PDC_CLIENT[36]: Found graph attached to entire obj
Rank[34] Finished chunk write 3
Rank[34] Starting chunk write 4
[INFO] PDC_CLIENT[34]: Found graph attached to entire obj
[INFO] PDC_CLIENT[61]: Found graph attached to entire obj
Rank[61] Finished chunk write 2
Rank[61] Starting chunk write 3
[INFO] PDC_CLIENT[61]: Found graph attached to entire obj
[INFO] PDC_CLIENT[63]: Found graph attached to entire obj
Rank[63] Finished chunk write 2
Rank[63] Starting chunk write 3
Rank[7] Starting chunk write 4
[INFO] PDC_CLIENT[7]: Found graph attached to entire obj
Rank[14] Finished chunk write 2
Rank[14] Starting chunk write 3
[INFO] PDC_CLIENT[27]: Found graph attached to entire obj
Rank[27] Finished chunk write 3
Rank[27] Starting chunk write 4
[INFO] PDC_CLIENT[27]: Found graph attached to entire obj
Rank[61] Finished chunk write 3
Rank[61] Starting chunk write 4
[INFO] PDC_CLIENT[61]: Found graph attached to entire obj
[INFO] PDC_CLIENT[63]: Found graph attached to entire obj
Rank[63] Finished chunk write 3
Rank[63] Starting chunk write 4
[INFO] PDC_CLIENT[63]: Found graph attached to entire obj
[INFO] PDC_CLIENT[14]: Found graph attached to entire obj
Rank[14] Finished chunk write 3
Rank[14] Starting chunk write 4
[INFO] PDC_CLIENT[14]: Found graph attached to entire obj
Rank[33] Finished chunk write 4
Rank[41] Finished chunk write 4
Rank[0] Finished chunk write 4
Rank[0] Calling flush on impl
Rank[58] Finished chunk write 4
Rank[54] Finished chunk write 4
Rank[45] Finished chunk write 4
Rank[38] Finished chunk write 4
Rank[46] Finished chunk write 4
Rank[49] Finished chunk write 4
Rank[55] Finished chunk write 4
Rank[42] Finished chunk write 4
Rank[37] Finished chunk write 4
Rank[43] Finished chunk write 4
Rank[39] Finished chunk write 4
Rank[51] Finished chunk write 4
Rank[36] Finished chunk write 4
Rank[62] Finished chunk write 4
Rank[56] Finished chunk write 4
Rank[40] Finished chunk write 4
Rank[53] Finished chunk write 4
Rank[60] Finished chunk write 4
Rank[32] Finished chunk write 4
Rank[48] Finished chunk write 4
Rank[35] Finished chunk write 4
Rank[59] Finished chunk write 4
Rank[34] Finished chunk write 4
Rank[61] Finished chunk write 4
Rank[63] Finished chunk write 4
Rank[47] Finished chunk write 4
Rank[50] Finished chunk write 4
Rank[44] Finished chunk write 4
Rank[57] Finished chunk write 4
Rank[52] Finished chunk write 4
Rank[25] Finished chunk write 4
Rank[13] Finished chunk write 4
Rank[1] Finished chunk write 4
Rank[21] Finished chunk write 4
Rank[11] Finished chunk write 4
Rank[12] Finished chunk write 4
Rank[20] Finished chunk write 4
Rank[30] Finished chunk write 4
Rank[4] Finished chunk write 4
Rank[15] Finished chunk write 4
Rank[9] Finished chunk write 4
Rank[10] Finished chunk write 4
Rank[22] Finished chunk write 4
Rank[5] Finished chunk write 4
Rank[6] Finished chunk write 4
Rank[3] Finished chunk write 4
Rank[29] Finished chunk write 4
Rank[7] Finished chunk write 4
Rank[23] Finished chunk write 4
Rank[27] Finished chunk write 4
Rank[31] Finished chunk write 4
Rank[28] Finished chunk write 4
Rank[14] Finished chunk write 4
Rank[24] Finished chunk write 4
Rank[2] Finished chunk write 4
Rank[8] Finished chunk write 4
Rank[16] Finished chunk write 4
Rank[19] Finished chunk write 4
Rank[26] Finished chunk write 4
Rank[17] Finished chunk write 4
Rank[18] Finished chunk write 4
Rank[15] Finished write
Rank[21] Finished write
Rank[33] Finished write
Rank[9] Finished write
Rank[5] Finished write
Rank[27] Finished write
Rank[3] Finished write
Rank[31] Finished write
Rank[37] Finished write
Rank[23] Finished write
Rank[11] Finished write
Rank[59] Finished write
Rank[17] Finished write
Rank[25] Finished write
Rank[41] Finished write
Rank[18] Finished write
Rank[24] Finished write
Rank[44] Finished write
Rank[0] Finished write
Rank[36] Finished write
Rank[12] Finished write
Rank[20] Finished write
Rank[34] Finished write
Rank[28] Finished write
Rank[10] Finished write
Rank[40] Finished write
Rank[56] Finished write
Rank[58] Finished write
Rank[16] Finished write
Rank[54] Finished write
Rank[35] Finished write
Rank[61] Finished write
Rank[13] Finished write
Rank[57] Finished write
Rank[63] Finished write
Rank[53] Finished write
Rank[19] Finished write
Rank[49] Finished write
Rank[55] Finished write
Rank[47] Finished write
Rank[7] Finished write
Rank[1] Finished write
Rank[51] Finished write
Rank[45] Finished write
Rank[43] Finished write
Rank[14] Finished write
Rank[30] Finished write
Rank[38] Finished write
Rank[22] Finished write
Rank[26] Finished write
Rank[60] Finished write
Rank[2] Finished write
Rank[8] Finished write
Rank[32] Finished write
Rank[4] Finished write
Rank[48] Finished write
Rank[50] Finished write
Rank[62] Finished write
Rank[42] Finished write
Rank[6] Finished write
Rank[52] Finished write
Rank[46] Finished write
Rank[29] Finished write
Rank[39] Finished write
Rank[15] Starting chunk read 1
[INFO] PDC_CLIENT[15]: Entire obj does not have attached graph
Rank[15] Finished chunk read 1
Rank[15] Starting chunk read 2
[INFO] PDC_CLIENT[15]: Entire obj does not have attached graph
Rank[15] Finished chunk read 2
Rank[15] Starting chunk read 3
[INFO] PDC_CLIENT[15]: Entire obj does not have attached graph
Rank[15] Finished chunk read 3
Rank[15] Starting chunk read 4
[INFO] PDC_CLIENT[15]: Entire obj does not have attached graph
Rank[21] Starting chunk read 1
[INFO] PDC_CLIENT[21]: Entire obj does not have attached graph
Rank[21] Finished chunk read 1
Rank[21] Starting chunk read 2
[INFO] PDC_CLIENT[21]: Entire obj does not have attached graph
Rank[21] Finished chunk read 2
Rank[21] Starting chunk read 3
[INFO] PDC_CLIENT[21]: Entire obj does not have attached graph
Rank[21] Finished chunk read 3
Rank[21] Starting chunk read 4
[INFO] PDC_CLIENT[21]: Entire obj does not have attached graph
Rank[33] Starting chunk read 1
[INFO] PDC_CLIENT[33]: Entire obj does not have attached graph
Rank[33] Finished chunk read 1
Rank[33] Starting chunk read 2
[INFO] PDC_CLIENT[33]: Entire obj does not have attached graph
Rank[33] Finished chunk read 2
Rank[33] Starting chunk read 3
[INFO] PDC_CLIENT[33]: Entire obj does not have attached graph
Rank[33] Finished chunk read 3
Rank[33] Starting chunk read 4
[INFO] PDC_CLIENT[33]: Entire obj does not have attached graph
Rank[9] Starting chunk read 1
[INFO] PDC_CLIENT[9]: Entire obj does not have attached graph
Rank[9] Finished chunk read 1
Rank[9] Starting chunk read 2
[INFO] PDC_CLIENT[9]: Entire obj does not have attached graph
Rank[9] Finished chunk read 2
Rank[9] Starting chunk read 3
[INFO] PDC_CLIENT[9]: Entire obj does not have attached graph
Rank[9] Finished chunk read 3
Rank[9] Starting chunk read 4
[INFO] PDC_CLIENT[9]: Entire obj does not have attached graph
Rank[5] Starting chunk read 1
[INFO] PDC_CLIENT[5]: Entire obj does not have attached graph
Rank[5] Finished chunk read 1
Rank[5] Starting chunk read 2
[INFO] PDC_CLIENT[5]: Entire obj does not have attached graph
Rank[5] Finished chunk read 2
Rank[5] Starting chunk read 3
[INFO] PDC_CLIENT[5]: Entire obj does not have attached graph
Rank[5] Finished chunk read 3
Rank[5] Starting chunk read 4
[INFO] PDC_CLIENT[5]: Entire obj does not have attached graph
Rank[27] Starting chunk read 1
[INFO] PDC_CLIENT[27]: Entire obj does not have attached graph
Rank[27] Finished chunk read 1
Rank[27] Starting chunk read 2
[INFO] PDC_CLIENT[27]: Entire obj does not have attached graph
Rank[27] Finished chunk read 2
Rank[27] Starting chunk read 3
[INFO] PDC_CLIENT[27]: Entire obj does not have attached graph
Rank[27] Finished chunk read 3
Rank[27] Starting chunk read 4
[INFO] PDC_CLIENT[27]: Entire obj does not have attached graph
Rank[3] Starting chunk read 1
[INFO] PDC_CLIENT[3]: Entire obj does not have attached graph
Rank[3] Finished chunk read 1
Rank[3] Starting chunk read 2
[INFO] PDC_CLIENT[3]: Entire obj does not have attached graph
Rank[3] Finished chunk read 2
Rank[3] Starting chunk read 3
[INFO] PDC_CLIENT[3]: Entire obj does not have attached graph
Rank[3] Finished chunk read 3
Rank[3] Starting chunk read 4
[INFO] PDC_CLIENT[3]: Entire obj does not have attached graph
Rank[31] Starting chunk read 1
[INFO] PDC_CLIENT[31]: Entire obj does not have attached graph
Rank[31] Finished chunk read 1
Rank[31] Starting chunk read 2
[INFO] PDC_CLIENT[31]: Entire obj does not have attached graph
Rank[31] Finished chunk read 2
Rank[31] Starting chunk read 3
[INFO] PDC_CLIENT[31]: Entire obj does not have attached graph
Rank[31] Finished chunk read 3
Rank[31] Starting chunk read 4
[INFO] PDC_CLIENT[31]: Entire obj does not have attached graph
Rank[37] Starting chunk read 1
[INFO] PDC_CLIENT[37]: Entire obj does not have attached graph
Rank[37] Finished chunk read 1
Rank[37] Starting chunk read 2
[INFO] PDC_CLIENT[37]: Entire obj does not have attached graph
Rank[37] Finished chunk read 2
Rank[37] Starting chunk read 3
[INFO] PDC_CLIENT[37]: Entire obj does not have attached graph
Rank[37] Finished chunk read 3
Rank[37] Starting chunk read 4
[INFO] PDC_CLIENT[37]: Entire obj does not have attached graph
Rank[23] Starting chunk read 1
[INFO] PDC_CLIENT[23]: Entire obj does not have attached graph
Rank[23] Finished chunk read 1
Rank[23] Starting chunk read 2
[INFO] PDC_CLIENT[23]: Entire obj does not have attached graph
Rank[23] Finished chunk read 2
Rank[23] Starting chunk read 3
[INFO] PDC_CLIENT[23]: Entire obj does not have attached graph
Rank[23] Finished chunk read 3
Rank[23] Starting chunk read 4
[INFO] PDC_CLIENT[23]: Entire obj does not have attached graph
Rank[11] Starting chunk read 1
[INFO] PDC_CLIENT[11]: Entire obj does not have attached graph
Rank[11] Finished chunk read 1
Rank[11] Starting chunk read 2
[INFO] PDC_CLIENT[11]: Entire obj does not have attached graph
Rank[11] Finished chunk read 2
Rank[11] Starting chunk read 3
[INFO] PDC_CLIENT[11]: Entire obj does not have attached graph
Rank[11] Finished chunk read 3
Rank[11] Starting chunk read 4
[INFO] PDC_CLIENT[11]: Entire obj does not have attached graph
Rank[59] Starting chunk read 1
[INFO] PDC_CLIENT[59]: Entire obj does not have attached graph
Rank[59] Finished chunk read 1
Rank[59] Starting chunk read 2
[INFO] PDC_CLIENT[59]: Entire obj does not have attached graph
Rank[59] Finished chunk read 2
Rank[59] Starting chunk read 3
[INFO] PDC_CLIENT[59]: Entire obj does not have attached graph
Rank[59] Finished chunk read 3
Rank[59] Starting chunk read 4
[INFO] PDC_CLIENT[59]: Entire obj does not have attached graph
Rank[17] Starting chunk read 1
[INFO] PDC_CLIENT[17]: Entire obj does not have attached graph
Rank[17] Finished chunk read 1
Rank[17] Starting chunk read 2
[INFO] PDC_CLIENT[17]: Entire obj does not have attached graph
Rank[17] Finished chunk read 2
Rank[17] Starting chunk read 3
[INFO] PDC_CLIENT[17]: Entire obj does not have attached graph
Rank[17] Finished chunk read 3
Rank[17] Starting chunk read 4
[INFO] PDC_CLIENT[17]: Entire obj does not have attached graph
Rank[25] Starting chunk read 1
[INFO] PDC_CLIENT[25]: Entire obj does not have attached graph
Rank[25] Finished chunk read 1
Rank[25] Starting chunk read 2
[INFO] PDC_CLIENT[25]: Entire obj does not have attached graph
Rank[25] Finished chunk read 2
Rank[25] Starting chunk read 3
[INFO] PDC_CLIENT[25]: Entire obj does not have attached graph
Rank[25] Finished chunk read 3
Rank[25] Starting chunk read 4
[INFO] PDC_CLIENT[25]: Entire obj does not have attached graph
Rank[41] Starting chunk read 1
[INFO] PDC_CLIENT[41]: Entire obj does not have attached graph
Rank[41] Finished chunk read 1
Rank[41] Starting chunk read 2
[INFO] PDC_CLIENT[41]: Entire obj does not have attached graph
Rank[41] Finished chunk read 2
Rank[41] Starting chunk read 3
[INFO] PDC_CLIENT[41]: Entire obj does not have attached graph
Rank[41] Finished chunk read 3
Rank[41] Starting chunk read 4
[INFO] PDC_CLIENT[41]: Entire obj does not have attached graph
Rank[18] Starting chunk read 1
[INFO] PDC_CLIENT[18]: Entire obj does not have attached graph
Rank[18] Finished chunk read 1
Rank[18] Starting chunk read 2
[INFO] PDC_CLIENT[18]: Entire obj does not have attached graph
Rank[18] Finished chunk read 2
Rank[18] Starting chunk read 3
[INFO] PDC_CLIENT[18]: Entire obj does not have attached graph
Rank[18] Finished chunk read 3
Rank[18] Starting chunk read 4
[INFO] PDC_CLIENT[18]: Entire obj does not have attached graph
Rank[24] Starting chunk read 1
[INFO] PDC_CLIENT[24]: Entire obj does not have attached graph
Rank[24] Finished chunk read 1
Rank[24] Starting chunk read 2
[INFO] PDC_CLIENT[24]: Entire obj does not have attached graph
Rank[24] Finished chunk read 2
Rank[24] Starting chunk read 3
[INFO] PDC_CLIENT[24]: Entire obj does not have attached graph
Rank[24] Finished chunk read 3
Rank[24] Starting chunk read 4
Rank[44] Starting chunk read 1
[INFO] PDC_CLIENT[44]: Entire obj does not have attached graph
Rank[44] Finished chunk read 1
Rank[44] Starting chunk read 2
[INFO] PDC_CLIENT[44]: Entire obj does not have attached graph
Rank[44] Finished chunk read 2
Rank[44] Starting chunk read 3
[INFO] PDC_CLIENT[44]: Entire obj does not have attached graph
Rank[44] Finished chunk read 3
Rank[44] Starting chunk read 4
[INFO] PDC_CLIENT[44]: Entire obj does not have attached graph
Rank[0] Calling close_dataset on impl
Rank[0] Calling reopen on impl
Rank[36] Starting chunk read 1
[INFO] PDC_CLIENT[36]: Entire obj does not have attached graph
Rank[36] Finished chunk read 1
Rank[36] Starting chunk read 2
[INFO] PDC_CLIENT[36]: Entire obj does not have attached graph
Rank[36] Finished chunk read 2
Rank[36] Starting chunk read 3
[INFO] PDC_CLIENT[36]: Entire obj does not have attached graph
Rank[36] Finished chunk read 3
Rank[36] Starting chunk read 4
[INFO] PDC_CLIENT[36]: Entire obj does not have attached graph
Rank[12] Starting chunk read 1
[INFO] PDC_CLIENT[12]: Entire obj does not have attached graph
Rank[12] Finished chunk read 1
Rank[12] Starting chunk read 2
[INFO] PDC_CLIENT[12]: Entire obj does not have attached graph
Rank[12] Finished chunk read 2
Rank[12] Starting chunk read 3
[INFO] PDC_CLIENT[12]: Entire obj does not have attached graph
Rank[12] Finished chunk read 3
Rank[12] Starting chunk read 4
[INFO] PDC_CLIENT[12]: Entire obj does not have attached graph
Rank[20] Starting chunk read 1
[INFO] PDC_CLIENT[20]: Entire obj does not have attached graph
Rank[20] Finished chunk read 1
Rank[20] Starting chunk read 2
[INFO] PDC_CLIENT[20]: Entire obj does not have attached graph
Rank[20] Finished chunk read 2
Rank[20] Starting chunk read 3
[INFO] PDC_CLIENT[20]: Entire obj does not have attached graph
Rank[20] Finished chunk read 3
Rank[20] Starting chunk read 4
[INFO] PDC_CLIENT[20]: Entire obj does not have attached graph
Rank[34] Starting chunk read 1
[INFO] PDC_CLIENT[34]: Entire obj does not have attached graph
Rank[34] Finished chunk read 1
Rank[34] Starting chunk read 2
[INFO] PDC_CLIENT[34]: Entire obj does not have attached graph
Rank[34] Finished chunk read 2
Rank[34] Starting chunk read 3
[INFO] PDC_CLIENT[34]: Entire obj does not have attached graph
Rank[34] Finished chunk read 3
Rank[34] Starting chunk read 4
[INFO] PDC_CLIENT[34]: Entire obj does not have attached graph
Rank[28] Starting chunk read 1
[INFO] PDC_CLIENT[28]: Entire obj does not have attached graph
Rank[28] Finished chunk read 1
Rank[28] Starting chunk read 2
[INFO] PDC_CLIENT[28]: Entire obj does not have attached graph
Rank[28] Finished chunk read 2
Rank[28] Starting chunk read 3
[INFO] PDC_CLIENT[28]: Entire obj does not have attached graph
Rank[28] Finished chunk read 3
Rank[28] Starting chunk read 4
[INFO] PDC_CLIENT[28]: Entire obj does not have attached graph
Rank[10] Starting chunk read 1
[INFO] PDC_CLIENT[10]: Entire obj does not have attached graph
Rank[10] Finished chunk read 1
Rank[10] Starting chunk read 2
[INFO] PDC_CLIENT[10]: Entire obj does not have attached graph
Rank[10] Finished chunk read 2
Rank[10] Starting chunk read 3
[INFO] PDC_CLIENT[10]: Entire obj does not have attached graph
Rank[10] Finished chunk read 3
Rank[10] Starting chunk read 4
[INFO] PDC_CLIENT[10]: Entire obj does not have attached graph
Rank[40] Starting chunk read 1
[INFO] PDC_CLIENT[40]: Entire obj does not have attached graph
Rank[40] Finished chunk read 1
Rank[40] Starting chunk read 2
[INFO] PDC_CLIENT[40]: Entire obj does not have attached graph
Rank[40] Finished chunk read 2
Rank[40] Starting chunk read 3
[INFO] PDC_CLIENT[40]: Entire obj does not have attached graph
Rank[40] Finished chunk read 3
Rank[40] Starting chunk read 4
[INFO] PDC_CLIENT[40]: Entire obj does not have attached graph
Rank[56] Starting chunk read 1
[INFO] PDC_CLIENT[56]: Entire obj does not have attached graph
Rank[56] Finished chunk read 1
Rank[56] Starting chunk read 2
[INFO] PDC_CLIENT[56]: Entire obj does not have attached graph
Rank[56] Finished chunk read 2
Rank[56] Starting chunk read 3
[INFO] PDC_CLIENT[56]: Entire obj does not have attached graph
Rank[56] Finished chunk read 3
Rank[56] Starting chunk read 4
[INFO] PDC_CLIENT[56]: Entire obj does not have attached graph
Rank[58] Starting chunk read 1
[INFO] PDC_CLIENT[58]: Entire obj does not have attached graph
Rank[58] Finished chunk read 1
Rank[58] Starting chunk read 2
[INFO] PDC_CLIENT[58]: Entire obj does not have attached graph
Rank[58] Finished chunk read 2
Rank[58] Starting chunk read 3
[INFO] PDC_CLIENT[58]: Entire obj does not have attached graph
Rank[58] Finished chunk read 3
Rank[58] Starting chunk read 4
[INFO] PDC_CLIENT[58]: Entire obj does not have attached graph
Rank[16] Starting chunk read 1
[INFO] PDC_CLIENT[16]: Entire obj does not have attached graph
Rank[16] Finished chunk read 1
Rank[16] Starting chunk read 2
[INFO] PDC_CLIENT[16]: Entire obj does not have attached graph
Rank[16] Finished chunk read 2
Rank[16] Starting chunk read 3
[INFO] PDC_CLIENT[16]: Entire obj does not have attached graph
Rank[16] Finished chunk read 3
Rank[16] Starting chunk read 4
[INFO] PDC_CLIENT[16]: Entire obj does not have attached graph
Rank[54] Starting chunk read 1
[INFO] PDC_CLIENT[54]: Entire obj does not have attached graph
Rank[54] Finished chunk read 1
Rank[54] Starting chunk read 2
[INFO] PDC_CLIENT[54]: Entire obj does not have attached graph
Rank[54] Finished chunk read 2
Rank[54] Starting chunk read 3
[INFO] PDC_CLIENT[54]: Entire obj does not have attached graph
Rank[54] Finished chunk read 3
Rank[54] Starting chunk read 4
[INFO] PDC_CLIENT[54]: Entire obj does not have attached graph
Rank[35] Starting chunk read 1
[INFO] PDC_CLIENT[35]: Entire obj does not have attached graph
Rank[35] Finished chunk read 1
Rank[35] Starting chunk read 2
[INFO] PDC_CLIENT[35]: Entire obj does not have attached graph
Rank[35] Finished chunk read 2
Rank[35] Starting chunk read 3
[INFO] PDC_CLIENT[35]: Entire obj does not have attached graph
Rank[35] Finished chunk read 3
Rank[35] Starting chunk read 4
[INFO] PDC_CLIENT[35]: Entire obj does not have attached graph
Rank[61] Starting chunk read 1
[INFO] PDC_CLIENT[61]: Entire obj does not have attached graph
Rank[61] Finished chunk read 1
Rank[61] Starting chunk read 2
[INFO] PDC_CLIENT[61]: Entire obj does not have attached graph
Rank[61] Finished chunk read 2
Rank[61] Starting chunk read 3
[INFO] PDC_CLIENT[61]: Entire obj does not have attached graph
Rank[61] Finished chunk read 3
Rank[61] Starting chunk read 4
[INFO] PDC_CLIENT[61]: Entire obj does not have attached graph
Rank[13] Starting chunk read 1
[INFO] PDC_CLIENT[13]: Entire obj does not have attached graph
Rank[13] Finished chunk read 1
Rank[13] Starting chunk read 2
[INFO] PDC_CLIENT[13]: Entire obj does not have attached graph
Rank[13] Finished chunk read 2
Rank[13] Starting chunk read 3
[INFO] PDC_CLIENT[13]: Entire obj does not have attached graph
Rank[13] Finished chunk read 3
Rank[13] Starting chunk read 4
Rank[57] Starting chunk read 1
[INFO] PDC_CLIENT[57]: Entire obj does not have attached graph
Rank[57] Finished chunk read 1
Rank[57] Starting chunk read 2
[INFO] PDC_CLIENT[57]: Entire obj does not have attached graph
Rank[57] Finished chunk read 2
Rank[57] Starting chunk read 3
[INFO] PDC_CLIENT[57]: Entire obj does not have attached graph
Rank[57] Finished chunk read 3
Rank[57] Starting chunk read 4
[INFO] PDC_CLIENT[57]: Entire obj does not have attached graph
Rank[63] Starting chunk read 1
[INFO] PDC_CLIENT[63]: Entire obj does not have attached graph
Rank[63] Finished chunk read 1
Rank[63] Starting chunk read 2
[INFO] PDC_CLIENT[63]: Entire obj does not have attached graph
Rank[63] Finished chunk read 2
Rank[63] Starting chunk read 3
[INFO] PDC_CLIENT[63]: Entire obj does not have attached graph
Rank[63] Finished chunk read 3
Rank[63] Starting chunk read 4
[INFO] PDC_CLIENT[63]: Entire obj does not have attached graph
Rank[53] Starting chunk read 1
[INFO] PDC_CLIENT[53]: Entire obj does not have attached graph
Rank[53] Finished chunk read 1
Rank[53] Starting chunk read 2
[INFO] PDC_CLIENT[53]: Entire obj does not have attached graph
Rank[53] Finished chunk read 2
Rank[53] Starting chunk read 3
[INFO] PDC_CLIENT[53]: Entire obj does not have attached graph
Rank[53] Finished chunk read 3
Rank[53] Starting chunk read 4
[INFO] PDC_CLIENT[53]: Entire obj does not have attached graph
Rank[19] Starting chunk read 1
[INFO] PDC_CLIENT[19]: Entire obj does not have attached graph
Rank[19] Finished chunk read 1
Rank[19] Starting chunk read 2
[INFO] PDC_CLIENT[19]: Entire obj does not have attached graph
Rank[19] Finished chunk read 2
Rank[19] Starting chunk read 3
[INFO] PDC_CLIENT[19]: Entire obj does not have attached graph
Rank[19] Finished chunk read 3
Rank[19] Starting chunk read 4
[INFO] PDC_CLIENT[19]: Entire obj does not have attached graph
Rank[49] Starting chunk read 1
[INFO] PDC_CLIENT[49]: Entire obj does not have attached graph
Rank[49] Finished chunk read 1
Rank[49] Starting chunk read 2
[INFO] PDC_CLIENT[49]: Entire obj does not have attached graph
Rank[49] Finished chunk read 2
Rank[49] Starting chunk read 3
[INFO] PDC_CLIENT[49]: Entire obj does not have attached graph
Rank[49] Finished chunk read 3
Rank[49] Starting chunk read 4
[INFO] PDC_CLIENT[49]: Entire obj does not have attached graph
Rank[55] Starting chunk read 1
[INFO] PDC_CLIENT[55]: Entire obj does not have attached graph
Rank[55] Finished chunk read 1
Rank[55] Starting chunk read 2
[INFO] PDC_CLIENT[55]: Entire obj does not have attached graph
Rank[55] Finished chunk read 2
Rank[55] Starting chunk read 3
[INFO] PDC_CLIENT[55]: Entire obj does not have attached graph
Rank[55] Finished chunk read 3
Rank[55] Starting chunk read 4
[INFO] PDC_CLIENT[55]: Entire obj does not have attached graph
Rank[47] Starting chunk read 1
[INFO] PDC_CLIENT[47]: Entire obj does not have attached graph
Rank[47] Finished chunk read 1
Rank[47] Starting chunk read 2
[INFO] PDC_CLIENT[47]: Entire obj does not have attached graph
Rank[47] Finished chunk read 2
Rank[47] Starting chunk read 3
[INFO] PDC_CLIENT[47]: Entire obj does not have attached graph
Rank[47] Finished chunk read 3
Rank[47] Starting chunk read 4
[INFO] PDC_CLIENT[47]: Entire obj does not have attached graph
Rank[7] Starting chunk read 1
[INFO] PDC_CLIENT[7]: Entire obj does not have attached graph
Rank[7] Finished chunk read 1
Rank[7] Starting chunk read 2
[INFO] PDC_CLIENT[7]: Entire obj does not have attached graph
Rank[7] Finished chunk read 2
Rank[7] Starting chunk read 3
[INFO] PDC_CLIENT[7]: Entire obj does not have attached graph
Rank[7] Finished chunk read 3
Rank[7] Starting chunk read 4
[INFO] PDC_CLIENT[7]: Entire obj does not have attached graph
Rank[1] Starting chunk read 1
[INFO] PDC_CLIENT[1]: Entire obj does not have attached graph
Rank[1] Finished chunk read 1
Rank[1] Starting chunk read 2
[INFO] PDC_CLIENT[1]: Entire obj does not have attached graph
Rank[1] Finished chunk read 2
Rank[1] Starting chunk read 3
[INFO] PDC_CLIENT[1]: Entire obj does not have attached graph
Rank[1] Finished chunk read 3
Rank[1] Starting chunk read 4
[INFO] PDC_CLIENT[1]: Entire obj does not have attached graph
Rank[51] Starting chunk read 1
[INFO] PDC_CLIENT[51]: Entire obj does not have attached graph
Rank[51] Finished chunk read 1
Rank[51] Starting chunk read 2
[INFO] PDC_CLIENT[51]: Entire obj does not have attached graph
Rank[51] Finished chunk read 2
Rank[51] Starting chunk read 3
[INFO] PDC_CLIENT[51]: Entire obj does not have attached graph
Rank[51] Finished chunk read 3
Rank[51] Starting chunk read 4
[INFO] PDC_CLIENT[51]: Entire obj does not have attached graph
Rank[45] Starting chunk read 1
[INFO] PDC_CLIENT[45]: Entire obj does not have attached graph
Rank[45] Finished chunk read 1
Rank[45] Starting chunk read 2
[INFO] PDC_CLIENT[45]: Entire obj does not have attached graph
Rank[45] Finished chunk read 2
Rank[45] Starting chunk read 3
[INFO] PDC_CLIENT[45]: Entire obj does not have attached graph
Rank[45] Finished chunk read 3
Rank[45] Starting chunk read 4
[INFO] PDC_CLIENT[45]: Entire obj does not have attached graph
Rank[43] Starting chunk read 1
[INFO] PDC_CLIENT[43]: Entire obj does not have attached graph
Rank[43] Finished chunk read 1
Rank[43] Starting chunk read 2
[INFO] PDC_CLIENT[43]: Entire obj does not have attached graph
Rank[43] Finished chunk read 2
Rank[43] Starting chunk read 3
[INFO] PDC_CLIENT[43]: Entire obj does not have attached graph
Rank[43] Finished chunk read 3
Rank[14] Starting chunk read 1
[INFO] PDC_CLIENT[14]: Entire obj does not have attached graph
Rank[14] Finished chunk read 1
Rank[14] Starting chunk read 2
[INFO] PDC_CLIENT[14]: Entire obj does not have attached graph
Rank[14] Finished chunk read 2
Rank[14] Starting chunk read 3
[INFO] PDC_CLIENT[14]: Entire obj does not have attached graph
Rank[14] Finished chunk read 3
Rank[14] Starting chunk read 4
[INFO] PDC_CLIENT[14]: Entire obj does not have attached graph
Rank[30] Starting chunk read 1
[INFO] PDC_CLIENT[30]: Entire obj does not have attached graph
Rank[30] Finished chunk read 1
Rank[30] Starting chunk read 2
[INFO] PDC_CLIENT[30]: Entire obj does not have attached graph
Rank[30] Finished chunk read 2
Rank[30] Starting chunk read 3
[INFO] PDC_CLIENT[30]: Entire obj does not have attached graph
Rank[30] Finished chunk read 3
Rank[30] Starting chunk read 4
[INFO] PDC_CLIENT[30]: Entire obj does not have attached graph
Rank[38] Starting chunk read 1
[INFO] PDC_CLIENT[38]: Entire obj does not have attached graph
Rank[38] Finished chunk read 1
Rank[38] Starting chunk read 2
[INFO] PDC_CLIENT[38]: Entire obj does not have attached graph
Rank[38] Finished chunk read 2
Rank[38] Starting chunk read 3
[INFO] PDC_CLIENT[38]: Entire obj does not have attached graph
Rank[38] Finished chunk read 3
Rank[38] Starting chunk read 4
[INFO] PDC_CLIENT[38]: Entire obj does not have attached graph
Rank[22] Starting chunk read 1
[INFO] PDC_CLIENT[22]: Entire obj does not have attached graph
Rank[22] Finished chunk read 1
Rank[22] Starting chunk read 2
[INFO] PDC_CLIENT[22]: Entire obj does not have attached graph
Rank[22] Finished chunk read 2
Rank[22] Starting chunk read 3
[INFO] PDC_CLIENT[22]: Entire obj does not have attached graph
Rank[22] Finished chunk read 3
Rank[22] Starting chunk read 4
[INFO] PDC_CLIENT[22]: Entire obj does not have attached graph
Rank[26] Starting chunk read 1
[INFO] PDC_CLIENT[26]: Entire obj does not have attached graph
Rank[26] Finished chunk read 1
Rank[26] Starting chunk read 2
[INFO] PDC_CLIENT[26]: Entire obj does not have attached graph
Rank[26] Finished chunk read 2
Rank[26] Starting chunk read 3
[INFO] PDC_CLIENT[26]: Entire obj does not have attached graph
Rank[26] Finished chunk read 3
Rank[26] Starting chunk read 4
[INFO] PDC_CLIENT[26]: Entire obj does not have attached graph
Rank[60] Starting chunk read 1
[INFO] PDC_CLIENT[60]: Entire obj does not have attached graph
Rank[60] Finished chunk read 1
Rank[60] Starting chunk read 2
[INFO] PDC_CLIENT[60]: Entire obj does not have attached graph
Rank[60] Finished chunk read 2
Rank[60] Starting chunk read 3
[INFO] PDC_CLIENT[60]: Entire obj does not have attached graph
Rank[60] Finished chunk read 3
Rank[60] Starting chunk read 4
[INFO] PDC_CLIENT[60]: Entire obj does not have attached graph
Rank[2] Starting chunk read 1
[INFO] PDC_CLIENT[2]: Entire obj does not have attached graph
Rank[2] Finished chunk read 1
Rank[2] Starting chunk read 2
[INFO] PDC_CLIENT[2]: Entire obj does not have attached graph
Rank[2] Finished chunk read 2
Rank[2] Starting chunk read 3
[INFO] PDC_CLIENT[2]: Entire obj does not have attached graph
Rank[2] Finished chunk read 3
Rank[2] Starting chunk read 4
[INFO] PDC_CLIENT[2]: Entire obj does not have attached graph
Rank[8] Starting chunk read 1
[INFO] PDC_CLIENT[8]: Entire obj does not have attached graph
Rank[8] Finished chunk read 1
Rank[8] Starting chunk read 2
[INFO] PDC_CLIENT[8]: Entire obj does not have attached graph
Rank[8] Finished chunk read 2
Rank[8] Starting chunk read 3
[INFO] PDC_CLIENT[8]: Entire obj does not have attached graph
Rank[8] Finished chunk read 3
Rank[8] Starting chunk read 4
[INFO] PDC_CLIENT[8]: Entire obj does not have attached graph
Rank[32] Starting chunk read 1
[INFO] PDC_CLIENT[32]: Entire obj does not have attached graph
Rank[32] Finished chunk read 1
Rank[32] Starting chunk read 2
[INFO] PDC_CLIENT[32]: Entire obj does not have attached graph
Rank[32] Finished chunk read 2
Rank[32] Starting chunk read 3
[INFO] PDC_CLIENT[32]: Entire obj does not have attached graph
Rank[32] Finished chunk read 3
Rank[32] Starting chunk read 4
[INFO] PDC_CLIENT[32]: Entire obj does not have attached graph
Rank[4] Starting chunk read 1
[INFO] PDC_CLIENT[4]: Entire obj does not have attached graph
Rank[4] Finished chunk read 1
Rank[4] Starting chunk read 2
[INFO] PDC_CLIENT[4]: Entire obj does not have attached graph
Rank[4] Finished chunk read 2
Rank[4] Starting chunk read 3
[INFO] PDC_CLIENT[4]: Entire obj does not have attached graph
Rank[4] Finished chunk read 3
Rank[4] Starting chunk read 4
[INFO] PDC_CLIENT[4]: Entire obj does not have attached graph
Rank[48] Starting chunk read 1
[INFO] PDC_CLIENT[48]: Entire obj does not have attached graph
Rank[48] Finished chunk read 1
Rank[48] Starting chunk read 2
[INFO] PDC_CLIENT[48]: Entire obj does not have attached graph
Rank[48] Finished chunk read 2
Rank[48] Starting chunk read 3
[INFO] PDC_CLIENT[48]: Entire obj does not have attached graph
Rank[48] Finished chunk read 3
Rank[48] Starting chunk read 4
[INFO] PDC_CLIENT[48]: Entire obj does not have attached graph
Rank[50] Starting chunk read 1
[INFO] PDC_CLIENT[50]: Entire obj does not have attached graph
Rank[50] Finished chunk read 1
Rank[50] Starting chunk read 2
[INFO] PDC_CLIENT[50]: Entire obj does not have attached graph
Rank[50] Finished chunk read 2
Rank[50] Starting chunk read 3
[INFO] PDC_CLIENT[50]: Entire obj does not have attached graph
Rank[50] Finished chunk read 3
Rank[50] Starting chunk read 4
[INFO] PDC_CLIENT[50]: Entire obj does not have attached graph
Rank[62] Starting chunk read 1
[INFO] PDC_CLIENT[62]: Entire obj does not have attached graph
Rank[62] Finished chunk read 1
Rank[62] Starting chunk read 2
[INFO] PDC_CLIENT[62]: Entire obj does not have attached graph
Rank[62] Finished chunk read 2
Rank[62] Starting chunk read 3
[INFO] PDC_CLIENT[62]: Entire obj does not have attached graph
Rank[62] Finished chunk read 3
Rank[62] Starting chunk read 4
[INFO] PDC_CLIENT[62]: Entire obj does not have attached graph
Rank[42] Starting chunk read 1
[INFO] PDC_CLIENT[42]: Entire obj does not have attached graph
Rank[42] Finished chunk read 1
Rank[42] Starting chunk read 2
[INFO] PDC_CLIENT[42]: Entire obj does not have attached graph
Rank[42] Finished chunk read 2
Rank[42] Starting chunk read 3
[INFO] PDC_CLIENT[42]: Entire obj does not have attached graph
Rank[42] Finished chunk read 3
Rank[42] Starting chunk read 4
[INFO] PDC_CLIENT[42]: Entire obj does not have attached graph
Rank[6] Starting chunk read 1
[INFO] PDC_CLIENT[6]: Entire obj does not have attached graph
Rank[6] Finished chunk read 1
Rank[6] Starting chunk read 2
[INFO] PDC_CLIENT[6]: Entire obj does not have attached graph
Rank[6] Finished chunk read 2
Rank[6] Starting chunk read 3
[INFO] PDC_CLIENT[6]: Entire obj does not have attached graph
Rank[6] Finished chunk read 3
Rank[6] Starting chunk read 4
[INFO] PDC_CLIENT[6]: Entire obj does not have attached graph
Rank[52] Starting chunk read 1
[INFO] PDC_CLIENT[52]: Entire obj does not have attached graph
Rank[52] Finished chunk read 1
Rank[52] Starting chunk read 2
[INFO] PDC_CLIENT[52]: Entire obj does not have attached graph
Rank[52] Finished chunk read 2
Rank[52] Starting chunk read 3
[INFO] PDC_CLIENT[52]: Entire obj does not have attached graph
Rank[52] Finished chunk read 3
Rank[52] Starting chunk read 4
[INFO] PDC_CLIENT[52]: Entire obj does not have attached graph
Rank[46] Starting chunk read 1
[INFO] PDC_CLIENT[46]: Entire obj does not have attached graph
Rank[46] Finished chunk read 1
Rank[46] Starting chunk read 2
[INFO] PDC_CLIENT[46]: Entire obj does not have attached graph
Rank[46] Finished chunk read 2
Rank[46] Starting chunk read 3
[INFO] PDC_CLIENT[46]: Entire obj does not have attached graph
Rank[46] Finished chunk read 3
Rank[46] Starting chunk read 4
[INFO] PDC_CLIENT[46]: Entire obj does not have attached graph
Rank[29] Starting chunk read 1
[INFO] PDC_CLIENT[29]: Entire obj does not have attached graph
Rank[29] Finished chunk read 1
Rank[29] Starting chunk read 2
[INFO] PDC_CLIENT[29]: Entire obj does not have attached graph
Rank[29] Finished chunk read 2
Rank[29] Starting chunk read 3
[INFO] PDC_CLIENT[29]: Entire obj does not have attached graph
Rank[29] Finished chunk read 3
Rank[29] Starting chunk read 4
[INFO] PDC_CLIENT[29]: Entire obj does not have attached graph
Rank[39] Starting chunk read 1
[INFO] PDC_CLIENT[39]: Entire obj does not have attached graph
Rank[39] Finished chunk read 1
Rank[39] Starting chunk read 2
[INFO] PDC_CLIENT[39]: Entire obj does not have attached graph
Rank[39] Finished chunk read 2
Rank[39] Starting chunk read 3
[INFO] PDC_CLIENT[39]: Entire obj does not have attached graph
Rank[39] Finished chunk read 3
Rank[39] Starting chunk read 4
[INFO] PDC_CLIENT[39]: Entire obj does not have attached graph
[INFO] PDC_CLIENT[24]: Entire obj does not have attached graph
Rank[0] Starting chunk read 1
Rank[0] Calling read_chunk on impl
[INFO] PDC_CLIENT[0]: Entire obj does not have attached graph
Rank[0] Finished chunk read 1
Rank[0] Starting chunk read 2
Rank[0] Calling read_chunk on impl
[INFO] PDC_CLIENT[0]: Entire obj does not have attached graph
Rank[0] Finished chunk read 2
Rank[0] Starting chunk read 3
Rank[0] Calling read_chunk on impl
[INFO] PDC_CLIENT[0]: Entire obj does not have attached graph
Rank[0] Finished chunk read 3
Rank[0] Starting chunk read 4
Rank[0] Calling read_chunk on impl
[INFO] PDC_CLIENT[0]: Entire obj does not have attached graph
[INFO] PDC_CLIENT[13]: Entire obj does not have attached graph
Rank[43] Starting chunk read 4
[INFO] PDC_CLIENT[43]: Entire obj does not have attached graph
Rank[33] Finished chunk read 4
Rank[37] Finished chunk read 4
Rank[61] Finished chunk read 4
Rank[13] Finished chunk read 4
Rank[7] Finished chunk read 4
Rank[8] Finished chunk read 4
Rank[48] Finished chunk read 4
Rank[52] Finished chunk read 4
Rank[25] Finished chunk read 4
Rank[53] Finished chunk read 4
Rank[20] Finished chunk read 4
Rank[24] Finished chunk read 4
Rank[44] Finished chunk read 4
Rank[12] Finished chunk read 4
Rank[56] Finished chunk read 4
Rank[50] Finished chunk read 4
Rank[6] Finished chunk read 4
Rank[46] Finished chunk read 4
Rank[59] Finished chunk read 4
Rank[10] Finished chunk read 4
Rank[35] Finished chunk read 4
Rank[57] Finished chunk read 4
Rank[47] Finished chunk read 4
Rank[22] Finished chunk read 4
Rank[4] Finished chunk read 4
Rank[34] Finished chunk read 4
Rank[15] Finished chunk read 4
Rank[30] Finished chunk read 4
Rank[3] Finished chunk read 4
Rank[1] Finished chunk read 4
Rank[60] Finished chunk read 4
Rank[36] Finished chunk read 4
Rank[27] Finished chunk read 4
Rank[29] Finished chunk read 4
Rank[21] Finished chunk read 4
Rank[0] Finished chunk read 4
Rank[0] Calling flush on impl
Rank[14] Finished chunk read 4
Rank[16] Finished chunk read 4
Rank[26] Finished chunk read 4
Rank[5] Finished chunk read 4
Rank[31] Finished chunk read 4
Rank[23] Finished chunk read 4
Rank[9] Finished chunk read 4
Rank[17] Finished chunk read 4
Rank[2] Finished chunk read 4
Rank[55] Finished chunk read 4
Rank[11] Finished chunk read 4
Rank[18] Finished chunk read 4
Rank[63] Finished chunk read 4
Rank[19] Finished chunk read 4
Rank[43] Finished chunk read 4
Rank[42] Finished chunk read 4
Rank[58] Finished chunk read 4
Rank[54] Finished chunk read 4
Rank[51] Finished chunk read 4
Rank[62] Finished chunk read 4
Rank[41] Finished chunk read 4
Rank[49] Finished chunk read 4
Rank[39] Finished chunk read 4
Rank[40] Finished chunk read 4
Rank[45] Finished chunk read 4
Rank[38] Finished chunk read 4
Rank[32] Finished chunk read 4
Rank[28] Finished chunk read 4
Rank[0] Calling close_dataset on impl
Rank[0] Calling deinit on impl
Rank[0] ==============================================
Rank[0] Timer results appended to output.csv
Rank[0] Finished workload PDC-ZFP
Rank[0] ==============================================
