Entered main
Rank[0] {
  "workloads":[
    {
      "name":"PDC",
      "implementation":"pdc",
      "io_participations":[
        "independent"
      ],
      "filter":"raw",
      "params":"batch"
    }
  ],
  "chunk_size_bytes":4194304,
  "chunks_per_rank":4,
  "validate_read":false
}
Rank[0] ==============================================
Rank[0] Starting workload PDC
Rank[0] Running with 16 rank(s)
Rank[0] Chunks per rank 4
Rank[0] Params batchRank[0] Using independent I/O
Rank[0] Requested chunk size 4194304 bytes
Rank[0] Rounded chunk size 524288 bytes
Rank[0] Total data to be written: 0 GB (33554432) bytes
Rank[0] ==============================================
Entered main
[INFO] PDC_CLIENT[2]: PDCtf_init called
Entered main
[INFO] PDC_CLIENT[3]: PDCtf_init called
Entered main
[INFO] PDC_CLIENT[6]: PDCtf_init called
Entered main
[INFO] PDC_CLIENT[9]: PDCtf_init called
Entered main
[INFO] PDC_CLIENT[8]: PDCtf_init called
Entered main
[INFO] PDC_CLIENT[13]: PDCtf_init called
Entered main
[INFO] PDC_CLIENT[11]: PDCtf_init called
Entered main
[INFO] PDC_CLIENT[10]: PDCtf_init called
Entered main
[INFO] PDC_CLIENT[7]: PDCtf_init called
Entered main
[INFO] PDC_CLIENT[5]: PDCtf_init called
[INFO] PDC_CLIENT[0]: PDCtf_init called
Entered main
[INFO] PDC_CLIENT[1]: PDCtf_init called
Entered main
[INFO] PDC_CLIENT[15]: PDCtf_init called
Entered main
[INFO] PDC_CLIENT[14]: PDCtf_init called
Entered main
[INFO] PDC_CLIENT[4]: PDCtf_init called
Entered main
[INFO] PDC_CLIENT[12]: PDCtf_init called
[INFO] PDC_CLIENT[0]: PDC_DEBUG set to 0
[INFO] PDC_CLIENT[0]: Found 1 PDC Metadata servers, running with 16 PDC clients
[INFO] PDC_CLIENT[0]: Environment variable HG_TRANSPORT was NOT set
[INFO] PDC_CLIENT[0]: Environment variable HG_HOST was NOT set
[INFO] PDC_CLIENT[0]: Connection string: ofi+tcp://nid004654:8000
[INFO] PDC_CLIENT[0]: Using [./pdc_tmp] as tmp dir, 16 clients per server
Rank[0] Calling init_dataset on impl
Creating container with name cont_0
Rank[0] Creating object with name obj_0
Rank[0] No filter enabled
Rank[0] Calling create_dataset on impl
Rank[0] Starting write
Creating container with name cont_0
Rank[10] Starting write
Creating container with name cont_0
Rank[5] Starting write
Creating container with name cont_0
Rank[3] Starting write
Creating container with name cont_0
Rank[2] Starting write
Creating container with name cont_0
Rank[6] Starting write
Creating container with name cont_0
Rank[7] Starting write
Creating container with name cont_0
Rank[4] Starting write
Creating container with name cont_0
Rank[9] Starting write
Creating container with name cont_0
Rank[11] Starting write
Creating container with name cont_0
Rank[1] Starting write
Creating container with name cont_0
Rank[14] Starting write
Rank[5] Starting chunk write 1
Rank[3] Starting chunk write 1
Rank[0] Starting chunk write 1
Rank[0] Calling write_chunk on impl
Rank[2] Starting chunk write 1
Rank[6] Starting chunk write 1
Rank[7] Starting chunk write 1
Rank[4] Starting chunk write 1
Creating container with name cont_0
Rank[8] Starting write
Creating container with name cont_0
Rank[15] Starting write
Rank[11] Starting chunk write 1
Rank[14] Starting chunk write 1
Creating container with name cont_0
Rank[13] Starting write
Rank[1] Starting chunk write 1
Creating container with name cont_0
Rank[12] Starting write
Rank[12] Starting chunk write 1
Rank[8] Starting chunk write 1
Rank[15] Starting chunk write 1
Rank[9] Starting chunk write 1
Rank[13] Starting chunk write 1
Rank[10] Starting chunk write 1
[INFO] PDC_CLIENT[4]: Entire obj does not have attached graph
Rank[4] Finished chunk write 1
Rank[4] Starting chunk write 2
[INFO] PDC_CLIENT[4]: Entire obj does not have attached graph
Rank[4] Finished chunk write 2
Rank[4] Starting chunk write 3
[INFO] PDC_CLIENT[4]: Entire obj does not have attached graph
Rank[4] Finished chunk write 3
Rank[4] Starting chunk write 4
[INFO] PDC_CLIENT[4]: Entire obj does not have attached graph
[INFO] PDC_CLIENT[11]: Entire obj does not have attached graph
Rank[11] Finished chunk write 1
Rank[11] Starting chunk write 2
[INFO] PDC_CLIENT[13]: Entire obj does not have attached graph
[INFO] PDC_CLIENT[6]: Entire obj does not have attached graph
[INFO] PDC_CLIENT[11]: Entire obj does not have attached graph
Rank[11] Finished chunk write 2
Rank[13] Finished chunk write 1
Rank[13] Starting chunk write 2
[INFO] PDC_CLIENT[5]: Entire obj does not have attached graph
Rank[5] Finished chunk write 1
Rank[5] Starting chunk write 2
Rank[6] Finished chunk write 1
Rank[6] Starting chunk write 2
Rank[11] Starting chunk write 3
[INFO] PDC_CLIENT[11]: Entire obj does not have attached graph
Rank[11] Finished chunk write 3
Rank[11] Starting chunk write 4
[INFO] PDC_CLIENT[11]: Entire obj does not have attached graph
[INFO] PDC_CLIENT[13]: Entire obj does not have attached graph
Rank[13] Finished chunk write 2
Rank[13] Starting chunk write 3
[INFO] PDC_CLIENT[13]: Entire obj does not have attached graph
Rank[13] Finished chunk write 3
Rank[13] Starting chunk write 4
[INFO] PDC_CLIENT[5]: Entire obj does not have attached graph
[INFO] PDC_CLIENT[0]: Entire obj does not have attached graph
[INFO] PDC_CLIENT[6]: Entire obj does not have attached graph
Rank[6] Finished chunk write 2
Rank[6] Starting chunk write 3
[INFO] PDC_CLIENT[6]: Entire obj does not have attached graph
[INFO] PDC_CLIENT[15]: Entire obj does not have attached graph
Rank[15] Finished chunk write 1
Rank[15] Starting chunk write 2
[INFO] PDC_CLIENT[15]: Entire obj does not have attached graph
Rank[15] Finished chunk write 2
[INFO] PDC_CLIENT[13]: Entire obj does not have attached graph
Rank[5] Finished chunk write 2
Rank[5] Starting chunk write 3
[INFO] PDC_CLIENT[5]: Entire obj does not have attached graph
Rank[5] Finished chunk write 3
Rank[5] Starting chunk write 4
[INFO] PDC_CLIENT[5]: Entire obj does not have attached graph
Rank[0] Finished chunk write 1
Rank[0] Starting chunk write 2
Rank[0] Calling write_chunk on impl
[INFO] PDC_CLIENT[0]: Entire obj does not have attached graph
Rank[6] Finished chunk write 3
Rank[6] Starting chunk write 4
[INFO] PDC_CLIENT[6]: Entire obj does not have attached graph
Rank[15] Starting chunk write 3
[INFO] PDC_CLIENT[15]: Entire obj does not have attached graph
Rank[15] Finished chunk write 3
Rank[15] Starting chunk write 4
Rank[0] Finished chunk write 2
Rank[0] Starting chunk write 3
Rank[0] Calling write_chunk on impl
[INFO] PDC_CLIENT[0]: Entire obj does not have attached graph
Rank[0] Finished chunk write 3
Rank[0] Starting chunk write 4
Rank[0] Calling write_chunk on impl
[INFO] PDC_CLIENT[0]: Entire obj does not have attached graph
[INFO] PDC_CLIENT[15]: Entire obj does not have attached graph
[INFO] PDC_CLIENT[9]: Entire obj does not have attached graph
[INFO] PDC_CLIENT[7]: Entire obj does not have attached graph
Rank[9] Finished chunk write 1
Rank[9] Starting chunk write 2
[INFO] PDC_CLIENT[9]: Entire obj does not have attached graph
Rank[9] Finished chunk write 2
Rank[9] Starting chunk write 3
[INFO] PDC_CLIENT[12]: Entire obj does not have attached graph
[INFO] PDC_CLIENT[3]: Entire obj does not have attached graph
[INFO] PDC_CLIENT[2]: Entire obj does not have attached graph
Rank[7] Finished chunk write 1
Rank[7] Starting chunk write 2
[INFO] PDC_CLIENT[7]: Entire obj does not have attached graph
[INFO] PDC_CLIENT[9]: Entire obj does not have attached graph
Rank[9] Finished chunk write 3
Rank[9] Starting chunk write 4
[INFO] PDC_CLIENT[9]: Entire obj does not have attached graph
Rank[12] Finished chunk write 1
Rank[12] Starting chunk write 2
Rank[3] Finished chunk write 1
Rank[3] Starting chunk write 2
Rank[2] Finished chunk write 1
Rank[2] Starting chunk write 2
Rank[7] Finished chunk write 2
Rank[7] Starting chunk write 3
[INFO] PDC_CLIENT[7]: Entire obj does not have attached graph
Rank[7] Finished chunk write 3
Rank[7] Starting chunk write 4
[INFO] PDC_CLIENT[7]: Entire obj does not have attached graph
[INFO] PDC_CLIENT[12]: Entire obj does not have attached graph
Rank[12] Finished chunk write 2
Rank[12] Starting chunk write 3
[INFO] PDC_CLIENT[12]: Entire obj does not have attached graph
Rank[12] Finished chunk write 3
Rank[12] Starting chunk write 4
[INFO] PDC_CLIENT[3]: Entire obj does not have attached graph
Rank[3] Finished chunk write 2
Rank[3] Starting chunk write 3
[INFO] PDC_CLIENT[3]: Entire obj does not have attached graph
Rank[3] Finished chunk write 3
Rank[3] Starting chunk write 4
[INFO] PDC_CLIENT[3]: Entire obj does not have attached graph
[INFO] PDC_CLIENT[2]: Entire obj does not have attached graph
Rank[2] Finished chunk write 2
Rank[2] Starting chunk write 3
[INFO] PDC_CLIENT[10]: Entire obj does not have attached graph
Rank[10] Finished chunk write 1
Rank[10] Starting chunk write 2
[INFO] PDC_CLIENT[12]: Entire obj does not have attached graph
[INFO] PDC_CLIENT[2]: Entire obj does not have attached graph
Rank[2] Finished chunk write 3
Rank[2] Starting chunk write 4
[INFO] PDC_CLIENT[2]: Entire obj does not have attached graph
[INFO] PDC_CLIENT[8]: Entire obj does not have attached graph
Rank[8] Finished chunk write 1
[INFO] PDC_CLIENT[14]: Entire obj does not have attached graph
[INFO] PDC_CLIENT[10]: Entire obj does not have attached graph
[INFO] PDC_CLIENT[1]: Entire obj does not have attached graph
Rank[1] Finished chunk write 1
Rank[1] Starting chunk write 2
Rank[8] Starting chunk write 2
Rank[14] Finished chunk write 1
Rank[14] Starting chunk write 2
Rank[10] Finished chunk write 2
Rank[10] Starting chunk write 3
[INFO] PDC_CLIENT[10]: Entire obj does not have attached graph
Rank[10] Finished chunk write 3
Rank[10] Starting chunk write 4
[INFO] PDC_CLIENT[10]: Entire obj does not have attached graph
[INFO] PDC_CLIENT[1]: Entire obj does not have attached graph
Rank[1] Finished chunk write 2
Rank[1] Starting chunk write 3
[INFO] PDC_CLIENT[8]: Entire obj does not have attached graph
Rank[8] Finished chunk write 2
Rank[8] Starting chunk write 3
[INFO] PDC_CLIENT[8]: Entire obj does not have attached graph
Rank[8] Finished chunk write 3
Rank[8] Starting chunk write 4
[INFO] PDC_CLIENT[8]: Entire obj does not have attached graph
[INFO] PDC_CLIENT[14]: Entire obj does not have attached graph
Rank[14] Finished chunk write 2
Rank[14] Starting chunk write 3
[INFO] PDC_CLIENT[14]: Entire obj does not have attached graph
Rank[14] Finished chunk write 3
Rank[14] Starting chunk write 4
[INFO] PDC_CLIENT[1]: Entire obj does not have attached graph
Rank[1] Finished chunk write 3
Rank[1] Starting chunk write 4
[INFO] PDC_CLIENT[1]: Entire obj does not have attached graph
[INFO] PDC_CLIENT[14]: Entire obj does not have attached graph
Rank[4] Finished chunk write 4
Rank[11] Finished chunk write 4
Rank[5] Finished chunk write 4
Rank[15] Finished chunk write 4
Rank[13] Finished chunk write 4
Rank[9] Finished chunk write 4
Rank[0] Finished chunk write 4
Rank[0] Calling flush on impl
Rank[6] Finished chunk write 4
Rank[12] Finished chunk write 4
Rank[3] Finished chunk write 4
Rank[7] Finished chunk write 4
Rank[14] Finished chunk write 4
Rank[1] Finished chunk write 4
Rank[2] Finished chunk write 4
Rank[8] Finished chunk write 4
Rank[10] Finished chunk write 4
Rank[5] Finished write
Rank[3] Finished write
Rank[0] Finished write
Rank[2] Finished write
Rank[6] Finished write
Rank[7] Finished write
Rank[4] Finished write
Rank[8] Finished write
Rank[15] Finished write
Rank[9] Finished write
Rank[11] Finished write
Rank[14] Finished write
Rank[13] Finished write
Rank[10] Finished write
Rank[1] Finished write
Rank[12] Finished write
Rank[0] Calling close_dataset on impl
Rank[0] Calling reopen on impl
Rank[5] Starting chunk read 1
[INFO] PDC_CLIENT[5]: Entire obj does not have attached graph
Rank[5] Finished chunk read 1
Rank[5] Starting chunk read 2
[INFO] PDC_CLIENT[5]: Entire obj does not have attached graph
Rank[5] Finished chunk read 2
Rank[3] Starting chunk read 1
[INFO] PDC_CLIENT[3]: Entire obj does not have attached graph
Rank[3] Finished chunk read 1
Rank[3] Starting chunk read 2
[INFO] PDC_CLIENT[3]: Entire obj does not have attached graph
Rank[3] Finished chunk read 2
Rank[3] Starting chunk read 3
[INFO] PDC_CLIENT[3]: Entire obj does not have attached graph
Rank[3] Finished chunk read 3
Rank[0] Starting chunk read 1
Rank[0] Calling read_chunk on impl
[INFO] PDC_CLIENT[0]: Entire obj does not have attached graph
Rank[0] Finished chunk read 1
Rank[0] Starting chunk read 2
Rank[0] Calling read_chunk on impl
[INFO] PDC_CLIENT[0]: Entire obj does not have attached graph
Rank[0] Finished chunk read 2
Rank[0] Starting chunk read 3
Rank[0] Calling read_chunk on impl
[INFO] PDC_CLIENT[0]: Entire obj does not have attached graph
Rank[0] Finished chunk read 3
Rank[0] Starting chunk read 4
Rank[0] Calling read_chunk on impl
[INFO] PDC_CLIENT[0]: Entire obj does not have attached graph
Rank[2] Starting chunk read 1
[INFO] PDC_CLIENT[2]: Entire obj does not have attached graph
Rank[2] Finished chunk read 1
Rank[2] Starting chunk read 2
[INFO] PDC_CLIENT[2]: Entire obj does not have attached graph
Rank[2] Finished chunk read 2
Rank[2] Starting chunk read 3
[INFO] PDC_CLIENT[2]: Entire obj does not have attached graph
Rank[2] Finished chunk read 3
Rank[2] Starting chunk read 4
Rank[6] Starting chunk read 1
[INFO] PDC_CLIENT[6]: Entire obj does not have attached graph
Rank[6] Finished chunk read 1
Rank[6] Starting chunk read 2
[INFO] PDC_CLIENT[6]: Entire obj does not have attached graph
Rank[6] Finished chunk read 2
Rank[6] Starting chunk read 3
[INFO] PDC_CLIENT[6]: Entire obj does not have attached graph
Rank[6] Finished chunk read 3
Rank[6] Starting chunk read 4
[INFO] PDC_CLIENT[6]: Entire obj does not have attached graph
Rank[7] Starting chunk read 1
[INFO] PDC_CLIENT[7]: Entire obj does not have attached graph
Rank[7] Finished chunk read 1
Rank[7] Starting chunk read 2
[INFO] PDC_CLIENT[7]: Entire obj does not have attached graph
Rank[7] Finished chunk read 2
Rank[7] Starting chunk read 3
[INFO] PDC_CLIENT[7]: Entire obj does not have attached graph
Rank[7] Finished chunk read 3
Rank[7] Starting chunk read 4
[INFO] PDC_CLIENT[7]: Entire obj does not have attached graph
Rank[4] Starting chunk read 1
[INFO] PDC_CLIENT[4]: Entire obj does not have attached graph
Rank[4] Finished chunk read 1
Rank[4] Starting chunk read 2
[INFO] PDC_CLIENT[4]: Entire obj does not have attached graph
Rank[4] Finished chunk read 2
Rank[4] Starting chunk read 3
[INFO] PDC_CLIENT[4]: Entire obj does not have attached graph
Rank[4] Finished chunk read 3
Rank[4] Starting chunk read 4
[INFO] PDC_CLIENT[4]: Entire obj does not have attached graph
Rank[8] Starting chunk read 1
[INFO] PDC_CLIENT[8]: Entire obj does not have attached graph
Rank[8] Finished chunk read 1
Rank[8] Starting chunk read 2
[INFO] PDC_CLIENT[8]: Entire obj does not have attached graph
Rank[8] Finished chunk read 2
Rank[8] Starting chunk read 3
[INFO] PDC_CLIENT[8]: Entire obj does not have attached graph
Rank[8] Finished chunk read 3
Rank[8] Starting chunk read 4
[INFO] PDC_CLIENT[8]: Entire obj does not have attached graph
Rank[15] Starting chunk read 1
[INFO] PDC_CLIENT[15]: Entire obj does not have attached graph
Rank[15] Finished chunk read 1
Rank[15] Starting chunk read 2
[INFO] PDC_CLIENT[15]: Entire obj does not have attached graph
Rank[15] Finished chunk read 2
Rank[15] Starting chunk read 3
[INFO] PDC_CLIENT[15]: Entire obj does not have attached graph
Rank[15] Finished chunk read 3
Rank[15] Starting chunk read 4
[INFO] PDC_CLIENT[15]: Entire obj does not have attached graph
Rank[9] Starting chunk read 1
[INFO] PDC_CLIENT[9]: Entire obj does not have attached graph
Rank[9] Finished chunk read 1
Rank[9] Starting chunk read 2
[INFO] PDC_CLIENT[9]: Entire obj does not have attached graph
Rank[9] Finished chunk read 2
Rank[9] Starting chunk read 3
[INFO] PDC_CLIENT[9]: Entire obj does not have attached graph
Rank[9] Finished chunk read 3
Rank[9] Starting chunk read 4
[INFO] PDC_CLIENT[9]: Entire obj does not have attached graph
Rank[11] Starting chunk read 1
[INFO] PDC_CLIENT[11]: Entire obj does not have attached graph
Rank[11] Finished chunk read 1
Rank[11] Starting chunk read 2
[INFO] PDC_CLIENT[11]: Entire obj does not have attached graph
Rank[11] Finished chunk read 2
Rank[11] Starting chunk read 3
[INFO] PDC_CLIENT[11]: Entire obj does not have attached graph
Rank[11] Finished chunk read 3
Rank[11] Starting chunk read 4
[INFO] PDC_CLIENT[11]: Entire obj does not have attached graph
Rank[14] Starting chunk read 1
[INFO] PDC_CLIENT[14]: Entire obj does not have attached graph
Rank[14] Finished chunk read 1
Rank[14] Starting chunk read 2
[INFO] PDC_CLIENT[14]: Entire obj does not have attached graph
Rank[14] Finished chunk read 2
Rank[14] Starting chunk read 3
[INFO] PDC_CLIENT[14]: Entire obj does not have attached graph
Rank[14] Finished chunk read 3
Rank[14] Starting chunk read 4
[INFO] PDC_CLIENT[14]: Entire obj does not have attached graph
Rank[13] Starting chunk read 1
[INFO] PDC_CLIENT[13]: Entire obj does not have attached graph
Rank[13] Finished chunk read 1
Rank[13] Starting chunk read 2
[INFO] PDC_CLIENT[13]: Entire obj does not have attached graph
Rank[13] Finished chunk read 2
Rank[13] Starting chunk read 3
[INFO] PDC_CLIENT[13]: Entire obj does not have attached graph
Rank[13] Finished chunk read 3
Rank[13] Starting chunk read 4
[INFO] PDC_CLIENT[13]: Entire obj does not have attached graph
Rank[10] Starting chunk read 1
[INFO] PDC_CLIENT[10]: Entire obj does not have attached graph
Rank[10] Finished chunk read 1
Rank[10] Starting chunk read 2
[INFO] PDC_CLIENT[10]: Entire obj does not have attached graph
Rank[10] Finished chunk read 2
Rank[10] Starting chunk read 3
[INFO] PDC_CLIENT[10]: Entire obj does not have attached graph
Rank[10] Finished chunk read 3
Rank[10] Starting chunk read 4
[INFO] PDC_CLIENT[10]: Entire obj does not have attached graph
Rank[1] Starting chunk read 1
[INFO] PDC_CLIENT[1]: Entire obj does not have attached graph
Rank[1] Finished chunk read 1
Rank[1] Starting chunk read 2
[INFO] PDC_CLIENT[1]: Entire obj does not have attached graph
Rank[1] Finished chunk read 2
Rank[1] Starting chunk read 3
[INFO] PDC_CLIENT[1]: Entire obj does not have attached graph
Rank[1] Finished chunk read 3
Rank[1] Starting chunk read 4
[INFO] PDC_CLIENT[1]: Entire obj does not have attached graph
Rank[12] Starting chunk read 1
[INFO] PDC_CLIENT[12]: Entire obj does not have attached graph
Rank[12] Finished chunk read 1
Rank[12] Starting chunk read 2
[INFO] PDC_CLIENT[12]: Entire obj does not have attached graph
Rank[12] Finished chunk read 2
Rank[12] Starting chunk read 3
[INFO] PDC_CLIENT[12]: Entire obj does not have attached graph
Rank[12] Finished chunk read 3
Rank[12] Starting chunk read 4
[INFO] PDC_CLIENT[12]: Entire obj does not have attached graph
Rank[5] Starting chunk read 3
[INFO] PDC_CLIENT[5]: Entire obj does not have attached graph
Rank[5] Finished chunk read 3
Rank[5] Starting chunk read 4
[INFO] PDC_CLIENT[5]: Entire obj does not have attached graph
Rank[3] Starting chunk read 4
[INFO] PDC_CLIENT[3]: Entire obj does not have attached graph
[INFO] PDC_CLIENT[2]: Entire obj does not have attached graph
Rank[3] Finished chunk read 4
Rank[13] Finished chunk read 4
Rank[10] Finished chunk read 4
Rank[6] Finished chunk read 4
Rank[8] Finished chunk read 4
Rank[9] Finished chunk read 4
Rank[1] Finished chunk read 4
Rank[12] Finished chunk read 4
Rank[4] Finished chunk read 4
Rank[5] Finished chunk read 4
Rank[0] Finished chunk read 4
Rank[0] Calling flush on impl
Rank[11] Finished chunk read 4
Rank[15] Finished chunk read 4
Rank[14] Finished chunk read 4
Rank[2] Finished chunk read 4
Rank[7] Finished chunk read 4
Rank[0] Calling close_dataset on impl
Rank[0] Calling deinit on impl
Rank[0] ==============================================
Rank[0] Timer results appended to output.csv
Rank[0] Finished workload PDC
Rank[0] ==============================================
