[INFO] PDC_CLIENT[98]: PDCtf_init called
[INFO] PDC_CLIENT[2]: PDCtf_init called
[INFO] PDC_CLIENT[14]: PDCtf_init called
[INFO] PDC_CLIENT[32]: PDCtf_init called
[INFO] PDC_CLIENT[38]: PDCtf_init called
[INFO] PDC_CLIENT[80]: PDCtf_init called
[INFO] PDC_CLIENT[104]: PDCtf_init called
[INFO] PDC_CLIENT[74]: PDCtf_init called
[INFO] PDC_CLIENT[20]: PDCtf_init called
[INFO] PDC_CLIENT[54]: PDCtf_init called
[INFO] PDC_CLIENT[12]: PDCtf_init called
[INFO] PDC_CLIENT[66]: PDCtf_init called
[INFO] PDC_CLIENT[42]: PDCtf_init called
[INFO] PDC_CLIENT[36]: PDCtf_init called
[INFO] PDC_CLIENT[61]: PDCtf_init called
[INFO] PDC_CLIENT[7]: PDCtf_init called
[INFO] PDC_CLIENT[91]: PDCtf_init called
[INFO] PDC_CLIENT[25]: PDCtf_init called
[INFO] PDC_CLIENT[67]: PDCtf_init called
[INFO] PDC_CLIENT[103]: PDCtf_init called
[INFO] PDC_CLIENT[43]: PDCtf_init called
[INFO] PDC_CLIENT[92]: PDCtf_init called
[INFO] PDC_CLIENT[68]: PDCtf_init called
[INFO] PDC_CLIENT[86]: PDCtf_init called
[INFO] PDC_CLIENT[128]: PDCtf_init called
[INFO] PDC_CLIENT[122]: PDCtf_init called
[INFO] PDC_CLIENT[50]: PDCtf_init called
[INFO] PDC_CLIENT[62]: PDCtf_init called
[INFO] PDC_CLIENT[99]: PDCtf_init called
[INFO] PDC_CLIENT[45]: PDCtf_init called
[INFO] PDC_CLIENT[69]: PDCtf_init called
[INFO] PDC_CLIENT[39]: PDCtf_init called
[INFO] PDC_CLIENT[51]: PDCtf_init called
[INFO] PDC_CLIENT[27]: PDCtf_init called
[INFO] PDC_CLIENT[63]: PDCtf_init called
[INFO] PDC_CLIENT[9]: PDCtf_init called
[INFO] PDC_CLIENT[93]: PDCtf_init called
[INFO] PDC_CLIENT[4]: PDCtf_init called
[INFO] PDC_CLIENT[22]: PDCtf_init called
[INFO] PDC_CLIENT[34]: PDCtf_init called
[INFO] PDC_CLIENT[10]: PDCtf_init called
[INFO] PDC_CLIENT[94]: PDCtf_init called
[INFO] PDC_CLIENT[16]: PDCtf_init called
[INFO] PDC_CLIENT[53]: PDCtf_init called
[INFO] PDC_CLIENT[17]: PDCtf_init called
[INFO] PDC_CLIENT[131]: PDCtf_init called
[INFO] PDC_CLIENT[77]: PDCtf_init called
[INFO] PDC_CLIENT[59]: PDCtf_init called
[INFO] PDC_CLIENT[101]: PDCtf_init called
[INFO] PDC_CLIENT[60]: PDCtf_init called
[INFO] PDC_CLIENT[18]: PDCtf_init called
[INFO] PDC_CLIENT[24]: PDCtf_init called
[INFO] PDC_CLIENT[30]: PDCtf_init called
[INFO] PDC_CLIENT[90]: PDCtf_init called
[INFO] PDC_CLIENT[109]: PDCtf_init called
[INFO] PDC_CLIENT[79]: PDCtf_init called
[INFO] PDC_CLIENT[55]: PDCtf_init called
[INFO] PDC_CLIENT[19]: PDCtf_init called
[INFO] PDC_CLIENT[85]: PDCtf_init called
[INFO] PDC_CLIENT[13]: PDCtf_init called
[INFO] PDC_CLIENT[44]: PDCtf_init called
[INFO] PDC_CLIENT[134]: PDCtf_init called
[INFO] PDC_CLIENT[56]: PDCtf_init called
[INFO] PDC_CLIENT[21]: PDCtf_init called
[INFO] PDC_CLIENT[117]: PDCtf_init called
[INFO] PDC_CLIENT[123]: PDCtf_init called
[INFO] PDC_CLIENT[88]: PDCtf_init called
[INFO] PDC_CLIENT[142]: PDCtf_init called
[INFO] PDC_CLIENT[118]: PDCtf_init called
[INFO] PDC_CLIENT[52]: PDCtf_init called
[INFO] PDC_CLIENT[40]: PDCtf_init called
[INFO] PDC_CLIENT[64]: PDCtf_init called
[INFO] PDC_CLIENT[70]: PDCtf_init called
[INFO] PDC_CLIENT[28]: PDCtf_init called
[INFO] PDC_CLIENT[106]: PDCtf_init called
[INFO] PDC_CLIENT[11]: PDCtf_init called
[INFO] PDC_CLIENT[23]: PDCtf_init called
[INFO] PDC_CLIENT[65]: PDCtf_init called
[INFO] PDC_CLIENT[29]: PDCtf_init called
[INFO] PDC_CLIENT[120]: PDCtf_init called
[INFO] PDC_CLIENT[6]: PDCtf_init called
[INFO] PDC_CLIENT[108]: PDCtf_init called
[INFO] PDC_CLIENT[132]: PDCtf_init called
[INFO] PDC_CLIENT[0]: PDCtf_init called
[INFO] PDC_CLIENT[78]: PDCtf_init called
[INFO] PDC_CLIENT[150]: PDCtf_init called
[INFO] PDC_CLIENT[127]: PDCtf_init called
[INFO] PDC_CLIENT[31]: PDCtf_init called
[INFO] PDC_CLIENT[115]: PDCtf_init called
[INFO] PDC_CLIENT[133]: PDCtf_init called
[INFO] PDC_CLIENT[87]: PDCtf_init called
[INFO] PDC_CLIENT[15]: PDCtf_init called
[INFO] PDC_CLIENT[3]: PDCtf_init called
[INFO] PDC_CLIENT[75]: PDCtf_init called
[INFO] PDC_CLIENT[100]: PDCtf_init called
[INFO] PDC_CLIENT[76]: PDCtf_init called
[INFO] PDC_CLIENT[58]: PDCtf_init called
[INFO] PDC_CLIENT[112]: PDCtf_init called
[INFO] PDC_CLIENT[35]: PDCtf_init called
[INFO] PDC_CLIENT[83]: PDCtf_init called
[INFO] PDC_CLIENT[71]: PDCtf_init called
[INFO] PDC_CLIENT[119]: PDCtf_init called
[INFO] PDC_CLIENT[143]: PDCtf_init called
[INFO] PDC_CLIENT[107]: PDCtf_init called
[INFO] PDC_CLIENT[138]: PDCtf_init called
[INFO] PDC_CLIENT[37]: PDCtf_init called
[INFO] PDC_CLIENT[212]: PDCtf_init called
[INFO] PDC_CLIENT[176]: PDCtf_init called
[INFO] PDC_CLIENT[218]: PDCtf_init called
[INFO] PDC_CLIENT[146]: PDCtf_init called
[INFO] PDC_CLIENT[96]: PDCtf_init called
[INFO] PDC_CLIENT[228]: PDCtf_init called
[INFO] PDC_CLIENT[198]: PDCtf_init called
[INFO] PDC_CLIENT[156]: PDCtf_init called
[INFO] PDC_CLIENT[102]: PDCtf_init called
[INFO] PDC_CLIENT[144]: PDCtf_init called
[INFO] PDC_CLIENT[174]: PDCtf_init called
[INFO] PDC_CLIENT[121]: PDCtf_init called
[INFO] PDC_CLIENT[163]: PDCtf_init called
[INFO] PDC_CLIENT[73]: PDCtf_init called
[INFO] PDC_CLIENT[199]: PDCtf_init called
[INFO] PDC_CLIENT[49]: PDCtf_init called
[INFO] PDC_CLIENT[194]: PDCtf_init called
[INFO] PDC_CLIENT[110]: PDCtf_init called
[INFO] PDC_CLIENT[200]: PDCtf_init called
[INFO] PDC_CLIENT[164]: PDCtf_init called
[INFO] PDC_CLIENT[170]: PDCtf_init called
[INFO] PDC_CLIENT[111]: PDCtf_init called
[INFO] PDC_CLIENT[129]: PDCtf_init called
[INFO] PDC_CLIENT[190]: PDCtf_init called
[INFO] PDC_CLIENT[160]: PDCtf_init called
[INFO] PDC_CLIENT[130]: PDCtf_init called
[INFO] PDC_CLIENT[148]: PDCtf_init called
[INFO] PDC_CLIENT[82]: PDCtf_init called
[INFO] PDC_CLIENT[154]: PDCtf_init called
[INFO] PDC_CLIENT[166]: PDCtf_init called
[INFO] PDC_CLIENT[167]: PDCtf_init called
[INFO] PDC_CLIENT[179]: PDCtf_init called
[INFO] PDC_CLIENT[203]: PDCtf_init called
[INFO] PDC_CLIENT[227]: PDCtf_init called
[INFO] PDC_CLIENT[89]: PDCtf_init called
[INFO] PDC_CLIENT[168]: PDCtf_init called
[INFO] PDC_CLIENT[48]: PDCtf_init called
[INFO] PDC_CLIENT[180]: PDCtf_init called
[INFO] PDC_CLIENT[186]: PDCtf_init called
[INFO] PDC_CLIENT[1]: PDCtf_init called
[INFO] PDC_CLIENT[205]: PDCtf_init called
[INFO] PDC_CLIENT[181]: PDCtf_init called
[INFO] PDC_CLIENT[139]: PDCtf_init called
[INFO] PDC_CLIENT[158]: PDCtf_init called
[INFO] PDC_CLIENT[182]: PDCtf_init called
[INFO] PDC_CLIENT[8]: PDCtf_init called
[INFO] PDC_CLIENT[152]: PDCtf_init called
[INFO] PDC_CLIENT[116]: PDCtf_init called
[INFO] PDC_CLIENT[140]: PDCtf_init called
[INFO] PDC_CLIENT[105]: PDCtf_init called
[INFO] PDC_CLIENT[147]: PDCtf_init called
[INFO] PDC_CLIENT[171]: PDCtf_init called
[INFO] PDC_CLIENT[33]: PDCtf_init called
[INFO] PDC_CLIENT[81]: PDCtf_init called
[INFO] PDC_CLIENT[159]: PDCtf_init called
[INFO] PDC_CLIENT[165]: PDCtf_init called
[INFO] PDC_CLIENT[202]: PDCtf_init called
[INFO] PDC_CLIENT[239]: PDCtf_init called
[INFO] PDC_CLIENT[47]: PDCtf_init called
[INFO] PDC_CLIENT[149]: PDCtf_init called
[INFO] PDC_CLIENT[191]: PDCtf_init called
[INFO] PDC_CLIENT[113]: PDCtf_init called
[INFO] PDC_CLIENT[41]: PDCtf_init called
[INFO] PDC_CLIENT[192]: PDCtf_init called
[INFO] PDC_CLIENT[0]: PDC_DEBUG set to 0
[INFO] PDC_CLIENT[162]: PDCtf_init called
[INFO] PDC_CLIENT[97]: PDCtf_init called
[INFO] PDC_CLIENT[157]: PDCtf_init called
[INFO] PDC_CLIENT[151]: PDCtf_init called
[INFO] PDC_CLIENT[175]: PDCtf_init called
[INFO] PDC_CLIENT[187]: PDCtf_init called
[INFO] PDC_CLIENT[189]: PDCtf_init called
[INFO] PDC_CLIENT[135]: PDCtf_init called
[INFO] PDC_CLIENT[57]: PDCtf_init called
[INFO] PDC_CLIENT[255]: PDCtf_init called
[INFO] PDC_CLIENT[141]: PDCtf_init called
[INFO] PDC_CLIENT[183]: PDCtf_init called
[INFO] PDC_CLIENT[207]: PDCtf_init called
[INFO] PDC_CLIENT[196]: PDCtf_init called
[INFO] PDC_CLIENT[172]: PDCtf_init called
[INFO] PDC_CLIENT[220]: PDCtf_init called
[INFO] PDC_CLIENT[184]: PDCtf_init called
[INFO] PDC_CLIENT[124]: PDCtf_init called
[INFO] PDC_CLIENT[197]: PDCtf_init called
[INFO] PDC_CLIENT[173]: PDCtf_init called
[INFO] PDC_CLIENT[155]: PDCtf_init called
[INFO] PDC_CLIENT[125]: PDCtf_init called
[INFO] PDC_CLIENT[224]: PDCtf_init called
[INFO] PDC_CLIENT[230]: PDCtf_init called
[INFO] PDC_CLIENT[114]: PDCtf_init called
[INFO] PDC_CLIENT[204]: PDCtf_init called
[INFO] PDC_CLIENT[72]: PDCtf_init called
[INFO] PDC_CLIENT[247]: PDCtf_init called
[INFO] PDC_CLIENT[217]: PDCtf_init called
[INFO] PDC_CLIENT[193]: PDCtf_init called
[INFO] PDC_CLIENT[236]: PDCtf_init called
[INFO] PDC_CLIENT[242]: PDCtf_init called
[INFO] PDC_CLIENT[188]: PDCtf_init called
[INFO] PDC_CLIENT[195]: PDCtf_init called
[INFO] PDC_CLIENT[243]: PDCtf_init called
[INFO] PDC_CLIENT[237]: PDCtf_init called
[INFO] PDC_CLIENT[213]: PDCtf_init called
[INFO] PDC_CLIENT[214]: PDCtf_init called
[INFO] PDC_CLIENT[238]: PDCtf_init called
[INFO] PDC_CLIENT[95]: PDCtf_init called
[INFO] PDC_CLIENT[5]: PDCtf_init called
[INFO] PDC_CLIENT[233]: PDCtf_init called
[INFO] PDC_CLIENT[251]: PDCtf_init called
[INFO] PDC_CLIENT[84]: PDCtf_init called
[INFO] PDC_CLIENT[222]: PDCtf_init called
[INFO] PDC_CLIENT[126]: PDCtf_init called
[INFO] PDC_CLIENT[252]: PDCtf_init called
[INFO] PDC_CLIENT[234]: PDCtf_init called
[INFO] PDC_CLIENT[240]: PDCtf_init called
[INFO] PDC_CLIENT[223]: PDCtf_init called
[INFO] PDC_CLIENT[253]: PDCtf_init called
[INFO] PDC_CLIENT[169]: PDCtf_init called
[INFO] PDC_CLIENT[145]: PDCtf_init called
[INFO] PDC_CLIENT[211]: PDCtf_init called
[INFO] PDC_CLIENT[248]: PDCtf_init called
[INFO] PDC_CLIENT[254]: PDCtf_init called
[INFO] PDC_CLIENT[26]: PDCtf_init called
[INFO] PDC_CLIENT[206]: PDCtf_init called
[INFO] PDC_CLIENT[219]: PDCtf_init called
[INFO] PDC_CLIENT[231]: PDCtf_init called
[INFO] PDC_CLIENT[249]: PDCtf_init called
[INFO] PDC_CLIENT[177]: PDCtf_init called
[INFO] PDC_CLIENT[225]: PDCtf_init called
[INFO] PDC_CLIENT[232]: PDCtf_init called
[INFO] PDC_CLIENT[46]: PDCtf_init called
[INFO] PDC_CLIENT[178]: PDCtf_init called
[INFO] PDC_CLIENT[250]: PDCtf_init called
[INFO] PDC_CLIENT[208]: PDCtf_init called
[INFO] PDC_CLIENT[185]: PDCtf_init called
[INFO] PDC_CLIENT[209]: PDCtf_init called
[INFO] PDC_CLIENT[215]: PDCtf_init called
[INFO] PDC_CLIENT[161]: PDCtf_init called
[INFO] PDC_CLIENT[245]: PDCtf_init called
[INFO] PDC_CLIENT[246]: PDCtf_init called
[INFO] PDC_CLIENT[210]: PDCtf_init called
[INFO] PDC_CLIENT[216]: PDCtf_init called
[INFO] PDC_CLIENT[229]: PDCtf_init called
[INFO] PDC_CLIENT[235]: PDCtf_init called
[INFO] PDC_CLIENT[241]: PDCtf_init called
[INFO] PDC_CLIENT[201]: PDCtf_init called
[INFO] PDC_CLIENT[153]: PDCtf_init called
[INFO] PDC_CLIENT[244]: PDCtf_init called
[INFO] PDC_CLIENT[226]: PDCtf_init called
[INFO] PDC_CLIENT[136]: PDCtf_init called
[INFO] PDC_CLIENT[221]: PDCtf_init called
[INFO] PDC_CLIENT[137]: PDCtf_init called
[INFO] PDC_CLIENT[0]: Found 256 PDC Metadata servers, running with 256 PDC clients
[INFO] PDC_CLIENT[0]: Environment variable HG_TRANSPORT was NOT set
[INFO] PDC_CLIENT[0]: Environment variable HG_HOST was NOT set
[INFO] PDC_CLIENT[0]: Connection string: ofi+tcp://nid004297:8000
[INFO] PDC_CLIENT[0]: Using [./pdc_tmp] as tmp dir, 1 clients per server
[INFO] PDC_CLIENT[0]: total close time = 0.498272
