[INFO] PDC_SERVER[0]: Using [./pdc_tmp/] as tmp dir, 1 OSTs, 1 OSTs per data file, 0% to BB
[INFO] PDC_SERVER[0]: Environment variable HG_TRANSPORT was NOT set
[INFO] PDC_SERVER[0]: Environment variable HG_HOST was NOT set
[INFO] PDC_SERVER[0]: Connection string: ofi+tcp://nid004297:7000
[INFO] PDC_SERVER[0]: Without multi-thread
[INFO] PDC_SERVER[0]: Read cache enabled
[INFO] PDC_SERVER[0]: Max cache size: 34359738368
[INFO] PDC_SERVER[0]: Successfully established connection to 0 other PDC servers
[INFO] PDC_SERVER[0]: Server ready!


[INFO] PDC_SERVER[0]: Executing graph with json filepath /pscratch/sd/n/nlewi26/src/hdf5-zfp-baseline/tf_graphs/compression.json
[INFO] PDC_SERVER[0]: ZFP compression succeeded, compressed size bytes: 282312 bytes
[INFO] PDC_SERVER[0]: [TIMER] zfp_compress time_elapsed: 0.003049 s
[INFO] PDC_SERVER[0]: [TIMER] PDCtf_exec_graph time_elapsed: 0.003074 s
[INFO] PDC_SERVER[0]: [TIMER] open time_elapsed: 0.000430 s
[INFO] PDC_SERVER[0]: [TIMER] write time_elapsed: 0.000433 s
[INFO] PDC_SERVER[0]: [TIMER] close time_elapsed: 0.000180 s
[INFO] PDC_SERVER[0]: Ran write storage strategy STORE_FLATTENED_REGION_PER_FILE_TRANSFORMATION
[INFO] PDC_SERVER[0]: Server flushed 0.5 / 2.0 MB to storage
[INFO] PDC_SERVER[0]: Executing graph with json filepath /pscratch/sd/n/nlewi26/src/hdf5-zfp-baseline/tf_graphs/compression.json
[INFO] PDC_SERVER[0]: ZFP compression succeeded, compressed size bytes: 282312 bytes
[INFO] PDC_SERVER[0]: [TIMER] zfp_compress time_elapsed: 0.001659 s
[INFO] PDC_SERVER[0]: [TIMER] PDCtf_exec_graph time_elapsed: 0.001663 s
[INFO] PDC_SERVER[0]: [TIMER] open time_elapsed: 0.000218 s
[INFO] PDC_SERVER[0]: [TIMER] write time_elapsed: 0.000432 s
[INFO] PDC_SERVER[0]: [TIMER] close time_elapsed: 0.000161 s
[INFO] PDC_SERVER[0]: Ran write storage strategy STORE_FLATTENED_REGION_PER_FILE_TRANSFORMATION
[INFO] PDC_SERVER[0]: Server flushed 0.5 / 1.5 MB to storage
[INFO] PDC_SERVER[0]: Executing graph with json filepath /pscratch/sd/n/nlewi26/src/hdf5-zfp-baseline/tf_graphs/compression.json
[INFO] PDC_SERVER[0]: ZFP compression succeeded, compressed size bytes: 282312 bytes
[INFO] PDC_SERVER[0]: [TIMER] zfp_compress time_elapsed: 0.001655 s
[INFO] PDC_SERVER[0]: [TIMER] PDCtf_exec_graph time_elapsed: 0.001659 s
[INFO] PDC_SERVER[0]: [TIMER] open time_elapsed: 0.000213 s
[INFO] PDC_SERVER[0]: [TIMER] write time_elapsed: 0.000402 s
[INFO] PDC_SERVER[0]: [TIMER] close time_elapsed: 0.000154 s
[INFO] PDC_SERVER[0]: Ran write storage strategy STORE_FLATTENED_REGION_PER_FILE_TRANSFORMATION
[INFO] PDC_SERVER[0]: Server flushed 0.5 / 1.0 MB to storage
[INFO] PDC_SERVER[0]: Executing graph with json filepath /pscratch/sd/n/nlewi26/src/hdf5-zfp-baseline/tf_graphs/compression.json
[INFO] PDC_SERVER[0]: ZFP compression succeeded, compressed size bytes: 282312 bytes
[INFO] PDC_SERVER[0]: [TIMER] zfp_compress time_elapsed: 0.001692 s
[INFO] PDC_SERVER[0]: [TIMER] PDCtf_exec_graph time_elapsed: 0.001696 s
[INFO] PDC_SERVER[0]: [TIMER] open time_elapsed: 0.000227 s
[INFO] PDC_SERVER[0]: [TIMER] write time_elapsed: 0.000445 s
[INFO] PDC_SERVER[0]: [TIMER] close time_elapsed: 0.000132 s
[INFO] PDC_SERVER[0]: Ran write storage strategy STORE_FLATTENED_REGION_PER_FILE_TRANSFORMATION
[INFO] PDC_SERVER[0]: Server flushed 0.5 / 0.5 MB to storage
[INFO] PDC_SERVER[0]: Checkpoint file [./pdc_tmp//0/metadata_checkpoint.0]
num_objs: 1
obj_id: 1000000001
	obj[1000000001] json_filepath_str: /pscratch/sd/n/nlewi26/src/hdf5-zfp-baseline/tf_graphs/compression.json
	num_region_mappings: 4
		dg_id: 1
		cur_state_str: compressed
		client_state_str: decompressed
		store_state_str: compressed
		conceptual_region_ndim: 2
		pdc_var_type: 14, size: 8
		conceptual_region_offset:
			offset[0]=0
			offset[1]=0
		conceptual_region_size:
			size[0]=256
			size[1]=256
		actual_region_ndim: 1
		pdc_var_type 15, size: 1
		actual_region_size:
			size[0]=282312
		dg_id: 1
		cur_state_str: compressed
		client_state_str: decompressed
		store_state_str: compressed
		conceptual_region_ndim: 2
		pdc_var_type: 14, size: 8
		conceptual_region_offset:
			offset[0]=256
			offset[1]=0
		conceptual_region_size:
			size[0]=256
			size[1]=256
		actual_region_ndim: 1
		pdc_var_type 15, size: 1
		actual_region_size:
			size[0]=282312
		dg_id: 1
		cur_state_str: compressed
		client_state_str: decompressed
		store_state_str: compressed
		conceptual_region_ndim: 2
		pdc_var_type: 14, size: 8
		conceptual_region_offset:
			offset[0]=512
			offset[1]=0
		conceptual_region_size:
			size[0]=256
			size[1]=256
		actual_region_ndim: 1
		pdc_var_type 15, size: 1
		actual_region_size:
			size[0]=282312
		dg_id: 1
		cur_state_str: compressed
		client_state_str: decompressed
		store_state_str: compressed
		conceptual_region_ndim: 2
		pdc_var_type: 14, size: 8
		conceptual_region_offset:
			offset[0]=768
			offset[1]=0
		conceptual_region_size:
			size[0]=256
			size[1]=256
		actual_region_ndim: 1
		pdc_var_type 15, size: 1
		actual_region_size:
			size[0]=282312
		func_name: zfp_compress
			params_str: none
			num_params: 4
			conceptual_flat_offset: 0
			params_size: 48
			conceptual_flat_offset: 256
			params_size: 48
			conceptual_flat_offset: 512
			params_size: 48
			conceptual_flat_offset: 768
			params_size: 48
		func_name: zfp_decompress
			params_str: none
			num_params: 0
		state_name: decompressed
			num_params: 0
		state_name: compressed
			num_params: 0
[INFO] PDC_SERVER[0]: Checkpointed          1 objects, with          0 regions 
[INFO] PDC_CLIENT[0]: Writing DART info to file_name: ./pdc_tmp//dart_info.bin
[INFO] PDC_CLIENT[0]: [IDIOMS_Index_Dump_0] Timer to dump index = 828.0000 microseconds
