[INFO] PDC_SERVER[13]: Environment variable HG_TRANSPORT was NOT set
[INFO] PDC_SERVER[13]: Environment variable HG_HOST was NOT set
[INFO] PDC_SERVER[3]: Environment variable HG_TRANSPORT was NOT set
[INFO] PDC_SERVER[3]: Environment variable HG_HOST was NOT set
[INFO] PDC_SERVER[4]: Environment variable HG_TRANSPORT was NOT set
[INFO] PDC_SERVER[4]: Environment variable HG_HOST was NOT set
[INFO] PDC_SERVER[11]: Environment variable HG_TRANSPORT was NOT set
[INFO] PDC_SERVER[11]: Environment variable HG_HOST was NOT set
[INFO] PDC_SERVER[18]: Environment variable HG_TRANSPORT was NOT set
[INFO] PDC_SERVER[18]: Environment variable HG_HOST was NOT set
[INFO] PDC_SERVER[5]: Environment variable HG_TRANSPORT was NOT set
[INFO] PDC_SERVER[5]: Environment variable HG_HOST was NOT set
[INFO] PDC_SERVER[12]: Environment variable HG_TRANSPORT was NOT set
[INFO] PDC_SERVER[12]: Environment variable HG_HOST was NOT set
[INFO] PDC_SERVER[31]: Environment variable HG_TRANSPORT was NOT set
[INFO] PDC_SERVER[31]: Environment variable HG_HOST was NOT set
[INFO] PDC_SERVER[7]: Environment variable HG_TRANSPORT was NOT set
[INFO] PDC_SERVER[7]: Environment variable HG_HOST was NOT set
[INFO] PDC_SERVER[20]: Environment variable HG_TRANSPORT was NOT set
[INFO] PDC_SERVER[20]: Environment variable HG_HOST was NOT set
[INFO] PDC_SERVER[14]: Environment variable HG_TRANSPORT was NOT set
[INFO] PDC_SERVER[14]: Environment variable HG_HOST was NOT set
[INFO] PDC_SERVER[22]: Environment variable HG_TRANSPORT was NOT set
[INFO] PDC_SERVER[22]: Environment variable HG_HOST was NOT set
[INFO] PDC_SERVER[19]: Environment variable HG_TRANSPORT was NOT set
[INFO] PDC_SERVER[19]: Environment variable HG_HOST was NOT set
[INFO] PDC_SERVER[15]: Environment variable HG_TRANSPORT was NOT set
[INFO] PDC_SERVER[15]: Environment variable HG_HOST was NOT set
[INFO] PDC_SERVER[30]: Environment variable HG_TRANSPORT was NOT set
[INFO] PDC_SERVER[30]: Environment variable HG_HOST was NOT set
[INFO] PDC_SERVER[10]: Environment variable HG_TRANSPORT was NOT set
[INFO] PDC_SERVER[10]: Environment variable HG_HOST was NOT set
[INFO] PDC_SERVER[2]: Environment variable HG_TRANSPORT was NOT set
[INFO] PDC_SERVER[2]: Environment variable HG_HOST was NOT set
[INFO] PDC_SERVER[16]: Environment variable HG_TRANSPORT was NOT set
[INFO] PDC_SERVER[16]: Environment variable HG_HOST was NOT set
[INFO] PDC_SERVER[26]: Environment variable HG_TRANSPORT was NOT set
[INFO] PDC_SERVER[26]: Environment variable HG_HOST was NOT set
[INFO] PDC_SERVER[27]: Environment variable HG_TRANSPORT was NOT set
[INFO] PDC_SERVER[27]: Environment variable HG_HOST was NOT set
[INFO] PDC_SERVER[9]: Environment variable HG_TRANSPORT was NOT set
[INFO] PDC_SERVER[9]: Environment variable HG_HOST was NOT set
[INFO] PDC_SERVER[21]: Environment variable HG_TRANSPORT was NOT set
[INFO] PDC_SERVER[21]: Environment variable HG_HOST was NOT set
[INFO] PDC_SERVER[1]: Environment variable HG_TRANSPORT was NOT set
[INFO] PDC_SERVER[1]: Environment variable HG_HOST was NOT set
[INFO] PDC_SERVER[28]: Environment variable HG_TRANSPORT was NOT set
[INFO] PDC_SERVER[28]: Environment variable HG_HOST was NOT set
[INFO] PDC_SERVER[8]: Environment variable HG_TRANSPORT was NOT set
[INFO] PDC_SERVER[8]: Environment variable HG_HOST was NOT set
[INFO] PDC_SERVER[29]: Environment variable HG_TRANSPORT was NOT set
[INFO] PDC_SERVER[29]: Environment variable HG_HOST was NOT set
[INFO] PDC_SERVER[24]: Environment variable HG_TRANSPORT was NOT set
[INFO] PDC_SERVER[24]: Environment variable HG_HOST was NOT set
[INFO] PDC_SERVER[25]: Environment variable HG_TRANSPORT was NOT set
[INFO] PDC_SERVER[25]: Environment variable HG_HOST was NOT set
[INFO] PDC_SERVER[17]: Environment variable HG_TRANSPORT was NOT set
[INFO] PDC_SERVER[17]: Environment variable HG_HOST was NOT set
[INFO] PDC_SERVER[0]: Using [./pdc_tmp/] as tmp dir, 1 OSTs, 1 OSTs per data file, 0% to BB
[INFO] PDC_SERVER[6]: Environment variable HG_TRANSPORT was NOT set
[INFO] PDC_SERVER[6]: Environment variable HG_HOST was NOT set
[INFO] PDC_SERVER[23]: Environment variable HG_TRANSPORT was NOT set
[INFO] PDC_SERVER[23]: Environment variable HG_HOST was NOT set
[INFO] PDC_SERVER[0]: Environment variable HG_TRANSPORT was NOT set
[INFO] PDC_SERVER[0]: Environment variable HG_HOST was NOT set
[INFO] PDC_SERVER[0]: Connection string: ofi+tcp://nid005564:7000
[INFO] PDC_SERVER[0]: Without multi-thread
[INFO] PDC_SERVER[0]: Successfully established connection to 31 other PDC servers
[INFO] PDC_SERVER[0]: Server ready!


[INFO] PDC_SERVER[0]: Executing graph with json filepath /pscratch/sd/n/nlewi26/src/hdf5-zfp-baseline/tf_graphs/compression.json
[INFO] PDC_SERVER[0]: ZFP compression succeeded, compressed size bytes: 5384 bytes
[INFO] PDC_SERVER[0]: [TIMER] zfp_compress time_elapsed: 0.000235 s
[INFO] PDC_SERVER[0]: [TIMER] PDCtf_exec_graph time_elapsed: 0.000251 s
[INFO] PDC_SERVER[0]: [TIMER] open time_elapsed: 0.000886 s
[INFO] PDC_SERVER[0]: [TIMER] write time_elapsed: 0.000041 s
[INFO] PDC_SERVER[0]: [TIMER] close time_elapsed: 0.000006 s
[INFO] PDC_SERVER[0]: Ran storage strategy STORE_FLATTENED_REGION_PER_FILE_TRANSFORMATION
[INFO] PDC_SERVER[0]: Executing graph with json filepath /pscratch/sd/n/nlewi26/src/hdf5-zfp-baseline/tf_graphs/compression.json
[INFO] PDC_SERVER[0]: ZFP compression succeeded, compressed size bytes: 5384 bytes
[INFO] PDC_SERVER[0]: [TIMER] zfp_compress time_elapsed: 0.000183 s
[INFO] PDC_SERVER[0]: [TIMER] PDCtf_exec_graph time_elapsed: 0.000187 s
[INFO] PDC_SERVER[0]: [TIMER] open time_elapsed: 0.000434 s
[INFO] PDC_SERVER[0]: [TIMER] write time_elapsed: 0.000035 s
[INFO] PDC_SERVER[0]: [TIMER] close time_elapsed: 0.000004 s
[INFO] PDC_SERVER[0]: Ran storage strategy STORE_FLATTENED_REGION_PER_FILE_TRANSFORMATION
[INFO] PDC_SERVER[0]: Executing graph with json filepath /pscratch/sd/n/nlewi26/src/hdf5-zfp-baseline/tf_graphs/compression.json
[INFO] PDC_SERVER[0]: ZFP compression succeeded, compressed size bytes: 5384 bytes
[INFO] PDC_SERVER[0]: [TIMER] zfp_compress time_elapsed: 0.000181 s
[INFO] PDC_SERVER[0]: [TIMER] PDCtf_exec_graph time_elapsed: 0.000185 s
[INFO] PDC_SERVER[0]: [TIMER] open time_elapsed: 0.000401 s
[INFO] PDC_SERVER[0]: [TIMER] write time_elapsed: 0.000031 s
[INFO] PDC_SERVER[0]: [TIMER] close time_elapsed: 0.000004 s
[INFO] PDC_SERVER[0]: Ran storage strategy STORE_FLATTENED_REGION_PER_FILE_TRANSFORMATION
[INFO] PDC_SERVER[0]: Executing graph with json filepath /pscratch/sd/n/nlewi26/src/hdf5-zfp-baseline/tf_graphs/compression.json
[INFO] PDC_SERVER[0]: ZFP compression succeeded, compressed size bytes: 5384 bytes
[INFO] PDC_SERVER[0]: [TIMER] zfp_compress time_elapsed: 0.000181 s
[INFO] PDC_SERVER[0]: [TIMER] PDCtf_exec_graph time_elapsed: 0.000184 s
[INFO] PDC_SERVER[0]: [TIMER] open time_elapsed: 0.000280 s
[INFO] PDC_SERVER[0]: [TIMER] write time_elapsed: 0.000030 s
[INFO] PDC_SERVER[0]: [TIMER] close time_elapsed: 0.000004 s
[INFO] PDC_SERVER[0]: Ran storage strategy STORE_FLATTENED_REGION_PER_FILE_TRANSFORMATION
[INFO] PDC_SERVER[15]: ZFP compression succeeded, compressed size bytes: 5032 bytes
[INFO] PDC_SERVER[15]: [TIMER] zfp_compress time_elapsed: 0.003270 s
[INFO] PDC_SERVER[15]: [TIMER] PDCtf_exec_graph time_elapsed: 0.003286 s
[INFO] PDC_SERVER[15]: [TIMER] open time_elapsed: 0.000354 s
[INFO] PDC_SERVER[15]: [TIMER] write time_elapsed: 0.000176 s
[INFO] PDC_SERVER[15]: [TIMER] close time_elapsed: 0.000125 s
[INFO] PDC_SERVER[15]: ZFP compression succeeded, compressed size bytes: 5032 bytes
[INFO] PDC_SERVER[15]: [TIMER] zfp_compress time_elapsed: 0.000188 s
[INFO] PDC_SERVER[15]: [TIMER] PDCtf_exec_graph time_elapsed: 0.000192 s
[INFO] PDC_SERVER[15]: [TIMER] open time_elapsed: 0.000192 s
[INFO] PDC_SERVER[15]: [TIMER] write time_elapsed: 0.000121 s
[INFO] PDC_SERVER[15]: [TIMER] close time_elapsed: 0.000102 s
[INFO] PDC_SERVER[15]: ZFP compression succeeded, compressed size bytes: 5032 bytes
[INFO] PDC_SERVER[15]: [TIMER] zfp_compress time_elapsed: 0.000187 s
[INFO] PDC_SERVER[15]: [TIMER] PDCtf_exec_graph time_elapsed: 0.000190 s
[INFO] PDC_SERVER[15]: [TIMER] open time_elapsed: 0.000218 s
[INFO] PDC_SERVER[15]: [TIMER] write time_elapsed: 0.000136 s
[INFO] PDC_SERVER[15]: [TIMER] close time_elapsed: 0.000094 s
[INFO] PDC_SERVER[15]: ZFP compression succeeded, compressed size bytes: 5032 bytes
[INFO] PDC_SERVER[15]: [TIMER] zfp_compress time_elapsed: 0.000186 s
[INFO] PDC_SERVER[15]: [TIMER] PDCtf_exec_graph time_elapsed: 0.000190 s
[INFO] PDC_SERVER[15]: [TIMER] open time_elapsed: 0.000227 s
[INFO] PDC_SERVER[15]: [TIMER] write time_elapsed: 0.000194 s
[INFO] PDC_SERVER[15]: [TIMER] close time_elapsed: 0.000095 s
[INFO] PDC_SERVER[1]: ZFP compression succeeded, compressed size bytes: 5392 bytes
[INFO] PDC_SERVER[1]: [TIMER] zfp_compress time_elapsed: 0.000213 s
[INFO] PDC_SERVER[1]: [TIMER] PDCtf_exec_graph time_elapsed: 0.000228 s
[INFO] PDC_SERVER[6]: ZFP compression succeeded, compressed size bytes: 5400 bytes
[INFO] PDC_SERVER[6]: [TIMER] zfp_compress time_elapsed: 0.000214 s
[INFO] PDC_SERVER[6]: [TIMER] PDCtf_exec_graph time_elapsed: 0.000230 s
[INFO] PDC_SERVER[3]: ZFP compression succeeded, compressed size bytes: 5032 bytes
[INFO] PDC_SERVER[3]: [TIMER] zfp_compress time_elapsed: 0.000239 s
[INFO] PDC_SERVER[3]: [TIMER] PDCtf_exec_graph time_elapsed: 0.000255 s
[INFO] PDC_SERVER[7]: ZFP compression succeeded, compressed size bytes: 5032 bytes
[INFO] PDC_SERVER[7]: [TIMER] zfp_compress time_elapsed: 0.000212 s
[INFO] PDC_SERVER[7]: [TIMER] PDCtf_exec_graph time_elapsed: 0.000227 s
[INFO] PDC_SERVER[4]: ZFP compression succeeded, compressed size bytes: 5384 bytes
[INFO] PDC_SERVER[4]: [TIMER] zfp_compress time_elapsed: 0.000217 s
[INFO] PDC_SERVER[4]: [TIMER] PDCtf_exec_graph time_elapsed: 0.000233 s
[INFO] PDC_SERVER[2]: ZFP compression succeeded, compressed size bytes: 5400 bytes
[INFO] PDC_SERVER[2]: [TIMER] zfp_compress time_elapsed: 0.000217 s
[INFO] PDC_SERVER[2]: [TIMER] PDCtf_exec_graph time_elapsed: 0.000235 s
[INFO] PDC_SERVER[5]: ZFP compression succeeded, compressed size bytes: 5392 bytes
[INFO] PDC_SERVER[5]: [TIMER] zfp_compress time_elapsed: 0.000240 s
[INFO] PDC_SERVER[5]: [TIMER] PDCtf_exec_graph time_elapsed: 0.000258 s
[INFO] PDC_SERVER[1]: [TIMER] open time_elapsed: 0.000577 s
[INFO] PDC_SERVER[1]: [TIMER] write time_elapsed: 0.000051 s
[INFO] PDC_SERVER[1]: [TIMER] close time_elapsed: 0.000006 s
[INFO] PDC_SERVER[1]: ZFP compression succeeded, compressed size bytes: 5392 bytes
[INFO] PDC_SERVER[1]: [TIMER] zfp_compress time_elapsed: 0.000182 s
[INFO] PDC_SERVER[1]: [TIMER] PDCtf_exec_graph time_elapsed: 0.000185 s
[INFO] PDC_SERVER[7]: [TIMER] open time_elapsed: 0.000960 s
[INFO] PDC_SERVER[7]: [TIMER] write time_elapsed: 0.000044 s
[INFO] PDC_SERVER[1]: [TIMER] open time_elapsed: 0.000419 s
[INFO] PDC_SERVER[6]: [TIMER] open time_elapsed: 0.001274 s
[INFO] PDC_SERVER[1]: [TIMER] write time_elapsed: 0.000031 s
[INFO] PDC_SERVER[1]: [TIMER] close time_elapsed: 0.000004 s
[INFO] PDC_SERVER[6]: [TIMER] write time_elapsed: 0.000044 s
[INFO] PDC_SERVER[5]: [TIMER] open time_elapsed: 0.001150 s
[INFO] PDC_SERVER[7]: [TIMER] close time_elapsed: 0.000252 s
[INFO] PDC_SERVER[5]: [TIMER] write time_elapsed: 0.000051 s
[INFO] PDC_SERVER[1]: ZFP compression succeeded, compressed size bytes: 5392 bytes
[INFO] PDC_SERVER[1]: [TIMER] zfp_compress time_elapsed: 0.000188 s
[INFO] PDC_SERVER[1]: [TIMER] PDCtf_exec_graph time_elapsed: 0.000192 s
[INFO] PDC_SERVER[6]: [TIMER] close time_elapsed: 0.000178 s
[INFO] PDC_SERVER[7]: ZFP compression succeeded, compressed size bytes: 5032 bytes
[INFO] PDC_SERVER[7]: [TIMER] zfp_compress time_elapsed: 0.000183 s
[INFO] PDC_SERVER[7]: [TIMER] PDCtf_exec_graph time_elapsed: 0.000187 s
[INFO] PDC_SERVER[3]: [TIMER] open time_elapsed: 0.001532 s
[INFO] PDC_SERVER[5]: [TIMER] close time_elapsed: 0.000155 s
[INFO] PDC_SERVER[3]: [TIMER] write time_elapsed: 0.000045 s
[INFO] PDC_SERVER[2]: [TIMER] open time_elapsed: 0.001487 s
[INFO] PDC_SERVER[6]: ZFP compression succeeded, compressed size bytes: 5400 bytes
[INFO] PDC_SERVER[6]: [TIMER] zfp_compress time_elapsed: 0.000186 s
[INFO] PDC_SERVER[6]: [TIMER] PDCtf_exec_graph time_elapsed: 0.000190 s
[INFO] PDC_SERVER[3]: [TIMER] close time_elapsed: 0.000007 s
[INFO] PDC_SERVER[2]: [TIMER] write time_elapsed: 0.000053 s
[INFO] PDC_SERVER[5]: ZFP compression succeeded, compressed size bytes: 5392 bytes
[INFO] PDC_SERVER[5]: [TIMER] zfp_compress time_elapsed: 0.000185 s
[INFO] PDC_SERVER[5]: [TIMER] PDCtf_exec_graph time_elapsed: 0.000189 s
[INFO] PDC_SERVER[2]: [TIMER] close time_elapsed: 0.000006 s
[INFO] PDC_SERVER[4]: [TIMER] open time_elapsed: 0.001688 s
[INFO] PDC_SERVER[3]: ZFP compression succeeded, compressed size bytes: 5032 bytes
[INFO] PDC_SERVER[3]: [TIMER] zfp_compress time_elapsed: 0.000192 s
[INFO] PDC_SERVER[3]: [TIMER] PDCtf_exec_graph time_elapsed: 0.000196 s
[INFO] PDC_SERVER[4]: [TIMER] write time_elapsed: 0.000053 s
[INFO] PDC_SERVER[2]: ZFP compression succeeded, compressed size bytes: 5400 bytes
[INFO] PDC_SERVER[2]: [TIMER] zfp_compress time_elapsed: 0.000182 s
[INFO] PDC_SERVER[2]: [TIMER] PDCtf_exec_graph time_elapsed: 0.000186 s
[INFO] PDC_SERVER[1]: [TIMER] open time_elapsed: 0.000455 s
[INFO] PDC_SERVER[4]: [TIMER] close time_elapsed: 0.000114 s
[INFO] PDC_SERVER[1]: [TIMER] write time_elapsed: 0.000031 s
[INFO] PDC_SERVER[1]: [TIMER] close time_elapsed: 0.000004 s
[INFO] PDC_SERVER[4]: ZFP compression succeeded, compressed size bytes: 5384 bytes
[INFO] PDC_SERVER[4]: [TIMER] zfp_compress time_elapsed: 0.000184 s
[INFO] PDC_SERVER[4]: [TIMER] PDCtf_exec_graph time_elapsed: 0.000188 s
[INFO] PDC_SERVER[1]: ZFP compression succeeded, compressed size bytes: 5392 bytes
[INFO] PDC_SERVER[1]: [TIMER] zfp_compress time_elapsed: 0.000180 s
[INFO] PDC_SERVER[1]: [TIMER] PDCtf_exec_graph time_elapsed: 0.000183 s
[INFO] PDC_SERVER[7]: [TIMER] open time_elapsed: 0.000627 s
[INFO] PDC_SERVER[7]: [TIMER] write time_elapsed: 0.000033 s
[INFO] PDC_SERVER[7]: [TIMER] close time_elapsed: 0.000089 s
[INFO] PDC_SERVER[6]: [TIMER] open time_elapsed: 0.000650 s
[INFO] PDC_SERVER[6]: [TIMER] write time_elapsed: 0.000037 s
[INFO] PDC_SERVER[6]: [TIMER] close time_elapsed: 0.000100 s
[INFO] PDC_SERVER[5]: [TIMER] open time_elapsed: 0.000707 s
[INFO] PDC_SERVER[5]: [TIMER] write time_elapsed: 0.000033 s
[INFO] PDC_SERVER[7]: ZFP compression succeeded, compressed size bytes: 5032 bytes
[INFO] PDC_SERVER[7]: [TIMER] zfp_compress time_elapsed: 0.000183 s
[INFO] PDC_SERVER[1]: [TIMER] open time_elapsed: 0.000316 s
[INFO] PDC_SERVER[7]: [TIMER] PDCtf_exec_graph time_elapsed: 0.000187 s
[INFO] PDC_SERVER[1]: [TIMER] write time_elapsed: 0.000031 s
[INFO] PDC_SERVER[2]: [TIMER] open time_elapsed: 0.000683 s
[INFO] PDC_SERVER[1]: [TIMER] close time_elapsed: 0.000004 s
[INFO] PDC_SERVER[2]: [TIMER] write time_elapsed: 0.000036 s
[INFO] PDC_SERVER[3]: [TIMER] open time_elapsed: 0.000810 s
[INFO] PDC_SERVER[5]: [TIMER] close time_elapsed: 0.000127 s
[INFO] PDC_SERVER[2]: [TIMER] close time_elapsed: 0.000004 s
[INFO] PDC_SERVER[6]: ZFP compression succeeded, compressed size bytes: 5400 bytes
[INFO] PDC_SERVER[6]: [TIMER] zfp_compress time_elapsed: 0.000185 s
[INFO] PDC_SERVER[3]: [TIMER] write time_elapsed: 0.000031 s
[INFO] PDC_SERVER[3]: [TIMER] close time_elapsed: 0.000004 s
[INFO] PDC_SERVER[6]: [TIMER] PDCtf_exec_graph time_elapsed: 0.000189 s
[INFO] PDC_SERVER[4]: [TIMER] open time_elapsed: 0.000650 s
[INFO] PDC_SERVER[4]: [TIMER] write time_elapsed: 0.000031 s
[INFO] PDC_SERVER[5]: ZFP compression succeeded, compressed size bytes: 5392 bytes
[INFO] PDC_SERVER[5]: [TIMER] zfp_compress time_elapsed: 0.000183 s
[INFO] PDC_SERVER[3]: ZFP compression succeeded, compressed size bytes: 5032 bytes
[INFO] PDC_SERVER[3]: [TIMER] zfp_compress time_elapsed: 0.000185 s
[INFO] PDC_SERVER[3]: [TIMER] PDCtf_exec_graph time_elapsed: 0.000189 s
[INFO] PDC_SERVER[5]: [TIMER] PDCtf_exec_graph time_elapsed: 0.000187 s
[INFO] PDC_SERVER[2]: ZFP compression succeeded, compressed size bytes: 5400 bytes
[INFO] PDC_SERVER[2]: [TIMER] zfp_compress time_elapsed: 0.000245 s
[INFO] PDC_SERVER[2]: [TIMER] PDCtf_exec_graph time_elapsed: 0.000250 s
[INFO] PDC_SERVER[4]: [TIMER] close time_elapsed: 0.000108 s
[INFO] PDC_SERVER[4]: ZFP compression succeeded, compressed size bytes: 5384 bytes
[INFO] PDC_SERVER[4]: [TIMER] zfp_compress time_elapsed: 0.000182 s
[INFO] PDC_SERVER[4]: [TIMER] PDCtf_exec_graph time_elapsed: 0.000186 s
[INFO] PDC_SERVER[7]: [TIMER] open time_elapsed: 0.000604 s
[INFO] PDC_SERVER[7]: [TIMER] write time_elapsed: 0.000035 s
[INFO] PDC_SERVER[7]: [TIMER] close time_elapsed: 0.000096 s
[INFO] PDC_SERVER[14]: ZFP compression succeeded, compressed size bytes: 5400 bytes
[INFO] PDC_SERVER[14]: [TIMER] zfp_compress time_elapsed: 0.001413 s
[INFO] PDC_SERVER[14]: [TIMER] PDCtf_exec_graph time_elapsed: 0.001431 s
[INFO] PDC_SERVER[6]: [TIMER] open time_elapsed: 0.000639 s
[INFO] PDC_SERVER[5]: [TIMER] open time_elapsed: 0.000511 s
[INFO] PDC_SERVER[6]: [TIMER] write time_elapsed: 0.000031 s
[INFO] PDC_SERVER[5]: [TIMER] write time_elapsed: 0.000032 s
[INFO] PDC_SERVER[7]: ZFP compression succeeded, compressed size bytes: 5032 bytes
[INFO] PDC_SERVER[7]: [TIMER] zfp_compress time_elapsed: 0.000180 s
[INFO] PDC_SERVER[8]: ZFP compression succeeded, compressed size bytes: 5384 bytes
[INFO] PDC_SERVER[8]: [TIMER] zfp_compress time_elapsed: 0.001571 s
[INFO] PDC_SERVER[8]: [TIMER] PDCtf_exec_graph time_elapsed: 0.001590 s
[INFO] PDC_SERVER[6]: [TIMER] close time_elapsed: 0.000098 s
[INFO] PDC_SERVER[7]: [TIMER] PDCtf_exec_graph time_elapsed: 0.000184 s
[INFO] PDC_SERVER[3]: [TIMER] open time_elapsed: 0.000614 s
[INFO] PDC_SERVER[5]: [TIMER] close time_elapsed: 0.000091 s
[INFO] PDC_SERVER[3]: [TIMER] write time_elapsed: 0.000032 s
[INFO] PDC_SERVER[2]: [TIMER] open time_elapsed: 0.000690 s
[INFO] PDC_SERVER[3]: [TIMER] close time_elapsed: 0.000004 s
[INFO] PDC_SERVER[2]: [TIMER] write time_elapsed: 0.000030 s
[INFO] PDC_SERVER[6]: ZFP compression succeeded, compressed size bytes: 5400 bytes
[INFO] PDC_SERVER[6]: [TIMER] zfp_compress time_elapsed: 0.000182 s
[INFO] PDC_SERVER[13]: ZFP compression succeeded, compressed size bytes: 5392 bytes
[INFO] PDC_SERVER[13]: [TIMER] zfp_compress time_elapsed: 0.001771 s
[INFO] PDC_SERVER[2]: [TIMER] close time_elapsed: 0.000004 s
[INFO] PDC_SERVER[6]: [TIMER] PDCtf_exec_graph time_elapsed: 0.000185 s
[INFO] PDC_SERVER[13]: [TIMER] PDCtf_exec_graph time_elapsed: 0.001791 s
[INFO] PDC_SERVER[5]: ZFP compression succeeded, compressed size bytes: 5392 bytes
[INFO] PDC_SERVER[5]: [TIMER] zfp_compress time_elapsed: 0.000185 s
[INFO] PDC_SERVER[5]: [TIMER] PDCtf_exec_graph time_elapsed: 0.000188 s
[INFO] PDC_SERVER[3]: ZFP compression succeeded, compressed size bytes: 5032 bytes
[INFO] PDC_SERVER[3]: [TIMER] zfp_compress time_elapsed: 0.000185 s
[INFO] PDC_SERVER[3]: [TIMER] PDCtf_exec_graph time_elapsed: 0.000188 s
[INFO] PDC_SERVER[4]: [TIMER] open time_elapsed: 0.000620 s
[INFO] PDC_SERVER[4]: [TIMER] write time_elapsed: 0.000033 s
[INFO] PDC_SERVER[2]: ZFP compression succeeded, compressed size bytes: 5400 bytes
[INFO] PDC_SERVER[2]: [TIMER] zfp_compress time_elapsed: 0.000182 s
[INFO] PDC_SERVER[2]: [TIMER] PDCtf_exec_graph time_elapsed: 0.000186 s
[INFO] PDC_SERVER[9]: ZFP compression succeeded, compressed size bytes: 5392 bytes
[INFO] PDC_SERVER[9]: [TIMER] zfp_compress time_elapsed: 0.001946 s
[INFO] PDC_SERVER[9]: [TIMER] PDCtf_exec_graph time_elapsed: 0.001965 s
[INFO] PDC_SERVER[4]: [TIMER] close time_elapsed: 0.000103 s
[INFO] PDC_SERVER[11]: ZFP compression succeeded, compressed size bytes: 5032 bytes
[INFO] PDC_SERVER[11]: [TIMER] zfp_compress time_elapsed: 0.001733 s
[INFO] PDC_SERVER[11]: [TIMER] PDCtf_exec_graph time_elapsed: 0.001752 s
[INFO] PDC_SERVER[7]: [TIMER] open time_elapsed: 0.000545 s
[INFO] PDC_SERVER[7]: [TIMER] write time_elapsed: 0.000031 s
[INFO] PDC_SERVER[4]: ZFP compression succeeded, compressed size bytes: 5384 bytes
[INFO] PDC_SERVER[4]: [TIMER] zfp_compress time_elapsed: 0.000184 s
[INFO] PDC_SERVER[12]: ZFP compression succeeded, compressed size bytes: 5384 bytes
[INFO] PDC_SERVER[12]: [TIMER] zfp_compress time_elapsed: 0.001861 s
[INFO] PDC_SERVER[12]: [TIMER] PDCtf_exec_graph time_elapsed: 0.001880 s
[INFO] PDC_SERVER[4]: [TIMER] PDCtf_exec_graph time_elapsed: 0.000188 s
[INFO] PDC_SERVER[7]: [TIMER] close time_elapsed: 0.000087 s
[INFO] PDC_SERVER[14]: [TIMER] open time_elapsed: 0.000360 s
[INFO] PDC_SERVER[10]: ZFP compression succeeded, compressed size bytes: 5400 bytes
[INFO] PDC_SERVER[10]: [TIMER] zfp_compress time_elapsed: 0.001945 s
[INFO] PDC_SERVER[10]: [TIMER] PDCtf_exec_graph time_elapsed: 0.001963 s
[INFO] PDC_SERVER[6]: [TIMER] open time_elapsed: 0.000584 s
[INFO] PDC_SERVER[5]: [TIMER] open time_elapsed: 0.000563 s
[INFO] PDC_SERVER[6]: [TIMER] write time_elapsed: 0.000032 s
[INFO] PDC_SERVER[5]: [TIMER] write time_elapsed: 0.000032 s
[INFO] PDC_SERVER[3]: [TIMER] open time_elapsed: 0.000624 s
[INFO] PDC_SERVER[5]: [TIMER] close time_elapsed: 0.000096 s
[INFO] PDC_SERVER[14]: [TIMER] write time_elapsed: 0.000226 s
[INFO] PDC_SERVER[2]: [TIMER] open time_elapsed: 0.000578 s
[INFO] PDC_SERVER[8]: [TIMER] open time_elapsed: 0.000370 s
[INFO] PDC_SERVER[6]: [TIMER] close time_elapsed: 0.000107 s
[INFO] PDC_SERVER[3]: [TIMER] write time_elapsed: 0.000030 s
[INFO] PDC_SERVER[2]: [TIMER] write time_elapsed: 0.000031 s
[INFO] PDC_SERVER[3]: [TIMER] close time_elapsed: 0.000004 s
[INFO] PDC_SERVER[2]: [TIMER] close time_elapsed: 0.000004 s
[INFO] PDC_SERVER[14]: [TIMER] close time_elapsed: 0.000115 s
[INFO] PDC_SERVER[13]: [TIMER] open time_elapsed: 0.000380 s
[INFO] PDC_SERVER[8]: [TIMER] write time_elapsed: 0.000173 s
[INFO] PDC_SERVER[8]: [TIMER] close time_elapsed: 0.000120 s
[INFO] PDC_SERVER[4]: [TIMER] open time_elapsed: 0.000587 s
[INFO] PDC_SERVER[14]: ZFP compression succeeded, compressed size bytes: 5400 bytes
[INFO] PDC_SERVER[14]: [TIMER] zfp_compress time_elapsed: 0.000187 s
[INFO] PDC_SERVER[4]: [TIMER] write time_elapsed: 0.000031 s
[INFO] PDC_SERVER[14]: [TIMER] PDCtf_exec_graph time_elapsed: 0.000190 s
[INFO] PDC_SERVER[9]: [TIMER] open time_elapsed: 0.000366 s
[INFO] PDC_SERVER[13]: [TIMER] write time_elapsed: 0.000198 s
[INFO] PDC_SERVER[4]: [TIMER] close time_elapsed: 0.000102 s
[INFO] PDC_SERVER[13]: [TIMER] close time_elapsed: 0.000116 s
[INFO] PDC_SERVER[11]: [TIMER] open time_elapsed: 0.000367 s
[INFO] PDC_SERVER[12]: [TIMER] open time_elapsed: 0.000328 s
[INFO] PDC_SERVER[9]: [TIMER] write time_elapsed: 0.000164 s
[INFO] PDC_SERVER[8]: ZFP compression succeeded, compressed size bytes: 5384 bytes
[INFO] PDC_SERVER[8]: [TIMER] zfp_compress time_elapsed: 0.000201 s
[INFO] PDC_SERVER[8]: [TIMER] PDCtf_exec_graph time_elapsed: 0.000206 s
[INFO] PDC_SERVER[14]: [TIMER] open time_elapsed: 0.000214 s
[INFO] PDC_SERVER[9]: [TIMER] close time_elapsed: 0.000118 s
[INFO] PDC_SERVER[11]: [TIMER] write time_elapsed: 0.000168 s
[INFO] PDC_SERVER[13]: ZFP compression succeeded, compressed size bytes: 5392 bytes
[INFO] PDC_SERVER[12]: [TIMER] write time_elapsed: 0.000192 s
[INFO] PDC_SERVER[13]: [TIMER] zfp_compress time_elapsed: 0.000183 s
[INFO] PDC_SERVER[13]: [TIMER] PDCtf_exec_graph time_elapsed: 0.000201 s
[INFO] PDC_SERVER[11]: [TIMER] close time_elapsed: 0.000114 s
[INFO] PDC_SERVER[14]: [TIMER] write time_elapsed: 0.000183 s
[INFO] PDC_SERVER[10]: [TIMER] open time_elapsed: 0.000369 s
[INFO] PDC_SERVER[8]: [TIMER] open time_elapsed: 0.000222 s
[INFO] PDC_SERVER[12]: [TIMER] close time_elapsed: 0.000103 s
[INFO] PDC_SERVER[9]: ZFP compression succeeded, compressed size bytes: 5392 bytes
[INFO] PDC_SERVER[9]: [TIMER] zfp_compress time_elapsed: 0.000184 s
[INFO] PDC_SERVER[14]: [TIMER] close time_elapsed: 0.000110 s
[INFO] PDC_SERVER[9]: [TIMER] PDCtf_exec_graph time_elapsed: 0.000188 s
[INFO] PDC_SERVER[11]: ZFP compression succeeded, compressed size bytes: 5032 bytes
[INFO] PDC_SERVER[11]: [TIMER] zfp_compress time_elapsed: 0.000185 s
[INFO] PDC_SERVER[10]: [TIMER] write time_elapsed: 0.000173 s
[INFO] PDC_SERVER[8]: [TIMER] write time_elapsed: 0.000193 s
[INFO] PDC_SERVER[13]: [TIMER] open time_elapsed: 0.000221 s
[INFO] PDC_SERVER[11]: [TIMER] PDCtf_exec_graph time_elapsed: 0.000189 s
[INFO] PDC_SERVER[12]: ZFP compression succeeded, compressed size bytes: 5384 bytes
[INFO] PDC_SERVER[12]: [TIMER] zfp_compress time_elapsed: 0.000186 s
[INFO] PDC_SERVER[12]: [TIMER] PDCtf_exec_graph time_elapsed: 0.000190 s
[INFO] PDC_SERVER[9]: [TIMER] open time_elapsed: 0.000209 s
[INFO] PDC_SERVER[8]: [TIMER] close time_elapsed: 0.000110 s
[INFO] PDC_SERVER[14]: ZFP compression succeeded, compressed size bytes: 5400 bytes
[INFO] PDC_SERVER[14]: [TIMER] zfp_compress time_elapsed: 0.000224 s
[INFO] PDC_SERVER[10]: [TIMER] close time_elapsed: 0.000115 s
[INFO] PDC_SERVER[14]: [TIMER] PDCtf_exec_graph time_elapsed: 0.000229 s
[INFO] PDC_SERVER[13]: [TIMER] write time_elapsed: 0.000185 s
[INFO] PDC_SERVER[11]: [TIMER] open time_elapsed: 0.000212 s
[INFO] PDC_SERVER[12]: [TIMER] open time_elapsed: 0.000202 s
[INFO] PDC_SERVER[10]: ZFP compression succeeded, compressed size bytes: 5400 bytes
[INFO] PDC_SERVER[10]: [TIMER] zfp_compress time_elapsed: 0.000183 s
[INFO] PDC_SERVER[8]: ZFP compression succeeded, compressed size bytes: 5384 bytes
[INFO] PDC_SERVER[8]: [TIMER] zfp_compress time_elapsed: 0.000182 s
[INFO] PDC_SERVER[13]: [TIMER] close time_elapsed: 0.000117 s
[INFO] PDC_SERVER[10]: [TIMER] PDCtf_exec_graph time_elapsed: 0.000187 s
[INFO] PDC_SERVER[9]: [TIMER] write time_elapsed: 0.000213 s
[INFO] PDC_SERVER[8]: [TIMER] PDCtf_exec_graph time_elapsed: 0.000186 s
[INFO] PDC_SERVER[14]: [TIMER] open time_elapsed: 0.000215 s
[INFO] PDC_SERVER[11]: [TIMER] write time_elapsed: 0.000165 s
[INFO] PDC_SERVER[9]: [TIMER] close time_elapsed: 0.000113 s
[INFO] PDC_SERVER[12]: [TIMER] write time_elapsed: 0.000192 s
[INFO] PDC_SERVER[13]: ZFP compression succeeded, compressed size bytes: 5392 bytes
[INFO] PDC_SERVER[13]: [TIMER] zfp_compress time_elapsed: 0.000184 s
[INFO] PDC_SERVER[13]: [TIMER] PDCtf_exec_graph time_elapsed: 0.000189 s
[INFO] PDC_SERVER[11]: [TIMER] close time_elapsed: 0.000118 s
[INFO] PDC_SERVER[8]: [TIMER] open time_elapsed: 0.000221 s
[INFO] PDC_SERVER[12]: [TIMER] close time_elapsed: 0.000103 s
[INFO] PDC_SERVER[10]: [TIMER] open time_elapsed: 0.000253 s
[INFO] PDC_SERVER[14]: [TIMER] write time_elapsed: 0.000213 s
[INFO] PDC_SERVER[9]: ZFP compression succeeded, compressed size bytes: 5392 bytes
[INFO] PDC_SERVER[9]: [TIMER] zfp_compress time_elapsed: 0.000184 s
[INFO] PDC_SERVER[9]: [TIMER] PDCtf_exec_graph time_elapsed: 0.000187 s
[INFO] PDC_SERVER[8]: [TIMER] write time_elapsed: 0.000161 s
[INFO] PDC_SERVER[11]: ZFP compression succeeded, compressed size bytes: 5032 bytes
[INFO] PDC_SERVER[11]: [TIMER] zfp_compress time_elapsed: 0.000186 s
[INFO] PDC_SERVER[14]: [TIMER] close time_elapsed: 0.000115 s
[INFO] PDC_SERVER[13]: [TIMER] open time_elapsed: 0.000207 s
[INFO] PDC_SERVER[11]: [TIMER] PDCtf_exec_graph time_elapsed: 0.000190 s
[INFO] PDC_SERVER[12]: ZFP compression succeeded, compressed size bytes: 5384 bytes
[INFO] PDC_SERVER[12]: [TIMER] zfp_compress time_elapsed: 0.000186 s
[INFO] PDC_SERVER[12]: [TIMER] PDCtf_exec_graph time_elapsed: 0.000189 s
[INFO] PDC_SERVER[10]: [TIMER] write time_elapsed: 0.000225 s
[INFO] PDC_SERVER[8]: [TIMER] close time_elapsed: 0.000113 s
[INFO] PDC_SERVER[9]: [TIMER] open time_elapsed: 0.000210 s
[INFO] PDC_SERVER[13]: [TIMER] write time_elapsed: 0.000123 s
[INFO] PDC_SERVER[14]: ZFP compression succeeded, compressed size bytes: 5400 bytes
[INFO] PDC_SERVER[14]: [TIMER] zfp_compress time_elapsed: 0.000181 s
[INFO] PDC_SERVER[14]: [TIMER] PDCtf_exec_graph time_elapsed: 0.000185 s
[INFO] PDC_SERVER[10]: [TIMER] close time_elapsed: 0.000118 s
[INFO] PDC_SERVER[13]: [TIMER] close time_elapsed: 0.000109 s
[INFO] PDC_SERVER[11]: [TIMER] open time_elapsed: 0.000213 s
[INFO] PDC_SERVER[9]: [TIMER] write time_elapsed: 0.000128 s
[INFO] PDC_SERVER[8]: ZFP compression succeeded, compressed size bytes: 5384 bytes
[INFO] PDC_SERVER[8]: [TIMER] zfp_compress time_elapsed: 0.000182 s
[INFO] PDC_SERVER[12]: [TIMER] open time_elapsed: 0.000200 s
[INFO] PDC_SERVER[8]: [TIMER] PDCtf_exec_graph time_elapsed: 0.000185 s
[INFO] PDC_SERVER[10]: ZFP compression succeeded, compressed size bytes: 5400 bytes
[INFO] PDC_SERVER[10]: [TIMER] zfp_compress time_elapsed: 0.000183 s
[INFO] PDC_SERVER[9]: [TIMER] close time_elapsed: 0.000108 s
[INFO] PDC_SERVER[10]: [TIMER] PDCtf_exec_graph time_elapsed: 0.000187 s
[INFO] PDC_SERVER[12]: [TIMER] write time_elapsed: 0.000152 s
[INFO] PDC_SERVER[14]: [TIMER] open time_elapsed: 0.000209 s
[INFO] PDC_SERVER[13]: ZFP compression succeeded, compressed size bytes: 5392 bytes
[INFO] PDC_SERVER[13]: [TIMER] zfp_compress time_elapsed: 0.000184 s
[INFO] PDC_SERVER[11]: [TIMER] write time_elapsed: 0.000194 s
[INFO] PDC_SERVER[13]: [TIMER] PDCtf_exec_graph time_elapsed: 0.000189 s
[INFO] PDC_SERVER[8]: [TIMER] open time_elapsed: 0.000212 s
[INFO] PDC_SERVER[12]: [TIMER] close time_elapsed: 0.000108 s
[INFO] PDC_SERVER[9]: ZFP compression succeeded, compressed size bytes: 5392 bytes
[INFO] PDC_SERVER[9]: [TIMER] zfp_compress time_elapsed: 0.000184 s
[INFO] PDC_SERVER[11]: [TIMER] close time_elapsed: 0.000113 s
[INFO] PDC_SERVER[14]: [TIMER] write time_elapsed: 0.000161 s
[INFO] PDC_SERVER[9]: [TIMER] PDCtf_exec_graph time_elapsed: 0.000187 s
[INFO] PDC_SERVER[10]: [TIMER] open time_elapsed: 0.000214 s
[INFO] PDC_SERVER[8]: [TIMER] write time_elapsed: 0.000138 s
[INFO] PDC_SERVER[13]: [TIMER] open time_elapsed: 0.000208 s
[INFO] PDC_SERVER[14]: [TIMER] close time_elapsed: 0.000113 s
[INFO] PDC_SERVER[11]: ZFP compression succeeded, compressed size bytes: 5032 bytes
[INFO] PDC_SERVER[11]: [TIMER] zfp_compress time_elapsed: 0.000180 s
[INFO] PDC_SERVER[11]: [TIMER] PDCtf_exec_graph time_elapsed: 0.000184 s
[INFO] PDC_SERVER[12]: ZFP compression succeeded, compressed size bytes: 5384 bytes
[INFO] PDC_SERVER[12]: [TIMER] zfp_compress time_elapsed: 0.000254 s
[INFO] PDC_SERVER[10]: [TIMER] write time_elapsed: 0.000157 s
[INFO] PDC_SERVER[8]: [TIMER] close time_elapsed: 0.000099 s
[INFO] PDC_SERVER[12]: [TIMER] PDCtf_exec_graph time_elapsed: 0.000259 s
[INFO] PDC_SERVER[9]: [TIMER] open time_elapsed: 0.000213 s
[INFO] PDC_SERVER[13]: [TIMER] write time_elapsed: 0.000161 s
[INFO] PDC_SERVER[10]: [TIMER] close time_elapsed: 0.000101 s
[INFO] PDC_SERVER[13]: [TIMER] close time_elapsed: 0.000104 s
[INFO] PDC_SERVER[11]: [TIMER] open time_elapsed: 0.000213 s
[INFO] PDC_SERVER[9]: [TIMER] write time_elapsed: 0.000205 s
[INFO] PDC_SERVER[12]: [TIMER] open time_elapsed: 0.000223 s
[INFO] PDC_SERVER[10]: ZFP compression succeeded, compressed size bytes: 5400 bytes
[INFO] PDC_SERVER[10]: [TIMER] zfp_compress time_elapsed: 0.000185 s
[INFO] PDC_SERVER[10]: [TIMER] PDCtf_exec_graph time_elapsed: 0.000189 s
[INFO] PDC_SERVER[11]: [TIMER] write time_elapsed: 0.000140 s
[INFO] PDC_SERVER[9]: [TIMER] close time_elapsed: 0.000110 s
[INFO] PDC_SERVER[12]: [TIMER] write time_elapsed: 0.000142 s
[INFO] PDC_SERVER[11]: [TIMER] close time_elapsed: 0.000108 s
[INFO] PDC_SERVER[12]: [TIMER] close time_elapsed: 0.000092 s
[INFO] PDC_SERVER[10]: [TIMER] open time_elapsed: 0.000202 s
[INFO] PDC_SERVER[10]: [TIMER] write time_elapsed: 0.000194 s
[INFO] PDC_SERVER[10]: [TIMER] close time_elapsed: 0.000097 s
[INFO] PDC_SERVER[1]: [TIMER] open time_elapsed: 0.000008 s
[INFO] PDC_SERVER[1]: [TIMER] read time_elapsed: 0.000006 s
[INFO] PDC_SERVER[1]: [TIMER] close time_elapsed: 0.000004 s
[INFO] PDC_SERVER[0]: [TIMER] open time_elapsed: 0.000009 s
[INFO] PDC_SERVER[0]: [TIMER] read time_elapsed: 0.000006 s
[INFO] PDC_SERVER[0]: [TIMER] close time_elapsed: 0.000004 s
[INFO] PDC_SERVER[3]: [TIMER] open time_elapsed: 0.000007 s
[INFO] PDC_SERVER[3]: [TIMER] read time_elapsed: 0.000005 s
[INFO] PDC_SERVER[3]: [TIMER] close time_elapsed: 0.000004 s
[INFO] PDC_SERVER[2]: [TIMER] open time_elapsed: 0.000007 s
[INFO] PDC_SERVER[2]: [TIMER] read time_elapsed: 0.000005 s
[INFO] PDC_SERVER[2]: [TIMER] close time_elapsed: 0.000004 s
[INFO] PDC_SERVER[0]: Executing graph with json filepath /pscratch/sd/n/nlewi26/src/hdf5-zfp-baseline/tf_graphs/compression.json
[INFO] PDC_SERVER[3]: [TIMER] zfp_decompress time_elapsed: 0.000139 s
[INFO] PDC_SERVER[3]: [TIMER] PDCtf_exec_graph time_elapsed: 0.000143 s
[INFO] PDC_SERVER[0]: [TIMER] zfp_decompress time_elapsed: 0.000142 s
[INFO] PDC_SERVER[0]: [TIMER] PDCtf_exec_graph time_elapsed: 0.000148 s
[INFO] PDC_SERVER[2]: [TIMER] zfp_decompress time_elapsed: 0.000128 s
[INFO] PDC_SERVER[2]: [TIMER] PDCtf_exec_graph time_elapsed: 0.000133 s
[INFO] PDC_SERVER[1]: [TIMER] zfp_decompress time_elapsed: 0.000187 s
[INFO] PDC_SERVER[1]: [TIMER] PDCtf_exec_graph time_elapsed: 0.000195 s
[INFO] PDC_SERVER[0]: Ran storage strategy STORE_FLATTENED_REGION_PER_FILE_TRANSFORMATION
[INFO] PDC_SERVER[3]: [TIMER] open time_elapsed: 0.000008 s
[INFO] PDC_SERVER[3]: [TIMER] read time_elapsed: 0.000005 s
[INFO] PDC_SERVER[3]: [TIMER] close time_elapsed: 0.000003 s
[INFO] PDC_SERVER[2]: [TIMER] open time_elapsed: 0.000014 s
[INFO] PDC_SERVER[2]: [TIMER] read time_elapsed: 0.000004 s
[INFO] PDC_SERVER[2]: [TIMER] close time_elapsed: 0.000003 s
[INFO] PDC_SERVER[0]: [TIMER] open time_elapsed: 0.000009 s
[INFO] PDC_SERVER[6]: [TIMER] open time_elapsed: 0.000438 s
[INFO] PDC_SERVER[7]: [TIMER] open time_elapsed: 0.000391 s
[INFO] PDC_SERVER[1]: [TIMER] open time_elapsed: 0.000018 s
[INFO] PDC_SERVER[1]: [TIMER] read time_elapsed: 0.000006 s
[INFO] PDC_SERVER[0]: [TIMER] read time_elapsed: 0.000003 s
[INFO] PDC_SERVER[6]: [TIMER] read time_elapsed: 0.000005 s
[INFO] PDC_SERVER[3]: [TIMER] zfp_decompress time_elapsed: 0.000129 s
[INFO] PDC_SERVER[3]: [TIMER] PDCtf_exec_graph time_elapsed: 0.000134 s
[INFO] PDC_SERVER[7]: [TIMER] read time_elapsed: 0.000006 s
[INFO] PDC_SERVER[15]: [TIMER] open time_elapsed: 0.000191 s
[INFO] PDC_SERVER[2]: [TIMER] zfp_decompress time_elapsed: 0.000115 s
[INFO] PDC_SERVER[2]: [TIMER] PDCtf_exec_graph time_elapsed: 0.000119 s
[INFO] PDC_SERVER[1]: [TIMER] close time_elapsed: 0.000004 s
[INFO] PDC_SERVER[0]: [TIMER] close time_elapsed: 0.000003 s
[INFO] PDC_SERVER[0]: Executing graph with json filepath /pscratch/sd/n/nlewi26/src/hdf5-zfp-baseline/tf_graphs/compression.json
[INFO] PDC_SERVER[6]: [TIMER] close time_elapsed: 0.000005 s
[INFO] PDC_SERVER[3]: [TIMER] open time_elapsed: 0.000008 s
[INFO] PDC_SERVER[3]: [TIMER] read time_elapsed: 0.000003 s
[INFO] PDC_SERVER[3]: [TIMER] close time_elapsed: 0.000003 s
[INFO] PDC_SERVER[5]: [TIMER] open time_elapsed: 0.000511 s
[INFO] PDC_SERVER[7]: [TIMER] close time_elapsed: 0.000005 s
[INFO] PDC_SERVER[15]: [TIMER] read time_elapsed: 0.000007 s
[INFO] PDC_SERVER[2]: [TIMER] open time_elapsed: 0.000009 s
[INFO] PDC_SERVER[2]: [TIMER] read time_elapsed: 0.000003 s
[INFO] PDC_SERVER[1]: [TIMER] zfp_decompress time_elapsed: 0.000158 s
[INFO] PDC_SERVER[1]: [TIMER] PDCtf_exec_graph time_elapsed: 0.000163 s
[INFO] PDC_SERVER[0]: [TIMER] zfp_decompress time_elapsed: 0.000125 s
[INFO] PDC_SERVER[0]: [TIMER] PDCtf_exec_graph time_elapsed: 0.000129 s
[INFO] PDC_SERVER[6]: [TIMER] zfp_decompress time_elapsed: 0.000141 s
[INFO] PDC_SERVER[6]: [TIMER] PDCtf_exec_graph time_elapsed: 0.000154 s
[INFO] PDC_SERVER[5]: [TIMER] read time_elapsed: 0.000006 s
[INFO] PDC_SERVER[5]: [TIMER] close time_elapsed: 0.000005 s
[INFO] PDC_SERVER[7]: [TIMER] zfp_decompress time_elapsed: 0.000139 s
[INFO] PDC_SERVER[7]: [TIMER] PDCtf_exec_graph time_elapsed: 0.000147 s
[INFO] PDC_SERVER[15]: [TIMER] close time_elapsed: 0.000107 s
[INFO] PDC_SERVER[2]: [TIMER] close time_elapsed: 0.000003 s
[INFO] PDC_SERVER[1]: [TIMER] open time_elapsed: 0.000008 s
[INFO] PDC_SERVER[1]: [TIMER] read time_elapsed: 0.000003 s
[INFO] PDC_SERVER[0]: Ran storage strategy STORE_FLATTENED_REGION_PER_FILE_TRANSFORMATION
[INFO] PDC_SERVER[3]: [TIMER] zfp_decompress time_elapsed: 0.000133 s
[INFO] PDC_SERVER[3]: [TIMER] PDCtf_exec_graph time_elapsed: 0.000137 s
[INFO] PDC_SERVER[4]: [TIMER] open time_elapsed: 0.000769 s
[INFO] PDC_SERVER[4]: [TIMER] read time_elapsed: 0.000006 s
[INFO] PDC_SERVER[5]: [TIMER] zfp_decompress time_elapsed: 0.000144 s
[INFO] PDC_SERVER[5]: [TIMER] PDCtf_exec_graph time_elapsed: 0.000149 s
[INFO] PDC_SERVER[2]: [TIMER] zfp_decompress time_elapsed: 0.000108 s
[INFO] PDC_SERVER[2]: [TIMER] PDCtf_exec_graph time_elapsed: 0.000112 s
[INFO] PDC_SERVER[1]: [TIMER] close time_elapsed: 0.000003 s
[INFO] PDC_SERVER[0]: [TIMER] open time_elapsed: 0.000009 s
[INFO] PDC_SERVER[0]: [TIMER] read time_elapsed: 0.000003 s
[INFO] PDC_SERVER[4]: [TIMER] close time_elapsed: 0.000006 s
[INFO] PDC_SERVER[15]: [TIMER] zfp_decompress time_elapsed: 0.000162 s
[INFO] PDC_SERVER[15]: [TIMER] PDCtf_exec_graph time_elapsed: 0.000175 s
[INFO] PDC_SERVER[9]: [TIMER] open time_elapsed: 0.000197 s
[INFO] PDC_SERVER[1]: [TIMER] zfp_decompress time_elapsed: 0.000111 s
[INFO] PDC_SERVER[1]: [TIMER] PDCtf_exec_graph time_elapsed: 0.000115 s
[INFO] PDC_SERVER[0]: [TIMER] close time_elapsed: 0.000003 s
[INFO] PDC_SERVER[3]: [TIMER] open time_elapsed: 0.000009 s
[INFO] PDC_SERVER[4]: [TIMER] zfp_decompress time_elapsed: 0.000153 s
[INFO] PDC_SERVER[4]: [TIMER] PDCtf_exec_graph time_elapsed: 0.000159 s
[INFO] PDC_SERVER[12]: [TIMER] open time_elapsed: 0.000195 s
[INFO] PDC_SERVER[2]: [TIMER] open time_elapsed: 0.000008 s
[INFO] PDC_SERVER[2]: [TIMER] read time_elapsed: 0.000002 s
[INFO] PDC_SERVER[2]: [TIMER] close time_elapsed: 0.000003 s
[INFO] PDC_SERVER[9]: [TIMER] read time_elapsed: 0.000006 s
[INFO] PDC_SERVER[1]: [TIMER] open time_elapsed: 0.000008 s
[INFO] PDC_SERVER[0]: Executing graph with json filepath /pscratch/sd/n/nlewi26/src/hdf5-zfp-baseline/tf_graphs/compression.json
[INFO] PDC_SERVER[3]: [TIMER] read time_elapsed: 0.000004 s
[INFO] PDC_SERVER[12]: [TIMER] read time_elapsed: 0.000005 s
[INFO] PDC_SERVER[14]: [TIMER] open time_elapsed: 0.000182 s
[INFO] PDC_SERVER[10]: [TIMER] open time_elapsed: 0.000173 s
[INFO] PDC_SERVER[2]: [TIMER] zfp_decompress time_elapsed: 0.000110 s
[INFO] PDC_SERVER[2]: [TIMER] PDCtf_exec_graph time_elapsed: 0.000114 s
[INFO] PDC_SERVER[9]: [TIMER] close time_elapsed: 0.000004 s
[INFO] PDC_SERVER[1]: [TIMER] read time_elapsed: 0.000003 s
[INFO] PDC_SERVER[0]: [TIMER] zfp_decompress time_elapsed: 0.000118 s
[INFO] PDC_SERVER[0]: [TIMER] PDCtf_exec_graph time_elapsed: 0.000122 s
[INFO] PDC_SERVER[3]: [TIMER] close time_elapsed: 0.000004 s
[INFO] PDC_SERVER[12]: [TIMER] close time_elapsed: 0.000004 s
[INFO] PDC_SERVER[14]: [TIMER] read time_elapsed: 0.000005 s
[INFO] PDC_SERVER[10]: [TIMER] read time_elapsed: 0.000006 s
[INFO] PDC_SERVER[9]: [TIMER] zfp_decompress time_elapsed: 0.000145 s
[INFO] PDC_SERVER[9]: [TIMER] PDCtf_exec_graph time_elapsed: 0.000150 s
[INFO] PDC_SERVER[1]: [TIMER] close time_elapsed: 0.000003 s
[INFO] PDC_SERVER[0]: Ran storage strategy STORE_FLATTENED_REGION_PER_FILE_TRANSFORMATION
[INFO] PDC_SERVER[6]: [TIMER] open time_elapsed: 0.000410 s
[INFO] PDC_SERVER[3]: [TIMER] zfp_decompress time_elapsed: 0.000113 s
[INFO] PDC_SERVER[3]: [TIMER] PDCtf_exec_graph time_elapsed: 0.000116 s
[INFO] PDC_SERVER[12]: [TIMER] zfp_decompress time_elapsed: 0.000152 s
[INFO] PDC_SERVER[12]: [TIMER] PDCtf_exec_graph time_elapsed: 0.000157 s
[INFO] PDC_SERVER[7]: [TIMER] open time_elapsed: 0.000355 s
[INFO] PDC_SERVER[14]: [TIMER] close time_elapsed: 0.000004 s
[INFO] PDC_SERVER[15]: [TIMER] open time_elapsed: 0.000190 s
[INFO] PDC_SERVER[10]: [TIMER] close time_elapsed: 0.000004 s
[INFO] PDC_SERVER[1]: [TIMER] zfp_decompress time_elapsed: 0.000111 s
[INFO] PDC_SERVER[1]: [TIMER] PDCtf_exec_graph time_elapsed: 0.000115 s
[INFO] PDC_SERVER[0]: [TIMER] open time_elapsed: 0.000007 s
[INFO] PDC_SERVER[6]: [TIMER] read time_elapsed: 0.000005 s
[INFO] PDC_SERVER[13]: [TIMER] open time_elapsed: 0.000179 s
[INFO] PDC_SERVER[7]: [TIMER] read time_elapsed: 0.000006 s
[INFO] PDC_SERVER[14]: [TIMER] zfp_decompress time_elapsed: 0.000151 s
[INFO] PDC_SERVER[14]: [TIMER] PDCtf_exec_graph time_elapsed: 0.000157 s
[INFO] PDC_SERVER[15]: [TIMER] read time_elapsed: 0.000004 s
[INFO] PDC_SERVER[10]: [TIMER] zfp_decompress time_elapsed: 0.000146 s
[INFO] PDC_SERVER[10]: [TIMER] PDCtf_exec_graph time_elapsed: 0.000152 s
[INFO] PDC_SERVER[0]: [TIMER] read time_elapsed: 0.000003 s
[INFO] PDC_SERVER[0]: [TIMER] close time_elapsed: 0.000003 s
[INFO] PDC_SERVER[6]: [TIMER] close time_elapsed: 0.000005 s
[INFO] PDC_SERVER[13]: [TIMER] read time_elapsed: 0.000011 s
[INFO] PDC_SERVER[5]: [TIMER] open time_elapsed: 0.000396 s
[INFO] PDC_SERVER[7]: [TIMER] close time_elapsed: 0.000004 s
[INFO] PDC_SERVER[15]: [TIMER] close time_elapsed: 0.000098 s
[INFO] PDC_SERVER[0]: Executing graph with json filepath /pscratch/sd/n/nlewi26/src/hdf5-zfp-baseline/tf_graphs/compression.json
[INFO] PDC_SERVER[6]: [TIMER] zfp_decompress time_elapsed: 0.000129 s
[INFO] PDC_SERVER[6]: [TIMER] PDCtf_exec_graph time_elapsed: 0.000133 s
[INFO] PDC_SERVER[13]: [TIMER] close time_elapsed: 0.000004 s
[INFO] PDC_SERVER[5]: [TIMER] read time_elapsed: 0.000006 s
[INFO] PDC_SERVER[7]: [TIMER] zfp_decompress time_elapsed: 0.000132 s
[INFO] PDC_SERVER[7]: [TIMER] PDCtf_exec_graph time_elapsed: 0.000137 s
[INFO] PDC_SERVER[0]: [TIMER] zfp_decompress time_elapsed: 0.000113 s
[INFO] PDC_SERVER[0]: [TIMER] PDCtf_exec_graph time_elapsed: 0.000116 s
[INFO] PDC_SERVER[13]: [TIMER] zfp_decompress time_elapsed: 0.000142 s
[INFO] PDC_SERVER[13]: [TIMER] PDCtf_exec_graph time_elapsed: 0.000147 s
[INFO] PDC_SERVER[5]: [TIMER] close time_elapsed: 0.000004 s
[INFO] PDC_SERVER[0]: Ran storage strategy STORE_FLATTENED_REGION_PER_FILE_TRANSFORMATION
[INFO] PDC_SERVER[4]: [TIMER] open time_elapsed: 0.000372 s
[INFO] PDC_SERVER[5]: [TIMER] zfp_decompress time_elapsed: 0.000126 s
[INFO] PDC_SERVER[5]: [TIMER] PDCtf_exec_graph time_elapsed: 0.000131 s
[INFO] PDC_SERVER[12]: [TIMER] open time_elapsed: 0.000205 s
[INFO] PDC_SERVER[15]: [TIMER] zfp_decompress time_elapsed: 0.000151 s
[INFO] PDC_SERVER[15]: [TIMER] PDCtf_exec_graph time_elapsed: 0.000157 s
[INFO] PDC_SERVER[4]: [TIMER] read time_elapsed: 0.000006 s
[INFO] PDC_SERVER[12]: [TIMER] read time_elapsed: 0.000005 s
[INFO] PDC_SERVER[8]: [TIMER] open time_elapsed: 0.000717 s
[INFO] PDC_SERVER[4]: [TIMER] close time_elapsed: 0.000004 s
[INFO] PDC_SERVER[12]: [TIMER] close time_elapsed: 0.000004 s
[INFO] PDC_SERVER[8]: [TIMER] read time_elapsed: 0.000006 s
[INFO] PDC_SERVER[8]: [TIMER] close time_elapsed: 0.000005 s
[INFO] PDC_SERVER[4]: [TIMER] zfp_decompress time_elapsed: 0.000130 s
[INFO] PDC_SERVER[4]: [TIMER] PDCtf_exec_graph time_elapsed: 0.000135 s
[INFO] PDC_SERVER[12]: [TIMER] zfp_decompress time_elapsed: 0.000181 s
[INFO] PDC_SERVER[12]: [TIMER] PDCtf_exec_graph time_elapsed: 0.000189 s
[INFO] PDC_SERVER[8]: [TIMER] zfp_decompress time_elapsed: 0.000149 s
[INFO] PDC_SERVER[8]: [TIMER] PDCtf_exec_graph time_elapsed: 0.000155 s
[INFO] PDC_SERVER[13]: [TIMER] open time_elapsed: 0.000231 s
[INFO] PDC_SERVER[11]: [TIMER] open time_elapsed: 0.000229 s
[INFO] PDC_SERVER[14]: [TIMER] open time_elapsed: 0.000231 s
[INFO] PDC_SERVER[15]: [TIMER] open time_elapsed: 0.000155 s
[INFO] PDC_SERVER[10]: [TIMER] open time_elapsed: 0.000171 s
[INFO] PDC_SERVER[9]: [TIMER] open time_elapsed: 0.000219 s
[INFO] PDC_SERVER[6]: [TIMER] open time_elapsed: 0.000363 s
[INFO] PDC_SERVER[6]: [TIMER] read time_elapsed: 0.000004 s
[INFO] PDC_SERVER[13]: [TIMER] read time_elapsed: 0.000005 s
[INFO] PDC_SERVER[11]: [TIMER] read time_elapsed: 0.000006 s
[INFO] PDC_SERVER[11]: [TIMER] close time_elapsed: 0.000005 s
[INFO] PDC_SERVER[14]: [TIMER] read time_elapsed: 0.000005 s
[INFO] PDC_SERVER[15]: [TIMER] read time_elapsed: 0.000004 s
[INFO] PDC_SERVER[10]: [TIMER] read time_elapsed: 0.000005 s
[INFO] PDC_SERVER[9]: [TIMER] read time_elapsed: 0.000005 s
[INFO] PDC_SERVER[6]: [TIMER] close time_elapsed: 0.000004 s
[INFO] PDC_SERVER[13]: [TIMER] close time_elapsed: 0.000004 s
[INFO] PDC_SERVER[11]: [TIMER] zfp_decompress time_elapsed: 0.000205 s
[INFO] PDC_SERVER[11]: [TIMER] PDCtf_exec_graph time_elapsed: 0.000213 s
[INFO] PDC_SERVER[7]: [TIMER] open time_elapsed: 0.000403 s
[INFO] PDC_SERVER[14]: [TIMER] close time_elapsed: 0.000004 s
[INFO] PDC_SERVER[15]: [TIMER] close time_elapsed: 0.000088 s
[INFO] PDC_SERVER[10]: [TIMER] close time_elapsed: 0.000004 s
[INFO] PDC_SERVER[9]: [TIMER] close time_elapsed: 0.000004 s
[INFO] PDC_SERVER[13]: [TIMER] zfp_decompress time_elapsed: 0.000124 s
[INFO] PDC_SERVER[13]: [TIMER] PDCtf_exec_graph time_elapsed: 0.000129 s
[INFO] PDC_SERVER[11]: [TIMER] open time_elapsed: 0.000212 s
[INFO] PDC_SERVER[7]: [TIMER] read time_elapsed: 0.000004 s
[INFO] PDC_SERVER[14]: [TIMER] zfp_decompress time_elapsed: 0.000127 s
[INFO] PDC_SERVER[14]: [TIMER] PDCtf_exec_graph time_elapsed: 0.000132 s
[INFO] PDC_SERVER[10]: [TIMER] zfp_decompress time_elapsed: 0.000126 s
[INFO] PDC_SERVER[10]: [TIMER] PDCtf_exec_graph time_elapsed: 0.000131 s
[INFO] PDC_SERVER[9]: [TIMER] zfp_decompress time_elapsed: 0.000126 s
[INFO] PDC_SERVER[9]: [TIMER] PDCtf_exec_graph time_elapsed: 0.000131 s
[INFO] PDC_SERVER[6]: [TIMER] zfp_decompress time_elapsed: 0.000124 s
[INFO] PDC_SERVER[6]: [TIMER] PDCtf_exec_graph time_elapsed: 0.000130 s
[INFO] PDC_SERVER[11]: [TIMER] read time_elapsed: 0.000006 s
[INFO] PDC_SERVER[5]: [TIMER] open time_elapsed: 0.000390 s
[INFO] PDC_SERVER[12]: [TIMER] open time_elapsed: 0.000164 s
[INFO] PDC_SERVER[7]: [TIMER] close time_elapsed: 0.000005 s
[INFO] PDC_SERVER[14]: [TIMER] open time_elapsed: 0.000159 s
[INFO] PDC_SERVER[15]: [TIMER] zfp_decompress time_elapsed: 0.000132 s
[INFO] PDC_SERVER[15]: [TIMER] PDCtf_exec_graph time_elapsed: 0.000138 s
[INFO] PDC_SERVER[10]: [TIMER] open time_elapsed: 0.000179 s
[INFO] PDC_SERVER[9]: [TIMER] open time_elapsed: 0.000146 s
[INFO] PDC_SERVER[9]: [TIMER] read time_elapsed: 0.000003 s
[INFO] PDC_SERVER[4]: [TIMER] open time_elapsed: 0.000302 s
[INFO] PDC_SERVER[11]: [TIMER] close time_elapsed: 0.000004 s
[INFO] PDC_SERVER[5]: [TIMER] read time_elapsed: 0.000004 s
[INFO] PDC_SERVER[12]: [TIMER] read time_elapsed: 0.000003 s
[INFO] PDC_SERVER[7]: [TIMER] zfp_decompress time_elapsed: 0.000173 s
[INFO] PDC_SERVER[7]: [TIMER] PDCtf_exec_graph time_elapsed: 0.000179 s
[INFO] PDC_SERVER[14]: [TIMER] read time_elapsed: 0.000003 s
[INFO] PDC_SERVER[10]: [TIMER] read time_elapsed: 0.000003 s
[INFO] PDC_SERVER[9]: [TIMER] close time_elapsed: 0.000004 s
[INFO] PDC_SERVER[8]: [TIMER] open time_elapsed: 0.000285 s
[INFO] PDC_SERVER[4]: [TIMER] read time_elapsed: 0.000004 s
[INFO] PDC_SERVER[11]: [TIMER] zfp_decompress time_elapsed: 0.000126 s
[INFO] PDC_SERVER[11]: [TIMER] PDCtf_exec_graph time_elapsed: 0.000131 s
[INFO] PDC_SERVER[5]: [TIMER] close time_elapsed: 0.000004 s
[INFO] PDC_SERVER[12]: [TIMER] close time_elapsed: 0.000004 s
[INFO] PDC_SERVER[14]: [TIMER] close time_elapsed: 0.000004 s
[INFO] PDC_SERVER[10]: [TIMER] close time_elapsed: 0.000004 s
[INFO] PDC_SERVER[9]: [TIMER] zfp_decompress time_elapsed: 0.000126 s
[INFO] PDC_SERVER[9]: [TIMER] PDCtf_exec_graph time_elapsed: 0.000130 s
[INFO] PDC_SERVER[8]: [TIMER] read time_elapsed: 0.000006 s
[INFO] PDC_SERVER[13]: [TIMER] open time_elapsed: 0.000176 s
[INFO] PDC_SERVER[4]: [TIMER] close time_elapsed: 0.000004 s
[INFO] PDC_SERVER[5]: [TIMER] zfp_decompress time_elapsed: 0.000124 s
[INFO] PDC_SERVER[5]: [TIMER] PDCtf_exec_graph time_elapsed: 0.000129 s
[INFO] PDC_SERVER[12]: [TIMER] zfp_decompress time_elapsed: 0.000132 s
[INFO] PDC_SERVER[12]: [TIMER] PDCtf_exec_graph time_elapsed: 0.000137 s
[INFO] PDC_SERVER[14]: [TIMER] zfp_decompress time_elapsed: 0.000124 s
[INFO] PDC_SERVER[14]: [TIMER] PDCtf_exec_graph time_elapsed: 0.000128 s
[INFO] PDC_SERVER[15]: [TIMER] open time_elapsed: 0.000131 s
[INFO] PDC_SERVER[10]: [TIMER] zfp_decompress time_elapsed: 0.000133 s
[INFO] PDC_SERVER[10]: [TIMER] PDCtf_exec_graph time_elapsed: 0.000138 s
[INFO] PDC_SERVER[9]: [TIMER] open time_elapsed: 0.000166 s
[INFO] PDC_SERVER[8]: [TIMER] close time_elapsed: 0.000004 s
[INFO] PDC_SERVER[13]: [TIMER] read time_elapsed: 0.000003 s
[INFO] PDC_SERVER[4]: [TIMER] zfp_decompress time_elapsed: 0.000125 s
[INFO] PDC_SERVER[4]: [TIMER] PDCtf_exec_graph time_elapsed: 0.000130 s
[INFO] PDC_SERVER[15]: [TIMER] read time_elapsed: 0.000004 s
[INFO] PDC_SERVER[9]: [TIMER] read time_elapsed: 0.000003 s
[INFO] PDC_SERVER[8]: [TIMER] zfp_decompress time_elapsed: 0.000129 s
[INFO] PDC_SERVER[8]: [TIMER] PDCtf_exec_graph time_elapsed: 0.000134 s
[INFO] PDC_SERVER[6]: [TIMER] open time_elapsed: 0.000258 s
[INFO] PDC_SERVER[13]: [TIMER] close time_elapsed: 0.000004 s
[INFO] PDC_SERVER[11]: [TIMER] open time_elapsed: 0.000179 s
[INFO] PDC_SERVER[15]: [TIMER] close time_elapsed: 0.000105 s
[INFO] PDC_SERVER[9]: [TIMER] close time_elapsed: 0.000004 s
[INFO] PDC_SERVER[6]: [TIMER] read time_elapsed: 0.000004 s
[INFO] PDC_SERVER[13]: [TIMER] zfp_decompress time_elapsed: 0.000124 s
[INFO] PDC_SERVER[13]: [TIMER] PDCtf_exec_graph time_elapsed: 0.000128 s
[INFO] PDC_SERVER[11]: [TIMER] read time_elapsed: 0.000003 s
[INFO] PDC_SERVER[12]: [TIMER] open time_elapsed: 0.000188 s
[INFO] PDC_SERVER[10]: [TIMER] open time_elapsed: 0.000174 s
[INFO] PDC_SERVER[9]: [TIMER] zfp_decompress time_elapsed: 0.000129 s
[INFO] PDC_SERVER[9]: [TIMER] PDCtf_exec_graph time_elapsed: 0.000133 s
[INFO] PDC_SERVER[6]: [TIMER] close time_elapsed: 0.000005 s
[INFO] PDC_SERVER[11]: [TIMER] close time_elapsed: 0.000004 s
[INFO] PDC_SERVER[12]: [TIMER] read time_elapsed: 0.000003 s
[INFO] PDC_SERVER[14]: [TIMER] open time_elapsed: 0.000185 s
[INFO] PDC_SERVER[15]: [TIMER] zfp_decompress time_elapsed: 0.000130 s
[INFO] PDC_SERVER[15]: [TIMER] PDCtf_exec_graph time_elapsed: 0.000135 s
[INFO] PDC_SERVER[10]: [TIMER] read time_elapsed: 0.000004 s
[INFO] PDC_SERVER[6]: [TIMER] zfp_decompress time_elapsed: 0.000125 s
[INFO] PDC_SERVER[6]: [TIMER] PDCtf_exec_graph time_elapsed: 0.000130 s
[INFO] PDC_SERVER[4]: [TIMER] open time_elapsed: 0.000260 s
[INFO] PDC_SERVER[11]: [TIMER] zfp_decompress time_elapsed: 0.000125 s
[INFO] PDC_SERVER[11]: [TIMER] PDCtf_exec_graph time_elapsed: 0.000130 s
[INFO] PDC_SERVER[5]: [TIMER] open time_elapsed: 0.000254 s
[INFO] PDC_SERVER[12]: [TIMER] close time_elapsed: 0.000004 s
[INFO] PDC_SERVER[7]: [TIMER] open time_elapsed: 0.000309 s
[INFO] PDC_SERVER[14]: [TIMER] read time_elapsed: 0.000003 s
[INFO] PDC_SERVER[10]: [TIMER] close time_elapsed: 0.000004 s
[INFO] PDC_SERVER[8]: [TIMER] open time_elapsed: 0.000198 s
[INFO] PDC_SERVER[4]: [TIMER] read time_elapsed: 0.000004 s
[INFO] PDC_SERVER[5]: [TIMER] read time_elapsed: 0.000004 s
[INFO] PDC_SERVER[12]: [TIMER] zfp_decompress time_elapsed: 0.000130 s
[INFO] PDC_SERVER[12]: [TIMER] PDCtf_exec_graph time_elapsed: 0.000135 s
[INFO] PDC_SERVER[7]: [TIMER] read time_elapsed: 0.000004 s
[INFO] PDC_SERVER[14]: [TIMER] close time_elapsed: 0.000004 s
[INFO] PDC_SERVER[8]: [TIMER] read time_elapsed: 0.000003 s
[INFO] PDC_SERVER[13]: [TIMER] open time_elapsed: 0.000195 s
[INFO] PDC_SERVER[4]: [TIMER] close time_elapsed: 0.000004 s
[INFO] PDC_SERVER[5]: [TIMER] close time_elapsed: 0.000004 s
[INFO] PDC_SERVER[7]: [TIMER] close time_elapsed: 0.000004 s
[INFO] PDC_SERVER[14]: [TIMER] zfp_decompress time_elapsed: 0.000123 s
[INFO] PDC_SERVER[14]: [TIMER] PDCtf_exec_graph time_elapsed: 0.000128 s
[INFO] PDC_SERVER[10]: [TIMER] zfp_decompress time_elapsed: 0.000181 s
[INFO] PDC_SERVER[8]: [TIMER] close time_elapsed: 0.000004 s
[INFO] PDC_SERVER[13]: [TIMER] read time_elapsed: 0.000003 s
[INFO] PDC_SERVER[4]: [TIMER] zfp_decompress time_elapsed: 0.000130 s
[INFO] PDC_SERVER[4]: [TIMER] PDCtf_exec_graph time_elapsed: 0.000135 s
[INFO] PDC_SERVER[5]: [TIMER] zfp_decompress time_elapsed: 0.000126 s
[INFO] PDC_SERVER[5]: [TIMER] PDCtf_exec_graph time_elapsed: 0.000130 s
[INFO] PDC_SERVER[7]: [TIMER] zfp_decompress time_elapsed: 0.000122 s
[INFO] PDC_SERVER[7]: [TIMER] PDCtf_exec_graph time_elapsed: 0.000127 s
[INFO] PDC_SERVER[10]: [TIMER] PDCtf_exec_graph time_elapsed: 0.000188 s
[INFO] PDC_SERVER[8]: [TIMER] zfp_decompress time_elapsed: 0.000127 s
[INFO] PDC_SERVER[8]: [TIMER] PDCtf_exec_graph time_elapsed: 0.000132 s
[INFO] PDC_SERVER[13]: [TIMER] close time_elapsed: 0.000004 s
[INFO] PDC_SERVER[11]: [TIMER] open time_elapsed: 0.000189 s
[INFO] PDC_SERVER[13]: [TIMER] zfp_decompress time_elapsed: 0.000125 s
[INFO] PDC_SERVER[13]: [TIMER] PDCtf_exec_graph time_elapsed: 0.000130 s
[INFO] PDC_SERVER[11]: [TIMER] read time_elapsed: 0.000003 s
[INFO] PDC_SERVER[11]: [TIMER] close time_elapsed: 0.000004 s
[INFO] PDC_SERVER[11]: [TIMER] zfp_decompress time_elapsed: 0.000125 s
[INFO] PDC_SERVER[11]: [TIMER] PDCtf_exec_graph time_elapsed: 0.000130 s
[INFO] PDC_SERVER[8]: [TIMER] open time_elapsed: 0.000165 s
[INFO] PDC_SERVER[8]: [TIMER] read time_elapsed: 0.000003 s
[INFO] PDC_SERVER[8]: [TIMER] close time_elapsed: 0.000004 s
[INFO] PDC_SERVER[8]: [TIMER] zfp_decompress time_elapsed: 0.000132 s
[INFO] PDC_SERVER[8]: [TIMER] PDCtf_exec_graph time_elapsed: 0.000137 s
[INFO] PDC_CLIENT[13]: [IDIOMS_Index_Dump_13] Timer to dump index = 9.0000 microseconds
[INFO] PDC_CLIENT[11]: [IDIOMS_Index_Dump_11] Timer to dump index = 9.0000 microseconds
[INFO] PDC_CLIENT[9]: [IDIOMS_Index_Dump_9] Timer to dump index = 8.0000 microseconds
[INFO] PDC_CLIENT[10]: [IDIOMS_Index_Dump_10] Timer to dump index = 9.0000 microseconds
[INFO] PDC_CLIENT[15]: [IDIOMS_Index_Dump_15] Timer to dump index = 8.0000 microseconds
[INFO] PDC_CLIENT[14]: [IDIOMS_Index_Dump_14] Timer to dump index = 9.0000 microseconds
[INFO] PDC_CLIENT[12]: [IDIOMS_Index_Dump_12] Timer to dump index = 10.0000 microseconds
[INFO] PDC_CLIENT[8]: [IDIOMS_Index_Dump_8] Timer to dump index = 11.0000 microseconds
[INFO] PDC_CLIENT[7]: [IDIOMS_Index_Dump_7] Timer to dump index = 9.0000 microseconds
[INFO] PDC_CLIENT[6]: [IDIOMS_Index_Dump_6] Timer to dump index = 13.0000 microseconds
[INFO] PDC_SERVER[0]: Checkpoint file [./pdc_tmp//0/metadata_checkpoint.0]
[INFO] PDC_CLIENT[3]: [IDIOMS_Index_Dump_3] Timer to dump index = 11.0000 microseconds
[INFO] PDC_CLIENT[5]: [IDIOMS_Index_Dump_5] Timer to dump index = 9.0000 microseconds
[INFO] PDC_CLIENT[1]: [IDIOMS_Index_Dump_1] Timer to dump index = 11.0000 microseconds
[INFO] PDC_CLIENT[4]: [IDIOMS_Index_Dump_4] Timer to dump index = 9.0000 microseconds
[INFO] PDC_CLIENT[2]: [IDIOMS_Index_Dump_2] Timer to dump index = 11.0000 microseconds
[INFO] PDC_CLIENT[26]: [IDIOMS_Index_Dump_26] Timer to dump index = 10.0000 microseconds
[INFO] PDC_CLIENT[27]: [IDIOMS_Index_Dump_27] Timer to dump index = 11.0000 microseconds
[INFO] PDC_CLIENT[18]: [IDIOMS_Index_Dump_18] Timer to dump index = 10.0000 microseconds
[INFO] PDC_CLIENT[19]: [IDIOMS_Index_Dump_19] Timer to dump index = 10.0000 microseconds
[INFO] PDC_CLIENT[17]: [IDIOMS_Index_Dump_17] Timer to dump index = 11.0000 microseconds
[INFO] PDC_CLIENT[29]: [IDIOMS_Index_Dump_29] Timer to dump index = 10.0000 microseconds
[INFO] PDC_CLIENT[31]: [IDIOMS_Index_Dump_31] Timer to dump index = 10.0000 microseconds
[INFO] PDC_CLIENT[21]: [IDIOMS_Index_Dump_21] Timer to dump index = 11.0000 microseconds
[INFO] PDC_CLIENT[30]: [IDIOMS_Index_Dump_30] Timer to dump index = 10.0000 microseconds
[INFO] PDC_CLIENT[28]: [IDIOMS_Index_Dump_28] Timer to dump index = 10.0000 microseconds
[INFO] PDC_CLIENT[22]: [IDIOMS_Index_Dump_22] Timer to dump index = 10.0000 microseconds
[INFO] PDC_CLIENT[23]: [IDIOMS_Index_Dump_23] Timer to dump index = 10.0000 microseconds
[INFO] PDC_CLIENT[20]: [IDIOMS_Index_Dump_20] Timer to dump index = 9.0000 microseconds
[INFO] PDC_SERVER[0]: Checkpointed          1 objects, with          0 regions 
[INFO] PDC_CLIENT[0]: Writing DART info to file_name: ./pdc_tmp//dart_info.bin
[INFO] PDC_CLIENT[25]: [IDIOMS_Index_Dump_25] Timer to dump index = 10.0000 microseconds
[INFO] PDC_CLIENT[16]: [IDIOMS_Index_Dump_16] Timer to dump index = 10.0000 microseconds
[INFO] PDC_CLIENT[24]: [IDIOMS_Index_Dump_24] Timer to dump index = 11.0000 microseconds
[INFO] PDC_CLIENT[0]: [IDIOMS_Index_Dump_0] Timer to dump index = 2128.0000 microseconds
