Entered main
Rank[0] {
  "workloads":[
    {
      "name":"PDC",
      "implementation":"pdc",
      "io_participations":[
        "independent"
      ],
      "filter":"raw",
      "params":"batch"
    }
  ],
  "chunk_size_bytes":4194304,
  "chunks_per_rank":4,
  "validate_read":false
}
Rank[0] ==============================================
Rank[0] Starting workload PDC
Rank[0] Running with 128 rank(s)
Rank[0] Chunks per rank 4
Rank[0] Params batchRank[0] Using independent I/O
Rank[0] Requested chunk size 4194304 bytes
Rank[0] Rounded chunk size 524288 bytes
Rank[0] Total data to be written: 0 GB (268435456) bytes
Rank[0] ==============================================
Entered main
[INFO] PDC_CLIENT[46]: PDCtf_init called
Entered main
[INFO] PDC_CLIENT[36]: PDCtf_init called
Entered main
[INFO] PDC_CLIENT[41]: PDCtf_init called
Entered main
[INFO] PDC_CLIENT[34]: PDCtf_init called
Entered main
[INFO] PDC_CLIENT[126]: PDCtf_init called
Entered main
[INFO] PDC_CLIENT[39]: PDCtf_init called
Entered main
[INFO] PDC_CLIENT[119]: PDCtf_init called
Entered main
[INFO] PDC_CLIENT[72]: PDCtf_init called
Entered main
[INFO] PDC_CLIENT[117]: PDCtf_init called
Entered main
[INFO] PDC_CLIENT[42]: PDCtf_init called
Entered main
[INFO] PDC_CLIENT[88]: PDCtf_init called
Entered main
[INFO] PDC_CLIENT[24]: PDCtf_init called
Entered main
[INFO] PDC_CLIENT[16]: PDCtf_init called
Entered main
[INFO] PDC_CLIENT[87]: PDCtf_init called
Entered main
[INFO] PDC_CLIENT[105]: PDCtf_init called
Entered main
[INFO] PDC_CLIENT[91]: PDCtf_init called
Entered main
[INFO] PDC_CLIENT[29]: PDCtf_init called
Entered main
[INFO] PDC_CLIENT[49]: PDCtf_init called
Entered main
[INFO] PDC_CLIENT[103]: PDCtf_init called
Entered main
[INFO] PDC_CLIENT[1]: PDCtf_init called
Entered main
[INFO] PDC_CLIENT[93]: PDCtf_init called
Entered main
[INFO] PDC_CLIENT[31]: PDCtf_init called
Entered main
[INFO] PDC_CLIENT[11]: PDCtf_init called
Entered main
[INFO] PDC_CLIENT[23]: PDCtf_init called
Entered main
[INFO] PDC_CLIENT[15]: PDCtf_init called
Entered main
[INFO] PDC_CLIENT[9]: PDCtf_init called
Entered main
[INFO] PDC_CLIENT[27]: PDCtf_init called
Entered main
[INFO] PDC_CLIENT[8]: PDCtf_init called
Entered main
[INFO] PDC_CLIENT[14]: PDCtf_init called
Entered main
[INFO] PDC_CLIENT[22]: PDCtf_init called
Entered main
[INFO] PDC_CLIENT[18]: PDCtf_init called
Entered main
[INFO] PDC_CLIENT[3]: PDCtf_init called
Entered main
[INFO] PDC_CLIENT[5]: PDCtf_init called
[INFO] PDC_CLIENT[0]: PDCtf_init called
Entered main
[INFO] PDC_CLIENT[7]: PDCtf_init called
Entered main
[INFO] PDC_CLIENT[4]: PDCtf_init called
Entered main
[INFO] PDC_CLIENT[10]: PDCtf_init called
Entered main
[INFO] PDC_CLIENT[30]: PDCtf_init called
Entered main
[INFO] PDC_CLIENT[83]: PDCtf_init called
Entered main
[INFO] PDC_CLIENT[108]: PDCtf_init called
Entered main
[INFO] PDC_CLIENT[13]: PDCtf_init called
Entered main
[INFO] PDC_CLIENT[84]: PDCtf_init called
Entered main
[INFO] PDC_CLIENT[40]: PDCtf_init called
Entered main
[INFO] PDC_CLIENT[45]: PDCtf_init called
Entered main
[INFO] PDC_CLIENT[20]: PDCtf_init called
Entered main
[INFO] PDC_CLIENT[6]: PDCtf_init called
Entered main
[INFO] PDC_CLIENT[94]: PDCtf_init called
Entered main
[INFO] PDC_CLIENT[107]: PDCtf_init called
Entered main
[INFO] PDC_CLIENT[111]: PDCtf_init called
Entered main
[INFO] PDC_CLIENT[43]: PDCtf_init called
Entered main
[INFO] PDC_CLIENT[80]: PDCtf_init called
Entered main
[INFO] PDC_CLIENT[97]: PDCtf_init called
Entered main
[INFO] PDC_CLIENT[44]: PDCtf_init called
Entered main
[INFO] PDC_CLIENT[90]: PDCtf_init called
Entered main
[INFO] PDC_CLIENT[32]: PDCtf_init called
Entered main
[INFO] PDC_CLIENT[67]: PDCtf_init called
Entered main
[INFO] PDC_CLIENT[73]: PDCtf_init called
Entered main
[INFO] PDC_CLIENT[101]: PDCtf_init called
Entered main
[INFO] PDC_CLIENT[98]: PDCtf_init called
Entered main
[INFO] PDC_CLIENT[38]: PDCtf_init called
Entered main
[INFO] PDC_CLIENT[100]: PDCtf_init called
Entered main
[INFO] PDC_CLIENT[89]: PDCtf_init called
Entered main
[INFO] PDC_CLIENT[76]: PDCtf_init called
Entered main
[INFO] PDC_CLIENT[79]: PDCtf_init called
Entered main
[INFO] PDC_CLIENT[86]: PDCtf_init called
Entered main
[INFO] PDC_CLIENT[104]: PDCtf_init called
Entered main
[INFO] PDC_CLIENT[35]: PDCtf_init called
Entered main
[INFO] PDC_CLIENT[33]: PDCtf_init called
Entered main
[INFO] PDC_CLIENT[92]: PDCtf_init called
Entered main
[INFO] PDC_CLIENT[2]: PDCtf_init called
Entered main
[INFO] PDC_CLIENT[110]: PDCtf_init called
Entered main
[INFO] PDC_CLIENT[63]: PDCtf_init called
Entered main
[INFO] PDC_CLIENT[71]: PDCtf_init called
Entered main
[INFO] PDC_CLIENT[37]: PDCtf_init called
Entered main
[INFO] PDC_CLIENT[25]: PDCtf_init called
Entered main
[INFO] PDC_CLIENT[127]: PDCtf_init called
Entered main
[INFO] PDC_CLIENT[82]: PDCtf_init called
Entered main
[INFO] PDC_CLIENT[47]: PDCtf_init called
Entered main
[INFO] PDC_CLIENT[19]: PDCtf_init called
Entered main
[INFO] PDC_CLIENT[96]: PDCtf_init called
Entered main
[INFO] PDC_CLIENT[61]: PDCtf_init called
Entered main
[INFO] PDC_CLIENT[12]: PDCtf_init called
Entered main
[INFO] PDC_CLIENT[81]: PDCtf_init called
Entered main
[INFO] PDC_CLIENT[68]: PDCtf_init called
Entered main
[INFO] PDC_CLIENT[106]: PDCtf_init called
Entered main
[INFO] PDC_CLIENT[51]: PDCtf_init called
Entered main
[INFO] PDC_CLIENT[85]: PDCtf_init called
Entered main
[INFO] PDC_CLIENT[125]: PDCtf_init called
Entered main
[INFO] PDC_CLIENT[26]: PDCtf_init called
Entered main
[INFO] PDC_CLIENT[53]: PDCtf_init called
Entered main
[INFO] PDC_CLIENT[64]: PDCtf_init called
Entered main
[INFO] PDC_CLIENT[114]: PDCtf_init called
Entered main
[INFO] PDC_CLIENT[95]: PDCtf_init called
Entered main
[INFO] PDC_CLIENT[28]: PDCtf_init called
Entered main
[INFO] PDC_CLIENT[75]: PDCtf_init called
Entered main
[INFO] PDC_CLIENT[109]: PDCtf_init called
Entered main
[INFO] PDC_CLIENT[99]: PDCtf_init called
Entered main
[INFO] PDC_CLIENT[21]: PDCtf_init called
Entered main
[INFO] PDC_CLIENT[118]: PDCtf_init called
Entered main
[INFO] PDC_CLIENT[58]: PDCtf_init called
Entered main
[INFO] PDC_CLIENT[52]: PDCtf_init called
Entered main
[INFO] PDC_CLIENT[17]: PDCtf_init called
Entered main
[INFO] PDC_CLIENT[70]: PDCtf_init called
Entered main
[INFO] PDC_CLIENT[102]: PDCtf_init called
Entered main
[INFO] PDC_CLIENT[116]: PDCtf_init called
Entered main
[INFO] PDC_CLIENT[74]: PDCtf_init called
Entered main
[INFO] PDC_CLIENT[50]: PDCtf_init called
Entered main
[INFO] PDC_CLIENT[78]: PDCtf_init called
Entered main
[INFO] PDC_CLIENT[122]: PDCtf_init called
Entered main
[INFO] PDC_CLIENT[66]: PDCtf_init called
Entered main
[INFO] PDC_CLIENT[48]: PDCtf_init called
Entered main
[INFO] PDC_CLIENT[120]: PDCtf_init called
Entered main
[INFO] PDC_CLIENT[56]: PDCtf_init called
Entered main
[INFO] PDC_CLIENT[69]: PDCtf_init called
Entered main
[INFO] PDC_CLIENT[124]: PDCtf_init called
Entered main
[INFO] PDC_CLIENT[77]: PDCtf_init called
Entered main
[INFO] PDC_CLIENT[113]: PDCtf_init called
Entered main
[INFO] PDC_CLIENT[55]: PDCtf_init called
Entered main
[INFO] PDC_CLIENT[59]: PDCtf_init called
Entered main
[INFO] PDC_CLIENT[65]: PDCtf_init called
Entered main
[INFO] PDC_CLIENT[123]: PDCtf_init called
Entered main
[INFO] PDC_CLIENT[54]: PDCtf_init called
Entered main
[INFO] PDC_CLIENT[62]: PDCtf_init called
Entered main
[INFO] PDC_CLIENT[112]: PDCtf_init called
Entered main
[INFO] PDC_CLIENT[60]: PDCtf_init called
Entered main
[INFO] PDC_CLIENT[121]: PDCtf_init called
Entered main
[INFO] PDC_CLIENT[57]: PDCtf_init called
Entered main
[INFO] PDC_CLIENT[115]: PDCtf_init called
[INFO] PDC_CLIENT[0]: PDC_DEBUG set to 0
[INFO] PDC_CLIENT[0]: Found 4 PDC Metadata servers, running with 128 PDC clients
[INFO] PDC_CLIENT[0]: Environment variable HG_TRANSPORT was NOT set
[INFO] PDC_CLIENT[0]: Environment variable HG_HOST was NOT set
[INFO] PDC_CLIENT[0]: Connection string: ofi+tcp://nid006276:8000
[INFO] PDC_CLIENT[0]: Using [./pdc_tmp] as tmp dir, 32 clients per server
Rank[0] Calling init_dataset on impl
Creating container with name cont_0
Rank[0] Creating object with name obj_0
Rank[0] No filter enabled
Rank[0] Calling create_dataset on impl
Rank[0] Starting write
Creating container with name cont_0
Rank[1] Starting write
Rank[1] Starting chunk write 1
Creating container with name cont_0
Rank[2] Starting write
Rank[2] Starting chunk write 1
Creating container with name cont_0
Rank[3] Starting write
Rank[3] Starting chunk write 1
Creating container with name cont_0
Rank[4] Starting write
Rank[4] Starting chunk write 1
Creating container with name cont_0
Rank[48] Starting write
Creating container with name cont_0
Rank[16] Starting write
Creating container with name cont_0
Rank[64] Starting write
Creating container with name cont_0
Rank[32] Starting write
Creating container with name cont_0
Rank[5] Starting write
Rank[5] Starting chunk write 1
Creating container with name cont_0
Rank[112] Starting write
Creating container with name cont_0
Rank[49] Starting write
Creating container with name cont_0
Rank[17] Starting write
Creating container with name cont_0
Rank[66] Starting write
Rank[66] Starting chunk write 1
Creating container with name cont_0
Rank[33] Starting write
Creating container with name cont_0
Rank[6] Starting write
Rank[6] Starting chunk write 1
Creating container with name cont_0
Rank[113] Starting write
Rank[113] Starting chunk write 1
Creating container with name cont_0
Rank[50] Starting write
Creating container with name cont_0
Rank[18] Starting write
Creating container with name cont_0
Rank[68] Starting write
Rank[68] Starting chunk write 1
Creating container with name cont_0
Rank[34] Starting write
Creating container with name cont_0
Rank[7] Starting write
Rank[7] Starting chunk write 1
Creating container with name cont_0
Rank[114] Starting write
Rank[114] Starting chunk write 1
Creating container with name cont_0
Rank[51] Starting write
Creating container with name cont_0
Rank[80] Starting write
Creating container with name cont_0
Rank[19] Starting write
Creating container with name cont_0
Rank[70] Starting write
Rank[70] Starting chunk write 1
Creating container with name cont_0
Rank[96] Starting write
Rank[96] Starting chunk write 1
Creating container with name cont_0
Rank[35] Starting write
Rank[35] Starting chunk write 1
Creating container with name cont_0
Rank[8] Starting write
Rank[8] Starting chunk write 1
Creating container with name cont_0
Rank[115] Starting write
Rank[115] Starting chunk write 1
Creating container with name cont_0
Rank[52] Starting write
Rank[52] Starting chunk write 1
Creating container with name cont_0
Rank[81] Starting write
Rank[81] Starting chunk write 1
Creating container with name cont_0
Rank[20] Starting write
Rank[20] Starting chunk write 1
Creating container with name cont_0
Rank[72] Starting write
Rank[72] Starting chunk write 1
Creating container with name cont_0
Rank[97] Starting write
Rank[97] Starting chunk write 1
Creating container with name cont_0
Rank[36] Starting write
Rank[36] Starting chunk write 1
Creating container with name cont_0
Rank[9] Starting write
Rank[9] Starting chunk write 1
Creating container with name cont_0
Rank[116] Starting write
Rank[116] Starting chunk write 1
Creating container with name cont_0
Rank[53] Starting write
Rank[53] Starting chunk write 1
Creating container with name cont_0
Rank[82] Starting write
Rank[82] Starting chunk write 1
Creating container with name cont_0
Rank[21] Starting write
Rank[21] Starting chunk write 1
Creating container with name cont_0
Rank[74] Starting write
Rank[74] Starting chunk write 1
Creating container with name cont_0
Rank[98] Starting write
Rank[98] Starting chunk write 1
Creating container with name cont_0
Rank[37] Starting write
Rank[37] Starting chunk write 1
Creating container with name cont_0
Rank[11] Starting write
Rank[11] Starting chunk write 1
Creating container with name cont_0
Rank[117] Starting write
Rank[117] Starting chunk write 1
Creating container with name cont_0
Rank[54] Starting write
Rank[54] Starting chunk write 1
Creating container with name cont_0
Rank[83] Starting write
Rank[83] Starting chunk write 1
Creating container with name cont_0
Rank[22] Starting write
Rank[22] Starting chunk write 1
Creating container with name cont_0
Rank[76] Starting write
Rank[76] Starting chunk write 1
Creating container with name cont_0
Rank[99] Starting write
Rank[99] Starting chunk write 1
Creating container with name cont_0
Rank[38] Starting write
Rank[38] Starting chunk write 1
Creating container with name cont_0
Rank[12] Starting write
Rank[12] Starting chunk write 1
Creating container with name cont_0
Rank[118] Starting write
Rank[118] Starting chunk write 1
Creating container with name cont_0
Rank[55] Starting write
Rank[55] Starting chunk write 1
Creating container with name cont_0
Rank[84] Starting write
Rank[84] Starting chunk write 1
Creating container with name cont_0
Rank[23] Starting write
Rank[23] Starting chunk write 1
Creating container with name cont_0
Rank[78] Starting write
Rank[78] Starting chunk write 1
Creating container with name cont_0
Rank[100] Starting write
Rank[100] Starting chunk write 1
Creating container with name cont_0
Rank[39] Starting write
Rank[39] Starting chunk write 1
Creating container with name cont_0
Rank[13] Starting write
Rank[13] Starting chunk write 1
Creating container with name cont_0
Rank[119] Starting write
Rank[119] Starting chunk write 1
Creating container with name cont_0
Rank[56] Starting write
Rank[56] Starting chunk write 1
Creating container with name cont_0
Rank[85] Starting write
Rank[85] Starting chunk write 1
Creating container with name cont_0
Rank[24] Starting write
Rank[24] Starting chunk write 1
Rank[64] Starting chunk write 1
Creating container with name cont_0
Rank[101] Starting write
Rank[101] Starting chunk write 1
Creating container with name cont_0
Rank[40] Starting write
Rank[40] Starting chunk write 1
Creating container with name cont_0
Rank[15] Starting write
Rank[15] Starting chunk write 1
Creating container with name cont_0
Rank[120] Starting write
Rank[120] Starting chunk write 1
Creating container with name cont_0
Rank[57] Starting write
Rank[57] Starting chunk write 1
Creating container with name cont_0
Rank[86] Starting write
Rank[86] Starting chunk write 1
Creating container with name cont_0
Rank[25] Starting write
Rank[25] Starting chunk write 1
Creating container with name cont_0
Rank[65] Starting write
Rank[65] Starting chunk write 1
Creating container with name cont_0
Rank[102] Starting write
Rank[102] Starting chunk write 1
Creating container with name cont_0
Rank[41] Starting write
Rank[41] Starting chunk write 1
Rank[0] Starting chunk write 1
Rank[0] Calling write_chunk on impl
Creating container with name cont_0
Rank[121] Starting write
Rank[121] Starting chunk write 1
Creating container with name cont_0
Rank[58] Starting write
Rank[58] Starting chunk write 1
Creating container with name cont_0
Rank[87] Starting write
Rank[87] Starting chunk write 1
Creating container with name cont_0
Rank[26] Starting write
Rank[26] Starting chunk write 1
Creating container with name cont_0
Rank[67] Starting write
Rank[67] Starting chunk write 1
Creating container with name cont_0
Rank[103] Starting write
Rank[103] Starting chunk write 1
Creating container with name cont_0
Rank[42] Starting write
Rank[42] Starting chunk write 1
Rank[3] Finished chunk write 1
Rank[3] Starting chunk write 2
Rank[3] Finished chunk write 2
Rank[3] Starting chunk write 3
Rank[3] Finished chunk write 3
Rank[3] Starting chunk write 4
Creating container with name cont_0
Rank[122] Starting write
Rank[122] Starting chunk write 1
Creating container with name cont_0
Rank[59] Starting write
Rank[59] Starting chunk write 1
Creating container with name cont_0
Rank[88] Starting write
Rank[88] Starting chunk write 1
Creating container with name cont_0
Rank[27] Starting write
Rank[27] Starting chunk write 1
Creating container with name cont_0
Rank[69] Starting write
Rank[69] Starting chunk write 1
Creating container with name cont_0
Rank[104] Starting write
Rank[104] Starting chunk write 1
Creating container with name cont_0
Rank[43] Starting write
Rank[43] Starting chunk write 1
Rank[4] Finished chunk write 1
Rank[4] Starting chunk write 2
Rank[4] Finished chunk write 2
Rank[4] Starting chunk write 3
Rank[4] Finished chunk write 3
Rank[4] Starting chunk write 4
Creating container with name cont_0
Rank[123] Starting write
Rank[123] Starting chunk write 1
Creating container with name cont_0
Rank[60] Starting write
Rank[60] Starting chunk write 1
Creating container with name cont_0
Rank[89] Starting write
Rank[89] Starting chunk write 1
Creating container with name cont_0
Rank[28] Starting write
Rank[28] Starting chunk write 1
Creating container with name cont_0
Rank[71] Starting write
Rank[71] Starting chunk write 1
Creating container with name cont_0
Rank[105] Starting write
Rank[105] Starting chunk write 1
Creating container with name cont_0
Rank[44] Starting write
Rank[44] Starting chunk write 1
Rank[7] Finished chunk write 1
Rank[7] Starting chunk write 2
Rank[7] Finished chunk write 2
Rank[7] Starting chunk write 3
Rank[7] Finished chunk write 3
Rank[7] Starting chunk write 4
Creating container with name cont_0
Rank[124] Starting write
Rank[124] Starting chunk write 1
Rank[124] Finished chunk write 1
Rank[124] Starting chunk write 2
Rank[124] Finished chunk write 2
Rank[124] Starting chunk write 3
Rank[124] Finished chunk write 3
Rank[124] Starting chunk write 4
Creating container with name cont_0
Rank[61] Starting write
Rank[61] Starting chunk write 1
Creating container with name cont_0
Rank[90] Starting write
Rank[90] Starting chunk write 1
Creating container with name cont_0
Rank[29] Starting write
Rank[29] Starting chunk write 1
Creating container with name cont_0
Rank[73] Starting write
Rank[73] Starting chunk write 1
Creating container with name cont_0
Rank[106] Starting write
Rank[106] Starting chunk write 1
Creating container with name cont_0
Rank[45] Starting write
Rank[45] Starting chunk write 1
Creating container with name cont_0
Rank[10] Starting write
Rank[10] Starting chunk write 1
Creating container with name cont_0
Rank[125] Starting write
Rank[125] Starting chunk write 1
Creating container with name cont_0
Rank[62] Starting write
Rank[62] Starting chunk write 1
Creating container with name cont_0
Rank[91] Starting write
Rank[91] Starting chunk write 1
Creating container with name cont_0
Rank[30] Starting write
Rank[30] Starting chunk write 1
Rank[74] Finished chunk write 1
Rank[74] Starting chunk write 2
Rank[74] Finished chunk write 2
Rank[74] Starting chunk write 3
Rank[74] Finished chunk write 3
Rank[74] Starting chunk write 4
Creating container with name cont_0
Rank[107] Starting write
Rank[107] Starting chunk write 1
Creating container with name cont_0
Rank[46] Starting write
Rank[46] Starting chunk write 1
Rank[46] Finished chunk write 1
Rank[46] Starting chunk write 2
Rank[46] Finished chunk write 2
Rank[46] Starting chunk write 3
Rank[46] Finished chunk write 3
Rank[46] Starting chunk write 4
Creating container with name cont_0
Rank[14] Starting write
Rank[14] Starting chunk write 1
Creating container with name cont_0
Rank[126] Starting write
Rank[126] Starting chunk write 1
Rank[126] Finished chunk write 1
Rank[126] Starting chunk write 2
Rank[126] Finished chunk write 2
Rank[126] Starting chunk write 3
Rank[126] Finished chunk write 3
Rank[126] Starting chunk write 4
Creating container with name cont_0
Rank[63] Starting write
Rank[63] Starting chunk write 1
Creating container with name cont_0
Rank[92] Starting write
Rank[92] Starting chunk write 1
Creating container with name cont_0
Rank[31] Starting write
Rank[31] Starting chunk write 1
Creating container with name cont_0
Rank[75] Starting write
Rank[75] Starting chunk write 1
Creating container with name cont_0
Rank[108] Starting write
Rank[108] Starting chunk write 1
Rank[108] Finished chunk write 1
Rank[108] Starting chunk write 2
Rank[108] Finished chunk write 2
Rank[108] Starting chunk write 3
Rank[108] Finished chunk write 3
Rank[108] Starting chunk write 4
Creating container with name cont_0
Rank[47] Starting write
Rank[47] Starting chunk write 1
Rank[47] Finished chunk write 1
Rank[47] Starting chunk write 2
Rank[47] Finished chunk write 2
Rank[47] Starting chunk write 3
Rank[47] Finished chunk write 3
Rank[47] Starting chunk write 4
Rank[0] Finished chunk write 1
Rank[0] Starting chunk write 2
Rank[0] Calling write_chunk on impl
Rank[0] Finished chunk write 2
Rank[0] Starting chunk write 3
Rank[0] Calling write_chunk on impl
Rank[0] Finished chunk write 3
Rank[0] Starting chunk write 4
Rank[0] Calling write_chunk on impl
Creating container with name cont_0
Rank[127] Starting write
Rank[127] Starting chunk write 1
Rank[48] Starting chunk write 1
Rank[48] Finished chunk write 1
Rank[48] Starting chunk write 2
Rank[48] Finished chunk write 2
Rank[48] Starting chunk write 3
Rank[48] Finished chunk write 3
Rank[48] Starting chunk write 4
Creating container with name cont_0
Rank[93] Starting write
Rank[93] Starting chunk write 1
Rank[16] Starting chunk write 1
Creating container with name cont_0
Rank[77] Starting write
Rank[77] Starting chunk write 1
Creating container with name cont_0
Rank[109] Starting write
Rank[109] Starting chunk write 1
Rank[32] Starting chunk write 1
Rank[1] Finished chunk write 1
Rank[1] Starting chunk write 2
Rank[1] Finished chunk write 2
Rank[1] Starting chunk write 3
Rank[1] Finished chunk write 3
Rank[1] Starting chunk write 4
Rank[112] Starting chunk write 1
Rank[112] Finished chunk write 1
Rank[112] Starting chunk write 2
Rank[112] Finished chunk write 2
Rank[112] Starting chunk write 3
Rank[49] Starting chunk write 1
Creating container with name cont_0
Rank[95] Starting write
Rank[95] Starting chunk write 1
Rank[17] Starting chunk write 1
Rank[17] Finished chunk write 1
Rank[17] Starting chunk write 2
Rank[17] Finished chunk write 2
Rank[17] Starting chunk write 3
Rank[17] Finished chunk write 3
Rank[17] Starting chunk write 4
Creating container with name cont_0
Rank[79] Starting write
Rank[79] Starting chunk write 1
Rank[79] Finished chunk write 1
Rank[79] Starting chunk write 2
Rank[79] Finished chunk write 2
Rank[79] Starting chunk write 3
Rank[79] Finished chunk write 3
Rank[79] Starting chunk write 4
Creating container with name cont_0
Rank[110] Starting write
Rank[110] Starting chunk write 1
Rank[33] Starting chunk write 1
Rank[5] Finished chunk write 1
Rank[5] Starting chunk write 2
Rank[5] Finished chunk write 2
Rank[5] Starting chunk write 3
Rank[5] Finished chunk write 3
Rank[5] Starting chunk write 4
Rank[118] Finished chunk write 1
Rank[118] Starting chunk write 2
Rank[118] Finished chunk write 2
Rank[118] Starting chunk write 3
Rank[118] Finished chunk write 3
Rank[118] Starting chunk write 4
Rank[50] Starting chunk write 1
Rank[50] Finished chunk write 1
Rank[50] Starting chunk write 2
Rank[50] Finished chunk write 2
Rank[50] Starting chunk write 3
Rank[50] Finished chunk write 3
Rank[50] Starting chunk write 4
Rank[80] Starting chunk write 1
Rank[18] Starting chunk write 1
Rank[69] Finished chunk write 1
Rank[69] Starting chunk write 2
Rank[69] Finished chunk write 2
Rank[69] Starting chunk write 3
Creating container with name cont_0
Rank[111] Starting write
Rank[111] Starting chunk write 1
Rank[34] Starting chunk write 1
Rank[34] Finished chunk write 1
Rank[34] Starting chunk write 2
Rank[34] Finished chunk write 2
Rank[34] Starting chunk write 3
Rank[34] Finished chunk write 3
Rank[34] Starting chunk write 4
Rank[6] Finished chunk write 1
Rank[6] Starting chunk write 2
Rank[6] Finished chunk write 2
Rank[6] Starting chunk write 3
Rank[6] Finished chunk write 3
Rank[6] Starting chunk write 4
Rank[121] Finished chunk write 1
Rank[121] Starting chunk write 2
Rank[121] Finished chunk write 2
Rank[121] Starting chunk write 3
Rank[121] Finished chunk write 3
Rank[121] Starting chunk write 4
Rank[51] Starting chunk write 1
Rank[81] Finished chunk write 1
Rank[81] Starting chunk write 2
Rank[81] Finished chunk write 2
Rank[81] Starting chunk write 3
Rank[81] Finished chunk write 3
Rank[81] Starting chunk write 4
Rank[19] Starting chunk write 1
Rank[70] Finished chunk write 1
Rank[70] Starting chunk write 2
Rank[70] Finished chunk write 2
Rank[70] Starting chunk write 3
Rank[70] Finished chunk write 3
Rank[70] Starting chunk write 4
Rank[97] Finished chunk write 1
Rank[97] Starting chunk write 2
Rank[97] Finished chunk write 2
Rank[97] Starting chunk write 3
Rank[97] Finished chunk write 3
Rank[97] Starting chunk write 4
Rank[36] Finished chunk write 1
Rank[36] Starting chunk write 2
Rank[36] Finished chunk write 2
Rank[36] Starting chunk write 3
Rank[36] Finished chunk write 3
Rank[36] Starting chunk write 4
Rank[8] Finished chunk write 1
Rank[8] Starting chunk write 2
Rank[8] Finished chunk write 2
Rank[8] Starting chunk write 3
Rank[8] Finished chunk write 3
Rank[8] Starting chunk write 4
Rank[125] Finished chunk write 1
Rank[125] Starting chunk write 2
Rank[125] Finished chunk write 2
Rank[125] Starting chunk write 3
Rank[125] Finished chunk write 3
Rank[125] Starting chunk write 4
Rank[49] Finished chunk write 1
Rank[49] Starting chunk write 2
Rank[49] Finished chunk write 2
Rank[49] Starting chunk write 3
Rank[49] Finished chunk write 3
Rank[49] Starting chunk write 4
Rank[83] Finished chunk write 1
Rank[83] Starting chunk write 2
Rank[83] Finished chunk write 2
Rank[83] Starting chunk write 3
Rank[83] Finished chunk write 3
Rank[83] Starting chunk write 4
Rank[20] Finished chunk write 1
Rank[20] Starting chunk write 2
Rank[20] Finished chunk write 2
Rank[20] Starting chunk write 3
Rank[20] Finished chunk write 3
Rank[20] Starting chunk write 4
Rank[75] Finished chunk write 1
Rank[75] Starting chunk write 2
Rank[75] Finished chunk write 2
Rank[75] Starting chunk write 3
Rank[75] Finished chunk write 3
Rank[75] Starting chunk write 4
Rank[98] Finished chunk write 1
Rank[98] Starting chunk write 2
Rank[98] Finished chunk write 2
Rank[98] Starting chunk write 3
Rank[98] Finished chunk write 3
Rank[98] Starting chunk write 4
Rank[42] Finished chunk write 1
Rank[42] Starting chunk write 2
Rank[42] Finished chunk write 2
Rank[42] Starting chunk write 3
Rank[42] Finished chunk write 3
Rank[42] Starting chunk write 4
Rank[9] Finished chunk write 1
Rank[9] Starting chunk write 2
Rank[9] Finished chunk write 2
Rank[9] Starting chunk write 3
Rank[9] Finished chunk write 3
Rank[9] Starting chunk write 4
Rank[112] Finished chunk write 3
Rank[112] Starting chunk write 4
Rank[51] Finished chunk write 1
Rank[51] Starting chunk write 2
Rank[51] Finished chunk write 2
Rank[51] Starting chunk write 3
Rank[51] Finished chunk write 3
Rank[51] Starting chunk write 4
Rank[84] Finished chunk write 1
Rank[84] Starting chunk write 2
Rank[84] Finished chunk write 2
Rank[84] Starting chunk write 3
Rank[84] Finished chunk write 3
Rank[84] Starting chunk write 4
Rank[24] Finished chunk write 1
Rank[24] Starting chunk write 2
Rank[24] Finished chunk write 2
Rank[24] Starting chunk write 3
Rank[24] Finished chunk write 3
Rank[24] Starting chunk write 4
Rank[76] Finished chunk write 1
Rank[76] Starting chunk write 2
Rank[76] Finished chunk write 2
Rank[76] Starting chunk write 3
Rank[76] Finished chunk write 3
Rank[76] Starting chunk write 4
Rank[101] Finished chunk write 1
Rank[101] Starting chunk write 2
Rank[101] Finished chunk write 2
Rank[101] Starting chunk write 3
Rank[101] Finished chunk write 3
Rank[101] Starting chunk write 4
Rank[44] Finished chunk write 1
Rank[44] Starting chunk write 2
Rank[44] Finished chunk write 2
Rank[44] Starting chunk write 3
Rank[44] Finished chunk write 3
Rank[44] Starting chunk write 4
Rank[11] Finished chunk write 1
Rank[11] Starting chunk write 2
Rank[11] Finished chunk write 2
Rank[11] Starting chunk write 3
Rank[11] Finished chunk write 3
Rank[11] Starting chunk write 4
Rank[113] Finished chunk write 1
Rank[113] Starting chunk write 2
Rank[113] Finished chunk write 2
Rank[113] Starting chunk write 3
Rank[113] Finished chunk write 3
Rank[113] Starting chunk write 4
Rank[53] Finished chunk write 1
Rank[53] Starting chunk write 2
Rank[53] Finished chunk write 2
Rank[53] Starting chunk write 3
Rank[53] Finished chunk write 3
Rank[53] Starting chunk write 4
Rank[85] Finished chunk write 1
Rank[85] Starting chunk write 2
Rank[85] Finished chunk write 2
Rank[85] Starting chunk write 3
Rank[85] Finished chunk write 3
Rank[85] Starting chunk write 4
Rank[26] Finished chunk write 1
Rank[26] Starting chunk write 2
Rank[26] Finished chunk write 2
Rank[26] Starting chunk write 3
Rank[26] Finished chunk write 3
Rank[26] Starting chunk write 4
Rank[78] Finished chunk write 1
Rank[78] Starting chunk write 2
Rank[78] Finished chunk write 2
Rank[78] Starting chunk write 3
Rank[78] Finished chunk write 3
Rank[78] Starting chunk write 4
Rank[103] Finished chunk write 1
Rank[103] Starting chunk write 2
Rank[103] Finished chunk write 2
Rank[103] Starting chunk write 3
Rank[103] Finished chunk write 3
Rank[103] Starting chunk write 4
Rank[32] Finished chunk write 1
Rank[32] Starting chunk write 2
Rank[32] Finished chunk write 2
Rank[32] Starting chunk write 3
Rank[32] Finished chunk write 3
Rank[32] Starting chunk write 4
Rank[12] Finished chunk write 1
Rank[12] Starting chunk write 2
Rank[12] Finished chunk write 2
Rank[12] Starting chunk write 3
Rank[12] Finished chunk write 3
Rank[12] Starting chunk write 4
Rank[114] Finished chunk write 1
Rank[114] Starting chunk write 2
Rank[114] Finished chunk write 2
Rank[114] Starting chunk write 3
Rank[114] Finished chunk write 3
Rank[114] Starting chunk write 4
Rank[54] Finished chunk write 1
Rank[54] Starting chunk write 2
Rank[54] Finished chunk write 2
Rank[54] Starting chunk write 3
Rank[54] Finished chunk write 3
Rank[54] Starting chunk write 4
Rank[89] Finished chunk write 1
Rank[89] Starting chunk write 2
Rank[89] Finished chunk write 2
Rank[89] Starting chunk write 3
Rank[89] Finished chunk write 3
Rank[89] Starting chunk write 4
Rank[30] Finished chunk write 1
Rank[30] Starting chunk write 2
Rank[30] Finished chunk write 2
Rank[30] Starting chunk write 3
Rank[30] Finished chunk write 3
Rank[30] Starting chunk write 4
Rank[66] Finished chunk write 1
Rank[66] Starting chunk write 2
Rank[104] Finished chunk write 1
Rank[104] Starting chunk write 2
Rank[104] Finished chunk write 2
Rank[104] Starting chunk write 3
Rank[104] Finished chunk write 3
Rank[104] Starting chunk write 4
Rank[33] Finished chunk write 1
Rank[33] Starting chunk write 2
Rank[33] Finished chunk write 2
Rank[33] Starting chunk write 3
Rank[33] Finished chunk write 3
Rank[33] Starting chunk write 4
Rank[2] Finished chunk write 1
Rank[2] Starting chunk write 2
Rank[2] Finished chunk write 2
Rank[2] Starting chunk write 3
Rank[2] Finished chunk write 3
Rank[2] Starting chunk write 4
Rank[115] Finished chunk write 1
Rank[115] Starting chunk write 2
Rank[115] Finished chunk write 2
Rank[115] Starting chunk write 3
Rank[115] Finished chunk write 3
Rank[115] Starting chunk write 4
Rank[52] Finished chunk write 1
Rank[52] Starting chunk write 2
Rank[52] Finished chunk write 2
Rank[52] Starting chunk write 3
Rank[52] Finished chunk write 3
Rank[52] Starting chunk write 4
Creating container with name cont_0
Rank[94] Starting write
Rank[94] Starting chunk write 1
Rank[94] Finished chunk write 1
Rank[94] Starting chunk write 2
Rank[94] Finished chunk write 2
Rank[94] Starting chunk write 3
Rank[94] Finished chunk write 3
Rank[94] Starting chunk write 4
Rank[16] Finished chunk write 1
Rank[16] Starting chunk write 2
Rank[16] Finished chunk write 2
Rank[16] Starting chunk write 3
Rank[16] Finished chunk write 3
Rank[16] Starting chunk write 4
Rank[68] Finished chunk write 1
Rank[68] Starting chunk write 2
Rank[68] Finished chunk write 2
Rank[68] Starting chunk write 3
Rank[68] Finished chunk write 3
Rank[68] Starting chunk write 4
Rank[105] Finished chunk write 1
Rank[105] Starting chunk write 2
Rank[105] Finished chunk write 2
Rank[105] Starting chunk write 3
Rank[105] Finished chunk write 3
Rank[105] Starting chunk write 4
Rank[35] Finished chunk write 1
Rank[35] Starting chunk write 2
Rank[35] Finished chunk write 2
Rank[35] Starting chunk write 3
Rank[35] Finished chunk write 3
Rank[35] Starting chunk write 4
Rank[10] Finished chunk write 1
Rank[10] Starting chunk write 2
Rank[10] Finished chunk write 2
Rank[10] Starting chunk write 3
Rank[10] Finished chunk write 3
Rank[10] Starting chunk write 4
Rank[116] Finished chunk write 1
Rank[116] Starting chunk write 2
Rank[116] Finished chunk write 2
Rank[116] Starting chunk write 3
Rank[116] Finished chunk write 3
Rank[116] Starting chunk write 4
Rank[55] Finished chunk write 1
Rank[55] Starting chunk write 2
Rank[55] Finished chunk write 2
Rank[55] Starting chunk write 3
Rank[55] Finished chunk write 3
Rank[55] Starting chunk write 4
Rank[82] Finished chunk write 1
Rank[82] Starting chunk write 2
Rank[82] Finished chunk write 2
Rank[82] Starting chunk write 3
Rank[82] Finished chunk write 3
Rank[82] Starting chunk write 4
Rank[19] Finished chunk write 1
Rank[19] Starting chunk write 2
Rank[19] Finished chunk write 2
Rank[19] Starting chunk write 3
Rank[19] Finished chunk write 3
Rank[19] Starting chunk write 4
Rank[69] Finished chunk write 3
Rank[69] Starting chunk write 4
Rank[107] Finished chunk write 1
Rank[107] Starting chunk write 2
Rank[107] Finished chunk write 2
Rank[107] Starting chunk write 3
Rank[107] Finished chunk write 3
Rank[107] Starting chunk write 4
Rank[37] Finished chunk write 1
Rank[37] Starting chunk write 2
Rank[37] Finished chunk write 2
Rank[37] Starting chunk write 3
Rank[37] Finished chunk write 3
Rank[37] Starting chunk write 4
Rank[13] Finished chunk write 1
Rank[13] Starting chunk write 2
Rank[13] Finished chunk write 2
Rank[13] Starting chunk write 3
Rank[13] Finished chunk write 3
Rank[13] Starting chunk write 4
Rank[117] Finished chunk write 1
Rank[117] Starting chunk write 2
Rank[117] Finished chunk write 2
Rank[117] Starting chunk write 3
Rank[117] Finished chunk write 3
Rank[117] Starting chunk write 4
Rank[56] Finished chunk write 1
Rank[56] Starting chunk write 2
Rank[56] Finished chunk write 2
Rank[56] Starting chunk write 3
Rank[56] Finished chunk write 3
Rank[56] Starting chunk write 4
Rank[86] Finished chunk write 1
Rank[86] Starting chunk write 2
Rank[86] Finished chunk write 2
Rank[86] Starting chunk write 3
Rank[86] Finished chunk write 3
Rank[86] Starting chunk write 4
Rank[23] Finished chunk write 1
Rank[23] Starting chunk write 2
Rank[23] Finished chunk write 2
Rank[23] Starting chunk write 3
Rank[23] Finished chunk write 3
Rank[23] Starting chunk write 4
Rank[71] Finished chunk write 1
Rank[71] Starting chunk write 2
Rank[71] Finished chunk write 2
Rank[71] Starting chunk write 3
Rank[71] Finished chunk write 3
Rank[71] Starting chunk write 4
Rank[109] Finished chunk write 1
Rank[109] Starting chunk write 2
Rank[109] Finished chunk write 2
Rank[109] Starting chunk write 3
Rank[109] Finished chunk write 3
Rank[109] Starting chunk write 4
Rank[38] Finished chunk write 1
Rank[38] Starting chunk write 2
Rank[38] Finished chunk write 2
Rank[38] Starting chunk write 3
Rank[38] Finished chunk write 3
Rank[38] Starting chunk write 4
Rank[14] Finished chunk write 1
Rank[14] Starting chunk write 2
Rank[14] Finished chunk write 2
Rank[14] Starting chunk write 3
Rank[14] Finished chunk write 3
Rank[14] Starting chunk write 4
Rank[119] Finished chunk write 1
Rank[119] Starting chunk write 2
Rank[119] Finished chunk write 2
Rank[119] Starting chunk write 3
Rank[119] Finished chunk write 3
Rank[119] Starting chunk write 4
Rank[57] Finished chunk write 1
Rank[57] Starting chunk write 2
Rank[57] Finished chunk write 2
Rank[57] Starting chunk write 3
Rank[57] Finished chunk write 3
Rank[57] Starting chunk write 4
Rank[87] Finished chunk write 1
Rank[87] Starting chunk write 2
Rank[87] Finished chunk write 2
Rank[87] Starting chunk write 3
Rank[87] Finished chunk write 3
Rank[87] Starting chunk write 4
Rank[27] Finished chunk write 1
Rank[27] Starting chunk write 2
Rank[27] Finished chunk write 2
Rank[27] Starting chunk write 3
Rank[27] Finished chunk write 3
Rank[27] Starting chunk write 4
Rank[72] Finished chunk write 1
Rank[72] Starting chunk write 2
Rank[72] Finished chunk write 2
Rank[72] Starting chunk write 3
Rank[72] Finished chunk write 3
Rank[72] Starting chunk write 4
Rank[96] Finished chunk write 1
Rank[96] Starting chunk write 2
Rank[96] Finished chunk write 2
Rank[96] Starting chunk write 3
Rank[96] Finished chunk write 3
Rank[96] Starting chunk write 4
Rank[40] Finished chunk write 1
Rank[40] Starting chunk write 2
Rank[40] Finished chunk write 2
Rank[40] Starting chunk write 3
Rank[40] Finished chunk write 3
Rank[40] Starting chunk write 4
Rank[15] Finished chunk write 1
Rank[15] Starting chunk write 2
Rank[15] Finished chunk write 2
Rank[15] Starting chunk write 3
Rank[15] Finished chunk write 3
Rank[15] Starting chunk write 4
Rank[120] Finished chunk write 1
Rank[120] Starting chunk write 2
Rank[120] Finished chunk write 2
Rank[120] Starting chunk write 3
Rank[120] Finished chunk write 3
Rank[120] Starting chunk write 4
Rank[58] Finished chunk write 1
Rank[58] Starting chunk write 2
Rank[58] Finished chunk write 2
Rank[58] Starting chunk write 3
Rank[58] Finished chunk write 3
Rank[58] Starting chunk write 4
Rank[88] Finished chunk write 1
Rank[88] Starting chunk write 2
Rank[88] Finished chunk write 2
Rank[88] Starting chunk write 3
Rank[88] Finished chunk write 3
Rank[88] Starting chunk write 4
Rank[28] Finished chunk write 1
Rank[28] Starting chunk write 2
Rank[28] Finished chunk write 2
Rank[28] Starting chunk write 3
Rank[28] Finished chunk write 3
Rank[28] Starting chunk write 4
Rank[65] Finished chunk write 1
Rank[65] Starting chunk write 2
Rank[65] Finished chunk write 2
Rank[65] Starting chunk write 3
Rank[100] Finished chunk write 1
Rank[100] Starting chunk write 2
Rank[100] Finished chunk write 2
Rank[100] Starting chunk write 3
Rank[100] Finished chunk write 3
Rank[100] Starting chunk write 4
Rank[43] Finished chunk write 1
Rank[43] Starting chunk write 2
Rank[43] Finished chunk write 2
Rank[43] Starting chunk write 3
Rank[43] Finished chunk write 3
Rank[43] Starting chunk write 4
Rank[123] Finished chunk write 1
Rank[123] Starting chunk write 2
Rank[123] Finished chunk write 2
Rank[123] Starting chunk write 3
Rank[123] Finished chunk write 3
Rank[123] Starting chunk write 4
Rank[59] Finished chunk write 1
Rank[59] Starting chunk write 2
Rank[59] Finished chunk write 2
Rank[59] Starting chunk write 3
Rank[59] Finished chunk write 3
Rank[59] Starting chunk write 4
Rank[90] Finished chunk write 1
Rank[90] Starting chunk write 2
Rank[90] Finished chunk write 2
Rank[90] Starting chunk write 3
Rank[90] Finished chunk write 3
Rank[90] Starting chunk write 4
Rank[29] Finished chunk write 1
Rank[29] Starting chunk write 2
Rank[29] Finished chunk write 2
Rank[29] Starting chunk write 3
Rank[29] Finished chunk write 3
Rank[29] Starting chunk write 4
Rank[66] Finished chunk write 2
Rank[66] Starting chunk write 3
Rank[66] Finished chunk write 3
Rank[66] Starting chunk write 4
Rank[102] Finished chunk write 1
Rank[102] Starting chunk write 2
Rank[102] Finished chunk write 2
Rank[102] Starting chunk write 3
Rank[102] Finished chunk write 3
Rank[102] Starting chunk write 4
Rank[45] Finished chunk write 1
Rank[45] Starting chunk write 2
Rank[45] Finished chunk write 2
Rank[45] Starting chunk write 3
Rank[45] Finished chunk write 3
Rank[45] Starting chunk write 4
Rank[127] Finished chunk write 1
Rank[127] Starting chunk write 2
Rank[127] Finished chunk write 2
Rank[127] Starting chunk write 3
Rank[127] Finished chunk write 3
Rank[127] Starting chunk write 4
Rank[60] Finished chunk write 1
Rank[60] Starting chunk write 2
Rank[60] Finished chunk write 2
Rank[60] Starting chunk write 3
Rank[60] Finished chunk write 3
Rank[60] Starting chunk write 4
Rank[91] Finished chunk write 1
Rank[91] Starting chunk write 2
Rank[91] Finished chunk write 2
Rank[91] Starting chunk write 3
Rank[91] Finished chunk write 3
Rank[91] Starting chunk write 4
Rank[18] Finished chunk write 1
Rank[18] Starting chunk write 2
Rank[18] Finished chunk write 2
Rank[18] Starting chunk write 3
Rank[18] Finished chunk write 3
Rank[18] Starting chunk write 4
Rank[77] Finished chunk write 1
Rank[77] Starting chunk write 2
Rank[77] Finished chunk write 2
Rank[77] Starting chunk write 3
Rank[77] Finished chunk write 3
Rank[77] Starting chunk write 4
Rank[106] Finished chunk write 1
Rank[106] Starting chunk write 2
Rank[106] Finished chunk write 2
Rank[106] Starting chunk write 3
Rank[106] Finished chunk write 3
Rank[106] Starting chunk write 4
Rank[39] Finished chunk write 1
Rank[39] Starting chunk write 2
Rank[39] Finished chunk write 2
Rank[39] Starting chunk write 3
Rank[39] Finished chunk write 3
Rank[39] Starting chunk write 4
Rank[122] Finished chunk write 1
Rank[122] Starting chunk write 2
Rank[122] Finished chunk write 2
Rank[122] Starting chunk write 3
Rank[122] Finished chunk write 3
Rank[122] Starting chunk write 4
Rank[61] Finished chunk write 1
Rank[61] Starting chunk write 2
Rank[61] Finished chunk write 2
Rank[61] Starting chunk write 3
Rank[61] Finished chunk write 3
Rank[61] Starting chunk write 4
Rank[92] Finished chunk write 1
Rank[92] Starting chunk write 2
Rank[92] Finished chunk write 2
Rank[92] Starting chunk write 3
Rank[92] Finished chunk write 3
Rank[92] Starting chunk write 4
Rank[21] Finished chunk write 1
Rank[21] Starting chunk write 2
Rank[21] Finished chunk write 2
Rank[21] Starting chunk write 3
Rank[21] Finished chunk write 3
Rank[21] Starting chunk write 4
Rank[64] Finished chunk write 1
Rank[64] Starting chunk write 2
Rank[64] Finished chunk write 2
Rank[64] Starting chunk write 3
Rank[64] Finished chunk write 3
Rank[64] Starting chunk write 4
Rank[110] Finished chunk write 1
Rank[110] Starting chunk write 2
Rank[110] Finished chunk write 2
Rank[110] Starting chunk write 3
Rank[110] Finished chunk write 3
Rank[110] Starting chunk write 4
Rank[41] Finished chunk write 1
Rank[41] Starting chunk write 2
Rank[41] Finished chunk write 2
Rank[41] Starting chunk write 3
Rank[41] Finished chunk write 3
Rank[41] Starting chunk write 4
Rank[63] Finished chunk write 1
Rank[63] Starting chunk write 2
Rank[63] Finished chunk write 2
Rank[63] Starting chunk write 3
Rank[63] Finished chunk write 3
Rank[63] Starting chunk write 4
Rank[93] Finished chunk write 1
Rank[93] Starting chunk write 2
Rank[93] Finished chunk write 2
Rank[93] Starting chunk write 3
Rank[93] Finished chunk write 3
Rank[93] Starting chunk write 4
Rank[22] Finished chunk write 1
Rank[22] Starting chunk write 2
Rank[22] Finished chunk write 2
Rank[22] Starting chunk write 3
Rank[22] Finished chunk write 3
Rank[22] Starting chunk write 4
Rank[65] Finished chunk write 3
Rank[65] Starting chunk write 4
Rank[111] Finished chunk write 1
Rank[111] Starting chunk write 2
Rank[111] Finished chunk write 2
Rank[111] Starting chunk write 3
Rank[111] Finished chunk write 3
Rank[111] Starting chunk write 4
Rank[62] Finished chunk write 1
Rank[62] Starting chunk write 2
Rank[62] Finished chunk write 2
Rank[62] Starting chunk write 3
Rank[62] Finished chunk write 3
Rank[62] Starting chunk write 4
Rank[95] Finished chunk write 1
Rank[95] Starting chunk write 2
Rank[95] Finished chunk write 2
Rank[95] Starting chunk write 3
Rank[95] Finished chunk write 3
Rank[95] Starting chunk write 4
Rank[25] Finished chunk write 1
Rank[25] Starting chunk write 2
Rank[25] Finished chunk write 2
Rank[25] Starting chunk write 3
Rank[25] Finished chunk write 3
Rank[25] Starting chunk write 4
Rank[67] Finished chunk write 1
Rank[67] Starting chunk write 2
Rank[67] Finished chunk write 2
Rank[67] Starting chunk write 3
Rank[67] Finished chunk write 3
Rank[67] Starting chunk write 4
Rank[99] Finished chunk write 1
Rank[99] Starting chunk write 2
Rank[99] Finished chunk write 2
Rank[99] Starting chunk write 3
Rank[99] Finished chunk write 3
Rank[99] Starting chunk write 4
Rank[80] Finished chunk write 1
Rank[80] Starting chunk write 2
Rank[80] Finished chunk write 2
Rank[80] Starting chunk write 3
Rank[80] Finished chunk write 3
Rank[80] Starting chunk write 4
Rank[31] Finished chunk write 1
Rank[31] Starting chunk write 2
Rank[31] Finished chunk write 2
Rank[31] Starting chunk write 3
Rank[31] Finished chunk write 3
Rank[31] Starting chunk write 4
Rank[73] Finished chunk write 1
Rank[73] Starting chunk write 2
Rank[73] Finished chunk write 2
Rank[73] Starting chunk write 3
Rank[73] Finished chunk write 3
Rank[73] Starting chunk write 4
Rank[114] Finished chunk write 4
Rank[118] Finished chunk write 4
Rank[0] Finished chunk write 4
Rank[0] Calling flush on impl
Rank[125] Finished chunk write 4
Rank[121] Finished chunk write 4
Rank[123] Finished chunk write 4
Rank[109] Finished chunk write 4
Rank[111] Finished chunk write 4
Rank[103] Finished chunk write 4
Rank[101] Finished chunk write 4
Rank[105] Finished chunk write 4
Rank[110] Finished chunk write 4
Rank[112] Finished chunk write 4
Rank[115] Finished chunk write 4
Rank[127] Finished chunk write 4
Rank[122] Finished chunk write 4
Rank[116] Finished chunk write 4
Rank[120] Finished chunk write 4
Rank[124] Finished chunk write 4
Rank[126] Finished chunk write 4
Rank[98] Finished chunk write 4
Rank[102] Finished chunk write 4
Rank[113] Finished chunk write 4
Rank[107] Finished chunk write 4
Rank[119] Finished chunk write 4
Rank[96] Finished chunk write 4
Rank[97] Finished chunk write 4
Rank[99] Finished chunk write 4
Rank[104] Finished chunk write 4
Rank[106] Finished chunk write 4
Rank[108] Finished chunk write 4
Rank[100] Finished chunk write 4
Rank[117] Finished chunk write 4
Rank[87] Finished chunk write 4
Rank[83] Finished chunk write 4
Rank[45] Finished chunk write 4
Rank[35] Finished chunk write 4
Rank[7] Finished chunk write 4
Rank[44] Finished chunk write 4
Rank[6] Finished chunk write 4
Rank[8] Finished chunk write 4
Rank[34] Finished chunk write 4
Rank[10] Finished chunk write 4
Rank[48] Finished chunk write 4
Rank[88] Finished chunk write 4
Rank[13] Finished chunk write 4
Rank[51] Finished chunk write 4
Rank[19] Finished chunk write 4
Rank[67] Finished chunk write 4
Rank[14] Finished chunk write 4
Rank[52] Finished chunk write 4
Rank[71] Finished chunk write 4
Rank[43] Finished chunk write 4
Rank[54] Finished chunk write 4
Rank[63] Finished chunk write 4
Rank[62] Finished chunk write 4
Rank[61] Finished chunk write 4
Rank[53] Finished chunk write 4
Rank[58] Finished chunk write 4
Rank[75] Finished chunk write 4
Rank[81] Finished chunk write 4
Rank[65] Finished chunk write 4
Rank[5] Finished chunk write 4
Rank[18] Finished chunk write 4
Rank[66] Finished chunk write 4
Rank[4] Finished chunk write 4
Rank[76] Finished chunk write 4
Rank[73] Finished chunk write 4
Rank[79] Finished chunk write 4
Rank[3] Finished chunk write 4
Rank[89] Finished chunk write 4
Rank[64] Finished chunk write 4
Rank[9] Finished chunk write 4
Rank[91] Finished chunk write 4
Rank[78] Finished chunk write 4
Rank[12] Finished chunk write 4
Rank[85] Finished chunk write 4
Rank[11] Finished chunk write 4
Rank[95] Finished chunk write 4
Rank[17] Finished chunk write 4
Rank[2] Finished chunk write 4
Rank[21] Finished chunk write 4
Rank[15] Finished chunk write 4
Rank[31] Finished chunk write 4
Rank[29] Finished chunk write 4
Rank[47] Finished chunk write 4
Rank[59] Finished chunk write 4
Rank[93] Finished chunk write 4
Rank[41] Finished chunk write 4
Rank[39] Finished chunk write 4
Rank[94] Finished chunk write 4
Rank[77] Finished chunk write 4
Rank[46] Finished chunk write 4
Rank[92] Finished chunk write 4
Rank[69] Finished chunk write 4
Rank[80] Finished chunk write 4
Rank[68] Finished chunk write 4
Rank[70] Finished chunk write 4
Rank[82] Finished chunk write 4
Rank[72] Finished chunk write 4
Rank[90] Finished chunk write 4
Rank[74] Finished chunk write 4
Rank[32] Finished chunk write 4
Rank[84] Finished chunk write 4
Rank[1] Finished chunk write 4
Rank[23] Finished chunk write 4
Rank[25] Finished chunk write 4
Rank[27] Finished chunk write 4
Rank[28] Finished chunk write 4
Rank[30] Finished chunk write 4
Rank[22] Finished chunk write 4
Rank[37] Finished chunk write 4
Rank[50] Finished chunk write 4
Rank[33] Finished chunk write 4
Rank[49] Finished chunk write 4
Rank[38] Finished chunk write 4
Rank[57] Finished chunk write 4
Rank[36] Finished chunk write 4
Rank[60] Finished chunk write 4
Rank[40] Finished chunk write 4
Rank[42] Finished chunk write 4
Rank[55] Finished chunk write 4
Rank[56] Finished chunk write 4
Rank[86] Finished chunk write 4
Rank[20] Finished chunk write 4
Rank[16] Finished chunk write 4
Rank[24] Finished chunk write 4
Rank[26] Finished chunk write 4
Rank[48] Finished write
Rank[80] Finished write
Rank[16] Finished write
Rank[64] Finished write
Rank[96] Finished write
Rank[32] Finished write
Rank[0] Finished write
Rank[49] Finished write
Rank[81] Finished write
Rank[17] Finished write
Rank[65] Finished write
Rank[97] Finished write
Rank[33] Finished write
Rank[1] Finished write
Rank[112] Finished write
Rank[50] Finished write
Rank[82] Finished write
Rank[18] Finished write
Rank[66] Finished write
Rank[98] Finished write
Rank[34] Finished write
Rank[2] Finished write
Rank[113] Finished write
Rank[51] Finished write
Rank[83] Finished write
Rank[19] Finished write
Rank[67] Finished write
Rank[99] Finished write
Rank[35] Finished write
Rank[3] Finished write
Rank[114] Finished write
Rank[52] Finished write
Rank[84] Finished write
Rank[20] Finished write
Rank[68] Finished write
Rank[100] Finished write
Rank[36] Finished write
Rank[4] Finished write
Rank[115] Finished write
Rank[53] Finished write
Rank[85] Finished write
Rank[21] Finished write
Rank[69] Finished write
Rank[101] Finished write
Rank[37] Finished write
Rank[5] Finished write
Rank[116] Finished write
Rank[54] Finished write
Rank[86] Finished write
Rank[22] Finished write
Rank[70] Finished write
Rank[102] Finished write
Rank[38] Finished write
Rank[6] Finished write
Rank[117] Finished write
Rank[55] Finished write
Rank[87] Finished write
Rank[23] Finished write
Rank[71] Finished write
Rank[103] Finished write
Rank[39] Finished write
Rank[7] Finished write
Rank[118] Finished write
Rank[56] Finished write
Rank[88] Finished write
Rank[24] Finished write
Rank[72] Finished write
Rank[104] Finished write
Rank[40] Finished write
Rank[8] Finished write
Rank[119] Finished write
Rank[57] Finished write
Rank[89] Finished write
Rank[25] Finished write
Rank[73] Finished write
Rank[105] Finished write
Rank[41] Finished write
Rank[9] Finished write
Rank[120] Finished write
Rank[58] Finished write
Rank[90] Finished write
Rank[26] Finished write
Rank[74] Finished write
Rank[106] Finished write
Rank[42] Finished write
Rank[10] Finished write
Rank[121] Finished write
Rank[59] Finished write
Rank[91] Finished write
Rank[27] Finished write
Rank[75] Finished write
Rank[107] Finished write
Rank[43] Finished write
Rank[11] Finished write
Rank[122] Finished write
Rank[60] Finished write
Rank[92] Finished write
Rank[28] Finished write
Rank[76] Finished write
Rank[108] Finished write
Rank[44] Finished write
Rank[12] Finished write
Rank[123] Finished write
Rank[61] Finished write
Rank[93] Finished write
Rank[29] Finished write
Rank[77] Finished write
Rank[109] Finished write
Rank[45] Finished write
Rank[13] Finished write
Rank[124] Finished write
Rank[62] Finished write
Rank[94] Finished write
Rank[30] Finished write
Rank[78] Finished write
Rank[110] Finished write
Rank[46] Finished write
Rank[14] Finished write
Rank[125] Finished write
Rank[63] Finished write
Rank[95] Finished write
Rank[31] Finished write
Rank[79] Finished write
Rank[111] Finished write
Rank[47] Finished write
Rank[15] Finished write
Rank[126] Finished write
Rank[48] Starting chunk read 1
Rank[48] Finished chunk read 1
Rank[48] Starting chunk read 2
Rank[48] Finished chunk read 2
Rank[48] Starting chunk read 3
Rank[48] Finished chunk read 3
Rank[48] Starting chunk read 4
Rank[80] Starting chunk read 1
Rank[80] Finished chunk read 1
Rank[80] Starting chunk read 2
Rank[80] Finished chunk read 2
Rank[80] Starting chunk read 3
Rank[80] Finished chunk read 3
Rank[80] Starting chunk read 4
Rank[16] Starting chunk read 1
Rank[16] Finished chunk read 1
Rank[16] Starting chunk read 2
Rank[16] Finished chunk read 2
Rank[16] Starting chunk read 3
Rank[16] Finished chunk read 3
Rank[16] Starting chunk read 4
Rank[64] Starting chunk read 1
Rank[96] Starting chunk read 1
Rank[96] Finished chunk read 1
Rank[96] Starting chunk read 2
Rank[96] Finished chunk read 2
Rank[96] Starting chunk read 3
Rank[32] Starting chunk read 1
Rank[32] Finished chunk read 1
Rank[32] Starting chunk read 2
Rank[32] Finished chunk read 2
Rank[32] Starting chunk read 3
Rank[32] Finished chunk read 3
Rank[32] Starting chunk read 4
Rank[0] Calling close_dataset on impl
Rank[0] Calling reopen on impl
Rank[127] Finished write
Rank[49] Starting chunk read 1
Rank[49] Finished chunk read 1
Rank[49] Starting chunk read 2
Rank[49] Finished chunk read 2
Rank[49] Starting chunk read 3
Rank[49] Finished chunk read 3
Rank[49] Starting chunk read 4
Rank[81] Starting chunk read 1
Rank[81] Finished chunk read 1
Rank[81] Starting chunk read 2
Rank[81] Finished chunk read 2
Rank[81] Starting chunk read 3
Rank[81] Finished chunk read 3
Rank[81] Starting chunk read 4
Rank[17] Starting chunk read 1
Rank[17] Finished chunk read 1
Rank[17] Starting chunk read 2
Rank[17] Finished chunk read 2
Rank[17] Starting chunk read 3
Rank[17] Finished chunk read 3
Rank[17] Starting chunk read 4
Rank[65] Starting chunk read 1
Rank[65] Finished chunk read 1
Rank[65] Starting chunk read 2
Rank[97] Starting chunk read 1
Rank[97] Finished chunk read 1
Rank[97] Starting chunk read 2
Rank[97] Finished chunk read 2
Rank[97] Starting chunk read 3
Rank[97] Finished chunk read 3
Rank[97] Starting chunk read 4
Rank[33] Starting chunk read 1
Rank[33] Finished chunk read 1
Rank[33] Starting chunk read 2
Rank[33] Finished chunk read 2
Rank[33] Starting chunk read 3
Rank[33] Finished chunk read 3
Rank[33] Starting chunk read 4
Rank[0] Starting chunk read 1
Rank[0] Calling read_chunk on impl
Rank[112] Starting chunk read 1
Rank[112] Finished chunk read 1
Rank[50] Starting chunk read 1
Rank[50] Finished chunk read 1
Rank[50] Starting chunk read 2
Rank[50] Finished chunk read 2
Rank[50] Starting chunk read 3
Rank[50] Finished chunk read 3
Rank[50] Starting chunk read 4
Rank[82] Starting chunk read 1
Rank[82] Finished chunk read 1
Rank[82] Starting chunk read 2
Rank[82] Finished chunk read 2
Rank[82] Starting chunk read 3
Rank[82] Finished chunk read 3
Rank[82] Starting chunk read 4
Rank[18] Starting chunk read 1
Rank[18] Finished chunk read 1
Rank[18] Starting chunk read 2
Rank[18] Finished chunk read 2
Rank[18] Starting chunk read 3
Rank[18] Finished chunk read 3
Rank[18] Starting chunk read 4
Rank[66] Starting chunk read 1
Rank[66] Finished chunk read 1
Rank[66] Starting chunk read 2
Rank[66] Finished chunk read 2
Rank[66] Starting chunk read 3
Rank[66] Finished chunk read 3
Rank[66] Starting chunk read 4
Rank[98] Starting chunk read 1
Rank[98] Finished chunk read 1
Rank[98] Starting chunk read 2
Rank[98] Finished chunk read 2
Rank[98] Starting chunk read 3
Rank[98] Finished chunk read 3
Rank[98] Starting chunk read 4
Rank[34] Starting chunk read 1
Rank[34] Finished chunk read 1
Rank[34] Starting chunk read 2
Rank[34] Finished chunk read 2
Rank[34] Starting chunk read 3
Rank[34] Finished chunk read 3
Rank[34] Starting chunk read 4
Rank[1] Starting chunk read 1
Rank[1] Finished chunk read 1
Rank[1] Starting chunk read 2
Rank[1] Finished chunk read 2
Rank[1] Starting chunk read 3
Rank[1] Finished chunk read 3
Rank[113] Starting chunk read 1
Rank[113] Finished chunk read 1
Rank[113] Starting chunk read 2
Rank[113] Finished chunk read 2
Rank[113] Starting chunk read 3
Rank[51] Starting chunk read 1
Rank[51] Finished chunk read 1
Rank[51] Starting chunk read 2
Rank[51] Finished chunk read 2
Rank[51] Starting chunk read 3
Rank[51] Finished chunk read 3
Rank[51] Starting chunk read 4
Rank[83] Starting chunk read 1
Rank[83] Finished chunk read 1
Rank[83] Starting chunk read 2
Rank[83] Finished chunk read 2
Rank[83] Starting chunk read 3
Rank[83] Finished chunk read 3
Rank[83] Starting chunk read 4
Rank[19] Starting chunk read 1
Rank[19] Finished chunk read 1
Rank[19] Starting chunk read 2
Rank[19] Finished chunk read 2
Rank[19] Starting chunk read 3
Rank[19] Finished chunk read 3
Rank[19] Starting chunk read 4
Rank[67] Starting chunk read 1
Rank[67] Finished chunk read 1
Rank[67] Starting chunk read 2
Rank[67] Finished chunk read 2
Rank[67] Starting chunk read 3
Rank[67] Finished chunk read 3
Rank[67] Starting chunk read 4
Rank[99] Starting chunk read 1
Rank[99] Finished chunk read 1
Rank[99] Starting chunk read 2
Rank[99] Finished chunk read 2
Rank[99] Starting chunk read 3
Rank[99] Finished chunk read 3
Rank[99] Starting chunk read 4
Rank[35] Starting chunk read 1
Rank[35] Finished chunk read 1
Rank[35] Starting chunk read 2
Rank[35] Finished chunk read 2
Rank[35] Starting chunk read 3
Rank[35] Finished chunk read 3
Rank[35] Starting chunk read 4
Rank[2] Starting chunk read 1
Rank[2] Finished chunk read 1
Rank[2] Starting chunk read 2
Rank[2] Finished chunk read 2
Rank[2] Starting chunk read 3
Rank[2] Finished chunk read 3
Rank[2] Starting chunk read 4
Rank[114] Starting chunk read 1
Rank[114] Finished chunk read 1
Rank[114] Starting chunk read 2
Rank[114] Finished chunk read 2
Rank[114] Starting chunk read 3
Rank[114] Finished chunk read 3
Rank[52] Starting chunk read 1
Rank[52] Finished chunk read 1
Rank[52] Starting chunk read 2
Rank[52] Finished chunk read 2
Rank[52] Starting chunk read 3
Rank[52] Finished chunk read 3
Rank[52] Starting chunk read 4
Rank[84] Starting chunk read 1
Rank[84] Finished chunk read 1
Rank[84] Starting chunk read 2
Rank[84] Finished chunk read 2
Rank[84] Starting chunk read 3
Rank[84] Finished chunk read 3
Rank[84] Starting chunk read 4
Rank[20] Starting chunk read 1
Rank[20] Finished chunk read 1
Rank[20] Starting chunk read 2
Rank[20] Finished chunk read 2
Rank[20] Starting chunk read 3
Rank[20] Finished chunk read 3
Rank[20] Starting chunk read 4
Rank[68] Starting chunk read 1
Rank[68] Finished chunk read 1
Rank[68] Starting chunk read 2
Rank[68] Finished chunk read 2
Rank[68] Starting chunk read 3
Rank[68] Finished chunk read 3
Rank[68] Starting chunk read 4
Rank[100] Starting chunk read 1
Rank[100] Finished chunk read 1
Rank[100] Starting chunk read 2
Rank[100] Finished chunk read 2
Rank[100] Starting chunk read 3
Rank[100] Finished chunk read 3
Rank[100] Starting chunk read 4
Rank[36] Starting chunk read 1
Rank[36] Finished chunk read 1
Rank[36] Starting chunk read 2
Rank[36] Finished chunk read 2
Rank[36] Starting chunk read 3
Rank[36] Finished chunk read 3
Rank[36] Starting chunk read 4
Rank[3] Starting chunk read 1
Rank[3] Finished chunk read 1
Rank[3] Starting chunk read 2
Rank[3] Finished chunk read 2
Rank[3] Starting chunk read 3
Rank[3] Finished chunk read 3
Rank[3] Starting chunk read 4
Rank[115] Starting chunk read 1
Rank[115] Finished chunk read 1
Rank[115] Starting chunk read 2
Rank[115] Finished chunk read 2
Rank[115] Starting chunk read 3
Rank[115] Finished chunk read 3
Rank[115] Starting chunk read 4
Rank[53] Starting chunk read 1
Rank[53] Finished chunk read 1
Rank[53] Starting chunk read 2
Rank[53] Finished chunk read 2
Rank[53] Starting chunk read 3
Rank[53] Finished chunk read 3
Rank[53] Starting chunk read 4
Rank[85] Starting chunk read 1
Rank[85] Finished chunk read 1
Rank[85] Starting chunk read 2
Rank[85] Finished chunk read 2
Rank[85] Starting chunk read 3
Rank[85] Finished chunk read 3
Rank[85] Starting chunk read 4
Rank[21] Starting chunk read 1
Rank[21] Finished chunk read 1
Rank[21] Starting chunk read 2
Rank[21] Finished chunk read 2
Rank[21] Starting chunk read 3
Rank[21] Finished chunk read 3
Rank[21] Starting chunk read 4
Rank[69] Starting chunk read 1
Rank[69] Finished chunk read 1
Rank[69] Starting chunk read 2
Rank[69] Finished chunk read 2
Rank[69] Starting chunk read 3
Rank[69] Finished chunk read 3
Rank[69] Starting chunk read 4
Rank[101] Starting chunk read 1
Rank[101] Finished chunk read 1
Rank[101] Starting chunk read 2
Rank[101] Finished chunk read 2
Rank[101] Starting chunk read 3
Rank[101] Finished chunk read 3
Rank[101] Starting chunk read 4
Rank[37] Starting chunk read 1
Rank[37] Finished chunk read 1
Rank[37] Starting chunk read 2
Rank[37] Finished chunk read 2
Rank[37] Starting chunk read 3
Rank[37] Finished chunk read 3
Rank[37] Starting chunk read 4
Rank[4] Starting chunk read 1
Rank[4] Finished chunk read 1
Rank[4] Starting chunk read 2
Rank[4] Finished chunk read 2
Rank[4] Starting chunk read 3
Rank[4] Finished chunk read 3
Rank[4] Starting chunk read 4
Rank[116] Starting chunk read 1
Rank[116] Finished chunk read 1
Rank[116] Starting chunk read 2
Rank[116] Finished chunk read 2
Rank[116] Starting chunk read 3
Rank[116] Finished chunk read 3
Rank[116] Starting chunk read 4
Rank[54] Starting chunk read 1
Rank[54] Finished chunk read 1
Rank[54] Starting chunk read 2
Rank[54] Finished chunk read 2
Rank[54] Starting chunk read 3
Rank[54] Finished chunk read 3
Rank[54] Starting chunk read 4
Rank[86] Starting chunk read 1
Rank[86] Finished chunk read 1
Rank[86] Starting chunk read 2
Rank[86] Finished chunk read 2
Rank[86] Starting chunk read 3
Rank[86] Finished chunk read 3
Rank[86] Starting chunk read 4
Rank[22] Starting chunk read 1
Rank[22] Finished chunk read 1
Rank[22] Starting chunk read 2
Rank[22] Finished chunk read 2
Rank[22] Starting chunk read 3
Rank[22] Finished chunk read 3
Rank[22] Starting chunk read 4
Rank[70] Starting chunk read 1
Rank[70] Finished chunk read 1
Rank[70] Starting chunk read 2
Rank[70] Finished chunk read 2
Rank[70] Starting chunk read 3
Rank[70] Finished chunk read 3
Rank[70] Starting chunk read 4
Rank[102] Starting chunk read 1
Rank[102] Finished chunk read 1
Rank[102] Starting chunk read 2
Rank[102] Finished chunk read 2
Rank[102] Starting chunk read 3
Rank[102] Finished chunk read 3
Rank[102] Starting chunk read 4
Rank[38] Starting chunk read 1
Rank[38] Finished chunk read 1
Rank[38] Starting chunk read 2
Rank[38] Finished chunk read 2
Rank[38] Starting chunk read 3
Rank[38] Finished chunk read 3
Rank[38] Starting chunk read 4
Rank[5] Starting chunk read 1
Rank[5] Finished chunk read 1
Rank[5] Starting chunk read 2
Rank[5] Finished chunk read 2
Rank[5] Starting chunk read 3
Rank[5] Finished chunk read 3
Rank[5] Starting chunk read 4
Rank[117] Starting chunk read 1
Rank[117] Finished chunk read 1
Rank[117] Starting chunk read 2
Rank[117] Finished chunk read 2
Rank[117] Starting chunk read 3
Rank[117] Finished chunk read 3
Rank[117] Starting chunk read 4
Rank[55] Starting chunk read 1
Rank[55] Finished chunk read 1
Rank[55] Starting chunk read 2
Rank[55] Finished chunk read 2
Rank[55] Starting chunk read 3
Rank[55] Finished chunk read 3
Rank[55] Starting chunk read 4
Rank[87] Starting chunk read 1
Rank[87] Finished chunk read 1
Rank[87] Starting chunk read 2
Rank[87] Finished chunk read 2
Rank[87] Starting chunk read 3
Rank[87] Finished chunk read 3
Rank[87] Starting chunk read 4
Rank[23] Starting chunk read 1
Rank[23] Finished chunk read 1
Rank[23] Starting chunk read 2
Rank[23] Finished chunk read 2
Rank[23] Starting chunk read 3
Rank[23] Finished chunk read 3
Rank[23] Starting chunk read 4
Rank[71] Starting chunk read 1
Rank[71] Finished chunk read 1
Rank[71] Starting chunk read 2
Rank[71] Finished chunk read 2
Rank[71] Starting chunk read 3
Rank[71] Finished chunk read 3
Rank[71] Starting chunk read 4
Rank[103] Starting chunk read 1
Rank[103] Finished chunk read 1
Rank[103] Starting chunk read 2
Rank[103] Finished chunk read 2
Rank[103] Starting chunk read 3
Rank[103] Finished chunk read 3
Rank[103] Starting chunk read 4
Rank[39] Starting chunk read 1
Rank[39] Finished chunk read 1
Rank[39] Starting chunk read 2
Rank[39] Finished chunk read 2
Rank[39] Starting chunk read 3
Rank[39] Finished chunk read 3
Rank[39] Starting chunk read 4
Rank[6] Starting chunk read 1
Rank[6] Finished chunk read 1
Rank[6] Starting chunk read 2
Rank[6] Finished chunk read 2
Rank[6] Starting chunk read 3
Rank[6] Finished chunk read 3
Rank[6] Starting chunk read 4
Rank[118] Starting chunk read 1
Rank[118] Finished chunk read 1
Rank[118] Starting chunk read 2
Rank[118] Finished chunk read 2
Rank[118] Starting chunk read 3
Rank[118] Finished chunk read 3
Rank[118] Starting chunk read 4
Rank[56] Starting chunk read 1
Rank[56] Finished chunk read 1
Rank[56] Starting chunk read 2
Rank[56] Finished chunk read 2
Rank[56] Starting chunk read 3
Rank[56] Finished chunk read 3
Rank[56] Starting chunk read 4
Rank[88] Starting chunk read 1
Rank[88] Finished chunk read 1
Rank[88] Starting chunk read 2
Rank[88] Finished chunk read 2
Rank[88] Starting chunk read 3
Rank[88] Finished chunk read 3
Rank[88] Starting chunk read 4
Rank[24] Starting chunk read 1
Rank[24] Finished chunk read 1
Rank[24] Starting chunk read 2
Rank[24] Finished chunk read 2
Rank[24] Starting chunk read 3
Rank[24] Finished chunk read 3
Rank[24] Starting chunk read 4
Rank[72] Starting chunk read 1
Rank[72] Finished chunk read 1
Rank[72] Starting chunk read 2
Rank[72] Finished chunk read 2
Rank[72] Starting chunk read 3
Rank[72] Finished chunk read 3
Rank[72] Starting chunk read 4
Rank[104] Starting chunk read 1
Rank[104] Finished chunk read 1
Rank[104] Starting chunk read 2
Rank[104] Finished chunk read 2
Rank[104] Starting chunk read 3
Rank[104] Finished chunk read 3
Rank[104] Starting chunk read 4
Rank[40] Starting chunk read 1
Rank[40] Finished chunk read 1
Rank[40] Starting chunk read 2
Rank[40] Finished chunk read 2
Rank[40] Starting chunk read 3
Rank[40] Finished chunk read 3
Rank[40] Starting chunk read 4
Rank[7] Starting chunk read 1
Rank[7] Finished chunk read 1
Rank[7] Starting chunk read 2
Rank[7] Finished chunk read 2
Rank[7] Starting chunk read 3
Rank[7] Finished chunk read 3
Rank[7] Starting chunk read 4
Rank[119] Starting chunk read 1
Rank[119] Finished chunk read 1
Rank[119] Starting chunk read 2
Rank[119] Finished chunk read 2
Rank[119] Starting chunk read 3
Rank[119] Finished chunk read 3
Rank[119] Starting chunk read 4
Rank[57] Starting chunk read 1
Rank[57] Finished chunk read 1
Rank[57] Starting chunk read 2
Rank[57] Finished chunk read 2
Rank[57] Starting chunk read 3
Rank[57] Finished chunk read 3
Rank[57] Starting chunk read 4
Rank[89] Starting chunk read 1
Rank[89] Finished chunk read 1
Rank[89] Starting chunk read 2
Rank[89] Finished chunk read 2
Rank[89] Starting chunk read 3
Rank[89] Finished chunk read 3
Rank[89] Starting chunk read 4
Rank[25] Starting chunk read 1
Rank[25] Finished chunk read 1
Rank[25] Starting chunk read 2
Rank[25] Finished chunk read 2
Rank[25] Starting chunk read 3
Rank[25] Finished chunk read 3
Rank[25] Starting chunk read 4
Rank[73] Starting chunk read 1
Rank[73] Finished chunk read 1
Rank[73] Starting chunk read 2
Rank[73] Finished chunk read 2
Rank[73] Starting chunk read 3
Rank[73] Finished chunk read 3
Rank[73] Starting chunk read 4
Rank[105] Starting chunk read 1
Rank[105] Finished chunk read 1
Rank[105] Starting chunk read 2
Rank[105] Finished chunk read 2
Rank[105] Starting chunk read 3
Rank[105] Finished chunk read 3
Rank[105] Starting chunk read 4
Rank[41] Starting chunk read 1
Rank[41] Finished chunk read 1
Rank[41] Starting chunk read 2
Rank[41] Finished chunk read 2
Rank[41] Starting chunk read 3
Rank[41] Finished chunk read 3
Rank[41] Starting chunk read 4
Rank[8] Starting chunk read 1
Rank[8] Finished chunk read 1
Rank[8] Starting chunk read 2
Rank[8] Finished chunk read 2
Rank[8] Starting chunk read 3
Rank[8] Finished chunk read 3
Rank[8] Starting chunk read 4
Rank[120] Starting chunk read 1
Rank[120] Finished chunk read 1
Rank[120] Starting chunk read 2
Rank[120] Finished chunk read 2
Rank[120] Starting chunk read 3
Rank[120] Finished chunk read 3
Rank[120] Starting chunk read 4
Rank[58] Starting chunk read 1
Rank[58] Finished chunk read 1
Rank[58] Starting chunk read 2
Rank[58] Finished chunk read 2
Rank[58] Starting chunk read 3
Rank[58] Finished chunk read 3
Rank[58] Starting chunk read 4
Rank[90] Starting chunk read 1
Rank[90] Finished chunk read 1
Rank[90] Starting chunk read 2
Rank[90] Finished chunk read 2
Rank[90] Starting chunk read 3
Rank[90] Finished chunk read 3
Rank[90] Starting chunk read 4
Rank[26] Starting chunk read 1
Rank[26] Finished chunk read 1
Rank[26] Starting chunk read 2
Rank[26] Finished chunk read 2
Rank[26] Starting chunk read 3
Rank[26] Finished chunk read 3
Rank[26] Starting chunk read 4
Rank[74] Starting chunk read 1
Rank[74] Finished chunk read 1
Rank[74] Starting chunk read 2
Rank[74] Finished chunk read 2
Rank[74] Starting chunk read 3
Rank[74] Finished chunk read 3
Rank[74] Starting chunk read 4
Rank[106] Starting chunk read 1
Rank[106] Finished chunk read 1
Rank[106] Starting chunk read 2
Rank[106] Finished chunk read 2
Rank[106] Starting chunk read 3
Rank[106] Finished chunk read 3
Rank[106] Starting chunk read 4
Rank[42] Starting chunk read 1
Rank[42] Finished chunk read 1
Rank[42] Starting chunk read 2
Rank[42] Finished chunk read 2
Rank[42] Starting chunk read 3
Rank[42] Finished chunk read 3
Rank[42] Starting chunk read 4
Rank[9] Starting chunk read 1
Rank[9] Finished chunk read 1
Rank[9] Starting chunk read 2
Rank[9] Finished chunk read 2
Rank[9] Starting chunk read 3
Rank[9] Finished chunk read 3
Rank[9] Starting chunk read 4
Rank[121] Starting chunk read 1
Rank[121] Finished chunk read 1
Rank[121] Starting chunk read 2
Rank[121] Finished chunk read 2
Rank[121] Starting chunk read 3
Rank[121] Finished chunk read 3
Rank[121] Starting chunk read 4
Rank[59] Starting chunk read 1
Rank[59] Finished chunk read 1
Rank[59] Starting chunk read 2
Rank[59] Finished chunk read 2
Rank[59] Starting chunk read 3
Rank[59] Finished chunk read 3
Rank[59] Starting chunk read 4
Rank[43] Starting chunk read 1
Rank[43] Finished chunk read 1
Rank[43] Starting chunk read 2
Rank[43] Finished chunk read 2
Rank[43] Starting chunk read 3
Rank[43] Finished chunk read 3
Rank[43] Starting chunk read 4
Rank[10] Starting chunk read 1
Rank[10] Finished chunk read 1
Rank[10] Starting chunk read 2
Rank[10] Finished chunk read 2
Rank[10] Starting chunk read 3
Rank[10] Finished chunk read 3
Rank[10] Starting chunk read 4
Rank[122] Starting chunk read 1
Rank[122] Finished chunk read 1
Rank[122] Starting chunk read 2
Rank[122] Finished chunk read 2
Rank[122] Starting chunk read 3
Rank[122] Finished chunk read 3
Rank[122] Starting chunk read 4
Rank[60] Starting chunk read 1
Rank[60] Finished chunk read 1
Rank[60] Starting chunk read 2
Rank[60] Finished chunk read 2
Rank[60] Starting chunk read 3
Rank[60] Finished chunk read 3
Rank[60] Starting chunk read 4
Rank[11] Starting chunk read 1
Rank[11] Finished chunk read 1
Rank[11] Starting chunk read 2
Rank[11] Finished chunk read 2
Rank[11] Starting chunk read 3
Rank[11] Finished chunk read 3
Rank[11] Starting chunk read 4
Rank[123] Starting chunk read 1
Rank[123] Finished chunk read 1
Rank[123] Starting chunk read 2
Rank[123] Finished chunk read 2
Rank[123] Starting chunk read 3
Rank[123] Finished chunk read 3
Rank[123] Starting chunk read 4
Rank[61] Starting chunk read 1
Rank[61] Finished chunk read 1
Rank[61] Starting chunk read 2
Rank[61] Finished chunk read 2
Rank[61] Starting chunk read 3
Rank[61] Finished chunk read 3
Rank[61] Starting chunk read 4
Rank[91] Starting chunk read 1
Rank[91] Finished chunk read 1
Rank[91] Starting chunk read 2
Rank[91] Finished chunk read 2
Rank[91] Starting chunk read 3
Rank[91] Finished chunk read 3
Rank[91] Starting chunk read 4
Rank[27] Starting chunk read 1
Rank[27] Finished chunk read 1
Rank[27] Starting chunk read 2
Rank[27] Finished chunk read 2
Rank[27] Starting chunk read 3
Rank[27] Finished chunk read 3
Rank[27] Starting chunk read 4
Rank[75] Starting chunk read 1
Rank[75] Finished chunk read 1
Rank[75] Starting chunk read 2
Rank[75] Finished chunk read 2
Rank[75] Starting chunk read 3
Rank[75] Finished chunk read 3
Rank[75] Starting chunk read 4
Rank[107] Starting chunk read 1
Rank[107] Finished chunk read 1
Rank[107] Starting chunk read 2
Rank[107] Finished chunk read 2
Rank[107] Starting chunk read 3
Rank[107] Finished chunk read 3
Rank[107] Starting chunk read 4
Rank[12] Starting chunk read 1
Rank[12] Finished chunk read 1
Rank[12] Starting chunk read 2
Rank[12] Finished chunk read 2
Rank[12] Starting chunk read 3
Rank[12] Finished chunk read 3
Rank[12] Starting chunk read 4
Rank[124] Starting chunk read 1
Rank[124] Finished chunk read 1
Rank[124] Starting chunk read 2
Rank[124] Finished chunk read 2
Rank[124] Starting chunk read 3
Rank[124] Finished chunk read 3
Rank[124] Starting chunk read 4
Rank[62] Starting chunk read 1
Rank[62] Finished chunk read 1
Rank[62] Starting chunk read 2
Rank[62] Finished chunk read 2
Rank[62] Starting chunk read 3
Rank[62] Finished chunk read 3
Rank[62] Starting chunk read 4
Rank[92] Starting chunk read 1
Rank[92] Finished chunk read 1
Rank[92] Starting chunk read 2
Rank[92] Finished chunk read 2
Rank[92] Starting chunk read 3
Rank[92] Finished chunk read 3
Rank[92] Starting chunk read 4
Rank[28] Starting chunk read 1
Rank[28] Finished chunk read 1
Rank[28] Starting chunk read 2
Rank[28] Finished chunk read 2
Rank[28] Starting chunk read 3
Rank[28] Finished chunk read 3
Rank[28] Starting chunk read 4
Rank[76] Starting chunk read 1
Rank[76] Finished chunk read 1
Rank[76] Starting chunk read 2
Rank[76] Finished chunk read 2
Rank[76] Starting chunk read 3
Rank[76] Finished chunk read 3
Rank[76] Starting chunk read 4
Rank[108] Starting chunk read 1
Rank[108] Finished chunk read 1
Rank[108] Starting chunk read 2
Rank[108] Finished chunk read 2
Rank[108] Starting chunk read 3
Rank[108] Finished chunk read 3
Rank[108] Starting chunk read 4
Rank[13] Starting chunk read 1
Rank[13] Finished chunk read 1
Rank[13] Starting chunk read 2
Rank[13] Finished chunk read 2
Rank[13] Starting chunk read 3
Rank[13] Finished chunk read 3
Rank[13] Starting chunk read 4
Rank[125] Starting chunk read 1
Rank[125] Finished chunk read 1
Rank[125] Starting chunk read 2
Rank[125] Finished chunk read 2
Rank[125] Starting chunk read 3
Rank[125] Finished chunk read 3
Rank[125] Starting chunk read 4
Rank[63] Starting chunk read 1
Rank[63] Finished chunk read 1
Rank[63] Starting chunk read 2
Rank[63] Finished chunk read 2
Rank[63] Starting chunk read 3
Rank[63] Finished chunk read 3
Rank[63] Starting chunk read 4
Rank[93] Starting chunk read 1
Rank[93] Finished chunk read 1
Rank[93] Starting chunk read 2
Rank[93] Finished chunk read 2
Rank[93] Starting chunk read 3
Rank[93] Finished chunk read 3
Rank[93] Starting chunk read 4
Rank[29] Starting chunk read 1
Rank[29] Finished chunk read 1
Rank[29] Starting chunk read 2
Rank[29] Finished chunk read 2
Rank[29] Starting chunk read 3
Rank[29] Finished chunk read 3
Rank[29] Starting chunk read 4
Rank[77] Starting chunk read 1
Rank[77] Finished chunk read 1
Rank[77] Starting chunk read 2
Rank[77] Finished chunk read 2
Rank[77] Starting chunk read 3
Rank[77] Finished chunk read 3
Rank[77] Starting chunk read 4
Rank[109] Starting chunk read 1
Rank[109] Finished chunk read 1
Rank[109] Starting chunk read 2
Rank[109] Finished chunk read 2
Rank[109] Starting chunk read 3
Rank[109] Finished chunk read 3
Rank[109] Starting chunk read 4
Rank[44] Starting chunk read 1
Rank[44] Finished chunk read 1
Rank[44] Starting chunk read 2
Rank[44] Finished chunk read 2
Rank[44] Starting chunk read 3
Rank[44] Finished chunk read 3
Rank[44] Starting chunk read 4
Rank[14] Starting chunk read 1
Rank[14] Finished chunk read 1
Rank[14] Starting chunk read 2
Rank[14] Finished chunk read 2
Rank[14] Starting chunk read 3
Rank[14] Finished chunk read 3
Rank[14] Starting chunk read 4
Rank[126] Starting chunk read 1
Rank[126] Finished chunk read 1
Rank[126] Starting chunk read 2
Rank[126] Finished chunk read 2
Rank[126] Starting chunk read 3
Rank[126] Finished chunk read 3
Rank[126] Starting chunk read 4
Rank[94] Starting chunk read 1
Rank[94] Finished chunk read 1
Rank[94] Starting chunk read 2
Rank[94] Finished chunk read 2
Rank[94] Starting chunk read 3
Rank[94] Finished chunk read 3
Rank[94] Starting chunk read 4
Rank[30] Starting chunk read 1
Rank[30] Finished chunk read 1
Rank[30] Starting chunk read 2
Rank[30] Finished chunk read 2
Rank[30] Starting chunk read 3
Rank[30] Finished chunk read 3
Rank[30] Starting chunk read 4
Rank[78] Starting chunk read 1
Rank[78] Finished chunk read 1
Rank[78] Starting chunk read 2
Rank[78] Finished chunk read 2
Rank[78] Starting chunk read 3
Rank[78] Finished chunk read 3
Rank[78] Starting chunk read 4
Rank[110] Starting chunk read 1
Rank[110] Finished chunk read 1
Rank[110] Starting chunk read 2
Rank[110] Finished chunk read 2
Rank[110] Starting chunk read 3
Rank[110] Finished chunk read 3
Rank[110] Starting chunk read 4
Rank[45] Starting chunk read 1
Rank[45] Finished chunk read 1
Rank[45] Starting chunk read 2
Rank[45] Finished chunk read 2
Rank[45] Starting chunk read 3
Rank[45] Finished chunk read 3
Rank[45] Starting chunk read 4
Rank[15] Starting chunk read 1
Rank[15] Finished chunk read 1
Rank[15] Starting chunk read 2
Rank[15] Finished chunk read 2
Rank[15] Starting chunk read 3
Rank[15] Finished chunk read 3
Rank[15] Starting chunk read 4
Rank[127] Starting chunk read 1
Rank[127] Finished chunk read 1
Rank[127] Starting chunk read 2
Rank[127] Finished chunk read 2
Rank[127] Starting chunk read 3
Rank[127] Finished chunk read 3
Rank[127] Starting chunk read 4
Rank[95] Starting chunk read 1
Rank[95] Finished chunk read 1
Rank[95] Starting chunk read 2
Rank[95] Finished chunk read 2
Rank[95] Starting chunk read 3
Rank[95] Finished chunk read 3
Rank[95] Starting chunk read 4
Rank[31] Starting chunk read 1
Rank[31] Finished chunk read 1
Rank[31] Starting chunk read 2
Rank[31] Finished chunk read 2
Rank[31] Starting chunk read 3
Rank[31] Finished chunk read 3
Rank[31] Starting chunk read 4
Rank[79] Starting chunk read 1
Rank[79] Finished chunk read 1
Rank[79] Starting chunk read 2
Rank[79] Finished chunk read 2
Rank[79] Starting chunk read 3
Rank[79] Finished chunk read 3
Rank[79] Starting chunk read 4
Rank[111] Starting chunk read 1
Rank[111] Finished chunk read 1
Rank[111] Starting chunk read 2
Rank[111] Finished chunk read 2
Rank[111] Starting chunk read 3
Rank[111] Finished chunk read 3
Rank[111] Starting chunk read 4
Rank[46] Starting chunk read 1
Rank[46] Finished chunk read 1
Rank[46] Starting chunk read 2
Rank[46] Finished chunk read 2
Rank[46] Starting chunk read 3
Rank[46] Finished chunk read 3
Rank[46] Starting chunk read 4
Rank[0] Finished chunk read 1
Rank[0] Starting chunk read 2
Rank[0] Calling read_chunk on impl
Rank[0] Finished chunk read 2
Rank[0] Starting chunk read 3
Rank[0] Calling read_chunk on impl
Rank[0] Finished chunk read 3
Rank[0] Starting chunk read 4
Rank[0] Calling read_chunk on impl
Rank[112] Starting chunk read 2
Rank[112] Finished chunk read 2
Rank[112] Starting chunk read 3
Rank[112] Finished chunk read 3
Rank[112] Starting chunk read 4
Rank[64] Finished chunk read 1
Rank[64] Starting chunk read 2
Rank[64] Finished chunk read 2
Rank[64] Starting chunk read 3
Rank[64] Finished chunk read 3
Rank[64] Starting chunk read 4
Rank[96] Finished chunk read 3
Rank[96] Starting chunk read 4
Rank[47] Starting chunk read 1
Rank[47] Finished chunk read 1
Rank[47] Starting chunk read 2
Rank[47] Finished chunk read 2
Rank[47] Starting chunk read 3
Rank[47] Finished chunk read 3
Rank[47] Starting chunk read 4
Rank[1] Starting chunk read 4
Rank[113] Finished chunk read 3
Rank[113] Starting chunk read 4
Rank[65] Finished chunk read 2
Rank[65] Starting chunk read 3
Rank[65] Finished chunk read 3
Rank[65] Starting chunk read 4
Rank[114] Starting chunk read 4
Rank[12] Finished chunk read 4
Rank[8] Finished chunk read 4
Rank[10] Finished chunk read 4
Rank[87] Finished chunk read 4
Rank[28] Finished chunk read 4
Rank[71] Finished chunk read 4
Rank[60] Finished chunk read 4
Rank[86] Finished chunk read 4
Rank[26] Finished chunk read 4
Rank[73] Finished chunk read 4
Rank[45] Finished chunk read 4
Rank[14] Finished chunk read 4
Rank[3] Finished chunk read 4
Rank[18] Finished chunk read 4
Rank[16] Finished chunk read 4
Rank[53] Finished chunk read 4
Rank[117] Finished chunk read 4
Rank[119] Finished chunk read 4
Rank[125] Finished chunk read 4
Rank[127] Finished chunk read 4
Rank[123] Finished chunk read 4
Rank[113] Finished chunk read 4
Rank[121] Finished chunk read 4
Rank[75] Finished chunk read 4
Rank[25] Finished chunk read 4
Rank[34] Finished chunk read 4
Rank[24] Finished chunk read 4
Rank[4] Finished chunk read 4
Rank[46] Finished chunk read 4
Rank[58] Finished chunk read 4
Rank[115] Finished chunk read 4
Rank[120] Finished chunk read 4
Rank[112] Finished chunk read 4
Rank[114] Finished chunk read 4
Rank[124] Finished chunk read 4
Rank[126] Finished chunk read 4
Rank[94] Finished chunk read 4
Rank[89] Finished chunk read 4
Rank[76] Finished chunk read 4
Rank[81] Finished chunk read 4
Rank[101] Finished chunk read 4
Rank[105] Finished chunk read 4
Rank[122] Finished chunk read 4
Rank[116] Finished chunk read 4
Rank[118] Finished chunk read 4
Rank[110] Finished chunk read 4
Rank[66] Finished chunk read 4
Rank[103] Finished chunk read 4
Rank[40] Finished chunk read 4
Rank[98] Finished chunk read 4
Rank[43] Finished chunk read 4
Rank[104] Finished chunk read 4
Rank[9] Finished chunk read 4
Rank[19] Finished chunk read 4
Rank[31] Finished chunk read 4
Rank[0] Finished chunk read 4
Rank[0] Calling flush on impl
Rank[5] Finished chunk read 4
Rank[2] Finished chunk read 4
Rank[13] Finished chunk read 4
Rank[17] Finished chunk read 4
Rank[21] Finished chunk read 4
Rank[59] Finished chunk read 4
Rank[49] Finished chunk read 4
Rank[39] Finished chunk read 4
Rank[62] Finished chunk read 4
Rank[36] Finished chunk read 4
Rank[54] Finished chunk read 4
Rank[63] Finished chunk read 4
Rank[38] Finished chunk read 4
Rank[64] Finished chunk read 4
Rank[51] Finished chunk read 4
Rank[35] Finished chunk read 4
Rank[91] Finished chunk read 4
Rank[67] Finished chunk read 4
Rank[85] Finished chunk read 4
Rank[72] Finished chunk read 4
Rank[88] Finished chunk read 4
Rank[90] Finished chunk read 4
Rank[65] Finished chunk read 4
Rank[74] Finished chunk read 4
Rank[80] Finished chunk read 4
Rank[70] Finished chunk read 4
Rank[82] Finished chunk read 4
Rank[78] Finished chunk read 4
Rank[7] Finished chunk read 4
Rank[1] Finished chunk read 4
Rank[22] Finished chunk read 4
Rank[11] Finished chunk read 4
Rank[29] Finished chunk read 4
Rank[20] Finished chunk read 4
Rank[15] Finished chunk read 4
Rank[30] Finished chunk read 4
Rank[23] Finished chunk read 4
Rank[27] Finished chunk read 4
Rank[6] Finished chunk read 4
Rank[97] Finished chunk read 4
Rank[111] Finished chunk read 4
Rank[107] Finished chunk read 4
Rank[109] Finished chunk read 4
Rank[96] Finished chunk read 4
Rank[108] Finished chunk read 4
Rank[99] Finished chunk read 4
Rank[102] Finished chunk read 4
Rank[106] Finished chunk read 4
Rank[100] Finished chunk read 4
Rank[57] Finished chunk read 4
Rank[41] Finished chunk read 4
Rank[50] Finished chunk read 4
Rank[44] Finished chunk read 4
Rank[56] Finished chunk read 4
Rank[55] Finished chunk read 4
Rank[33] Finished chunk read 4
Rank[37] Finished chunk read 4
Rank[52] Finished chunk read 4
Rank[48] Finished chunk read 4
Rank[61] Finished chunk read 4
Rank[32] Finished chunk read 4
Rank[47] Finished chunk read 4
Rank[42] Finished chunk read 4
Rank[83] Finished chunk read 4
Rank[77] Finished chunk read 4
Rank[79] Finished chunk read 4
Rank[93] Finished chunk read 4
Rank[84] Finished chunk read 4
Rank[68] Finished chunk read 4
Rank[92] Finished chunk read 4
Rank[69] Finished chunk read 4
Rank[95] Finished chunk read 4
Rank[0] Calling close_dataset on impl
Rank[0] Calling deinit on impl
Rank[0] ==============================================
Rank[0] Timer results appended to output.csv
Rank[0] Finished workload PDC
Rank[0] ==============================================
