[INFO] PDC_SERVER[0]: Using [./pdc_tmp/] as tmp dir, 1 OSTs, 1 OSTs per data file, 0% to BB
[INFO] PDC_SERVER[0]: Environment variable HG_TRANSPORT was NOT set
[INFO] PDC_SERVER[0]: Environment variable HG_HOST was NOT set
[INFO] PDC_SERVER[0]: Connection string: ofi+tcp://nid006357:7000
[INFO] PDC_SERVER[0]: Without multi-thread
[INFO] PDC_SERVER[0]: Successfully established connection to 0 other PDC servers
[INFO] PDC_SERVER[0]: Server ready!


[INFO] PDC_SERVER[0]: Executing graph with json filepath /pscratch/sd/n/nlewi26/src/hdf5-zfp-baseline/tf_graphs/compression.json
[INFO] PDC_SERVER[0]: ZFP compression succeeded, compressed size bytes: 20816 bytes
[INFO] PDC_SERVER[0]: [TIMER] zfp_compress time_elapsed: 0.001849 s
[INFO] PDC_SERVER[0]: [TIMER] PDCtf_exec_graph time_elapsed: 0.001871 s
[INFO] PDC_SERVER[0]: [TIMER] open time_elapsed: 0.000421 s
[INFO] PDC_SERVER[0]: [TIMER] write time_elapsed: 0.000174 s
[INFO] PDC_SERVER[0]: [TIMER] close time_elapsed: 0.000105 s
[INFO] PDC_SERVER[0]: Ran write storage strategy STORE_FLATTENED_REGION_PER_FILE_TRANSFORMATION
[INFO] PDC_SERVER[0]: Executing graph with json filepath /pscratch/sd/n/nlewi26/src/hdf5-zfp-baseline/tf_graphs/compression.json
[INFO] PDC_SERVER[0]: ZFP compression succeeded, compressed size bytes: 20816 bytes
[INFO] PDC_SERVER[0]: [TIMER] zfp_compress time_elapsed: 0.000685 s
[INFO] PDC_SERVER[0]: [TIMER] PDCtf_exec_graph time_elapsed: 0.000689 s
[INFO] PDC_SERVER[0]: [TIMER] open time_elapsed: 0.000212 s
[INFO] PDC_SERVER[0]: [TIMER] write time_elapsed: 0.000253 s
[INFO] PDC_SERVER[0]: [TIMER] close time_elapsed: 0.000098 s
[INFO] PDC_SERVER[0]: Ran write storage strategy STORE_FLATTENED_REGION_PER_FILE_TRANSFORMATION
[INFO] PDC_SERVER[0]: Executing graph with json filepath /pscratch/sd/n/nlewi26/src/hdf5-zfp-baseline/tf_graphs/compression.json
[INFO] PDC_SERVER[0]: ZFP compression succeeded, compressed size bytes: 20816 bytes
[INFO] PDC_SERVER[0]: [TIMER] zfp_compress time_elapsed: 0.000685 s
[INFO] PDC_SERVER[0]: [TIMER] PDCtf_exec_graph time_elapsed: 0.000688 s
[INFO] PDC_SERVER[0]: [TIMER] open time_elapsed: 0.000246 s
[INFO] PDC_SERVER[0]: [TIMER] write time_elapsed: 0.000183 s
[INFO] PDC_SERVER[0]: [TIMER] close time_elapsed: 0.000091 s
[INFO] PDC_SERVER[0]: Ran write storage strategy STORE_FLATTENED_REGION_PER_FILE_TRANSFORMATION
[INFO] PDC_SERVER[0]: Executing graph with json filepath /pscratch/sd/n/nlewi26/src/hdf5-zfp-baseline/tf_graphs/compression.json
[INFO] PDC_SERVER[0]: ZFP compression succeeded, compressed size bytes: 20816 bytes
[INFO] PDC_SERVER[0]: [TIMER] zfp_compress time_elapsed: 0.000729 s
[INFO] PDC_SERVER[0]: [TIMER] PDCtf_exec_graph time_elapsed: 0.000733 s
[INFO] PDC_SERVER[0]: [TIMER] open time_elapsed: 0.000242 s
[INFO] PDC_SERVER[0]: [TIMER] write time_elapsed: 0.000161 s
[INFO] PDC_SERVER[0]: [TIMER] close time_elapsed: 0.000098 s
[INFO] PDC_SERVER[0]: Ran write storage strategy STORE_FLATTENED_REGION_PER_FILE_TRANSFORMATION
[INFO] PDC_SERVER[0]: Executing graph with json filepath /pscratch/sd/n/nlewi26/src/hdf5-zfp-baseline/tf_graphs/compression.json
[INFO] PDC_SERVER[0]: ZFP compression succeeded, compressed size bytes: 21584 bytes
[INFO] PDC_SERVER[0]: [TIMER] zfp_compress time_elapsed: 0.000692 s
[INFO] PDC_SERVER[0]: [TIMER] PDCtf_exec_graph time_elapsed: 0.000696 s
[INFO] PDC_SERVER[0]: [TIMER] open time_elapsed: 0.001782 s
[INFO] PDC_SERVER[0]: [TIMER] write time_elapsed: 0.000046 s
[INFO] PDC_SERVER[0]: [TIMER] close time_elapsed: 0.000094 s
[INFO] PDC_SERVER[0]: Ran write storage strategy STORE_FLATTENED_REGION_PER_FILE_TRANSFORMATION
[INFO] PDC_SERVER[0]: Executing graph with json filepath /pscratch/sd/n/nlewi26/src/hdf5-zfp-baseline/tf_graphs/compression.json
[INFO] PDC_SERVER[0]: ZFP compression succeeded, compressed size bytes: 21584 bytes
[INFO] PDC_SERVER[0]: [TIMER] zfp_compress time_elapsed: 0.000705 s
[INFO] PDC_SERVER[0]: [TIMER] PDCtf_exec_graph time_elapsed: 0.000708 s
[INFO] PDC_SERVER[0]: [TIMER] open time_elapsed: 0.002214 s
[INFO] PDC_SERVER[0]: [TIMER] write time_elapsed: 0.000048 s
[INFO] PDC_SERVER[0]: [TIMER] close time_elapsed: 0.000094 s
[INFO] PDC_SERVER[0]: Ran write storage strategy STORE_FLATTENED_REGION_PER_FILE_TRANSFORMATION
[INFO] PDC_SERVER[0]: Executing graph with json filepath /pscratch/sd/n/nlewi26/src/hdf5-zfp-baseline/tf_graphs/compression.json
[INFO] PDC_SERVER[0]: ZFP compression succeeded, compressed size bytes: 21584 bytes
[INFO] PDC_SERVER[0]: [TIMER] zfp_compress time_elapsed: 0.000687 s
[INFO] PDC_SERVER[0]: [TIMER] PDCtf_exec_graph time_elapsed: 0.000690 s
[INFO] PDC_SERVER[0]: [TIMER] open time_elapsed: 0.001452 s
[INFO] PDC_SERVER[0]: [TIMER] write time_elapsed: 0.000045 s
[INFO] PDC_SERVER[0]: [TIMER] close time_elapsed: 0.000097 s
[INFO] PDC_SERVER[0]: Ran write storage strategy STORE_FLATTENED_REGION_PER_FILE_TRANSFORMATION
[INFO] PDC_SERVER[0]: Executing graph with json filepath /pscratch/sd/n/nlewi26/src/hdf5-zfp-baseline/tf_graphs/compression.json
[INFO] PDC_SERVER[0]: ZFP compression succeeded, compressed size bytes: 21584 bytes
[INFO] PDC_SERVER[0]: [TIMER] zfp_compress time_elapsed: 0.000685 s
[INFO] PDC_SERVER[0]: [TIMER] PDCtf_exec_graph time_elapsed: 0.000688 s
[INFO] PDC_SERVER[0]: [TIMER] open time_elapsed: 0.001665 s
[INFO] PDC_SERVER[0]: [TIMER] write time_elapsed: 0.000047 s
[INFO] PDC_SERVER[0]: [TIMER] close time_elapsed: 0.000110 s
[INFO] PDC_SERVER[0]: Ran write storage strategy STORE_FLATTENED_REGION_PER_FILE_TRANSFORMATION
[INFO] PDC_SERVER[0]: Executing graph with json filepath /pscratch/sd/n/nlewi26/src/hdf5-zfp-baseline/tf_graphs/compression.json
[INFO] PDC_SERVER[0]: ZFP compression succeeded, compressed size bytes: 21544 bytes
[INFO] PDC_SERVER[0]: [TIMER] zfp_compress time_elapsed: 0.000709 s
[INFO] PDC_SERVER[0]: [TIMER] PDCtf_exec_graph time_elapsed: 0.000713 s
[INFO] PDC_SERVER[0]: [TIMER] open time_elapsed: 0.001458 s
[INFO] PDC_SERVER[0]: [TIMER] write time_elapsed: 0.000046 s
[INFO] PDC_SERVER[0]: [TIMER] close time_elapsed: 0.000094 s
[INFO] PDC_SERVER[0]: Ran write storage strategy STORE_FLATTENED_REGION_PER_FILE_TRANSFORMATION
[INFO] PDC_SERVER[0]: Executing graph with json filepath /pscratch/sd/n/nlewi26/src/hdf5-zfp-baseline/tf_graphs/compression.json
[INFO] PDC_SERVER[0]: ZFP compression succeeded, compressed size bytes: 21544 bytes
[INFO] PDC_SERVER[0]: [TIMER] zfp_compress time_elapsed: 0.000685 s
[INFO] PDC_SERVER[0]: [TIMER] PDCtf_exec_graph time_elapsed: 0.000689 s
[INFO] PDC_SERVER[0]: [TIMER] open time_elapsed: 0.001320 s
[INFO] PDC_SERVER[0]: [TIMER] write time_elapsed: 0.000046 s
[INFO] PDC_SERVER[0]: [TIMER] close time_elapsed: 0.000095 s
[INFO] PDC_SERVER[0]: Ran write storage strategy STORE_FLATTENED_REGION_PER_FILE_TRANSFORMATION
[INFO] PDC_SERVER[0]: Executing graph with json filepath /pscratch/sd/n/nlewi26/src/hdf5-zfp-baseline/tf_graphs/compression.json
[INFO] PDC_SERVER[0]: ZFP compression succeeded, compressed size bytes: 21544 bytes
[INFO] PDC_SERVER[0]: [TIMER] zfp_compress time_elapsed: 0.000688 s
[INFO] PDC_SERVER[0]: [TIMER] PDCtf_exec_graph time_elapsed: 0.000691 s
[INFO] PDC_SERVER[0]: [TIMER] open time_elapsed: 0.001194 s
[INFO] PDC_SERVER[0]: [TIMER] write time_elapsed: 0.000046 s
[INFO] PDC_SERVER[0]: [TIMER] close time_elapsed: 0.000093 s
[INFO] PDC_SERVER[0]: Ran write storage strategy STORE_FLATTENED_REGION_PER_FILE_TRANSFORMATION
[INFO] PDC_SERVER[0]: Executing graph with json filepath /pscratch/sd/n/nlewi26/src/hdf5-zfp-baseline/tf_graphs/compression.json
[INFO] PDC_SERVER[0]: ZFP compression succeeded, compressed size bytes: 21544 bytes
[INFO] PDC_SERVER[0]: [TIMER] zfp_compress time_elapsed: 0.000680 s
[INFO] PDC_SERVER[0]: [TIMER] PDCtf_exec_graph time_elapsed: 0.000683 s
[INFO] PDC_SERVER[0]: [TIMER] open time_elapsed: 0.001096 s
[INFO] PDC_SERVER[0]: [TIMER] write time_elapsed: 0.000047 s
[INFO] PDC_SERVER[0]: [TIMER] close time_elapsed: 0.000088 s
[INFO] PDC_SERVER[0]: Ran write storage strategy STORE_FLATTENED_REGION_PER_FILE_TRANSFORMATION
[INFO] PDC_SERVER[0]: Executing graph with json filepath /pscratch/sd/n/nlewi26/src/hdf5-zfp-baseline/tf_graphs/compression.json
[INFO] PDC_SERVER[0]: ZFP compression succeeded, compressed size bytes: 20856 bytes
[INFO] PDC_SERVER[0]: [TIMER] zfp_compress time_elapsed: 0.000688 s
[INFO] PDC_SERVER[0]: [TIMER] PDCtf_exec_graph time_elapsed: 0.000693 s
[INFO] PDC_SERVER[0]: [TIMER] open time_elapsed: 0.000212 s
[INFO] PDC_SERVER[0]: [TIMER] write time_elapsed: 0.000166 s
[INFO] PDC_SERVER[0]: [TIMER] close time_elapsed: 0.000102 s
[INFO] PDC_SERVER[0]: Ran write storage strategy STORE_FLATTENED_REGION_PER_FILE_TRANSFORMATION
[INFO] PDC_SERVER[0]: Executing graph with json filepath /pscratch/sd/n/nlewi26/src/hdf5-zfp-baseline/tf_graphs/compression.json
[INFO] PDC_SERVER[0]: ZFP compression succeeded, compressed size bytes: 20856 bytes
[INFO] PDC_SERVER[0]: [TIMER] zfp_compress time_elapsed: 0.000698 s
[INFO] PDC_SERVER[0]: [TIMER] PDCtf_exec_graph time_elapsed: 0.000702 s
[INFO] PDC_SERVER[0]: [TIMER] open time_elapsed: 0.000199 s
[INFO] PDC_SERVER[0]: [TIMER] write time_elapsed: 0.000139 s
[INFO] PDC_SERVER[0]: [TIMER] close time_elapsed: 0.000100 s
[INFO] PDC_SERVER[0]: Ran write storage strategy STORE_FLATTENED_REGION_PER_FILE_TRANSFORMATION
[INFO] PDC_SERVER[0]: Executing graph with json filepath /pscratch/sd/n/nlewi26/src/hdf5-zfp-baseline/tf_graphs/compression.json
[INFO] PDC_SERVER[0]: ZFP compression succeeded, compressed size bytes: 20856 bytes
[INFO] PDC_SERVER[0]: [TIMER] zfp_compress time_elapsed: 0.000677 s
[INFO] PDC_SERVER[0]: [TIMER] PDCtf_exec_graph time_elapsed: 0.000681 s
[INFO] PDC_SERVER[0]: [TIMER] open time_elapsed: 0.000252 s
[INFO] PDC_SERVER[0]: [TIMER] write time_elapsed: 0.000145 s
[INFO] PDC_SERVER[0]: [TIMER] close time_elapsed: 0.000097 s
[INFO] PDC_SERVER[0]: Ran write storage strategy STORE_FLATTENED_REGION_PER_FILE_TRANSFORMATION
[INFO] PDC_SERVER[0]: Executing graph with json filepath /pscratch/sd/n/nlewi26/src/hdf5-zfp-baseline/tf_graphs/compression.json
[INFO] PDC_SERVER[0]: ZFP compression succeeded, compressed size bytes: 20856 bytes
[INFO] PDC_SERVER[0]: [TIMER] zfp_compress time_elapsed: 0.000676 s
[INFO] PDC_SERVER[0]: [TIMER] PDCtf_exec_graph time_elapsed: 0.000679 s
[INFO] PDC_SERVER[0]: [TIMER] open time_elapsed: 0.000208 s
[INFO] PDC_SERVER[0]: [TIMER] write time_elapsed: 0.000135 s
[INFO] PDC_SERVER[0]: [TIMER] close time_elapsed: 0.000094 s
[INFO] PDC_SERVER[0]: Ran write storage strategy STORE_FLATTENED_REGION_PER_FILE_TRANSFORMATION
[INFO] PDC_SERVER[0]: [TIMER] open time_elapsed: 0.000258 s
[INFO] PDC_SERVER[0]: [TIMER] read time_elapsed: 0.000016 s
[INFO] PDC_SERVER[0]: [TIMER] close time_elapsed: 0.000129 s
[INFO] PDC_SERVER[0]: Executing graph with json filepath /pscratch/sd/n/nlewi26/src/hdf5-zfp-baseline/tf_graphs/compression.json
[INFO] PDC_SERVER[0]: [TIMER] zfp_decompress time_elapsed: 0.000495 s
[INFO] PDC_SERVER[0]: [TIMER] PDCtf_exec_graph time_elapsed: 0.000503 s
[INFO] PDC_SERVER[0]: Ran read storage strategy STORE_FLATTENED_REGION_PER_FILE_TRANSFORMATION
[INFO] PDC_SERVER[0]: [TIMER] open time_elapsed: 0.000186 s
[INFO] PDC_SERVER[0]: [TIMER] read time_elapsed: 0.000011 s
[INFO] PDC_SERVER[0]: [TIMER] close time_elapsed: 0.000108 s
[INFO] PDC_SERVER[0]: Executing graph with json filepath /pscratch/sd/n/nlewi26/src/hdf5-zfp-baseline/tf_graphs/compression.json
[INFO] PDC_SERVER[0]: [TIMER] zfp_decompress time_elapsed: 0.000467 s
[INFO] PDC_SERVER[0]: [TIMER] PDCtf_exec_graph time_elapsed: 0.000474 s
[INFO] PDC_SERVER[0]: Ran read storage strategy STORE_FLATTENED_REGION_PER_FILE_TRANSFORMATION
[INFO] PDC_SERVER[0]: [TIMER] open time_elapsed: 0.000174 s
[INFO] PDC_SERVER[0]: [TIMER] read time_elapsed: 0.000004 s
[INFO] PDC_SERVER[0]: [TIMER] close time_elapsed: 0.000087 s
[INFO] PDC_SERVER[0]: Executing graph with json filepath /pscratch/sd/n/nlewi26/src/hdf5-zfp-baseline/tf_graphs/compression.json
[INFO] PDC_SERVER[0]: [TIMER] zfp_decompress time_elapsed: 0.000477 s
[INFO] PDC_SERVER[0]: [TIMER] PDCtf_exec_graph time_elapsed: 0.000483 s
[INFO] PDC_SERVER[0]: Ran read storage strategy STORE_FLATTENED_REGION_PER_FILE_TRANSFORMATION
[INFO] PDC_SERVER[0]: [TIMER] open time_elapsed: 0.000173 s
[INFO] PDC_SERVER[0]: [TIMER] read time_elapsed: 0.000004 s
[INFO] PDC_SERVER[0]: [TIMER] close time_elapsed: 0.000089 s
[INFO] PDC_SERVER[0]: Executing graph with json filepath /pscratch/sd/n/nlewi26/src/hdf5-zfp-baseline/tf_graphs/compression.json
[INFO] PDC_SERVER[0]: [TIMER] zfp_decompress time_elapsed: 0.000486 s
[INFO] PDC_SERVER[0]: [TIMER] PDCtf_exec_graph time_elapsed: 0.000494 s
[INFO] PDC_SERVER[0]: Ran read storage strategy STORE_FLATTENED_REGION_PER_FILE_TRANSFORMATION
[INFO] PDC_SERVER[0]: [TIMER] open time_elapsed: 0.000168 s
[INFO] PDC_SERVER[0]: [TIMER] read time_elapsed: 0.000013 s
[INFO] PDC_SERVER[0]: [TIMER] close time_elapsed: 0.000104 s
[INFO] PDC_SERVER[0]: Executing graph with json filepath /pscratch/sd/n/nlewi26/src/hdf5-zfp-baseline/tf_graphs/compression.json
[INFO] PDC_SERVER[0]: [TIMER] zfp_decompress time_elapsed: 0.000483 s
[INFO] PDC_SERVER[0]: [TIMER] PDCtf_exec_graph time_elapsed: 0.000489 s
[INFO] PDC_SERVER[0]: Ran read storage strategy STORE_FLATTENED_REGION_PER_FILE_TRANSFORMATION
[INFO] PDC_SERVER[0]: [TIMER] open time_elapsed: 0.000147 s
[INFO] PDC_SERVER[0]: [TIMER] read time_elapsed: 0.000005 s
[INFO] PDC_SERVER[0]: [TIMER] close time_elapsed: 0.000096 s
[INFO] PDC_SERVER[0]: Executing graph with json filepath /pscratch/sd/n/nlewi26/src/hdf5-zfp-baseline/tf_graphs/compression.json
[INFO] PDC_SERVER[0]: [TIMER] zfp_decompress time_elapsed: 0.000471 s
[INFO] PDC_SERVER[0]: [TIMER] PDCtf_exec_graph time_elapsed: 0.000476 s
[INFO] PDC_SERVER[0]: Ran read storage strategy STORE_FLATTENED_REGION_PER_FILE_TRANSFORMATION
[INFO] PDC_SERVER[0]: [TIMER] open time_elapsed: 0.000147 s
[INFO] PDC_SERVER[0]: [TIMER] read time_elapsed: 0.000004 s
[INFO] PDC_SERVER[0]: [TIMER] close time_elapsed: 0.000094 s
[INFO] PDC_SERVER[0]: Executing graph with json filepath /pscratch/sd/n/nlewi26/src/hdf5-zfp-baseline/tf_graphs/compression.json
[INFO] PDC_SERVER[0]: [TIMER] zfp_decompress time_elapsed: 0.000486 s
[INFO] PDC_SERVER[0]: [TIMER] PDCtf_exec_graph time_elapsed: 0.000492 s
[INFO] PDC_SERVER[0]: Ran read storage strategy STORE_FLATTENED_REGION_PER_FILE_TRANSFORMATION
[INFO] PDC_SERVER[0]: [TIMER] open time_elapsed: 0.000151 s
[INFO] PDC_SERVER[0]: [TIMER] read time_elapsed: 0.000005 s
[INFO] PDC_SERVER[0]: [TIMER] close time_elapsed: 0.000095 s
[INFO] PDC_SERVER[0]: Executing graph with json filepath /pscratch/sd/n/nlewi26/src/hdf5-zfp-baseline/tf_graphs/compression.json
[INFO] PDC_SERVER[0]: [TIMER] zfp_decompress time_elapsed: 0.000464 s
[INFO] PDC_SERVER[0]: [TIMER] PDCtf_exec_graph time_elapsed: 0.000469 s
[INFO] PDC_SERVER[0]: Ran read storage strategy STORE_FLATTENED_REGION_PER_FILE_TRANSFORMATION
[INFO] PDC_SERVER[0]: [TIMER] open time_elapsed: 0.000166 s
[INFO] PDC_SERVER[0]: [TIMER] read time_elapsed: 0.000005 s
[INFO] PDC_SERVER[0]: [TIMER] close time_elapsed: 0.000096 s
[INFO] PDC_SERVER[0]: Executing graph with json filepath /pscratch/sd/n/nlewi26/src/hdf5-zfp-baseline/tf_graphs/compression.json
[INFO] PDC_SERVER[0]: [TIMER] zfp_decompress time_elapsed: 0.000498 s
[INFO] PDC_SERVER[0]: [TIMER] PDCtf_exec_graph time_elapsed: 0.000504 s
[INFO] PDC_SERVER[0]: Ran read storage strategy STORE_FLATTENED_REGION_PER_FILE_TRANSFORMATION
[INFO] PDC_SERVER[0]: [TIMER] open time_elapsed: 0.000132 s
[INFO] PDC_SERVER[0]: [TIMER] read time_elapsed: 0.000005 s
[INFO] PDC_SERVER[0]: [TIMER] close time_elapsed: 0.000108 s
[INFO] PDC_SERVER[0]: Executing graph with json filepath /pscratch/sd/n/nlewi26/src/hdf5-zfp-baseline/tf_graphs/compression.json
[INFO] PDC_SERVER[0]: [TIMER] zfp_decompress time_elapsed: 0.000471 s
[INFO] PDC_SERVER[0]: [TIMER] PDCtf_exec_graph time_elapsed: 0.000477 s
[INFO] PDC_SERVER[0]: Ran read storage strategy STORE_FLATTENED_REGION_PER_FILE_TRANSFORMATION
[INFO] PDC_SERVER[0]: [TIMER] open time_elapsed: 0.000137 s
[INFO] PDC_SERVER[0]: [TIMER] read time_elapsed: 0.000005 s
[INFO] PDC_SERVER[0]: [TIMER] close time_elapsed: 0.000094 s
[INFO] PDC_SERVER[0]: Executing graph with json filepath /pscratch/sd/n/nlewi26/src/hdf5-zfp-baseline/tf_graphs/compression.json
[INFO] PDC_SERVER[0]: [TIMER] zfp_decompress time_elapsed: 0.000473 s
[INFO] PDC_SERVER[0]: [TIMER] PDCtf_exec_graph time_elapsed: 0.000479 s
[INFO] PDC_SERVER[0]: Ran read storage strategy STORE_FLATTENED_REGION_PER_FILE_TRANSFORMATION
[INFO] PDC_SERVER[0]: [TIMER] open time_elapsed: 0.000134 s
[INFO] PDC_SERVER[0]: [TIMER] read time_elapsed: 0.000005 s
[INFO] PDC_SERVER[0]: [TIMER] close time_elapsed: 0.000084 s
[INFO] PDC_SERVER[0]: Executing graph with json filepath /pscratch/sd/n/nlewi26/src/hdf5-zfp-baseline/tf_graphs/compression.json
[INFO] PDC_SERVER[0]: [TIMER] zfp_decompress time_elapsed: 0.000486 s
[INFO] PDC_SERVER[0]: [TIMER] PDCtf_exec_graph time_elapsed: 0.000491 s
[INFO] PDC_SERVER[0]: Ran read storage strategy STORE_FLATTENED_REGION_PER_FILE_TRANSFORMATION
[INFO] PDC_SERVER[0]: [TIMER] open time_elapsed: 0.000137 s
[INFO] PDC_SERVER[0]: [TIMER] read time_elapsed: 0.000005 s
[INFO] PDC_SERVER[0]: [TIMER] close time_elapsed: 0.000004 s
[INFO] PDC_SERVER[0]: Executing graph with json filepath /pscratch/sd/n/nlewi26/src/hdf5-zfp-baseline/tf_graphs/compression.json
[INFO] PDC_SERVER[0]: [TIMER] zfp_decompress time_elapsed: 0.000273 s
[INFO] PDC_SERVER[0]: [TIMER] PDCtf_exec_graph time_elapsed: 0.000279 s
[INFO] PDC_SERVER[0]: Ran read storage strategy STORE_FLATTENED_REGION_PER_FILE_TRANSFORMATION
[INFO] PDC_SERVER[0]: [TIMER] open time_elapsed: 0.000133 s
[INFO] PDC_SERVER[0]: [TIMER] read time_elapsed: 0.000004 s
[INFO] PDC_SERVER[0]: [TIMER] close time_elapsed: 0.000004 s
[INFO] PDC_SERVER[0]: Executing graph with json filepath /pscratch/sd/n/nlewi26/src/hdf5-zfp-baseline/tf_graphs/compression.json
[INFO] PDC_SERVER[0]: [TIMER] zfp_decompress time_elapsed: 0.000272 s
[INFO] PDC_SERVER[0]: [TIMER] PDCtf_exec_graph time_elapsed: 0.000277 s
[INFO] PDC_SERVER[0]: Ran read storage strategy STORE_FLATTENED_REGION_PER_FILE_TRANSFORMATION
[INFO] PDC_SERVER[0]: [TIMER] open time_elapsed: 0.000122 s
[INFO] PDC_SERVER[0]: [TIMER] read time_elapsed: 0.000004 s
[INFO] PDC_SERVER[0]: [TIMER] close time_elapsed: 0.000004 s
[INFO] PDC_SERVER[0]: Executing graph with json filepath /pscratch/sd/n/nlewi26/src/hdf5-zfp-baseline/tf_graphs/compression.json
[INFO] PDC_SERVER[0]: [TIMER] zfp_decompress time_elapsed: 0.000268 s
[INFO] PDC_SERVER[0]: [TIMER] PDCtf_exec_graph time_elapsed: 0.000273 s
[INFO] PDC_SERVER[0]: Ran read storage strategy STORE_FLATTENED_REGION_PER_FILE_TRANSFORMATION
[INFO] PDC_SERVER[0]: [TIMER] open time_elapsed: 0.000120 s
[INFO] PDC_SERVER[0]: [TIMER] read time_elapsed: 0.000004 s
[INFO] PDC_SERVER[0]: [TIMER] close time_elapsed: 0.000004 s
[INFO] PDC_SERVER[0]: Executing graph with json filepath /pscratch/sd/n/nlewi26/src/hdf5-zfp-baseline/tf_graphs/compression.json
[INFO] PDC_SERVER[0]: [TIMER] zfp_decompress time_elapsed: 0.000266 s
[INFO] PDC_SERVER[0]: [TIMER] PDCtf_exec_graph time_elapsed: 0.000270 s
[INFO] PDC_SERVER[0]: Ran read storage strategy STORE_FLATTENED_REGION_PER_FILE_TRANSFORMATION
[INFO] PDC_SERVER[0]: Checkpoint file [./pdc_tmp//0/metadata_checkpoint.0]
num_objs: 1
obj_id: 1000000001
	obj[1000000001] json_filepath_str: /pscratch/sd/n/nlewi26/src/hdf5-zfp-baseline/tf_graphs/compression.json
	num_region_mappings: 16
		dg_id: 1
		cur_state_str: compressed
		client_state_str: decompressed
		store_state_str: compressed
		conceptual_region_ndim: 2
		pdc_var_type: 14, size: 8
		conceptual_region_offset:
			offset[0]=3072
			offset[1]=0
		conceptual_region_size:
			size[0]=256
			size[1]=256
		actual_region_ndim: 1
		pdc_var_type 15, size: 1
		actual_region_size:
			size[0]=20816
		dg_id: 1
		cur_state_str: compressed
		client_state_str: decompressed
		store_state_str: compressed
		conceptual_region_ndim: 2
		pdc_var_type: 14, size: 8
		conceptual_region_offset:
			offset[0]=3328
			offset[1]=0
		conceptual_region_size:
			size[0]=256
			size[1]=256
		actual_region_ndim: 1
		pdc_var_type 15, size: 1
		actual_region_size:
			size[0]=20816
		dg_id: 1
		cur_state_str: compressed
		client_state_str: decompressed
		store_state_str: compressed
		conceptual_region_ndim: 2
		pdc_var_type: 14, size: 8
		conceptual_region_offset:
			offset[0]=3584
			offset[1]=0
		conceptual_region_size:
			size[0]=256
			size[1]=256
		actual_region_ndim: 1
		pdc_var_type 15, size: 1
		actual_region_size:
			size[0]=20816
		dg_id: 1
		cur_state_str: compressed
		client_state_str: decompressed
		store_state_str: compressed
		conceptual_region_ndim: 2
		pdc_var_type: 14, size: 8
		conceptual_region_offset:
			offset[0]=3840
			offset[1]=0
		conceptual_region_size:
			size[0]=256
			size[1]=256
		actual_region_ndim: 1
		pdc_var_type 15, size: 1
		actual_region_size:
			size[0]=20816
		dg_id: 1
		cur_state_str: compressed
		client_state_str: decompressed
		store_state_str: compressed
		conceptual_region_ndim: 2
		pdc_var_type: 14, size: 8
		conceptual_region_offset:
			offset[0]=1024
			offset[1]=0
		conceptual_region_size:
			size[0]=256
			size[1]=256
		actual_region_ndim: 1
		pdc_var_type 15, size: 1
		actual_region_size:
			size[0]=21584
		dg_id: 1
		cur_state_str: compressed
		client_state_str: decompressed
		store_state_str: compressed
		conceptual_region_ndim: 2
		pdc_var_type: 14, size: 8
		conceptual_region_offset:
			offset[0]=1280
			offset[1]=0
		conceptual_region_size:
			size[0]=256
			size[1]=256
		actual_region_ndim: 1
		pdc_var_type 15, size: 1
		actual_region_size:
			size[0]=21584
		dg_id: 1
		cur_state_str: compressed
		client_state_str: decompressed
		store_state_str: compressed
		conceptual_region_ndim: 2
		pdc_var_type: 14, size: 8
		conceptual_region_offset:
			offset[0]=1536
			offset[1]=0
		conceptual_region_size:
			size[0]=256
			size[1]=256
		actual_region_ndim: 1
		pdc_var_type 15, size: 1
		actual_region_size:
			size[0]=21584
		dg_id: 1
		cur_state_str: compressed
		client_state_str: decompressed
		store_state_str: compressed
		conceptual_region_ndim: 2
		pdc_var_type: 14, size: 8
		conceptual_region_offset:
			offset[0]=1792
			offset[1]=0
		conceptual_region_size:
			size[0]=256
			size[1]=256
		actual_region_ndim: 1
		pdc_var_type 15, size: 1
		actual_region_size:
			size[0]=21584
		dg_id: 1
		cur_state_str: compressed
		client_state_str: decompressed
		store_state_str: compressed
		conceptual_region_ndim: 2
		pdc_var_type: 14, size: 8
		conceptual_region_offset:
			offset[0]=0
			offset[1]=0
		conceptual_region_size:
			size[0]=256
			size[1]=256
		actual_region_ndim: 1
		pdc_var_type 15, size: 1
		actual_region_size:
			size[0]=21544
		dg_id: 1
		cur_state_str: compressed
		client_state_str: decompressed
		store_state_str: compressed
		conceptual_region_ndim: 2
		pdc_var_type: 14, size: 8
		conceptual_region_offset:
			offset[0]=256
			offset[1]=0
		conceptual_region_size:
			size[0]=256
			size[1]=256
		actual_region_ndim: 1
		pdc_var_type 15, size: 1
		actual_region_size:
			size[0]=21544
		dg_id: 1
		cur_state_str: compressed
		client_state_str: decompressed
		store_state_str: compressed
		conceptual_region_ndim: 2
		pdc_var_type: 14, size: 8
		conceptual_region_offset:
			offset[0]=512
			offset[1]=0
		conceptual_region_size:
			size[0]=256
			size[1]=256
		actual_region_ndim: 1
		pdc_var_type 15, size: 1
		actual_region_size:
			size[0]=21544
		dg_id: 1
		cur_state_str: compressed
		client_state_str: decompressed
		store_state_str: compressed
		conceptual_region_ndim: 2
		pdc_var_type: 14, size: 8
		conceptual_region_offset:
			offset[0]=768
			offset[1]=0
		conceptual_region_size:
			size[0]=256
			size[1]=256
		actual_region_ndim: 1
		pdc_var_type 15, size: 1
		actual_region_size:
			size[0]=21544
		dg_id: 1
		cur_state_str: compressed
		client_state_str: decompressed
		store_state_str: compressed
		conceptual_region_ndim: 2
		pdc_var_type: 14, size: 8
		conceptual_region_offset:
			offset[0]=2048
			offset[1]=0
		conceptual_region_size:
			size[0]=256
			size[1]=256
		actual_region_ndim: 1
		pdc_var_type 15, size: 1
		actual_region_size:
			size[0]=20856
		dg_id: 1
		cur_state_str: compressed
		client_state_str: decompressed
		store_state_str: compressed
		conceptual_region_ndim: 2
		pdc_var_type: 14, size: 8
		conceptual_region_offset:
			offset[0]=2304
			offset[1]=0
		conceptual_region_size:
			size[0]=256
			size[1]=256
		actual_region_ndim: 1
		pdc_var_type 15, size: 1
		actual_region_size:
			size[0]=20856
		dg_id: 1
		cur_state_str: compressed
		client_state_str: decompressed
		store_state_str: compressed
		conceptual_region_ndim: 2
		pdc_var_type: 14, size: 8
		conceptual_region_offset:
			offset[0]=2560
			offset[1]=0
		conceptual_region_size:
			size[0]=256
			size[1]=256
		actual_region_ndim: 1
		pdc_var_type 15, size: 1
		actual_region_size:
			size[0]=20856
		dg_id: 1
		cur_state_str: compressed
		client_state_str: decompressed
		store_state_str: compressed
		conceptual_region_ndim: 2
		pdc_var_type: 14, size: 8
		conceptual_region_offset:
			offset[0]=2816
			offset[1]=0
		conceptual_region_size:
			size[0]=256
			size[1]=256
		actual_region_ndim: 1
		pdc_var_type 15, size: 1
		actual_region_size:
			size[0]=20856
		func_name: zfp_compress
			params_str: none
			num_params: 16
			conceptual_flat_offset: 3072
			params_size: 48
			conceptual_flat_offset: 3328
			params_size: 48
			conceptual_flat_offset: 3584
			params_size: 48
			conceptual_flat_offset: 3840
			params_size: 48
			conceptual_flat_offset: 1024
			params_size: 48
			conceptual_flat_offset: 1280
			params_size: 48
			conceptual_flat_offset: 1536
			params_size: 48
			conceptual_flat_offset: 1792
			params_size: 48
			conceptual_flat_offset: 0
			params_size: 48
			conceptual_flat_offset: 256
			params_size: 48
			conceptual_flat_offset: 512
			params_size: 48
			conceptual_flat_offset: 768
			params_size: 48
			conceptual_flat_offset: 2048
			params_size: 48
			conceptual_flat_offset: 2304
			params_size: 48
			conceptual_flat_offset: 2560
			params_size: 48
			conceptual_flat_offset: 2816
			params_size: 48
		func_name: zfp_decompress
			params_str: none
			num_params: 0
		state_name: decompressed
			num_params: 0
		state_name: compressed
			num_params: 0
[INFO] PDC_SERVER[0]: Checkpointed          1 objects, with          0 regions 
[INFO] PDC_CLIENT[0]: Writing DART info to file_name: ./pdc_tmp//dart_info.bin
[INFO] PDC_CLIENT[0]: [IDIOMS_Index_Dump_0] Timer to dump index = 2334.0000 microseconds
