Entered main
Rank[0] {
  "workloads":[
    {
      "name":"PDC",
      "implementation":"pdc",
      "io_participations":[
        "independent"
      ],
      "filter":"raw",
      "params":"batch"
    }
  ],
  "chunk_size_bytes":4194304,
  "chunks_per_rank":4,
  "validate_read":false
}
Rank[0] ==============================================
Rank[0] Starting workload PDC
Rank[0] Running with 32 rank(s)
Rank[0] Chunks per rank 4
Rank[0] Params batchRank[0] Using independent I/O
Rank[0] Requested chunk size 4194304 bytes
Rank[0] Rounded chunk size 524288 bytes
Rank[0] Total data to be written: 0 GB (67108864) bytes
Rank[0] ==============================================
Entered main
[INFO] PDC_CLIENT[26]: PDCtf_init called
Entered main
[INFO] PDC_CLIENT[24]: PDCtf_init called
Entered main
[INFO] PDC_CLIENT[27]: PDCtf_init called
Entered main
[INFO] PDC_CLIENT[25]: PDCtf_init called
[INFO] PDC_CLIENT[0]: PDCtf_init called
Entered main
[INFO] PDC_CLIENT[18]: PDCtf_init called
Entered main
[INFO] PDC_CLIENT[2]: PDCtf_init called
Entered main
[INFO] PDC_CLIENT[17]: PDCtf_init called
Entered main
[INFO] PDC_CLIENT[22]: PDCtf_init called
Entered main
[INFO] PDC_CLIENT[19]: PDCtf_init called
Entered main
[INFO] PDC_CLIENT[20]: PDCtf_init called
Entered main
[INFO] PDC_CLIENT[16]: PDCtf_init called
Entered main
[INFO] PDC_CLIENT[8]: PDCtf_init called
Entered main
[INFO] PDC_CLIENT[3]: PDCtf_init called
Entered main
[INFO] PDC_CLIENT[31]: PDCtf_init called
Entered main
[INFO] PDC_CLIENT[1]: PDCtf_init called
Entered main
[INFO] PDC_CLIENT[29]: PDCtf_init called
Entered main
[INFO] PDC_CLIENT[14]: PDCtf_init called
Entered main
[INFO] PDC_CLIENT[10]: PDCtf_init called
Entered main
[INFO] PDC_CLIENT[7]: PDCtf_init called
Entered main
[INFO] PDC_CLIENT[12]: PDCtf_init called
Entered main
[INFO] PDC_CLIENT[21]: PDCtf_init called
Entered main
[INFO] PDC_CLIENT[23]: PDCtf_init called
Entered main
[INFO] PDC_CLIENT[30]: PDCtf_init called
Entered main
[INFO] PDC_CLIENT[15]: PDCtf_init called
Entered main
[INFO] PDC_CLIENT[28]: PDCtf_init called
Entered main
[INFO] PDC_CLIENT[9]: PDCtf_init called
Entered main
[INFO] PDC_CLIENT[13]: PDCtf_init called
Entered main
[INFO] PDC_CLIENT[11]: PDCtf_init called
Entered main
[INFO] PDC_CLIENT[5]: PDCtf_init called
Entered main
[INFO] PDC_CLIENT[6]: PDCtf_init called
Entered main
[INFO] PDC_CLIENT[4]: PDCtf_init called
[INFO] PDC_CLIENT[0]: PDC_DEBUG set to 0
[INFO] PDC_CLIENT[0]: Found 1 PDC Metadata servers, running with 32 PDC clients
[INFO] PDC_CLIENT[0]: Environment variable HG_TRANSPORT was NOT set
[INFO] PDC_CLIENT[0]: Environment variable HG_HOST was NOT set
[INFO] PDC_CLIENT[0]: Connection string: ofi+tcp://nid004380:8000
[INFO] PDC_CLIENT[0]: Using [./pdc_tmp] as tmp dir, 32 clients per server
Rank[0] Calling init_dataset on impl
Creating container with name cont_0
Rank[0] Creating object with name obj_0
Rank[0] No filter enabled
Rank[0] Calling create_dataset on impl
Rank[0] Starting write
Creating container with name cont_0
Rank[1] Starting write
Creating container with name cont_0
Rank[2] Starting write
Creating container with name cont_0
Rank[3] Starting write
Rank[0] Starting chunk write 1
Rank[0] Calling write_chunk on impl
Rank[1] Starting chunk write 1
Creating container with name cont_0
Rank[24] Starting write
Creating container with name cont_0
Rank[16] Starting write
Creating container with name cont_0
Rank[28] Starting write
Creating container with name cont_0
Rank[8] Starting write
Creating container with name cont_0
Rank[12] Starting write
Creating container with name cont_0
Rank[20] Starting write
Creating container with name cont_0
Rank[4] Starting write
Rank[2] Starting chunk write 1
Creating container with name cont_0
Rank[25] Starting write
Rank[25] Starting chunk write 1
Creating container with name cont_0
Rank[17] Starting write
Creating container with name cont_0
Rank[30] Starting write
Rank[30] Starting chunk write 1
Creating container with name cont_0
Rank[9] Starting write
Creating container with name cont_0
Rank[13] Starting write
Creating container with name cont_0
Rank[21] Starting write
Rank[21] Starting chunk write 1
Creating container with name cont_0
Rank[5] Starting write
Rank[5] Starting chunk write 1
Rank[3] Starting chunk write 1
Creating container with name cont_0
Rank[26] Starting write
Rank[26] Starting chunk write 1
Creating container with name cont_0
Rank[18] Starting write
Rank[28] Starting chunk write 1
Rank[28] Finished chunk write 1
Rank[28] Starting chunk write 2
Rank[28] Finished chunk write 2
Rank[28] Starting chunk write 3
Rank[28] Finished chunk write 3
Creating container with name cont_0
Rank[10] Starting write
Creating container with name cont_0
Rank[14] Starting write
Rank[14] Starting chunk write 1
Creating container with name cont_0
Rank[22] Starting write
Rank[22] Starting chunk write 1
Creating container with name cont_0
Rank[6] Starting write
Rank[6] Starting chunk write 1
Rank[2] Finished chunk write 1
Rank[2] Starting chunk write 2
Rank[2] Finished chunk write 2
Creating container with name cont_0
Rank[27] Starting write
Rank[27] Starting chunk write 1
Creating container with name cont_0
Rank[19] Starting write
Rank[19] Starting chunk write 1
Creating container with name cont_0
Rank[29] Starting write
Rank[29] Starting chunk write 1
Creating container with name cont_0
Rank[11] Starting write
Rank[11] Starting chunk write 1
Creating container with name cont_0
Rank[15] Starting write
Rank[15] Starting chunk write 1
Creating container with name cont_0
Rank[23] Starting write
Rank[23] Starting chunk write 1
Creating container with name cont_0
Rank[7] Starting write
Rank[7] Starting chunk write 1
Rank[1] Finished chunk write 1
Rank[1] Starting chunk write 2
Rank[1] Finished chunk write 2
Rank[1] Starting chunk write 3
Rank[1] Finished chunk write 3
Rank[1] Starting chunk write 4
Rank[24] Starting chunk write 1
Rank[24] Finished chunk write 1
Rank[24] Starting chunk write 2
Rank[24] Finished chunk write 2
Rank[24] Starting chunk write 3
Rank[24] Finished chunk write 3
Rank[24] Starting chunk write 4
Rank[16] Starting chunk write 1
Creating container with name cont_0
Rank[31] Starting write
Rank[31] Starting chunk write 1
Rank[31] Finished chunk write 1
Rank[31] Starting chunk write 2
Rank[31] Finished chunk write 2
Rank[31] Starting chunk write 3
Rank[31] Finished chunk write 3
Rank[31] Starting chunk write 4
Rank[8] Starting chunk write 1
Rank[12] Starting chunk write 1
Rank[20] Starting chunk write 1
Rank[20] Finished chunk write 1
Rank[20] Starting chunk write 2
Rank[20] Finished chunk write 2
Rank[20] Starting chunk write 3
Rank[20] Finished chunk write 3
Rank[20] Starting chunk write 4
Rank[4] Starting chunk write 1
Rank[4] Finished chunk write 1
Rank[4] Starting chunk write 2
Rank[4] Finished chunk write 2
Rank[4] Starting chunk write 3
Rank[4] Finished chunk write 3
Rank[4] Starting chunk write 4
Rank[2] Starting chunk write 3
Rank[2] Finished chunk write 3
Rank[2] Starting chunk write 4
Rank[26] Finished chunk write 1
Rank[26] Starting chunk write 2
Rank[26] Finished chunk write 2
Rank[26] Starting chunk write 3
Rank[26] Finished chunk write 3
Rank[17] Starting chunk write 1
Rank[28] Starting chunk write 4
Rank[9] Starting chunk write 1
Rank[13] Starting chunk write 1
Rank[13] Finished chunk write 1
Rank[13] Starting chunk write 2
Rank[21] Finished chunk write 1
Rank[21] Starting chunk write 2
Rank[21] Finished chunk write 2
Rank[21] Starting chunk write 3
Rank[21] Finished chunk write 3
Rank[21] Starting chunk write 4
Rank[5] Finished chunk write 1
Rank[5] Starting chunk write 2
Rank[5] Finished chunk write 2
Rank[5] Starting chunk write 3
Rank[5] Finished chunk write 3
Rank[5] Starting chunk write 4
Rank[0] Finished chunk write 1
Rank[0] Starting chunk write 2
Rank[0] Calling write_chunk on impl
Rank[0] Finished chunk write 2
Rank[0] Starting chunk write 3
Rank[0] Calling write_chunk on impl
Rank[0] Finished chunk write 3
Rank[0] Starting chunk write 4
Rank[25] Finished chunk write 1
Rank[25] Starting chunk write 2
Rank[25] Finished chunk write 2
Rank[25] Starting chunk write 3
Rank[25] Finished chunk write 3
Rank[25] Starting chunk write 4
Rank[18] Starting chunk write 1
Rank[29] Finished chunk write 1
Rank[29] Starting chunk write 2
Rank[29] Finished chunk write 2
Rank[29] Starting chunk write 3
Rank[29] Finished chunk write 3
Rank[29] Starting chunk write 4
Rank[10] Starting chunk write 1
Rank[10] Finished chunk write 1
Rank[10] Starting chunk write 2
Rank[10] Finished chunk write 2
Rank[12] Finished chunk write 1
Rank[12] Starting chunk write 2
Rank[12] Finished chunk write 2
Rank[12] Starting chunk write 3
Rank[12] Finished chunk write 3
Rank[12] Starting chunk write 4
Rank[23] Finished chunk write 1
Rank[23] Starting chunk write 2
Rank[23] Finished chunk write 2
Rank[23] Starting chunk write 3
Rank[6] Finished chunk write 1
Rank[6] Starting chunk write 2
Rank[6] Finished chunk write 2
Rank[6] Starting chunk write 3
Rank[6] Finished chunk write 3
Rank[6] Starting chunk write 4
Rank[3] Finished chunk write 1
Rank[3] Starting chunk write 2
Rank[3] Finished chunk write 2
Rank[3] Starting chunk write 3
Rank[26] Starting chunk write 4
Rank[16] Finished chunk write 1
Rank[16] Starting chunk write 2
Rank[16] Finished chunk write 2
Rank[16] Starting chunk write 3
Rank[16] Finished chunk write 3
Rank[16] Starting chunk write 4
Rank[30] Finished chunk write 1
Rank[30] Starting chunk write 2
Rank[30] Finished chunk write 2
Rank[30] Starting chunk write 3
Rank[30] Finished chunk write 3
Rank[30] Starting chunk write 4
Rank[8] Finished chunk write 1
Rank[8] Starting chunk write 2
Rank[8] Finished chunk write 2
Rank[8] Starting chunk write 3
Rank[8] Finished chunk write 3
Rank[8] Starting chunk write 4
Rank[13] Finished chunk write 2
Rank[13] Starting chunk write 3
Rank[13] Finished chunk write 3
Rank[13] Starting chunk write 4
Rank[22] Finished chunk write 1
Rank[22] Starting chunk write 2
Rank[22] Finished chunk write 2
Rank[22] Starting chunk write 3
Rank[22] Finished chunk write 3
Rank[22] Starting chunk write 4
Rank[7] Finished chunk write 1
Rank[7] Starting chunk write 2
Rank[7] Finished chunk write 2
Rank[7] Starting chunk write 3
Rank[7] Finished chunk write 3
Rank[7] Starting chunk write 4
Rank[0] Calling write_chunk on impl
Rank[27] Finished chunk write 1
Rank[27] Starting chunk write 2
Rank[27] Finished chunk write 2
Rank[27] Starting chunk write 3
Rank[27] Finished chunk write 3
Rank[27] Starting chunk write 4
Rank[17] Finished chunk write 1
Rank[17] Starting chunk write 2
Rank[17] Finished chunk write 2
Rank[17] Starting chunk write 3
Rank[17] Finished chunk write 3
Rank[17] Starting chunk write 4
Rank[9] Finished chunk write 1
Rank[9] Starting chunk write 2
Rank[9] Finished chunk write 2
Rank[9] Starting chunk write 3
Rank[9] Finished chunk write 3
Rank[9] Starting chunk write 4
Rank[14] Finished chunk write 1
Rank[14] Starting chunk write 2
Rank[14] Finished chunk write 2
Rank[14] Starting chunk write 3
Rank[14] Finished chunk write 3
Rank[14] Starting chunk write 4
Rank[23] Finished chunk write 3
Rank[23] Starting chunk write 4
Rank[3] Finished chunk write 3
Rank[3] Starting chunk write 4
Rank[18] Finished chunk write 1
Rank[18] Starting chunk write 2
Rank[18] Finished chunk write 2
Rank[18] Starting chunk write 3
Rank[18] Finished chunk write 3
Rank[18] Starting chunk write 4
Rank[10] Starting chunk write 3
Rank[10] Finished chunk write 3
Rank[10] Starting chunk write 4
Rank[15] Finished chunk write 1
Rank[15] Starting chunk write 2
Rank[15] Finished chunk write 2
Rank[15] Starting chunk write 3
Rank[15] Finished chunk write 3
Rank[15] Starting chunk write 4
Rank[19] Finished chunk write 1
Rank[19] Starting chunk write 2
Rank[19] Finished chunk write 2
Rank[19] Starting chunk write 3
Rank[19] Finished chunk write 3
Rank[19] Starting chunk write 4
Rank[11] Finished chunk write 1
Rank[11] Starting chunk write 2
Rank[11] Finished chunk write 2
Rank[11] Starting chunk write 3
Rank[11] Finished chunk write 3
Rank[11] Starting chunk write 4
Rank[7] Finished chunk write 4
Rank[5] Finished chunk write 4
Rank[4] Finished chunk write 4
Rank[6] Finished chunk write 4
Rank[17] Finished chunk write 4
Rank[12] Finished chunk write 4
Rank[24] Finished chunk write 4
Rank[19] Finished chunk write 4
Rank[28] Finished chunk write 4
Rank[26] Finished chunk write 4
Rank[1] Finished chunk write 4
Rank[13] Finished chunk write 4
Rank[21] Finished chunk write 4
Rank[3] Finished chunk write 4
Rank[10] Finished chunk write 4
Rank[15] Finished chunk write 4
Rank[23] Finished chunk write 4
Rank[25] Finished chunk write 4
Rank[16] Finished chunk write 4
Rank[8] Finished chunk write 4
Rank[9] Finished chunk write 4
Rank[14] Finished chunk write 4
Rank[2] Finished chunk write 4
Rank[27] Finished chunk write 4
Rank[0] Finished chunk write 4
Rank[0] Calling flush on impl
Rank[29] Finished chunk write 4
Rank[31] Finished chunk write 4
Rank[18] Finished chunk write 4
Rank[30] Finished chunk write 4
Rank[11] Finished chunk write 4
Rank[20] Finished chunk write 4
Rank[22] Finished chunk write 4
Rank[0] Finished write
Rank[24] Finished write
Rank[16] Finished write
Rank[28] Finished write
Rank[8] Finished write
Rank[12] Finished write
Rank[20] Finished write
Rank[4] Finished write
Rank[1] Finished write
Rank[25] Finished write
Rank[17] Finished write
Rank[29] Finished write
Rank[9] Finished write
Rank[13] Finished write
Rank[21] Finished write
Rank[5] Finished write
Rank[2] Finished write
Rank[26] Finished write
Rank[18] Finished write
Rank[30] Finished write
Rank[10] Finished write
Rank[14] Finished write
Rank[22] Finished write
Rank[6] Finished write
Rank[3] Finished write
Rank[27] Finished write
Rank[19] Finished write
Rank[31] Finished write
Rank[11] Finished write
Rank[15] Finished write
Rank[23] Finished write
Rank[7] Finished write
Rank[0] Calling close_dataset on impl
Rank[0] Calling reopen on impl
Rank[0] Starting chunk read 1
Rank[0] Calling read_chunk on impl
Rank[0] Finished chunk read 1
Rank[0] Starting chunk read 2
Rank[0] Calling read_chunk on impl
Rank[0] Finished chunk read 2
Rank[0] Starting chunk read 3
Rank[0] Calling read_chunk on impl
Rank[0] Finished chunk read 3
Rank[0] Starting chunk read 4
Rank[0] Calling read_chunk on impl
Rank[1] Starting chunk read 1
Rank[1] Finished chunk read 1
Rank[1] Starting chunk read 2
Rank[1] Finished chunk read 2
Rank[1] Starting chunk read 3
Rank[1] Finished chunk read 3
Rank[1] Starting chunk read 4
Rank[2] Starting chunk read 1
Rank[2] Finished chunk read 1
Rank[2] Starting chunk read 2
Rank[2] Finished chunk read 2
Rank[2] Starting chunk read 3
Rank[2] Finished chunk read 3
Rank[2] Starting chunk read 4
Rank[24] Starting chunk read 1
Rank[24] Finished chunk read 1
Rank[24] Starting chunk read 2
Rank[24] Finished chunk read 2
Rank[24] Starting chunk read 3
Rank[24] Finished chunk read 3
Rank[24] Starting chunk read 4
Rank[28] Starting chunk read 1
Rank[28] Finished chunk read 1
Rank[28] Starting chunk read 2
Rank[28] Finished chunk read 2
Rank[28] Starting chunk read 3
Rank[28] Finished chunk read 3
Rank[28] Starting chunk read 4
Rank[12] Starting chunk read 1
Rank[12] Finished chunk read 1
Rank[12] Starting chunk read 2
Rank[12] Finished chunk read 2
Rank[12] Starting chunk read 3
Rank[12] Finished chunk read 3
Rank[12] Starting chunk read 4
Rank[20] Starting chunk read 1
Rank[20] Finished chunk read 1
Rank[20] Starting chunk read 2
Rank[20] Finished chunk read 2
Rank[20] Starting chunk read 3
Rank[20] Finished chunk read 3
Rank[20] Starting chunk read 4
Rank[4] Starting chunk read 1
Rank[4] Finished chunk read 1
Rank[4] Starting chunk read 2
Rank[4] Finished chunk read 2
Rank[4] Starting chunk read 3
Rank[4] Finished chunk read 3
Rank[4] Starting chunk read 4
Rank[3] Starting chunk read 1
Rank[3] Finished chunk read 1
Rank[3] Starting chunk read 2
Rank[3] Finished chunk read 2
Rank[3] Starting chunk read 3
Rank[3] Finished chunk read 3
Rank[3] Starting chunk read 4
Rank[25] Starting chunk read 1
Rank[25] Finished chunk read 1
Rank[25] Starting chunk read 2
Rank[25] Finished chunk read 2
Rank[25] Starting chunk read 3
Rank[25] Finished chunk read 3
Rank[25] Starting chunk read 4
Rank[29] Starting chunk read 1
Rank[29] Finished chunk read 1
Rank[29] Starting chunk read 2
Rank[29] Finished chunk read 2
Rank[29] Starting chunk read 3
Rank[29] Finished chunk read 3
Rank[29] Starting chunk read 4
Rank[13] Starting chunk read 1
Rank[13] Finished chunk read 1
Rank[13] Starting chunk read 2
Rank[13] Finished chunk read 2
Rank[13] Starting chunk read 3
Rank[13] Finished chunk read 3
Rank[13] Starting chunk read 4
Rank[21] Starting chunk read 1
Rank[21] Finished chunk read 1
Rank[21] Starting chunk read 2
Rank[21] Finished chunk read 2
Rank[21] Starting chunk read 3
Rank[21] Finished chunk read 3
Rank[21] Starting chunk read 4
Rank[5] Starting chunk read 1
Rank[5] Finished chunk read 1
Rank[5] Starting chunk read 2
Rank[5] Finished chunk read 2
Rank[5] Starting chunk read 3
Rank[5] Finished chunk read 3
Rank[5] Starting chunk read 4
Rank[26] Starting chunk read 1
Rank[26] Finished chunk read 1
Rank[26] Starting chunk read 2
Rank[26] Finished chunk read 2
Rank[26] Starting chunk read 3
Rank[26] Finished chunk read 3
Rank[26] Starting chunk read 4
Rank[16] Starting chunk read 1
Rank[16] Finished chunk read 1
Rank[16] Starting chunk read 2
Rank[16] Finished chunk read 2
Rank[16] Starting chunk read 3
Rank[16] Finished chunk read 3
Rank[16] Starting chunk read 4
Rank[30] Starting chunk read 1
Rank[30] Finished chunk read 1
Rank[30] Starting chunk read 2
Rank[30] Finished chunk read 2
Rank[30] Starting chunk read 3
Rank[30] Finished chunk read 3
Rank[30] Starting chunk read 4
Rank[8] Starting chunk read 1
Rank[8] Finished chunk read 1
Rank[8] Starting chunk read 2
Rank[8] Finished chunk read 2
Rank[8] Starting chunk read 3
Rank[8] Finished chunk read 3
Rank[8] Starting chunk read 4
Rank[14] Starting chunk read 1
Rank[14] Finished chunk read 1
Rank[14] Starting chunk read 2
Rank[14] Finished chunk read 2
Rank[14] Starting chunk read 3
Rank[14] Finished chunk read 3
Rank[14] Starting chunk read 4
Rank[22] Starting chunk read 1
Rank[22] Finished chunk read 1
Rank[22] Starting chunk read 2
Rank[22] Finished chunk read 2
Rank[22] Starting chunk read 3
Rank[22] Finished chunk read 3
Rank[22] Starting chunk read 4
Rank[6] Starting chunk read 1
Rank[6] Finished chunk read 1
Rank[6] Starting chunk read 2
Rank[6] Finished chunk read 2
Rank[6] Starting chunk read 3
Rank[6] Finished chunk read 3
Rank[6] Starting chunk read 4
Rank[27] Starting chunk read 1
Rank[27] Finished chunk read 1
Rank[27] Starting chunk read 2
Rank[27] Finished chunk read 2
Rank[27] Starting chunk read 3
Rank[27] Finished chunk read 3
Rank[27] Starting chunk read 4
Rank[17] Starting chunk read 1
Rank[17] Finished chunk read 1
Rank[17] Starting chunk read 2
Rank[17] Finished chunk read 2
Rank[17] Starting chunk read 3
Rank[17] Finished chunk read 3
Rank[17] Starting chunk read 4
Rank[31] Starting chunk read 1
Rank[31] Finished chunk read 1
Rank[31] Starting chunk read 2
Rank[31] Finished chunk read 2
Rank[31] Starting chunk read 3
Rank[31] Finished chunk read 3
Rank[31] Starting chunk read 4
Rank[9] Starting chunk read 1
Rank[9] Finished chunk read 1
Rank[9] Starting chunk read 2
Rank[9] Finished chunk read 2
Rank[9] Starting chunk read 3
Rank[9] Finished chunk read 3
Rank[9] Starting chunk read 4
Rank[15] Starting chunk read 1
Rank[15] Finished chunk read 1
Rank[15] Starting chunk read 2
Rank[15] Finished chunk read 2
Rank[15] Starting chunk read 3
Rank[15] Finished chunk read 3
Rank[15] Starting chunk read 4
Rank[23] Starting chunk read 1
Rank[23] Finished chunk read 1
Rank[23] Starting chunk read 2
Rank[23] Finished chunk read 2
Rank[23] Starting chunk read 3
Rank[23] Finished chunk read 3
Rank[23] Starting chunk read 4
Rank[18] Starting chunk read 1
Rank[18] Finished chunk read 1
Rank[18] Starting chunk read 2
Rank[18] Finished chunk read 2
Rank[18] Starting chunk read 3
Rank[18] Finished chunk read 3
Rank[18] Starting chunk read 4
Rank[10] Starting chunk read 1
Rank[10] Finished chunk read 1
Rank[10] Starting chunk read 2
Rank[10] Finished chunk read 2
Rank[10] Starting chunk read 3
Rank[10] Finished chunk read 3
Rank[10] Starting chunk read 4
Rank[19] Starting chunk read 1
Rank[19] Finished chunk read 1
Rank[19] Starting chunk read 2
Rank[19] Finished chunk read 2
Rank[19] Starting chunk read 3
Rank[19] Finished chunk read 3
Rank[19] Starting chunk read 4
Rank[11] Starting chunk read 1
Rank[11] Finished chunk read 1
Rank[11] Starting chunk read 2
Rank[11] Finished chunk read 2
Rank[11] Starting chunk read 3
Rank[11] Finished chunk read 3
Rank[11] Starting chunk read 4
Rank[7] Starting chunk read 1
Rank[7] Finished chunk read 1
Rank[7] Starting chunk read 2
Rank[7] Finished chunk read 2
Rank[7] Starting chunk read 3
Rank[7] Finished chunk read 3
Rank[7] Starting chunk read 4
Rank[26] Finished chunk read 4
Rank[22] Finished chunk read 4
Rank[7] Finished chunk read 4
Rank[4] Finished chunk read 4
Rank[28] Finished chunk read 4
Rank[6] Finished chunk read 4
Rank[5] Finished chunk read 4
Rank[17] Finished chunk read 4
Rank[16] Finished chunk read 4
Rank[30] Finished chunk read 4
Rank[3] Finished chunk read 4
Rank[12] Finished chunk read 4
Rank[2] Finished chunk read 4
Rank[18] Finished chunk read 4
Rank[0] Finished chunk read 4
Rank[0] Calling flush on impl
Rank[1] Finished chunk read 4
Rank[24] Finished chunk read 4
Rank[25] Finished chunk read 4
Rank[19] Finished chunk read 4
Rank[8] Finished chunk read 4
Rank[13] Finished chunk read 4
Rank[21] Finished chunk read 4
Rank[9] Finished chunk read 4
Rank[15] Finished chunk read 4
Rank[10] Finished chunk read 4
Rank[29] Finished chunk read 4
Rank[31] Finished chunk read 4
Rank[23] Finished chunk read 4
Rank[20] Finished chunk read 4
Rank[11] Finished chunk read 4
Rank[27] Finished chunk read 4
Rank[14] Finished chunk read 4
Rank[0] Calling close_dataset on impl
Rank[0] Calling deinit on impl
Rank[0] ==============================================
Rank[0] Timer results appended to output.csv
Rank[0] Finished workload PDC
Rank[0] ==============================================
