[INFO] PDC_SERVER[0]: Using [./pdc_tmp/] as tmp dir, 1 OSTs, 1 OSTs per data file, 0% to BB
[INFO] PDC_SERVER[0]: Environment variable HG_TRANSPORT was NOT set
[INFO] PDC_SERVER[0]: Environment variable HG_HOST was NOT set
[INFO] PDC_SERVER[0]: Connection string: ofi+tcp://nid004383:7000
[INFO] PDC_SERVER[0]: Without multi-thread
[INFO] PDC_SERVER[0]: Read cache enabled
[INFO] PDC_SERVER[0]: Max cache size: 34359738368
[INFO] PDC_SERVER[0]: Successfully established connection to 0 other PDC servers
[INFO] PDC_SERVER[0]: Server ready!


[INFO] PDC_SERVER[0]: Executing graph with json filepath /pscratch/sd/n/nlewi26/src/hdf5-zfp-baseline/tf_graphs/compression.json
[11:36:07.754673] [ERROR] [pdc_dg.c:307] PDC_CLIENT[0]: Path is too short to contain any edges
[11:36:07.754691] [ERROR] [pdc_tf_server.c:200] PDC_SERVER[0]: JSON filepath /pscratch/sd/n/nlewi26/src/hdf5-zfp-baseline/tf_graphs/compression.json
[11:36:07.754698] [ERROR] [pdc_tf_server.c:201] PDC_SERVER[0]: Curent state compressed, desired state compressed
[11:36:07.754704] [ERROR] [pdc_tf_server.c:202] PDC_SERVER[0]: No path to desired state
[11:36:07.754714] [ERROR] [pdc_server_region_transfer.c:737] PDC_SERVER[0]: Error with PDCtf_exec_graph
[11:36:07.754724] [ERROR] [pdc_server_region_transfer.c:853] PDC_SERVER[0]: Error with PDC_Server_data_io_region_per_file_transformations
[INFO] PDC_SERVER[0]: Server flushed 0.5 / 4.0 MB to storage
[INFO] PDC_SERVER[0]: Executing graph with json filepath /pscratch/sd/n/nlewi26/src/hdf5-zfp-baseline/tf_graphs/compression.json
[11:36:07.754832] [ERROR] [pdc_dg.c:307] PDC_CLIENT[0]: Path is too short to contain any edges
[11:36:07.754841] [ERROR] [pdc_tf_server.c:200] PDC_SERVER[0]: JSON filepath /pscratch/sd/n/nlewi26/src/hdf5-zfp-baseline/tf_graphs/compression.json
[11:36:07.754847] [ERROR] [pdc_tf_server.c:201] PDC_SERVER[0]: Curent state compressed, desired state compressed
[11:36:07.754852] [ERROR] [pdc_tf_server.c:202] PDC_SERVER[0]: No path to desired state
[11:36:07.754862] [ERROR] [pdc_server_region_transfer.c:737] PDC_SERVER[0]: Error with PDCtf_exec_graph
[11:36:07.754872] [ERROR] [pdc_server_region_transfer.c:853] PDC_SERVER[0]: Error with PDC_Server_data_io_region_per_file_transformations
[INFO] PDC_SERVER[0]: Server flushed 0.5 / 3.5 MB to storage
[INFO] PDC_SERVER[0]: Executing graph with json filepath /pscratch/sd/n/nlewi26/src/hdf5-zfp-baseline/tf_graphs/compression.json
[11:36:07.754959] [ERROR] [pdc_dg.c:307] PDC_CLIENT[0]: Path is too short to contain any edges
[11:36:07.754969] [ERROR] [pdc_tf_server.c:200] PDC_SERVER[0]: JSON filepath /pscratch/sd/n/nlewi26/src/hdf5-zfp-baseline/tf_graphs/compression.json
[11:36:07.754976] [ERROR] [pdc_tf_server.c:201] PDC_SERVER[0]: Curent state compressed, desired state compressed
[11:36:07.754983] [ERROR] [pdc_tf_server.c:202] PDC_SERVER[0]: No path to desired state
[11:36:07.754995] [ERROR] [pdc_server_region_transfer.c:737] PDC_SERVER[0]: Error with PDCtf_exec_graph
[11:36:07.755006] [ERROR] [pdc_server_region_transfer.c:853] PDC_SERVER[0]: Error with PDC_Server_data_io_region_per_file_transformations
[INFO] PDC_SERVER[0]: Server flushed 0.5 / 3.0 MB to storage
[INFO] PDC_SERVER[0]: Executing graph with json filepath /pscratch/sd/n/nlewi26/src/hdf5-zfp-baseline/tf_graphs/compression.json
[11:36:07.755097] [ERROR] [pdc_dg.c:307] PDC_CLIENT[0]: Path is too short to contain any edges
[11:36:07.755106] [ERROR] [pdc_tf_server.c:200] PDC_SERVER[0]: JSON filepath /pscratch/sd/n/nlewi26/src/hdf5-zfp-baseline/tf_graphs/compression.json
[11:36:07.755113] [ERROR] [pdc_tf_server.c:201] PDC_SERVER[0]: Curent state compressed, desired state compressed
[11:36:07.755120] [ERROR] [pdc_tf_server.c:202] PDC_SERVER[0]: No path to desired state
[11:36:07.755131] [ERROR] [pdc_server_region_transfer.c:737] PDC_SERVER[0]: Error with PDCtf_exec_graph
[11:36:07.755142] [ERROR] [pdc_server_region_transfer.c:853] PDC_SERVER[0]: Error with PDC_Server_data_io_region_per_file_transformations
[INFO] PDC_SERVER[0]: Server flushed 0.5 / 2.5 MB to storage
[INFO] PDC_SERVER[0]: Executing graph with json filepath /pscratch/sd/n/nlewi26/src/hdf5-zfp-baseline/tf_graphs/compression.json
[11:36:07.755231] [ERROR] [pdc_dg.c:307] PDC_CLIENT[0]: Path is too short to contain any edges
[11:36:07.755240] [ERROR] [pdc_tf_server.c:200] PDC_SERVER[0]: JSON filepath /pscratch/sd/n/nlewi26/src/hdf5-zfp-baseline/tf_graphs/compression.json
[11:36:07.755247] [ERROR] [pdc_tf_server.c:201] PDC_SERVER[0]: Curent state compressed, desired state compressed
[11:36:07.755254] [ERROR] [pdc_tf_server.c:202] PDC_SERVER[0]: No path to desired state
[11:36:07.755265] [ERROR] [pdc_server_region_transfer.c:737] PDC_SERVER[0]: Error with PDCtf_exec_graph
[11:36:07.755276] [ERROR] [pdc_server_region_transfer.c:853] PDC_SERVER[0]: Error with PDC_Server_data_io_region_per_file_transformations
[INFO] PDC_SERVER[0]: Server flushed 0.5 / 2.0 MB to storage
[INFO] PDC_SERVER[0]: Executing graph with json filepath /pscratch/sd/n/nlewi26/src/hdf5-zfp-baseline/tf_graphs/compression.json
[11:36:07.755336] [ERROR] [pdc_dg.c:307] PDC_CLIENT[0]: Path is too short to contain any edges
[11:36:07.755349] [ERROR] [pdc_tf_server.c:200] PDC_SERVER[0]: JSON filepath /pscratch/sd/n/nlewi26/src/hdf5-zfp-baseline/tf_graphs/compression.json
[11:36:07.755359] [ERROR] [pdc_tf_server.c:201] PDC_SERVER[0]: Curent state compressed, desired state compressed
[11:36:07.755370] [ERROR] [pdc_tf_server.c:202] PDC_SERVER[0]: No path to desired state
[11:36:07.755387] [ERROR] [pdc_server_region_transfer.c:737] PDC_SERVER[0]: Error with PDCtf_exec_graph
[11:36:07.755404] [ERROR] [pdc_server_region_transfer.c:853] PDC_SERVER[0]: Error with PDC_Server_data_io_region_per_file_transformations
[INFO] PDC_SERVER[0]: Server flushed 0.5 / 1.5 MB to storage
[INFO] PDC_SERVER[0]: Executing graph with json filepath /pscratch/sd/n/nlewi26/src/hdf5-zfp-baseline/tf_graphs/compression.json
[11:36:07.755445] [ERROR] [pdc_dg.c:307] PDC_CLIENT[0]: Path is too short to contain any edges
[11:36:07.755458] [ERROR] [pdc_tf_server.c:200] PDC_SERVER[0]: JSON filepath /pscratch/sd/n/nlewi26/src/hdf5-zfp-baseline/tf_graphs/compression.json
[11:36:07.755468] [ERROR] [pdc_tf_server.c:201] PDC_SERVER[0]: Curent state compressed, desired state compressed
[11:36:07.755479] [ERROR] [pdc_tf_server.c:202] PDC_SERVER[0]: No path to desired state
[11:36:07.755496] [ERROR] [pdc_server_region_transfer.c:737] PDC_SERVER[0]: Error with PDCtf_exec_graph
[11:36:07.755510] [ERROR] [pdc_server_region_transfer.c:853] PDC_SERVER[0]: Error with PDC_Server_data_io_region_per_file_transformations
[INFO] PDC_SERVER[0]: Server flushed 0.5 / 1.0 MB to storage
[INFO] PDC_SERVER[0]: Executing graph with json filepath /pscratch/sd/n/nlewi26/src/hdf5-zfp-baseline/tf_graphs/compression.json
[11:36:07.755544] [ERROR] [pdc_dg.c:307] PDC_CLIENT[0]: Path is too short to contain any edges
[11:36:07.755555] [ERROR] [pdc_tf_server.c:200] PDC_SERVER[0]: JSON filepath /pscratch/sd/n/nlewi26/src/hdf5-zfp-baseline/tf_graphs/compression.json
[11:36:07.755564] [ERROR] [pdc_tf_server.c:201] PDC_SERVER[0]: Curent state compressed, desired state compressed
[11:36:07.755573] [ERROR] [pdc_tf_server.c:202] PDC_SERVER[0]: No path to desired state
[11:36:07.755587] [ERROR] [pdc_server_region_transfer.c:737] PDC_SERVER[0]: Error with PDCtf_exec_graph
[11:36:07.755601] [ERROR] [pdc_server_region_transfer.c:853] PDC_SERVER[0]: Error with PDC_Server_data_io_region_per_file_transformations
[INFO] PDC_SERVER[0]: Server flushed 0.5 / 0.5 MB to storage
[INFO] PDC_SERVER[0]: Checkpoint file [./pdc_tmp//0/metadata_checkpoint.0]
num_objs: 1
obj_id: 1000000001
	obj[1000000001] json_filepath_str: /pscratch/sd/n/nlewi26/src/hdf5-zfp-baseline/tf_graphs/compression.json
	num_region_mappings: 8
		dg_id: 1
		cur_state_str: compressed
		client_state_str: decompressed
		store_state_str: compressed
		conceptual_region_ndim: 2
		pdc_var_type: 14, size: 8
		conceptual_region_offset:
			offset[0]=0
			offset[1]=0
		conceptual_region_size:
			size[0]=256
			size[1]=256
		actual_region_ndim: 0
[11:36:07.769392] [ERROR] [pdc_client_server_common.c:272] PDC_SERVER[0]: PDC_get_var_type_size: WARNING - Using an unknown datatype
		pdc_var_type 0, size: 0
		actual_region_size:
		dg_id: 1
		cur_state_str: compressed
		client_state_str: decompressed
		store_state_str: compressed
		conceptual_region_ndim: 2
		pdc_var_type: 14, size: 8
		conceptual_region_offset:
			offset[0]=256
			offset[1]=0
		conceptual_region_size:
			size[0]=256
			size[1]=256
		actual_region_ndim: 0
[11:36:07.769438] [ERROR] [pdc_client_server_common.c:272] PDC_SERVER[0]: PDC_get_var_type_size: WARNING - Using an unknown datatype
		pdc_var_type 0, size: 0
		actual_region_size:
		dg_id: 1
		cur_state_str: compressed
		client_state_str: decompressed
		store_state_str: compressed
		conceptual_region_ndim: 2
		pdc_var_type: 14, size: 8
		conceptual_region_offset:
			offset[0]=512
			offset[1]=0
		conceptual_region_size:
			size[0]=256
			size[1]=256
		actual_region_ndim: 0
[11:36:07.769482] [ERROR] [pdc_client_server_common.c:272] PDC_SERVER[0]: PDC_get_var_type_size: WARNING - Using an unknown datatype
		pdc_var_type 0, size: 0
		actual_region_size:
		dg_id: 1
		cur_state_str: compressed
		client_state_str: decompressed
		store_state_str: compressed
		conceptual_region_ndim: 2
		pdc_var_type: 14, size: 8
		conceptual_region_offset:
			offset[0]=768
			offset[1]=0
		conceptual_region_size:
			size[0]=256
			size[1]=256
		actual_region_ndim: 0
[11:36:07.769525] [ERROR] [pdc_client_server_common.c:272] PDC_SERVER[0]: PDC_get_var_type_size: WARNING - Using an unknown datatype
		pdc_var_type 0, size: 0
		actual_region_size:
		dg_id: 1
		cur_state_str: compressed
		client_state_str: decompressed
		store_state_str: compressed
		conceptual_region_ndim: 2
		pdc_var_type: 14, size: 8
		conceptual_region_offset:
			offset[0]=1024
			offset[1]=0
		conceptual_region_size:
			size[0]=256
			size[1]=256
		actual_region_ndim: 0
[11:36:07.769569] [ERROR] [pdc_client_server_common.c:272] PDC_SERVER[0]: PDC_get_var_type_size: WARNING - Using an unknown datatype
		pdc_var_type 0, size: 0
		actual_region_size:
		dg_id: 1
		cur_state_str: compressed
		client_state_str: decompressed
		store_state_str: compressed
		conceptual_region_ndim: 2
		pdc_var_type: 14, size: 8
		conceptual_region_offset:
			offset[0]=1280
			offset[1]=0
		conceptual_region_size:
			size[0]=256
			size[1]=256
		actual_region_ndim: 0
[11:36:07.769612] [ERROR] [pdc_client_server_common.c:272] PDC_SERVER[0]: PDC_get_var_type_size: WARNING - Using an unknown datatype
		pdc_var_type 0, size: 0
		actual_region_size:
		dg_id: 1
		cur_state_str: compressed
		client_state_str: decompressed
		store_state_str: compressed
		conceptual_region_ndim: 2
		pdc_var_type: 14, size: 8
		conceptual_region_offset:
			offset[0]=1536
			offset[1]=0
		conceptual_region_size:
			size[0]=256
			size[1]=256
		actual_region_ndim: 0
[11:36:07.769655] [ERROR] [pdc_client_server_common.c:272] PDC_SERVER[0]: PDC_get_var_type_size: WARNING - Using an unknown datatype
		pdc_var_type 0, size: 0
		actual_region_size:
		dg_id: 1
		cur_state_str: compressed
		client_state_str: decompressed
		store_state_str: compressed
		conceptual_region_ndim: 2
		pdc_var_type: 14, size: 8
		conceptual_region_offset:
			offset[0]=1792
			offset[1]=0
		conceptual_region_size:
			size[0]=256
			size[1]=256
		actual_region_ndim: 0
[11:36:07.769698] [ERROR] [pdc_client_server_common.c:272] PDC_SERVER[0]: PDC_get_var_type_size: WARNING - Using an unknown datatype
		pdc_var_type 0, size: 0
		actual_region_size:
		func_name: zfp_compress
			params_str: none
			num_params: 0
		func_name: zfp_decompress
			params_str: none
			num_params: 0
		state_name: decompressed
			num_params: 0
		state_name: compressed
			num_params: 0
[INFO] PDC_SERVER[0]: Checkpointed          1 objects, with          0 regions 
[INFO] PDC_CLIENT[0]: Writing DART info to file_name: ./pdc_tmp//dart_info.bin
[INFO] PDC_CLIENT[0]: [IDIOMS_Index_Dump_0] Timer to dump index = 2060.0000 microseconds
